Log file open, 07/19/22 22:48:18
LogWindows: Failed to load 'aqProf.dll' (GetLastError=126)
LogWindows: File 'aqProf.dll' does not exist
LogWindows: Failed to load 'VtuneApi.dll' (GetLastError=126)
LogWindows: File 'VtuneApi.dll' does not exist
LogWindows: Failed to load 'VtuneApi32e.dll' (GetLastError=126)
LogWindows: File 'VtuneApi32e.dll' does not exist
LogConsoleResponse: Display: Failed to find resolution value strings in scalability ini. Falling back to default.
LogConsoleResponse: Display: Failed to find resolution value strings in scalability ini. Falling back to default.
LogPakFile: Display: Found Pak file ../../../CadRuntimeLoader/Content/Paks/CadRuntimeLoader-WindowsServer.pak attempting to mount.
LogPakFile: Display: Mounting pak file ../../../CadRuntimeLoader/Content/Paks/CadRuntimeLoader-WindowsServer.pak.
LogPakFile: PakFile PrimaryIndexSize=24258
LogPakFile: PakFile PathHashIndexSize=45659
LogPakFile: PakFile FullDirectoryIndexSize=58547
LogShaderLibrary: Display: ShaderCodeLibraryPakFileMountedCallback: PakFile '../../../CadRuntimeLoader/Content/Paks/CadRuntimeLoader-WindowsServer.pak' (chunk index -1, root '../../../') mounted
LogShaderLibrary: Display: ShaderCodeLibraryPakFileMountedCallback: pending pak file info (ChunkID:-1 Root:../../../ File:../../../CadRuntimeLoader/Content/Paks/CadRuntimeLoader-WindowsServer.pak)
LogPakFile: OnPakFileMounted2Time == 0.000035
LogPlatformFile: Not using cached read wrapper
LogTaskGraph: Started task graph with 5 named threads and 9 total threads with 1 sets of task threads.
LogStats: Stats thread started at 0.112066
LogICUInternationalization: ICU TimeZone Detection - Raw Offset: +1:00, Platform Override: ''
LogInit: Display: Loading text-based GConfig....
LogPluginManager: Mounting plugin ResonanceAudio
LogPluginManager: Mounting plugin ProceduralMeshComponent
LogPluginManager: Mounting plugin OpenXR
LogPluginManager: Mounting plugin OculusOpenXR
LogPluginManager: Mounting plugin RuntimeMeshComponent
LogPluginManager: Mounting plugin Paper2D
LogPluginManager: Mounting plugin AISupport
LogPluginManager: Mounting plugin EnvironmentQueryEditor
LogPluginManager: Mounting plugin LightPropagationVolume
LogPluginManager: Mounting plugin CameraShakePreviewer
LogPluginManager: Mounting plugin GameplayCameras
LogPluginManager: Mounting plugin TemplateSequence
LogPluginManager: Mounting plugin LevelSequenceEditor
LogPluginManager: Mounting plugin OodleData
LogPluginManager: Mounting plugin OodleNetwork
LogPluginManager: Mounting plugin AnimationSharing
LogPluginManager: Mounting plugin SignificanceManager
LogPluginManager: Mounting plugin PluginUtils
LogPluginManager: Mounting plugin PropertyAccessEditor
LogPluginManager: Mounting plugin UObjectPlugin
LogPluginManager: Mounting plugin AssetManagerEditor
LogPluginManager: Mounting plugin FacialAnimation
LogPluginManager: Mounting plugin GeometryMode
LogPluginManager: Mounting plugin SpeedTreeImporter
LogPluginManager: Mounting plugin DatasmithContent
LogPluginManager: Mounting plugin VariantManagerContent
LogPluginManager: Mounting plugin AlembicImporter
LogPluginManager: Mounting plugin GeometryCache
LogPluginManager: Mounting plugin AutomationUtils
LogPluginManager: Mounting plugin ScreenshotTools
LogPluginManager: Mounting plugin BackChannel
LogPluginManager: Mounting plugin ChaosClothEditor
LogPluginManager: Mounting plugin ChaosCloth
LogPluginManager: Mounting plugin ChaosEditor
LogPluginManager: Mounting plugin PlanarCut
LogPluginManager: Mounting plugin GeometryProcessing
LogPluginManager: Mounting plugin EditableMesh
LogPluginManager: Mounting plugin GeometryCollectionPlugin
LogPluginManager: Mounting plugin ChaosSolverPlugin
LogPluginManager: Mounting plugin ChaosNiagara
LogPluginManager: Mounting plugin Niagara
LogPluginManager: Mounting plugin PythonScriptPlugin
LogPluginManager: Mounting plugin CharacterAI
LogPluginManager: Mounting plugin MotoSynth
LogPluginManager: Mounting plugin OpenImageDenoise
LogPluginManager: Mounting plugin PlatformCrypto
LogPluginManager: Mounting plugin MagicLeapPassableWorld
LogPluginManager: Mounting plugin MagicLeap
LogPluginManager: Mounting plugin MLSDK
LogPluginManager: Mounting plugin MagicLeapLightEstimation
LogPluginManager: Mounting plugin AvfMedia
LogPluginManager: Mounting plugin ImgMedia
LogPluginManager: Mounting plugin MediaCompositing
LogPluginManager: Mounting plugin MeshPainting
LogPluginManager: Mounting plugin TcpMessaging
LogPluginManager: Mounting plugin UdpMessaging
LogPluginManager: Mounting plugin ActorSequence
LogPluginManager: Mounting plugin MatineeToLevelSequence
LogPluginManager: Mounting plugin OnlineSubsystemNull
LogPluginManager: Mounting plugin OnlineSubsystem
LogPluginManager: Mounting plugin OnlineSubsystemUtils
LogPluginManager: Mounting plugin LauncherChunkInstaller
LogPluginManager: Mounting plugin ActorLayerUtilities
LogPluginManager: Mounting plugin AndroidPermission
LogPluginManager: Mounting plugin AppleImageUtils
LogPluginManager: Mounting plugin ArchVisCharacter
LogPluginManager: Mounting plugin AssetTags
LogPluginManager: Mounting plugin AudioCapture
LogPluginManager: Mounting plugin CableComponent
LogPluginManager: Mounting plugin ChunkDownloader
LogPluginManager: Mounting plugin CustomMeshComponent
LogPluginManager: Mounting plugin ExampleDeviceProfileSelector
LogPluginManager: Mounting plugin GooglePAD
LogPluginManager: Mounting plugin LocationServicesBPLibrary
LogPluginManager: Mounting plugin MobilePatchingUtils
LogPluginManager: Mounting plugin OpenXREyeTracker
LogPluginManager: Mounting plugin OpenXRHandTracking
LogPluginManager: Mounting plugin LiveLink
LogPluginManager: Mounting plugin Takes
LogPluginManager: Mounting plugin PhysXVehicles
LogPluginManager: Mounting plugin RuntimePhysXCooking
LogPluginManager: Mounting plugin SoundFields
LogPluginManager: Mounting plugin Synthesis
LogPluginManager: Mounting plugin AudioSynesthesia
LogPluginManager: Mounting plugin WindowsMoviePlayer
LogLuminAPIImpl: Warning: MLSDK not found.  This likely means the MLSDK environment variable is not set.
LogInit: Using libcurl 7.55.1-DEV
LogInit:  - built for x86_64-pc-win32
LogInit:  - supports SSL with OpenSSL/1.1.1
LogInit:  - supports HTTP deflate (compression) using libz 1.2.8
LogInit:  - other features:
LogInit:      CURL_VERSION_SSL
LogInit:      CURL_VERSION_LIBZ
LogInit:      CURL_VERSION_IPV6
LogInit:      CURL_VERSION_ASYNCHDNS
LogInit:      CURL_VERSION_LARGEFILE
LogInit:      CURL_VERSION_IDN
LogInit:  CurlRequestOptions (configurable via config and command line):
LogInit:  - bVerifyPeer = true  - Libcurl will verify peer certificate
LogInit:  - bUseHttpProxy = false  - Libcurl will NOT use HTTP proxy
LogInit:  - bDontReuseConnections = false  - Libcurl will reuse connections
LogInit:  - MaxHostConnections = 16  - Libcurl will limit the number of connections to a host
LogInit:  - LocalHostAddr = Default
LogInit:  - BufferSize = 65536
LogOnline: OSS: Creating online subsystem instance for: NULL
LogInit: WinSock: version 1.1 (2.2), MaxSocks=32767, MaxUdp=65467
LogOnline: OSS: TryLoadSubsystemAndSetDefault: Loaded subsystem for module [NULL]
LogInit: Build: ++UE4+Release-4.27-CL-0
LogInit: Engine Version: 4.27.2-0+++UE4+Release-4.27
LogInit: Compatible Engine Version: 4.27.0-0+++UE4+Release-4.27
LogInit: Net CL: 0
LogInit: OS: Windows 10 (Release 2009) (), CPU: AMD Ryzen 5 1500X Quad-Core Processor          , GPU: Radeon (TM) RX 470 Graphics
LogInit: Compiled (64-bit): Jul 15 2022 16:23:32
LogInit: Compiled with Visual C++: 19.29.30146.00
LogInit: Build Configuration: Development
LogInit: Branch Name: ++UE4+Release-4.27
LogInit: Command Line:  -log
LogInit: Base Directory: D:/Unreal Projects/CadRuntimeLoader/Game/CRL/Releases/WindowsServer/CadRuntimeLoader/Binaries/Win64/
LogInit: Allocator: binned2
LogInit: Installed Engine Build: 0
LogDevObjectVersion: Number of dev versions registered: 29
LogDevObjectVersion:   Dev-Blueprints (B0D832E4-1F89-4F0D-ACCF-7EB736FD4AA2): 10
LogDevObjectVersion:   Dev-Build (E1C64328-A22C-4D53-A36C-8E866417BD8C): 0
LogDevObjectVersion:   Dev-Core (375EC13C-06E4-48FB-B500-84F0262A717E): 4
LogDevObjectVersion:   Dev-Editor (E4B068ED-F494-42E9-A231-DA0B2E46BB41): 40
LogDevObjectVersion:   Dev-Framework (CFFC743F-43B0-4480-9391-14DF171D2073): 37
LogDevObjectVersion:   Dev-Mobile (B02B49B5-BB20-44E9-A304-32B752E40360): 3
LogDevObjectVersion:   Dev-Networking (A4E4105C-59A1-49B5-A7C5-40C4547EDFEE): 0
LogDevObjectVersion:   Dev-Online (39C831C9-5AE6-47DC-9A44-9C173E1C8E7C): 0
LogDevObjectVersion:   Dev-Physics (78F01B33-EBEA-4F98-B9B4-84EACCB95AA2): 14
LogDevObjectVersion:   Dev-Platform (6631380F-2D4D-43E0-8009-CF276956A95A): 0
LogDevObjectVersion:   Dev-Rendering (12F88B9F-8875-4AFC-A67C-D90C383ABD29): 45
LogDevObjectVersion:   Dev-Sequencer (7B5AE74C-D270-4C10-A958-57980B212A5A): 13
LogDevObjectVersion:   Dev-VR (D7296918-1DD6-4BDD-9DE2-64A83CC13884): 3
LogDevObjectVersion:   Dev-LoadTimes (C2A15278-BFE7-4AFE-6C17-90FF531DF755): 1
LogDevObjectVersion:   Private-Geometry (6EACA3D4-40EC-4CC1-B786-8BED09428FC5): 3
LogDevObjectVersion:   Dev-AnimPhys (29E575DD-E0A3-4627-9D10-D276232CDCEA): 17
LogDevObjectVersion:   Dev-Anim (AF43A65D-7FD3-4947-9873-3E8ED9C1BB05): 15
LogDevObjectVersion:   Dev-ReflectionCapture (6B266CEC-1EC7-4B8F-A30B-E4D90942FC07): 1
LogDevObjectVersion:   Dev-Automation (0DF73D61-A23F-47EA-B727-89E90C41499A): 1
LogDevObjectVersion:   FortniteMain (601D1886-AC64-4F84-AA16-D3DE0DEAC7D6): 47
LogDevObjectVersion:   FortniteRelease (E7086368-6B23-4C58-8439-1B7016265E91): 1
LogDevObjectVersion:   Dev-Enterprise (9DFFBCD6-494F-0158-E221-12823C92A888): 10
LogDevObjectVersion:   Dev-Niagara (F2AED0AC-9AFE-416F-8664-AA7FFA26D6FC): 1
LogDevObjectVersion:   Dev-Destruction (174F1F0B-B4C6-45A5-B13F-2EE8D0FB917D): 10
LogDevObjectVersion:   Dev-Physics-Ext (35F94A83-E258-406C-A318-09F59610247C): 41
LogDevObjectVersion:   Dev-PhysicsMaterial-Chaos (B68FC16E-8B1B-42E2-B453-215C058844FE): 1
LogDevObjectVersion:   Dev-CineCamera (B2E18506-4273-CFC2-A54E-F4BB758BBA07): 1
LogDevObjectVersion:   Dev-VirtualProduction (64F58936-FD1B-42BA-BA96-7289D5D0FA4E): 1
LogDevObjectVersion:   Dev-MediaFramework (6F0ED827-A609-4895-9C91-998D90180EA4): 2
LogInit: Presizing for max 2097152 objects, including 1 objects not considered by GC, pre-allocating 0 bytes for permanent pool.
LogConfig: Applying CVar settings from Section [/Script/Engine.StreamingSettings] File [../../../CadRuntimeLoader/Saved/Config/WindowsServer/Engine.ini]
LogConfig: Setting CVar [[s.MinBulkDataSizeForAsyncLoading:131072]]
LogConfig: Setting CVar [[s.AsyncLoadingThreadEnabled:0]]
LogConfig: Setting CVar [[s.EventDrivenLoaderEnabled:1]]
LogConfig: Setting CVar [[s.WarnIfTimeLimitExceeded:0]]
LogConfig: Setting CVar [[s.TimeLimitExceededMultiplier:1.5]]
LogConfig: Setting CVar [[s.TimeLimitExceededMinTime:0.005]]
LogConfig: Setting CVar [[s.UseBackgroundLevelStreaming:1]]
LogConfig: Setting CVar [[s.PriorityAsyncLoadingExtraTime:15.0]]
LogConfig: Setting CVar [[s.LevelStreamingActorsUpdateTimeLimit:5.0]]
LogConfig: Setting CVar [[s.PriorityLevelStreamingActorsUpdateExtraTime:5.0]]
LogConfig: Setting CVar [[s.LevelStreamingComponentsRegistrationGranularity:10]]
LogConfig: Setting CVar [[s.UnregisterComponentsTimeLimit:1.0]]
LogConfig: Setting CVar [[s.LevelStreamingComponentsUnregistrationGranularity:5]]
LogConfig: Setting CVar [[s.FlushStreamingOnExit:1]]
LogStreaming: Display: Async Loading initialized: Event Driven Loader: true, Async Loading Thread: false, Async Post Load: false
LogInit: Object subsystem initialized
LogConfig: Setting CVar [[con.DebugEarlyDefault:1]]
LogConfig: Setting CVar [[r.setres:1280x720]]
LogConfig: Setting CVar [[fx.NiagaraAllowRuntimeScalabilityChanges:1]]
[2022.07.19-20.48.19:911][  0]LogConfig: Setting CVar [[con.DebugEarlyDefault:1]]
[2022.07.19-20.48.19:911][  0]LogConfig: Setting CVar [[r.setres:1280x720]]
[2022.07.19-20.48.19:912][  0]LogConfig: Setting CVar [[fx.NiagaraAllowRuntimeScalabilityChanges:1]]
[2022.07.19-20.48.19:913][  0]LogConfig: Applying CVar settings from Section [/Script/Engine.RendererSettings] File [../../../CadRuntimeLoader/Saved/Config/WindowsServer/Engine.ini]
[2022.07.19-20.48.19:913][  0]LogConfig: Setting CVar [[r.GPUCrashDebugging:0]]
[2022.07.19-20.48.19:914][  0]LogConfig: Setting CVar [[r.Mobile.DisableVertexFog:1]]
[2022.07.19-20.48.19:914][  0]LogConfig: Setting CVar [[r.Shadow.CSM.MaxMobileCascades:2]]
[2022.07.19-20.48.19:914][  0]LogConfig: Setting CVar [[r.MobileMSAA:4]]
[2022.07.19-20.48.19:915][  0]LogConfig: Setting CVar [[r.Mobile.AllowDitheredLODTransition:0]]
[2022.07.19-20.48.19:915][  0]LogConfig: Setting CVar [[r.Mobile.AllowSoftwareOcclusion:0]]
[2022.07.19-20.48.19:915][  0]LogConfig: Setting CVar [[r.Mobile.VirtualTextures:0]]
[2022.07.19-20.48.19:916][  0]LogConfig: Setting CVar [[r.DiscardUnusedQuality:0]]
[2022.07.19-20.48.19:916][  0]LogConfig: Setting CVar [[r.AllowOcclusionQueries:1]]
[2022.07.19-20.48.19:917][  0]LogConfig: Setting CVar [[r.MinScreenRadiusForLights:0.030000]]
[2022.07.19-20.48.19:917][  0]LogConfig: Setting CVar [[r.MinScreenRadiusForDepthPrepass:0.030000]]
[2022.07.19-20.48.19:917][  0]LogConfig: Setting CVar [[r.MinScreenRadiusForCSMDepth:0.010000]]
[2022.07.19-20.48.19:918][  0]LogConfig: Setting CVar [[r.PrecomputedVisibilityWarning:0]]
[2022.07.19-20.48.19:918][  0]LogConfig: Setting CVar [[r.TextureStreaming:1]]
[2022.07.19-20.48.19:918][  0]LogConfig: Setting CVar [[Compat.UseDXT5NormalMaps:0]]
[2022.07.19-20.48.19:919][  0]LogConfig: Setting CVar [[r.VirtualTextures:0]]
[2022.07.19-20.48.19:919][  0]LogConfig: Setting CVar [[r.VirtualTexturedLightmaps:0]]
[2022.07.19-20.48.19:920][  0]LogConfig: Setting CVar [[r.VT.TileSize:128]]
[2022.07.19-20.48.19:920][  0]LogConfig: Setting CVar [[r.VT.TileBorderSize:4]]
[2022.07.19-20.48.19:920][  0]LogConfig: Setting CVar [[r.vt.FeedbackFactor:16]]
[2022.07.19-20.48.19:921][  0]LogConfig: Setting CVar [[r.VT.EnableCompressZlib:1]]
[2022.07.19-20.48.19:921][  0]LogConfig: Setting CVar [[r.VT.EnableCompressCrunch:0]]
[2022.07.19-20.48.19:921][  0]LogConfig: Setting CVar [[r.ClearCoatNormal:0]]
[2022.07.19-20.48.19:922][  0]LogConfig: Setting CVar [[r.ReflectionCaptureResolution:128]]
[2022.07.19-20.48.19:922][  0]LogConfig: Setting CVar [[r.Mobile.ReflectionCaptureCompression:0]]
[2022.07.19-20.48.19:923][  0]LogConfig: Setting CVar [[r.ReflectionEnvironmentLightmapMixBasedOnRoughness:1]]
[2022.07.19-20.48.19:923][  0]LogConfig: Setting CVar [[r.ForwardShading:1]]
[2022.07.19-20.48.19:923][  0]LogConfig: Setting CVar [[r.VertexFoggingForOpaque:1]]
[2022.07.19-20.48.19:924][  0]LogConfig: Setting CVar [[r.AllowStaticLighting:1]]
[2022.07.19-20.48.19:926][  0]LogConfig: Setting CVar [[r.NormalMapsForStaticLighting:0]]
[2022.07.19-20.48.19:927][  0]LogConfig: Setting CVar [[r.GenerateMeshDistanceFields:0]]
[2022.07.19-20.48.19:927][  0]LogConfig: Setting CVar [[r.DistanceFieldBuild.EightBit:0]]
[2022.07.19-20.48.19:928][  0]LogConfig: Setting CVar [[r.GenerateLandscapeGIData:0]]
[2022.07.19-20.48.19:929][  0]LogConfig: Setting CVar [[r.DistanceFieldBuild.Compress:0]]
[2022.07.19-20.48.19:929][  0]LogConfig: Setting CVar [[r.TessellationAdaptivePixelsPerTriangle:48.000000]]
[2022.07.19-20.48.19:929][  0]LogConfig: Setting CVar [[r.SeparateTranslucency:0]]
[2022.07.19-20.48.19:930][  0]LogConfig: Setting CVar [[r.TranslucentSortPolicy:0]]
[2022.07.19-20.48.19:930][  0]LogConfig: Setting CVar [[r.CustomDepth:1]]
[2022.07.19-20.48.19:930][  0]LogConfig: Setting CVar [[r.CustomDepthTemporalAAJitter:1]]
[2022.07.19-20.48.19:931][  0]LogConfig: Setting CVar [[r.PostProcessing.PropagateAlpha:0]]
[2022.07.19-20.48.19:931][  0]LogConfig: Setting CVar [[r.DefaultFeature.Bloom:0]]
[2022.07.19-20.48.19:932][  0]LogConfig: Setting CVar [[r.DefaultFeature.AmbientOcclusion:0]]
[2022.07.19-20.48.19:932][  0]LogConfig: Setting CVar [[r.DefaultFeature.AmbientOcclusionStaticFraction:1]]
[2022.07.19-20.48.19:932][  0]LogConfig: Setting CVar [[r.DefaultFeature.AutoExposure:0]]
[2022.07.19-20.48.19:933][  0]LogConfig: Setting CVar [[r.DefaultFeature.AutoExposure.Method:0]]
[2022.07.19-20.48.19:933][  0]LogConfig: Setting CVar [[r.DefaultFeature.AutoExposure.Bias:1.000000]]
[2022.07.19-20.48.19:934][  0]LogConfig: Setting CVar [[r.DefaultFeature.AutoExposure.ExtendDefaultLuminanceRange:1]]
[2022.07.19-20.48.19:934][  0]LogConfig: Setting CVar [[r.UsePreExposure:1]]
[2022.07.19-20.48.19:934][  0]LogConfig: Setting CVar [[r.EyeAdaptation.EditorOnly:0]]
[2022.07.19-20.48.19:935][  0]LogConfig: Setting CVar [[r.DefaultFeature.MotionBlur:0]]
[2022.07.19-20.48.19:935][  0]LogConfig: Setting CVar [[r.DefaultFeature.LensFlare:0]]
[2022.07.19-20.48.19:935][  0]LogConfig: Setting CVar [[r.TemporalAA.Upsampling:0]]
[2022.07.19-20.48.19:936][  0]LogConfig: Setting CVar [[r.SSGI.Enable:0]]
[2022.07.19-20.48.19:936][  0]LogConfig: Setting CVar [[r.DefaultFeature.AntiAliasing:3]]
[2022.07.19-20.48.19:937][  0]LogConfig: Setting CVar [[r.DefaultFeature.LightUnits:1]]
[2022.07.19-20.48.19:937][  0]LogConfig: Setting CVar [[r.DefaultBackBufferPixelFormat:4]]
[2022.07.19-20.48.19:937][  0]LogConfig: Setting CVar [[r.Shadow.UnbuiltPreviewInGame:1]]
[2022.07.19-20.48.19:938][  0]LogConfig: Setting CVar [[r.StencilForLODDither:0]]
[2022.07.19-20.48.19:938][  0]LogConfig: Setting CVar [[r.EarlyZPass:3]]
[2022.07.19-20.48.19:939][  0]LogConfig: Setting CVar [[r.EarlyZPassOnlyMaterialMasking:0]]
[2022.07.19-20.48.19:939][  0]LogConfig: Setting CVar [[r.DBuffer:1]]
[2022.07.19-20.48.19:939][  0]LogConfig: Setting CVar [[r.ClearSceneMethod:1]]
[2022.07.19-20.48.19:940][  0]LogConfig: Setting CVar [[r.BasePassOutputsVelocity:0]]
[2022.07.19-20.48.19:943][  0]LogConfig: Setting CVar [[r.VertexDeformationOutputsVelocity:0]]
[2022.07.19-20.48.19:943][  0]LogConfig: Setting CVar [[r.SelectiveBasePassOutputs:0]]
[2022.07.19-20.48.19:944][  0]LogConfig: Setting CVar [[fx.GPUSimulationTextureSizeX:1024]]
[2022.07.19-20.48.19:944][  0]LogConfig: Setting CVar [[fx.GPUSimulationTextureSizeY:1024]]
[2022.07.19-20.48.19:945][  0]LogConfig: Setting CVar [[r.AllowGlobalClipPlane:0]]
[2022.07.19-20.48.19:945][  0]LogConfig: Setting CVar [[r.GBufferFormat:1]]
[2022.07.19-20.48.19:946][  0]LogConfig: Setting CVar [[r.MorphTarget.Mode:1]]
[2022.07.19-20.48.19:946][  0]LogConfig: Setting CVar [[vr.InstancedStereo:1]]
[2022.07.19-20.48.19:947][  0]LogConfig: Setting CVar [[r.MobileHDR:0]]
[2022.07.19-20.48.19:947][  0]LogConfig: Setting CVar [[vr.MobileMultiView:1]]
[2022.07.19-20.48.19:947][  0]LogConfig: Setting CVar [[r.Mobile.UseHWsRGBEncoding:1]]
[2022.07.19-20.48.19:948][  0]LogConfig: Setting CVar [[vr.RoundRobinOcclusion:0]]
[2022.07.19-20.48.19:948][  0]LogConfig: Setting CVar [[vr.ODSCapture:0]]
[2022.07.19-20.48.19:948][  0]LogConfig: Setting CVar [[r.MeshStreaming:0]]
[2022.07.19-20.48.19:949][  0]LogConfig: Setting CVar [[r.WireframeCullThreshold:5.000000]]
[2022.07.19-20.48.19:949][  0]LogConfig: Setting CVar [[r.RayTracing:0]]
[2022.07.19-20.48.19:949][  0]LogConfig: Setting CVar [[r.RayTracing.UseTextureLod:0]]
[2022.07.19-20.48.19:950][  0]LogConfig: Setting CVar [[r.SupportStationarySkylight:1]]
[2022.07.19-20.48.19:950][  0]LogConfig: Setting CVar [[r.SupportLowQualityLightmaps:1]]
[2022.07.19-20.48.19:951][  0]LogConfig: Setting CVar [[r.SupportPointLightWholeSceneShadows:1]]
[2022.07.19-20.48.19:951][  0]LogConfig: Setting CVar [[r.SupportAtmosphericFog:1]]
[2022.07.19-20.48.19:951][  0]LogConfig: Setting CVar [[r.SupportSkyAtmosphere:1]]
[2022.07.19-20.48.19:952][  0]LogConfig: Setting CVar [[r.SupportSkyAtmosphereAffectsHeightFog:0]]
[2022.07.19-20.48.19:952][  0]LogConfig: Setting CVar [[r.SkinCache.CompileShaders:0]]
[2022.07.19-20.48.19:953][  0]LogConfig: Setting CVar [[r.SkinCache.DefaultBehavior:1]]
[2022.07.19-20.48.19:953][  0]LogConfig: Setting CVar [[r.SkinCache.SceneMemoryLimitInMB:128.000000]]
[2022.07.19-20.48.19:953][  0]LogConfig: Setting CVar [[r.Mobile.EnableStaticAndCSMShadowReceivers:1]]
[2022.07.19-20.48.19:954][  0]LogConfig: Setting CVar [[r.Mobile.EnableMovableLightCSMShaderCulling:1]]
[2022.07.19-20.48.19:954][  0]LogConfig: Setting CVar [[r.Mobile.AllowDistanceFieldShadows:1]]
[2022.07.19-20.48.19:955][  0]LogConfig: Setting CVar [[r.Mobile.AllowMovableDirectionalLights:1]]
[2022.07.19-20.48.19:955][  0]LogConfig: Setting CVar [[r.MobileNumDynamicPointLights:4]]
[2022.07.19-20.48.19:955][  0]LogConfig: Setting CVar [[r.MobileDynamicPointLightsUseStaticBranch:1]]
[2022.07.19-20.48.19:956][  0]LogConfig: Setting CVar [[r.Mobile.EnableMovableSpotlights:0]]
[2022.07.19-20.48.19:958][  0]LogConfig: Setting CVar [[r.Mobile.EnableMovableSpotlightsShadow:0]]
[2022.07.19-20.48.19:959][  0]LogConfig: Setting CVar [[r.GPUSkin.Support16BitBoneIndex:0]]
[2022.07.19-20.48.19:960][  0]LogConfig: Setting CVar [[r.GPUSkin.Limit2BoneInfluences:0]]
[2022.07.19-20.48.19:960][  0]LogConfig: Setting CVar [[r.SupportDepthOnlyIndexBuffers:1]]
[2022.07.19-20.48.19:961][  0]LogConfig: Setting CVar [[r.SupportReversedIndexBuffers:1]]
[2022.07.19-20.48.19:961][  0]LogConfig: Setting CVar [[r.LightPropagationVolume:0]]
[2022.07.19-20.48.19:961][  0]LogConfig: Setting CVar [[r.Mobile.AmbientOcclusion:0]]
[2022.07.19-20.48.19:962][  0]LogConfig: Setting CVar [[r.GPUSkin.UnlimitedBoneInfluences:0]]
[2022.07.19-20.48.19:962][  0]LogConfig: Setting CVar [[r.GPUSkin.UnlimitedBoneInfluencesThreshold:8]]
[2022.07.19-20.48.19:963][  0]LogConfig: Setting CVar [[r.Mobile.PlanarReflectionMode:0]]
[2022.07.19-20.48.19:963][  0]LogConfig: Setting CVar [[r.Mobile.SupportGPUScene:1]]
[2022.07.19-20.48.19:963][  0]LogConfig: Applying CVar settings from Section [/Script/Engine.RendererOverrideSettings] File [../../../CadRuntimeLoader/Saved/Config/WindowsServer/Engine.ini]
[2022.07.19-20.48.19:964][  0]LogConfig: Applying CVar settings from Section [/Script/Engine.StreamingSettings] File [../../../CadRuntimeLoader/Saved/Config/WindowsServer/Engine.ini]
[2022.07.19-20.48.19:964][  0]LogConfig: Setting CVar [[s.MinBulkDataSizeForAsyncLoading:131072]]
[2022.07.19-20.48.19:964][  0]LogConfig: Setting CVar [[s.AsyncLoadingThreadEnabled:0]]
[2022.07.19-20.48.19:965][  0]LogConfig: Setting CVar [[s.EventDrivenLoaderEnabled:1]]
[2022.07.19-20.48.19:965][  0]LogConfig: Setting CVar [[s.WarnIfTimeLimitExceeded:0]]
[2022.07.19-20.48.19:965][  0]LogConfig: Setting CVar [[s.TimeLimitExceededMultiplier:1.5]]
[2022.07.19-20.48.19:966][  0]LogConfig: Setting CVar [[s.TimeLimitExceededMinTime:0.005]]
[2022.07.19-20.48.19:966][  0]LogConfig: Setting CVar [[s.UseBackgroundLevelStreaming:1]]
[2022.07.19-20.48.19:967][  0]LogConfig: Setting CVar [[s.PriorityAsyncLoadingExtraTime:15.0]]
[2022.07.19-20.48.19:967][  0]LogConfig: Setting CVar [[s.LevelStreamingActorsUpdateTimeLimit:5.0]]
[2022.07.19-20.48.19:967][  0]LogConfig: Setting CVar [[s.PriorityLevelStreamingActorsUpdateExtraTime:5.0]]
[2022.07.19-20.48.19:968][  0]LogConfig: Setting CVar [[s.LevelStreamingComponentsRegistrationGranularity:10]]
[2022.07.19-20.48.19:968][  0]LogConfig: Setting CVar [[s.UnregisterComponentsTimeLimit:1.0]]
[2022.07.19-20.48.19:968][  0]LogConfig: Setting CVar [[s.LevelStreamingComponentsUnregistrationGranularity:5]]
[2022.07.19-20.48.19:969][  0]LogConfig: Setting CVar [[s.FlushStreamingOnExit:1]]
[2022.07.19-20.48.19:969][  0]LogConfig: Applying CVar settings from Section [/Script/Engine.GarbageCollectionSettings] File [../../../CadRuntimeLoader/Saved/Config/WindowsServer/Engine.ini]
[2022.07.19-20.48.19:970][  0]LogConfig: Setting CVar [[gc.MaxObjectsNotConsideredByGC:1]]
[2022.07.19-20.48.19:970][  0]LogConfig: Setting CVar [[gc.SizeOfPermanentObjectPool:0]]
[2022.07.19-20.48.19:971][  0]LogConfig: Setting CVar [[gc.FlushStreamingOnGC:0]]
[2022.07.19-20.48.19:971][  0]LogConfig: Setting CVar [[gc.NumRetriesBeforeForcingGC:10]]
[2022.07.19-20.48.19:971][  0]LogConfig: Setting CVar [[gc.AllowParallelGC:1]]
[2022.07.19-20.48.19:973][  0]LogConfig: Setting CVar [[gc.TimeBetweenPurgingPendingKillObjects:61.1]]
[2022.07.19-20.48.19:975][  0]LogConfig: Setting CVar [[gc.MaxObjectsInEditor:25165824]]
[2022.07.19-20.48.19:976][  0]LogConfig: Setting CVar [[gc.IncrementalBeginDestroyEnabled:1]]
[2022.07.19-20.48.19:977][  0]LogConfig: Setting CVar [[gc.CreateGCClusters:1]]
[2022.07.19-20.48.19:977][  0]LogConfig: Setting CVar [[gc.MinGCClusterSize:5]]
[2022.07.19-20.48.19:978][  0]LogConfig: Setting CVar [[gc.ActorClusteringEnabled:0]]
[2022.07.19-20.48.19:978][  0]LogConfig: Setting CVar [[gc.BlueprintClusteringEnabled:0]]
[2022.07.19-20.48.19:979][  0]LogConfig: Setting CVar [[gc.UseDisregardForGCOnDedicatedServers:0]]
[2022.07.19-20.48.19:980][  0]LogConfig: Setting CVar [[gc.MultithreadedDestructionEnabled:1]]
[2022.07.19-20.48.19:980][  0]LogConfig: Applying CVar settings from Section [/Script/Engine.NetworkSettings] File [../../../CadRuntimeLoader/Saved/Config/WindowsServer/Engine.ini]
[2022.07.19-20.48.19:981][  0]LogConfig: Applying CVar settings from Section [ViewDistanceQuality@3] File [../../../CadRuntimeLoader/Saved/Config/WindowsServer/Scalability.ini]
[2022.07.19-20.48.19:981][  0]LogConfig: Setting CVar [[r.SkeletalMeshLODBias:0]]
[2022.07.19-20.48.19:981][  0]LogConfig: Setting CVar [[r.ViewDistanceScale:1.0]]
[2022.07.19-20.48.19:982][  0]LogConfig: Applying CVar settings from Section [AntiAliasingQuality@3] File [../../../CadRuntimeLoader/Saved/Config/WindowsServer/Scalability.ini]
[2022.07.19-20.48.19:982][  0]LogConfig: Setting CVar [[r.PostProcessAAQuality:4]]
[2022.07.19-20.48.19:982][  0]LogConfig: Applying CVar settings from Section [ShadowQuality@3] File [../../../CadRuntimeLoader/Saved/Config/WindowsServer/Scalability.ini]
[2022.07.19-20.48.19:983][  0]LogConfig: Setting CVar [[r.LightFunctionQuality:1]]
[2022.07.19-20.48.19:983][  0]LogConfig: Setting CVar [[r.ShadowQuality:5]]
[2022.07.19-20.48.19:984][  0]LogConfig: Setting CVar [[r.Shadow.CSM.MaxCascades:10]]
[2022.07.19-20.48.19:984][  0]LogConfig: Setting CVar [[r.Shadow.MaxResolution:2048]]
[2022.07.19-20.48.19:984][  0]LogConfig: Setting CVar [[r.Shadow.MaxCSMResolution:2048]]
[2022.07.19-20.48.19:985][  0]LogConfig: Setting CVar [[r.Shadow.RadiusThreshold:0.01]]
[2022.07.19-20.48.19:985][  0]LogConfig: Setting CVar [[r.Shadow.DistanceScale:1.0]]
[2022.07.19-20.48.19:985][  0]LogConfig: Setting CVar [[r.Shadow.CSM.TransitionScale:1.0]]
[2022.07.19-20.48.19:986][  0]LogConfig: Setting CVar [[r.Shadow.PreShadowResolutionFactor:1.0]]
[2022.07.19-20.48.19:986][  0]LogConfig: Setting CVar [[r.DistanceFieldShadowing:1]]
[2022.07.19-20.48.19:987][  0]LogConfig: Setting CVar [[r.DistanceFieldAO:1]]
[2022.07.19-20.48.19:987][  0]LogConfig: Setting CVar [[r.AOQuality:2]]
[2022.07.19-20.48.19:987][  0]LogConfig: Setting CVar [[r.VolumetricFog:1]]
[2022.07.19-20.48.19:988][  0]LogConfig: Setting CVar [[r.VolumetricFog.GridPixelSize:8]]
[2022.07.19-20.48.19:991][  0]LogConfig: Setting CVar [[r.VolumetricFog.GridSizeZ:128]]
[2022.07.19-20.48.19:992][  0]LogConfig: Setting CVar [[r.VolumetricFog.HistoryMissSupersampleCount:4]]
[2022.07.19-20.48.19:992][  0]LogConfig: Setting CVar [[r.LightMaxDrawDistanceScale:1]]
[2022.07.19-20.48.19:992][  0]LogConfig: Setting CVar [[r.CapsuleShadows:1]]
[2022.07.19-20.48.19:993][  0]LogConfig: Applying CVar settings from Section [PostProcessQuality@3] File [../../../CadRuntimeLoader/Saved/Config/WindowsServer/Scalability.ini]
[2022.07.19-20.48.19:993][  0]LogConfig: Setting CVar [[r.MotionBlurQuality:4]]
[2022.07.19-20.48.19:994][  0]LogConfig: Setting CVar [[r.AmbientOcclusionMipLevelFactor:0.4]]
[2022.07.19-20.48.19:994][  0]LogConfig: Setting CVar [[r.AmbientOcclusionMaxQuality:100]]
[2022.07.19-20.48.19:994][  0]LogConfig: Setting CVar [[r.AmbientOcclusionLevels:-1]]
[2022.07.19-20.48.19:995][  0]LogConfig: Setting CVar [[r.AmbientOcclusionRadiusScale:1.0]]
[2022.07.19-20.48.19:995][  0]LogConfig: Setting CVar [[r.DepthOfFieldQuality:2]]
[2022.07.19-20.48.19:995][  0]LogConfig: Setting CVar [[r.RenderTargetPoolMin:400]]
[2022.07.19-20.48.19:996][  0]LogConfig: Setting CVar [[r.LensFlareQuality:2]]
[2022.07.19-20.48.19:996][  0]LogConfig: Setting CVar [[r.SceneColorFringeQuality:1]]
[2022.07.19-20.48.19:997][  0]LogConfig: Setting CVar [[r.EyeAdaptationQuality:2]]
[2022.07.19-20.48.19:997][  0]LogConfig: Setting CVar [[r.BloomQuality:5]]
[2022.07.19-20.48.19:997][  0]LogConfig: Setting CVar [[r.FastBlurThreshold:100]]
[2022.07.19-20.48.19:998][  0]LogConfig: Setting CVar [[r.Upscale.Quality:3]]
[2022.07.19-20.48.19:998][  0]LogConfig: Setting CVar [[r.Tonemapper.GrainQuantization:1]]
[2022.07.19-20.48.19:998][  0]LogConfig: Setting CVar [[r.LightShaftQuality:1]]
[2022.07.19-20.48.19:999][  0]LogConfig: Setting CVar [[r.Filter.SizeScale:1]]
[2022.07.19-20.48.19:999][  0]LogConfig: Setting CVar [[r.Tonemapper.Quality:5]]
[2022.07.19-20.48.19:999][  0]LogConfig: Setting CVar [[r.DOF.Gather.AccumulatorQuality:1        ; higher gathering accumulator quality]]
[2022.07.19-20.48.20:000][  0]LogConfig: Setting CVar [[r.DOF.Gather.PostfilterMethod:1          ; Median3x3 postfilering method]]
[2022.07.19-20.48.20:000][  0]LogConfig: Setting CVar [[r.DOF.Gather.EnableBokehSettings:0       ; no bokeh simulation when gathering]]
[2022.07.19-20.48.20:001][  0]LogConfig: Setting CVar [[r.DOF.Gather.RingCount:4                 ; medium number of samples when gathering]]
[2022.07.19-20.48.20:001][  0]LogConfig: Setting CVar [[r.DOF.Scatter.ForegroundCompositing:1    ; additive foreground scattering]]
[2022.07.19-20.48.20:001][  0]LogConfig: Setting CVar [[r.DOF.Scatter.BackgroundCompositing:2    ; additive background scattering]]
[2022.07.19-20.48.20:002][  0]LogConfig: Setting CVar [[r.DOF.Scatter.EnableBokehSettings:1      ; bokeh simulation when scattering]]
[2022.07.19-20.48.20:002][  0]LogConfig: Setting CVar [[r.DOF.Scatter.MaxSpriteRatio:0.1         ; only a maximum of 10% of scattered bokeh]]
[2022.07.19-20.48.20:003][  0]LogConfig: Setting CVar [[r.DOF.Recombine.Quality:1                ; cheap slight out of focus]]
[2022.07.19-20.48.20:003][  0]LogConfig: Setting CVar [[r.DOF.Recombine.EnableBokehSettings:0    ; no bokeh simulation on slight out of focus]]
[2022.07.19-20.48.20:003][  0]LogConfig: Setting CVar [[r.DOF.TemporalAAQuality:1                ; more stable temporal accumulation]]
[2022.07.19-20.48.20:004][  0]LogConfig: Setting CVar [[r.DOF.Kernel.MaxForegroundRadius:0.025]]
[2022.07.19-20.48.20:007][  0]LogConfig: Setting CVar [[r.DOF.Kernel.MaxBackgroundRadius:0.025]]
[2022.07.19-20.48.20:008][  0]LogConfig: Applying CVar settings from Section [TextureQuality@3] File [../../../CadRuntimeLoader/Saved/Config/WindowsServer/Scalability.ini]
[2022.07.19-20.48.20:008][  0]LogConfig: Setting CVar [[r.Streaming.MipBias:0]]
[2022.07.19-20.48.20:009][  0]LogConfig: Setting CVar [[r.Streaming.AmortizeCPUToGPUCopy:0]]
[2022.07.19-20.48.20:009][  0]LogConfig: Setting CVar [[r.Streaming.MaxNumTexturesToStreamPerFrame:0]]
[2022.07.19-20.48.20:009][  0]LogConfig: Setting CVar [[r.Streaming.Boost:1]]
[2022.07.19-20.48.20:010][  0]LogConfig: Setting CVar [[r.MaxAnisotropy:8]]
[2022.07.19-20.48.20:010][  0]LogConfig: Setting CVar [[r.VT.MaxAnisotropy:8]]
[2022.07.19-20.48.20:011][  0]LogConfig: Setting CVar [[r.Streaming.LimitPoolSizeToVRAM:0]]
[2022.07.19-20.48.20:011][  0]LogConfig: Setting CVar [[r.Streaming.PoolSize:1000]]
[2022.07.19-20.48.20:011][  0]LogConfig: Setting CVar [[r.Streaming.MaxEffectiveScreenSize:0]]
[2022.07.19-20.48.20:012][  0]LogConfig: Applying CVar settings from Section [EffectsQuality@3] File [../../../CadRuntimeLoader/Saved/Config/WindowsServer/Scalability.ini]
[2022.07.19-20.48.20:012][  0]LogConfig: Setting CVar [[r.TranslucencyLightingVolumeDim:64]]
[2022.07.19-20.48.20:012][  0]LogConfig: Setting CVar [[r.RefractionQuality:2]]
[2022.07.19-20.48.20:013][  0]LogConfig: Setting CVar [[r.SSR.Quality:3]]
[2022.07.19-20.48.20:013][  0]LogConfig: Setting CVar [[r.SSR.HalfResSceneColor:0]]
[2022.07.19-20.48.20:014][  0]LogConfig: Setting CVar [[r.SceneColorFormat:4]]
[2022.07.19-20.48.20:014][  0]LogConfig: Setting CVar [[r.DetailMode:2]]
[2022.07.19-20.48.20:014][  0]LogConfig: Setting CVar [[r.TranslucencyVolumeBlur:1]]
[2022.07.19-20.48.20:015][  0]LogConfig: Setting CVar [[r.MaterialQualityLevel:1 ; High quality]]
[2022.07.19-20.48.20:015][  0]LogConfig: Setting CVar [[r.AnisotropicMaterials:1]]
[2022.07.19-20.48.20:015][  0]LogConfig: Setting CVar [[r.SSS.Scale:1]]
[2022.07.19-20.48.20:016][  0]LogConfig: Setting CVar [[r.SSS.SampleSet:2]]
[2022.07.19-20.48.20:016][  0]LogConfig: Setting CVar [[r.SSS.Quality:1]]
[2022.07.19-20.48.20:017][  0]LogConfig: Setting CVar [[r.SSS.HalfRes:0]]
[2022.07.19-20.48.20:017][  0]LogConfig: Setting CVar [[r.SSGI.Quality:3]]
[2022.07.19-20.48.20:017][  0]LogConfig: Setting CVar [[r.EmitterSpawnRateScale:1.0]]
[2022.07.19-20.48.20:018][  0]LogConfig: Setting CVar [[r.ParticleLightQuality:2]]
[2022.07.19-20.48.20:018][  0]LogConfig: Setting CVar [[r.SkyAtmosphere.AerialPerspectiveLUT.FastApplyOnOpaque:1 ; Always have FastSkyLUT 1 in this case to avoid wrong sky]]
[2022.07.19-20.48.20:019][  0]LogConfig: Setting CVar [[r.SkyAtmosphere.AerialPerspectiveLUT.SampleCountMaxPerSlice:4]]
[2022.07.19-20.48.20:019][  0]LogConfig: Setting CVar [[r.SkyAtmosphere.AerialPerspectiveLUT.DepthResolution:16.0]]
[2022.07.19-20.48.20:019][  0]LogConfig: Setting CVar [[r.SkyAtmosphere.FastSkyLUT:1]]
[2022.07.19-20.48.20:020][  0]LogConfig: Setting CVar [[r.SkyAtmosphere.FastSkyLUT.SampleCountMin:4.0]]
[2022.07.19-20.48.20:023][  0]LogConfig: Setting CVar [[r.SkyAtmosphere.FastSkyLUT.SampleCountMax:128.0]]
[2022.07.19-20.48.20:023][  0]LogConfig: Setting CVar [[r.SkyAtmosphere.SampleCountMin:4.0]]
[2022.07.19-20.48.20:024][  0]LogConfig: Setting CVar [[r.SkyAtmosphere.SampleCountMax:128.0]]
[2022.07.19-20.48.20:024][  0]LogConfig: Setting CVar [[r.SkyAtmosphere.TransmittanceLUT.UseSmallFormat:0]]
[2022.07.19-20.48.20:025][  0]LogConfig: Setting CVar [[r.SkyAtmosphere.TransmittanceLUT.SampleCount:10.0]]
[2022.07.19-20.48.20:025][  0]LogConfig: Setting CVar [[r.SkyAtmosphere.MultiScatteringLUT.SampleCount:15.0]]
[2022.07.19-20.48.20:025][  0]LogConfig: Setting CVar [[r.SkyLight.RealTimeReflectionCapture:1]]
[2022.07.19-20.48.20:026][  0]LogConfig: Setting CVar [[fx.Niagara.QualityLevel:3]]
[2022.07.19-20.48.20:026][  0]LogConfig: Applying CVar settings from Section [FoliageQuality@3] File [../../../CadRuntimeLoader/Saved/Config/WindowsServer/Scalability.ini]
[2022.07.19-20.48.20:027][  0]LogConfig: Setting CVar [[foliage.DensityScale:1.0]]
[2022.07.19-20.48.20:027][  0]LogConfig: Setting CVar [[grass.DensityScale:1.0]]
[2022.07.19-20.48.20:027][  0]LogConfig: Applying CVar settings from Section [ShadingQuality@3] File [../../../CadRuntimeLoader/Saved/Config/WindowsServer/Scalability.ini]
[2022.07.19-20.48.20:028][  0]LogConfig: Setting CVar [[r.HairStrands.SkyLighting.IntegrationType:2]]
[2022.07.19-20.48.20:028][  0]LogConfig: Setting CVar [[r.HairStrands.SkyAO.SampleCount:4]]
[2022.07.19-20.48.20:028][  0]LogConfig: Setting CVar [[r.HairStrands.Visibility.MSAA.SamplePerPixel:4]]
[2022.07.19-20.48.20:029][  0]LogInit: Selected Device Profile: [WindowsServer]
[2022.07.19-20.48.20:029][  0]LogInit: Applying CVar settings loaded from the selected device profile: [WindowsServer]
[2022.07.19-20.48.20:030][  0]LogHAL: Display: Platform has ~ 16 GB [17125896192 / 17179869184 / 16], which maps to Larger [LargestMinGB=32, LargerMinGB=12, DefaultMinGB=8, SmallerMinGB=6, SmallestMinGB=0)
[2022.07.19-20.48.20:030][  0]LogInit: Going up to parent DeviceProfile [Windows]
[2022.07.19-20.48.20:030][  0]LogInit: Going up to parent DeviceProfile []
[2022.07.19-20.48.20:031][  0]LogConfig: Applying CVar settings from Section [ViewDistanceQuality@3] File [../../../CadRuntimeLoader/Saved/Config/WindowsServer/Scalability.ini]
[2022.07.19-20.48.20:031][  0]LogConfig: Setting CVar [[r.SkeletalMeshLODBias:0]]
[2022.07.19-20.48.20:031][  0]LogConfig: Setting CVar [[r.ViewDistanceScale:1.0]]
[2022.07.19-20.48.20:032][  0]LogConfig: Applying CVar settings from Section [AntiAliasingQuality@3] File [../../../CadRuntimeLoader/Saved/Config/WindowsServer/Scalability.ini]
[2022.07.19-20.48.20:032][  0]LogConfig: Setting CVar [[r.PostProcessAAQuality:4]]
[2022.07.19-20.48.20:032][  0]LogConfig: Applying CVar settings from Section [ShadowQuality@3] File [../../../CadRuntimeLoader/Saved/Config/WindowsServer/Scalability.ini]
[2022.07.19-20.48.20:033][  0]LogConfig: Setting CVar [[r.LightFunctionQuality:1]]
[2022.07.19-20.48.20:033][  0]LogConfig: Setting CVar [[r.ShadowQuality:5]]
[2022.07.19-20.48.20:034][  0]LogConfig: Setting CVar [[r.Shadow.CSM.MaxCascades:10]]
[2022.07.19-20.48.20:034][  0]LogConfig: Setting CVar [[r.Shadow.MaxResolution:2048]]
[2022.07.19-20.48.20:035][  0]LogConfig: Setting CVar [[r.Shadow.MaxCSMResolution:2048]]
[2022.07.19-20.48.20:035][  0]LogConfig: Setting CVar [[r.Shadow.RadiusThreshold:0.01]]
[2022.07.19-20.48.20:035][  0]LogConfig: Setting CVar [[r.Shadow.DistanceScale:1.0]]
[2022.07.19-20.48.20:037][  0]LogConfig: Setting CVar [[r.Shadow.CSM.TransitionScale:1.0]]
[2022.07.19-20.48.20:039][  0]LogConfig: Setting CVar [[r.Shadow.PreShadowResolutionFactor:1.0]]
[2022.07.19-20.48.20:040][  0]LogConfig: Setting CVar [[r.DistanceFieldShadowing:1]]
[2022.07.19-20.48.20:041][  0]LogConfig: Setting CVar [[r.DistanceFieldAO:1]]
[2022.07.19-20.48.20:041][  0]LogConfig: Setting CVar [[r.AOQuality:2]]
[2022.07.19-20.48.20:042][  0]LogConfig: Setting CVar [[r.VolumetricFog:1]]
[2022.07.19-20.48.20:042][  0]LogConfig: Setting CVar [[r.VolumetricFog.GridPixelSize:8]]
[2022.07.19-20.48.20:042][  0]LogConfig: Setting CVar [[r.VolumetricFog.GridSizeZ:128]]
[2022.07.19-20.48.20:043][  0]LogConfig: Setting CVar [[r.VolumetricFog.HistoryMissSupersampleCount:4]]
[2022.07.19-20.48.20:043][  0]LogConfig: Setting CVar [[r.LightMaxDrawDistanceScale:1]]
[2022.07.19-20.48.20:043][  0]LogConfig: Setting CVar [[r.CapsuleShadows:1]]
[2022.07.19-20.48.20:044][  0]LogConfig: Applying CVar settings from Section [PostProcessQuality@3] File [../../../CadRuntimeLoader/Saved/Config/WindowsServer/Scalability.ini]
[2022.07.19-20.48.20:044][  0]LogConfig: Setting CVar [[r.MotionBlurQuality:4]]
[2022.07.19-20.48.20:045][  0]LogConfig: Setting CVar [[r.AmbientOcclusionMipLevelFactor:0.4]]
[2022.07.19-20.48.20:045][  0]LogConfig: Setting CVar [[r.AmbientOcclusionMaxQuality:100]]
[2022.07.19-20.48.20:045][  0]LogConfig: Setting CVar [[r.AmbientOcclusionLevels:-1]]
[2022.07.19-20.48.20:046][  0]LogConfig: Setting CVar [[r.AmbientOcclusionRadiusScale:1.0]]
[2022.07.19-20.48.20:046][  0]LogConfig: Setting CVar [[r.DepthOfFieldQuality:2]]
[2022.07.19-20.48.20:046][  0]LogConfig: Setting CVar [[r.RenderTargetPoolMin:400]]
[2022.07.19-20.48.20:047][  0]LogConfig: Setting CVar [[r.LensFlareQuality:2]]
[2022.07.19-20.48.20:047][  0]LogConfig: Setting CVar [[r.SceneColorFringeQuality:1]]
[2022.07.19-20.48.20:047][  0]LogConfig: Setting CVar [[r.EyeAdaptationQuality:2]]
[2022.07.19-20.48.20:048][  0]LogConfig: Setting CVar [[r.BloomQuality:5]]
[2022.07.19-20.48.20:048][  0]LogConfig: Setting CVar [[r.FastBlurThreshold:100]]
[2022.07.19-20.48.20:049][  0]LogConfig: Setting CVar [[r.Upscale.Quality:3]]
[2022.07.19-20.48.20:049][  0]LogConfig: Setting CVar [[r.Tonemapper.GrainQuantization:1]]
[2022.07.19-20.48.20:049][  0]LogConfig: Setting CVar [[r.LightShaftQuality:1]]
[2022.07.19-20.48.20:050][  0]LogConfig: Setting CVar [[r.Filter.SizeScale:1]]
[2022.07.19-20.48.20:050][  0]LogConfig: Setting CVar [[r.Tonemapper.Quality:5]]
[2022.07.19-20.48.20:050][  0]LogConfig: Setting CVar [[r.DOF.Gather.AccumulatorQuality:1        ; higher gathering accumulator quality]]
[2022.07.19-20.48.20:051][  0]LogConfig: Setting CVar [[r.DOF.Gather.PostfilterMethod:1          ; Median3x3 postfilering method]]
[2022.07.19-20.48.20:051][  0]LogConfig: Setting CVar [[r.DOF.Gather.EnableBokehSettings:0       ; no bokeh simulation when gathering]]
[2022.07.19-20.48.20:052][  0]LogConfig: Setting CVar [[r.DOF.Gather.RingCount:4                 ; medium number of samples when gathering]]
[2022.07.19-20.48.20:055][  0]LogConfig: Setting CVar [[r.DOF.Scatter.ForegroundCompositing:1    ; additive foreground scattering]]
[2022.07.19-20.48.20:055][  0]LogConfig: Setting CVar [[r.DOF.Scatter.BackgroundCompositing:2    ; additive background scattering]]
[2022.07.19-20.48.20:056][  0]LogConfig: Setting CVar [[r.DOF.Scatter.EnableBokehSettings:1      ; bokeh simulation when scattering]]
[2022.07.19-20.48.20:056][  0]LogConfig: Setting CVar [[r.DOF.Scatter.MaxSpriteRatio:0.1         ; only a maximum of 10% of scattered bokeh]]
[2022.07.19-20.48.20:057][  0]LogConfig: Setting CVar [[r.DOF.Recombine.Quality:1                ; cheap slight out of focus]]
[2022.07.19-20.48.20:057][  0]LogConfig: Setting CVar [[r.DOF.Recombine.EnableBokehSettings:0    ; no bokeh simulation on slight out of focus]]
[2022.07.19-20.48.20:057][  0]LogConfig: Setting CVar [[r.DOF.TemporalAAQuality:1                ; more stable temporal accumulation]]
[2022.07.19-20.48.20:058][  0]LogConfig: Setting CVar [[r.DOF.Kernel.MaxForegroundRadius:0.025]]
[2022.07.19-20.48.20:058][  0]LogConfig: Setting CVar [[r.DOF.Kernel.MaxBackgroundRadius:0.025]]
[2022.07.19-20.48.20:058][  0]LogConfig: Applying CVar settings from Section [TextureQuality@3] File [../../../CadRuntimeLoader/Saved/Config/WindowsServer/Scalability.ini]
[2022.07.19-20.48.20:059][  0]LogConfig: Setting CVar [[r.Streaming.MipBias:0]]
[2022.07.19-20.48.20:059][  0]LogConfig: Setting CVar [[r.Streaming.AmortizeCPUToGPUCopy:0]]
[2022.07.19-20.48.20:060][  0]LogConfig: Setting CVar [[r.Streaming.MaxNumTexturesToStreamPerFrame:0]]
[2022.07.19-20.48.20:060][  0]LogConfig: Setting CVar [[r.Streaming.Boost:1]]
[2022.07.19-20.48.20:060][  0]LogConfig: Setting CVar [[r.MaxAnisotropy:8]]
[2022.07.19-20.48.20:061][  0]LogConfig: Setting CVar [[r.VT.MaxAnisotropy:8]]
[2022.07.19-20.48.20:061][  0]LogConfig: Setting CVar [[r.Streaming.LimitPoolSizeToVRAM:0]]
[2022.07.19-20.48.20:061][  0]LogConfig: Setting CVar [[r.Streaming.PoolSize:1000]]
[2022.07.19-20.48.20:062][  0]LogConfig: Setting CVar [[r.Streaming.MaxEffectiveScreenSize:0]]
[2022.07.19-20.48.20:062][  0]LogConfig: Applying CVar settings from Section [EffectsQuality@3] File [../../../CadRuntimeLoader/Saved/Config/WindowsServer/Scalability.ini]
[2022.07.19-20.48.20:063][  0]LogConfig: Setting CVar [[r.TranslucencyLightingVolumeDim:64]]
[2022.07.19-20.48.20:063][  0]LogConfig: Setting CVar [[r.RefractionQuality:2]]
[2022.07.19-20.48.20:063][  0]LogConfig: Setting CVar [[r.SSR.Quality:3]]
[2022.07.19-20.48.20:064][  0]LogConfig: Setting CVar [[r.SSR.HalfResSceneColor:0]]
[2022.07.19-20.48.20:064][  0]LogConfig: Setting CVar [[r.SceneColorFormat:4]]
[2022.07.19-20.48.20:064][  0]LogConfig: Setting CVar [[r.DetailMode:2]]
[2022.07.19-20.48.20:065][  0]LogConfig: Setting CVar [[r.TranslucencyVolumeBlur:1]]
[2022.07.19-20.48.20:065][  0]LogConfig: Setting CVar [[r.MaterialQualityLevel:1 ; High quality]]
[2022.07.19-20.48.20:066][  0]LogConfig: Setting CVar [[r.AnisotropicMaterials:1]]
[2022.07.19-20.48.20:066][  0]LogConfig: Setting CVar [[r.SSS.Scale:1]]
[2022.07.19-20.48.20:066][  0]LogConfig: Setting CVar [[r.SSS.SampleSet:2]]
[2022.07.19-20.48.20:067][  0]LogConfig: Setting CVar [[r.SSS.Quality:1]]
[2022.07.19-20.48.20:067][  0]LogConfig: Setting CVar [[r.SSS.HalfRes:0]]
[2022.07.19-20.48.20:067][  0]LogConfig: Setting CVar [[r.SSGI.Quality:3]]
[2022.07.19-20.48.20:068][  0]LogConfig: Setting CVar [[r.EmitterSpawnRateScale:1.0]]
[2022.07.19-20.48.20:071][  0]LogConfig: Setting CVar [[r.ParticleLightQuality:2]]
[2022.07.19-20.48.20:071][  0]LogConfig: Setting CVar [[r.SkyAtmosphere.AerialPerspectiveLUT.FastApplyOnOpaque:1 ; Always have FastSkyLUT 1 in this case to avoid wrong sky]]
[2022.07.19-20.48.20:072][  0]LogConfig: Setting CVar [[r.SkyAtmosphere.AerialPerspectiveLUT.SampleCountMaxPerSlice:4]]
[2022.07.19-20.48.20:072][  0]LogConfig: Setting CVar [[r.SkyAtmosphere.AerialPerspectiveLUT.DepthResolution:16.0]]
[2022.07.19-20.48.20:073][  0]LogConfig: Setting CVar [[r.SkyAtmosphere.FastSkyLUT:1]]
[2022.07.19-20.48.20:073][  0]LogConfig: Setting CVar [[r.SkyAtmosphere.FastSkyLUT.SampleCountMin:4.0]]
[2022.07.19-20.48.20:073][  0]LogConfig: Setting CVar [[r.SkyAtmosphere.FastSkyLUT.SampleCountMax:128.0]]
[2022.07.19-20.48.20:074][  0]LogConfig: Setting CVar [[r.SkyAtmosphere.SampleCountMin:4.0]]
[2022.07.19-20.48.20:074][  0]LogConfig: Setting CVar [[r.SkyAtmosphere.SampleCountMax:128.0]]
[2022.07.19-20.48.20:075][  0]LogConfig: Setting CVar [[r.SkyAtmosphere.TransmittanceLUT.UseSmallFormat:0]]
[2022.07.19-20.48.20:075][  0]LogConfig: Setting CVar [[r.SkyAtmosphere.TransmittanceLUT.SampleCount:10.0]]
[2022.07.19-20.48.20:075][  0]LogConfig: Setting CVar [[r.SkyAtmosphere.MultiScatteringLUT.SampleCount:15.0]]
[2022.07.19-20.48.20:076][  0]LogConfig: Setting CVar [[r.SkyLight.RealTimeReflectionCapture:1]]
[2022.07.19-20.48.20:076][  0]LogConfig: Setting CVar [[fx.Niagara.QualityLevel:3]]
[2022.07.19-20.48.20:076][  0]LogConfig: Applying CVar settings from Section [FoliageQuality@3] File [../../../CadRuntimeLoader/Saved/Config/WindowsServer/Scalability.ini]
[2022.07.19-20.48.20:077][  0]LogConfig: Setting CVar [[foliage.DensityScale:1.0]]
[2022.07.19-20.48.20:077][  0]LogConfig: Setting CVar [[grass.DensityScale:1.0]]
[2022.07.19-20.48.20:078][  0]LogConfig: Applying CVar settings from Section [ShadingQuality@3] File [../../../CadRuntimeLoader/Saved/Config/WindowsServer/Scalability.ini]
[2022.07.19-20.48.20:078][  0]LogConfig: Setting CVar [[r.HairStrands.SkyLighting.IntegrationType:2]]
[2022.07.19-20.48.20:078][  0]LogConfig: Setting CVar [[r.HairStrands.SkyAO.SampleCount:4]]
[2022.07.19-20.48.20:079][  0]LogConfig: Setting CVar [[r.HairStrands.Visibility.MSAA.SamplePerPixel:4]]
[2022.07.19-20.48.20:079][  0]LogConfig: Applying CVar settings from Section [Startup] File [../../../Engine/Config/ConsoleVariables.ini]
[2022.07.19-20.48.20:079][  0]LogConfig: Setting CVar [[net.UseAdaptiveNetUpdateFrequency:0]]
[2022.07.19-20.48.20:080][  0]LogConfig: Setting CVar [[p.chaos.AllowCreatePhysxBodies:1]]
[2022.07.19-20.48.20:080][  0]LogConfig: Setting CVar [[fx.SkipVectorVMBackendOptimizations:1]]
[2022.07.19-20.48.20:080][  0]LogConfig: Applying CVar settings from Section [ConsoleVariables] File [../../../CadRuntimeLoader/Saved/Config/WindowsServer/Engine.ini]
[2022.07.19-20.48.20:081][  0]LogInit: Computer: DESKTOP-N284PUG
[2022.07.19-20.48.20:081][  0]LogInit: User: Matija
[2022.07.19-20.48.20:082][  0]LogInit: CPU Page size=4096, Cores=4
[2022.07.19-20.48.20:082][  0]LogInit: High frequency timer resolution =10.000000 MHz
[2022.07.19-20.48.20:082][  0]LogMemory: Memory total: Physical=15.9GB (16GB approx)
[2022.07.19-20.48.20:083][  0]LogMemory: Platform Memory Stats for WindowsServer
[2022.07.19-20.48.20:083][  0]LogMemory: Process Physical Memory: 74.74 MB used, 74.74 MB peak
[2022.07.19-20.48.20:084][  0]LogMemory: Process Virtual Memory: 79.60 MB used, 79.60 MB peak
[2022.07.19-20.48.20:087][  0]LogMemory: Physical Memory: 8411.25 MB used,  7921.27 MB free, 16332.53 MB total
[2022.07.19-20.48.20:087][  0]LogMemory: Virtual Memory: 134208096.00 MB used,  9628.25 MB free, 134217728.00 MB total
[2022.07.19-20.48.20:091][  0]LogWindows: WindowsPlatformFeatures disabled or dedicated server build
[2022.07.19-20.48.20:105][  0]LogInit: Physics initialised using underlying interface: PhysX
[2022.07.19-20.48.20:106][  0]LogInit: Using OS detected language (en-US).
[2022.07.19-20.48.20:106][  0]LogInit: Using OS detected locale (en-GB).
[2022.07.19-20.48.20:107][  0]LogTextLocalizationManager: No specific localization for 'en-US' exists, so the 'en' localization will be used.
[2022.07.19-20.48.20:134][  0]LogRendererCore: Ray tracing is disabled. Reason: r.RayTracing=0.
[2022.07.19-20.48.20:135][  0]LogODSC: ODSC Thread active.
[2022.07.19-20.48.20:143][  0]LogInit: Using OS detected language (en-US).
[2022.07.19-20.48.20:143][  0]LogInit: Using OS detected locale (en-GB).
[2022.07.19-20.48.20:143][  0]LogTextLocalizationManager: No localization for 'en-US' exists, so 'en' will be used for the language.
[2022.07.19-20.48.20:144][  0]LogTextLocalizationManager: No localization for 'en-GB' exists, so 'en' will be used for the locale.
[2022.07.19-20.48.20:145][  0]LogTextLocalizationManager: Compacting localization data took   0.72ms
[2022.07.19-20.48.20:146][  0]LogAssetRegistry: FAssetRegistry took 0.0009 seconds to start up
[2022.07.19-20.48.20:228][  0]LogStreaming: Display: FlushAsyncLoading: 1 QueuedPackages, 0 AsyncPackages
[2022.07.19-20.48.20:228][  0]LogPackageLocalizationCache: Processed 26 localized package path(s) for 1 prioritized culture(s) in 0.000076 seconds
[2022.07.19-20.48.20:230][  0]LogPakFile: New pak file ../../../CadRuntimeLoader/Content/Paks/CadRuntimeLoader-WindowsServer.pak added to pak precacher.
[2022.07.19-20.48.20:231][  0]LogInit: Selected Device Profile: [WindowsServer]
[2022.07.19-20.48.20:232][  0]LogInit: Active device profile: [0000026A4E4801C0][0000026A4A300010 49] WindowsServer
[2022.07.19-20.48.20:232][  0]LogInit: Profiles: [0000026A4E480340][0000026A4CA99250 49] Windows, [0000026A4E4801C0][0000026A4A300010 49] WindowsServer, 
[2022.07.19-20.48.20:243][  0]LogSerialization: Display: AllowBulkDataInIoStore: 'true'
[2022.07.19-20.48.20:251][  0]LogNetVersion: CadRuntimeLoader 1.0.0, NetCL: 0, EngineNetVer: 17, GameNetVer: 0 (Checksum: 1563979801)
[2022.07.19-20.48.20:279][  0]LogAudioCaptureCore: Display: No Audio Capture implementations found. Audio input will be silent.
[2022.07.19-20.48.20:279][  0]LogAudioCaptureCore: Display: No Audio Capture implementations found. Audio input will be silent.
[2022.07.19-20.48.20:300][  0]LogUObjectArray: 15891 objects as part of root set at end of initial load.
[2022.07.19-20.48.20:300][  0]LogUObjectAllocator: 3212552 out of 0 bytes used by permanent object pool.
[2022.07.19-20.48.20:301][  0]LogUObjectArray: CloseDisregardForGC: 15891/0 objects in disregard for GC pool
[2022.07.19-20.48.20:307][  0]LogNiagaraDebuggerClient: Niagara Debugger Client Initialized | Session: 0DCAE06A43B431C569909EBD19CBE04F | Instance: 05B3D4914A938F7806DBB3BFAE6130A2 (DESKTOP-N284PUG-8092).
[2022.07.19-20.48.20:308][  0]LogAndroidPermission: UAndroidPermissionCallbackProxy::GetInstance
[2022.07.19-20.48.20:309][  0]LogEngine: Initializing Engine...
[2022.07.19-20.48.20:310][  0]LogStats: UGameplayTagsManager::InitializeManager -  0.000 s
[2022.07.19-20.48.20:315][  0]LogInit: Initializing FReadOnlyCVARCache
[2022.07.19-20.48.20:315][  0]LogNetVersion: Set ProjectVersion to 1.0.0.0. Version Checksum will be recalculated on next use.
[2022.07.19-20.48.20:315][  0]LogInit: Texture streaming: Disabled
[2022.07.19-20.48.20:324][  0]LogInit: Display: Game Engine Initialized.
[2022.07.19-20.48.20:324][  0]LogInit: Display: Starting Game.
[2022.07.19-20.48.20:325][  0]LogNet: Browse: /Game/Maps/ServerMap?Name=Player
[2022.07.19-20.48.20:325][  0]LogLoad: LoadMap: /Game/Maps/ServerMap?Name=Player
[2022.07.19-20.48.20:325][  0]LogWorld: BeginTearingDown for /Temp/Untitled_0
[2022.07.19-20.48.20:329][  0]LogWorld: UWorld::CleanupWorld for Untitled, bSessionEnded=true, bCleanupResources=true
[2022.07.19-20.48.20:331][  0]LogUObjectHash: Compacting FUObjectHashTables data took   0.72ms
[2022.07.19-20.48.20:348][  0]LogAIModule: Creating AISystem for world ServerMap
[2022.07.19-20.48.20:349][  0]LogLoad: Game class is 'VRGameMode_C'
[2022.07.19-20.48.20:349][  0]LogNet: ReplicationDriverClass is null! Not using ReplicationDriver.
[2022.07.19-20.48.20:350][  0]LogNetCore: DDoS detection status: detection enabled: 0 analytics enabled: 0
[2022.07.19-20.48.20:350][  0]LogInit: WinSock: Socket queue. Rx: 131072 (config 131072) Tx: 131072 (config 131072)
[2022.07.19-20.48.20:351][  0]LogNet: Created socket for bind address: 0.0.0.0 on port 7777
[2022.07.19-20.48.20:351][  0]PacketHandlerLog: Loaded PacketHandler component: Engine.EngineHandlerComponentFactory (StatelessConnectHandlerComponent)
[2022.07.19-20.48.20:352][  0]LogNet: GameNetDriver IpNetDriver_2147482568 IpNetDriver listening on port 7777
[2022.07.19-20.48.20:353][  0]LogWorld: Bringing World /Game/Maps/ServerMap.ServerMap up for play (max tick rate 30) at 2022.07.19-22.48.20
[2022.07.19-20.48.20:353][  0]LogWorld: Bringing up level for play took: 0.000532
[2022.07.19-20.48.20:353][  0]LogLoad: Took 0.028762 seconds to LoadMap(/Game/Maps/ServerMap)
[2022.07.19-20.48.20:354][  0]LogPakFile: AllPaks IndexSizes: DirectoryHashSize=206156, PathHashSize=16, EntriesSize=32752, TotalSize=238924
[2022.07.19-20.48.20:355][  0]LogInit: Display: Engine is initialized. Leaving FEngineLoop::Init()
[2022.07.19-20.48.20:356][  0]LogLoad: (Engine Initialization) Total time: 1.88 seconds
[2022.07.19-20.48.52:673][976]LogNet: NotifyAcceptingConnection accepted from: 127.0.0.1:57288
[2022.07.19-20.48.52:673][976]LogHandshake: SendConnectChallenge. Timestamp: 32.316387, Cookie: 209003109214002167066121013016091028122070231153219137056026
[2022.07.19-20.48.52:707][977]LogNet: NotifyAcceptingConnection accepted from: 127.0.0.1:57288
[2022.07.19-20.48.52:707][977]LogHandshake: SendChallengeAck. InCookie: 209003109214002167066121013016091028122070231153219137056026
[2022.07.19-20.48.52:708][977]LogNet: Server accepting post-challenge connection from: 127.0.0.1:57288
[2022.07.19-20.48.52:709][977]PacketHandlerLog: Loaded PacketHandler component: Engine.EngineHandlerComponentFactory (StatelessConnectHandlerComponent)
[2022.07.19-20.48.52:709][977]LogNet: NotifyAcceptedConnection: Name: ServerMap, TimeStamp: 07/19/22 22:48:52, [UNetConnection] RemoteAddr: 127.0.0.1:57288, Name: IpConnection_2147482562, Driver: GameNetDriver IpNetDriver_2147482568, IsServer: YES, PC: NULL, Owner: NULL, UniqueId: INVALID
[2022.07.19-20.48.52:709][977]LogNet: AddClientConnection: Added client connection: [UNetConnection] RemoteAddr: 127.0.0.1:57288, Name: IpConnection_2147482562, Driver: GameNetDriver IpNetDriver_2147482568, IsServer: YES, PC: NULL, Owner: NULL, UniqueId: INVALID
[2022.07.19-20.48.52:740][978]LogNet: NotifyAcceptingChannel Control 0 server World /Game/Maps/ServerMap.ServerMap: Accepted
[2022.07.19-20.48.52:740][978]LogNet: Remote platform little endian=1
[2022.07.19-20.48.52:741][978]LogNet: This platform little endian=1
[2022.07.19-20.48.52:742][978]LogNetVersion: CadRuntimeLoader 1.0.0.0, NetCL: 0, EngineNetVer: 17, GameNetVer: 0 (Checksum: 58364132)
[2022.07.19-20.48.52:774][979]LogNet: Login request: ?Name=DESKTOP-N284PUG-82C243974E57DADEBF214290D48C6D73 userId: NULL:DESKTOP-N284PUG-82C243974E57DADEBF214290D48C6D73 platform: NULL
[2022.07.19-20.48.52:807][980]LogNet: Client netspeed is 100000
[2022.07.19-20.48.52:873][982]LogNet: Join request: /Game/Maps/ServerMap?Name=DESKTOP-N284PUG-82C243974E57DADEBF214290D48C6D73?SplitscreenCount=1
[2022.07.19-20.48.52:873][982]LogOnlineSession: Warning: OSS: No game present to join for session (GameSession)
[2022.07.19-20.48.52:877][982]LogNet: Join succeeded: DESKTOP-N284PUG-82C2
[2022.07.19-20.49.02:222][265]LogOutputDevice: Warning: 

Script Stack (2 frames):
FirstPersonCharacter_C.ExecuteUbergraph_FirstPersonCharacter
FirstPersonCharacter_C.ReceiveTick

[2022.07.19-20.49.02:224][265]LogWindows: Windows GetLastError: The operation completed successfully. (0)
[2022.07.19-20.49.02:588][265]LogWindows: Error: === Critical error: ===
[2022.07.19-20.49.02:589][265]LogWindows: Error: 
[2022.07.19-20.49.02:590][265]LogWindows: Error: Assertion failed: (Index >= 0) & (Index < ArrayNum) [File:D:\UnrealEngine\Engine\Source\Runtime\Core\Public\Containers/Array.h] [Line: 703] 
[2022.07.19-20.49.02:591][265]LogWindows: Error: Array index out of bounds: 3 from an array of size 0
[2022.07.19-20.49.02:592][265]LogWindows: Error: 
[2022.07.19-20.49.02:592][265]LogWindows: Error: 
[2022.07.19-20.49.02:593][265]LogWindows: Error: [Callstack] 0x00007ff8f6a14fd9 KERNELBASE.dll!UnknownFunction []
[2022.07.19-20.49.02:593][265]LogWindows: Error: [Callstack] 0x00007ff73fbf56c6 CadRuntimeLoaderServer.exe!UnknownFunction []
[2022.07.19-20.49.02:594][265]LogWindows: Error: [Callstack] 0x00007ff73fbf9288 CadRuntimeLoaderServer.exe!UnknownFunction []
[2022.07.19-20.49.02:594][265]LogWindows: Error: [Callstack] 0x00007ff73f948a9d CadRuntimeLoaderServer.exe!UnknownFunction []
[2022.07.19-20.49.02:595][265]LogWindows: Error: [Callstack] 0x00007ff73f8a521b CadRuntimeLoaderServer.exe!UnknownFunction []
[2022.07.19-20.49.02:596][265]LogWindows: Error: [Callstack] 0x00007ff73f8a6a00 CadRuntimeLoaderServer.exe!UnknownFunction []
[2022.07.19-20.49.02:596][265]LogWindows: Error: [Callstack] 0x00007ff744c33728 CadRuntimeLoaderServer.exe!UnknownFunction []
[2022.07.19-20.49.02:597][265]LogWindows: Error: [Callstack] 0x00007ff73f68c7c1 CadRuntimeLoaderServer.exe!UnknownFunction []
[2022.07.19-20.49.02:597][265]LogWindows: Error: [Callstack] 0x00007ff73f690898 CadRuntimeLoaderServer.exe!UnknownFunction []
[2022.07.19-20.49.02:598][265]LogWindows: Error: [Callstack] 0x00007ff740034b83 CadRuntimeLoaderServer.exe!UnknownFunction []
[2022.07.19-20.49.02:598][265]LogWindows: Error: [Callstack] 0x00007ff74000fb92 CadRuntimeLoaderServer.exe!UnknownFunction []
[2022.07.19-20.49.02:599][265]LogWindows: Error: [Callstack] 0x00007ff73ffe270a CadRuntimeLoaderServer.exe!UnknownFunction []
[2022.07.19-20.49.02:600][265]LogWindows: Error: [Callstack] 0x00007ff74000f604 CadRuntimeLoaderServer.exe!UnknownFunction []
[2022.07.19-20.49.02:603][265]LogWindows: Error: [Callstack] 0x00007ff74000fb92 CadRuntimeLoaderServer.exe!UnknownFunction []
[2022.07.19-20.49.02:604][265]LogWindows: Error: [Callstack] 0x00007ff74000eeb1 CadRuntimeLoaderServer.exe!UnknownFunction []
[2022.07.19-20.49.02:604][265]LogWindows: Error: [Callstack] 0x00007ff73fd7c629 CadRuntimeLoaderServer.exe!UnknownFunction []
[2022.07.19-20.49.02:605][265]LogWindows: Error: [Callstack] 0x00007ff74000e8c7 CadRuntimeLoaderServer.exe!UnknownFunction []
[2022.07.19-20.49.02:605][265]LogWindows: Error: [Callstack] 0x00007ff74289f1ae CadRuntimeLoaderServer.exe!UnknownFunction []
[2022.07.19-20.49.02:606][265]LogWindows: Error: [Callstack] 0x00007ff7437d1f03 CadRuntimeLoaderServer.exe!UnknownFunction []
[2022.07.19-20.49.02:606][265]LogWindows: Error: [Callstack] 0x00007ff7428ac5b0 CadRuntimeLoaderServer.exe!UnknownFunction []
[2022.07.19-20.49.02:607][265]LogWindows: Error: [Callstack] 0x00007ff7428ac73e CadRuntimeLoaderServer.exe!UnknownFunction []
[2022.07.19-20.49.02:607][265]LogWindows: Error: [Callstack] 0x00007ff7428880cb CadRuntimeLoaderServer.exe!UnknownFunction []
[2022.07.19-20.49.02:608][265]LogWindows: Error: [Callstack] 0x00007ff74361be7d CadRuntimeLoaderServer.exe!UnknownFunction []
[2022.07.19-20.49.02:608][265]LogWindows: Error: [Callstack] 0x00007ff743623a29 CadRuntimeLoaderServer.exe!UnknownFunction []
[2022.07.19-20.49.02:609][265]LogWindows: Error: [Callstack] 0x00007ff73f6df086 CadRuntimeLoaderServer.exe!UnknownFunction []
[2022.07.19-20.49.02:610][265]LogWindows: Error: [Callstack] 0x00007ff73f6df4ce CadRuntimeLoaderServer.exe!UnknownFunction []
[2022.07.19-20.49.02:610][265]LogWindows: Error: [Callstack] 0x00007ff73f6ee5af CadRuntimeLoaderServer.exe!UnknownFunction []
[2022.07.19-20.49.02:611][265]LogWindows: Error: [Callstack] 0x00007ff7436381df CadRuntimeLoaderServer.exe!UnknownFunction []
[2022.07.19-20.49.02:611][265]LogWindows: Error: [Callstack] 0x00007ff74363d5d4 CadRuntimeLoaderServer.exe!UnknownFunction []
[2022.07.19-20.49.02:612][265]LogWindows: Error: [Callstack] 0x00007ff742f405df CadRuntimeLoaderServer.exe!UnknownFunction []
[2022.07.19-20.49.02:612][265]LogWindows: Error: [Callstack] 0x00007ff742f49da4 CadRuntimeLoaderServer.exe!UnknownFunction []
[2022.07.19-20.49.02:613][265]LogWindows: Error: [Callstack] 0x00007ff742da7345 CadRuntimeLoaderServer.exe!UnknownFunction []
[2022.07.19-20.49.02:613][265]LogWindows: Error: [Callstack] 0x00007ff73e647d9c CadRuntimeLoaderServer.exe!UnknownFunction []
[2022.07.19-20.49.02:614][265]LogWindows: Error: [Callstack] 0x00007ff73e65c2ac CadRuntimeLoaderServer.exe!UnknownFunction []
[2022.07.19-20.49.02:614][265]LogWindows: Error: [Callstack] 0x00007ff73e65c37a CadRuntimeLoaderServer.exe!UnknownFunction []
[2022.07.19-20.49.02:615][265]LogWindows: Error: [Callstack] 0x00007ff73e65e3ec CadRuntimeLoaderServer.exe!UnknownFunction []
[2022.07.19-20.49.02:616][265]LogWindows: Error: [Callstack] 0x00007ff73e66cb74 CadRuntimeLoaderServer.exe!UnknownFunction []
[2022.07.19-20.49.02:619][265]LogWindows: Error: [Callstack] 0x00007ff744b3c38e CadRuntimeLoaderServer.exe!UnknownFunction []
[2022.07.19-20.49.02:620][265]LogWindows: Error: [Callstack] 0x00007ff8f83f7034 KERNEL32.DLL!UnknownFunction []
[2022.07.19-20.49.02:620][265]LogWindows: Error: [Callstack] 0x00007ff8f9202651 ntdll.dll!UnknownFunction []
[2022.07.19-20.49.02:621][265]LogWindows: Error: 
[2022.07.19-20.49.02:674][265]LogExit: Executing StaticShutdownAfterError
[2022.07.19-20.49.02:676][265]LogWindows: FPlatformMisc::RequestExit(1)
[2022.07.19-20.49.02:676][265]LogWindows: FPlatformMisc::RequestExitWithStatus(1, 3)
[2022.07.19-20.49.02:676][265]LogCore: Engine exit requested (reason: Win RequestExit)
[2022.07.19-20.49.02:715][265]Log file closed, 07/19/22 22:49:02
