Log file open, 09/06/22 18:00:15
LogWindows: Failed to load 'aqProf.dll' (GetLastError=126)
LogWindows: File 'aqProf.dll' does not exist
LogWindows: Failed to load 'VtuneApi.dll' (GetLastError=126)
LogWindows: File 'VtuneApi.dll' does not exist
LogWindows: Failed to load 'VtuneApi32e.dll' (GetLastError=126)
LogWindows: File 'VtuneApi32e.dll' does not exist
LogConsoleResponse: Display: Failed to find resolution value strings in scalability ini. Falling back to default.
LogConsoleResponse: Display: Failed to find resolution value strings in scalability ini. Falling back to default.
LogPakFile: Display: Found Pak file ../../../CadRuntimeLoader/Content/Paks/CadRuntimeLoader-WindowsNoEditor.pak attempting to mount.
LogPakFile: Display: Mounting pak file ../../../CadRuntimeLoader/Content/Paks/CadRuntimeLoader-WindowsNoEditor.pak.
LogPakFile: PakFile PrimaryIndexSize=29122
LogPakFile: PakFile PathHashIndexSize=50448
LogPakFile: PakFile FullDirectoryIndexSize=66248
LogShaderLibrary: Display: ShaderCodeLibraryPakFileMountedCallback: PakFile '../../../CadRuntimeLoader/Content/Paks/CadRuntimeLoader-WindowsNoEditor.pak' (chunk index -1, root '../../../') mounted
LogShaderLibrary: Display: ShaderCodeLibraryPakFileMountedCallback: pending pak file info (ChunkID:-1 Root:../../../ File:../../../CadRuntimeLoader/Content/Paks/CadRuntimeLoader-WindowsNoEditor.pak)
LogPakFile: OnPakFileMounted2Time == 0.000044
LogPlatformFile: Not using cached read wrapper
LogTaskGraph: Started task graph with 5 named threads and 23 total threads with 3 sets of task threads.
LogStats: Stats thread started at 0.106253
LogICUInternationalization: ICU TimeZone Detection - Raw Offset: +1:00, Platform Override: ''
LogInit: Display: Loading text-based GConfig....
LogPluginManager: Mounting plugin ResonanceAudio
LogPluginManager: Mounting plugin ProceduralMeshComponent
LogPluginManager: Mounting plugin OpenXR
LogPluginManager: Mounting plugin OnlineSubsystemSteam
LogPluginManager: Mounting plugin OnlineSubsystem
LogPluginManager: Mounting plugin OnlineSubsystemUtils
LogPluginManager: Mounting plugin SteamShared
LogPluginManager: Mounting plugin OculusOpenXR
LogPluginManager: Mounting plugin RuntimeMeshComponent
LogPluginManager: Mounting plugin Paper2D
LogPluginManager: Mounting plugin AISupport
LogPluginManager: Mounting plugin EnvironmentQueryEditor
LogPluginManager: Mounting plugin LightPropagationVolume
LogPluginManager: Mounting plugin CameraShakePreviewer
LogPluginManager: Mounting plugin GameplayCameras
LogPluginManager: Mounting plugin TemplateSequence
LogPluginManager: Mounting plugin LevelSequenceEditor
LogPluginManager: Mounting plugin OodleData
LogPluginManager: Mounting plugin OodleNetwork
LogPluginManager: Mounting plugin AnimationSharing
LogPluginManager: Mounting plugin SignificanceManager
LogPluginManager: Mounting plugin PixWinPlugin
LogPluginManager: Mounting plugin PluginUtils
LogPluginManager: Mounting plugin PropertyAccessEditor
LogPluginManager: Mounting plugin UObjectPlugin
LogPluginManager: Mounting plugin AssetManagerEditor
LogPluginManager: Mounting plugin FacialAnimation
LogPluginManager: Mounting plugin GeometryMode
LogPluginManager: Mounting plugin SpeedTreeImporter
LogPluginManager: Mounting plugin DatasmithContent
LogPluginManager: Mounting plugin VariantManagerContent
LogPluginManager: Mounting plugin AlembicImporter
LogPluginManager: Mounting plugin GeometryCache
LogPluginManager: Mounting plugin AutomationUtils
LogPluginManager: Mounting plugin ScreenshotTools
LogPluginManager: Mounting plugin BackChannel
LogPluginManager: Mounting plugin ChaosClothEditor
LogPluginManager: Mounting plugin ChaosCloth
LogPluginManager: Mounting plugin ChaosEditor
LogPluginManager: Mounting plugin PlanarCut
LogPluginManager: Mounting plugin GeometryProcessing
LogPluginManager: Mounting plugin EditableMesh
LogPluginManager: Mounting plugin GeometryCollectionPlugin
LogPluginManager: Mounting plugin ChaosSolverPlugin
LogPluginManager: Mounting plugin ChaosNiagara
LogPluginManager: Mounting plugin Niagara
LogPluginManager: Mounting plugin PythonScriptPlugin
LogPluginManager: Mounting plugin CharacterAI
LogPluginManager: Mounting plugin MotoSynth
LogPluginManager: Mounting plugin OpenImageDenoise
LogPluginManager: Mounting plugin PlatformCrypto
LogPluginManager: Mounting plugin MagicLeapPassableWorld
LogPluginManager: Mounting plugin MagicLeap
LogPluginManager: Mounting plugin MLSDK
LogPluginManager: Mounting plugin MagicLeapLightEstimation
LogPluginManager: Mounting plugin AvfMedia
LogPluginManager: Mounting plugin ImgMedia
LogPluginManager: Mounting plugin MediaCompositing
LogPluginManager: Mounting plugin WmfMedia
LogPluginManager: Mounting plugin MeshPainting
LogPluginManager: Mounting plugin TcpMessaging
LogPluginManager: Mounting plugin UdpMessaging
LogPluginManager: Mounting plugin ActorSequence
LogPluginManager: Mounting plugin MatineeToLevelSequence
LogPluginManager: Mounting plugin OnlineSubsystemNull
LogPluginManager: Mounting plugin LauncherChunkInstaller
LogPluginManager: Mounting plugin ActorLayerUtilities
LogPluginManager: Mounting plugin AndroidPermission
LogPluginManager: Mounting plugin AppleImageUtils
LogPluginManager: Mounting plugin ArchVisCharacter
LogPluginManager: Mounting plugin AssetTags
LogPluginManager: Mounting plugin AudioCapture
LogPluginManager: Mounting plugin CableComponent
LogPluginManager: Mounting plugin ChunkDownloader
LogPluginManager: Mounting plugin CustomMeshComponent
LogPluginManager: Mounting plugin ExampleDeviceProfileSelector
LogPluginManager: Mounting plugin GooglePAD
LogPluginManager: Mounting plugin LocationServicesBPLibrary
LogPluginManager: Mounting plugin MobilePatchingUtils
LogPluginManager: Mounting plugin OpenXREyeTracker
LogPluginManager: Mounting plugin OpenXRHandTracking
LogPluginManager: Mounting plugin LiveLink
LogPluginManager: Mounting plugin Takes
LogPluginManager: Mounting plugin PhysXVehicles
LogPluginManager: Mounting plugin RuntimePhysXCooking
LogPluginManager: Mounting plugin SoundFields
LogPluginManager: Mounting plugin Synthesis
LogPluginManager: Mounting plugin AudioSynesthesia
LogPluginManager: Mounting plugin WebMMoviePlayer
LogPluginManager: Mounting plugin WebMMedia
LogPluginManager: Mounting plugin WindowsMoviePlayer
LogInit: Using libcurl 7.55.1-DEV
LogInit:  - built for x86_64-pc-win32
LogInit:  - supports SSL with OpenSSL/1.1.1
LogInit:  - supports HTTP deflate (compression) using libz 1.2.8
LogInit:  - other features:
LogInit:      CURL_VERSION_SSL
LogInit:      CURL_VERSION_LIBZ
LogInit:      CURL_VERSION_IPV6
LogInit:      CURL_VERSION_ASYNCHDNS
LogInit:      CURL_VERSION_LARGEFILE
LogInit:      CURL_VERSION_IDN
LogInit:  CurlRequestOptions (configurable via config and command line):
LogInit:  - bVerifyPeer = true  - Libcurl will verify peer certificate
LogInit:  - bUseHttpProxy = false  - Libcurl will NOT use HTTP proxy
LogInit:  - bDontReuseConnections = false  - Libcurl will reuse connections
LogInit:  - MaxHostConnections = 16  - Libcurl will limit the number of connections to a host
LogInit:  - LocalHostAddr = Default
LogInit:  - BufferSize = 65536
LogSteamShared: Display: Loading Steam SDK 1.51
LogSteamShared: Steam SDK Loaded!
LogOnline: OSS: Creating online subsystem instance for: Steam
LogSteamShared: Warning: SteamAPI failed to initialize, conditions not met.
LogOnline: Warning: STEAM: Steamworks: SteamUtils() failed!
LogOnline: Warning: STEAM: Steamworks: SteamUser() failed!
LogOnline: Warning: STEAM: Steamworks: SteamFriends() failed!
LogOnline: Warning: STEAM: Steamworks: SteamRemoteStorage() failed!
LogOnline: Warning: STEAM: Steamworks: SteamUserStats() failed!
LogOnline: Warning: STEAM: Steamworks: SteamMatchmakingServers() failed!
LogOnline: Warning: STEAM: Steamworks: SteamApps() failed!
LogOnline: Warning: STEAM: Steamworks: SteamNetworking() failed!
LogOnline: Warning: STEAM: Steamworks: SteamMatchmaking() failed!
LogOnline: STEAM: [AppId: 0] Client API initialized 0
LogOnline: Display: STEAM: OnlineSubsystemSteam::Shutdown()
LogOnline: Warning: STEAM: Steam API failed to initialize!
LogOnline: Display: STEAM: OnlineSubsystemSteam::Shutdown()
LogOnline: OSS: Unable to create OnlineSubsystem module Steam
LogOnline: OSS: Creating online subsystem instance for: NULL
LogInit: WinSock: version 1.1 (2.2), MaxSocks=32767, MaxUdp=65467
LogOnline: OSS: TryLoadSubsystemAndSetDefault: Loaded subsystem for module [NULL]
PixWinPlugin: PIX capture plugin failed to initialize! Check that the process is launched from PIX.
LogLuminAPIImpl: Warning: MLSDK not found.  This likely means the MLSDK environment variable is not set.
LogInit: Build: ++UE4+Release-4.27-CL-0
LogInit: Engine Version: 4.27.2-0+++UE4+Release-4.27
LogInit: Compatible Engine Version: 4.27.0-0+++UE4+Release-4.27
LogInit: Net CL: 0
LogInit: OS: Windows 10 (Release 2009) (), CPU: AMD Ryzen 5 1500X Quad-Core Processor          , GPU: Radeon (TM) RX 470 Graphics
LogInit: Compiled (64-bit): Jul 25 2022 22:42:24
LogInit: Compiled with Visual C++: 19.29.30146.00
LogInit: Build Configuration: Development
LogInit: Branch Name: ++UE4+Release-4.27
LogInit: Command Line: 
LogInit: Base Directory: D:/Unreal Projects/CadRuntimeLoader/Game/CRL/Releases/WindowsNoEditor-MKB/WindowsNoEditor/CadRuntimeLoader/Binaries/Win64/
LogInit: Allocator: binned2
LogInit: Installed Engine Build: 0
LogDevObjectVersion: Number of dev versions registered: 29
LogDevObjectVersion:   Dev-Blueprints (B0D832E4-1F89-4F0D-ACCF-7EB736FD4AA2): 10
LogDevObjectVersion:   Dev-Build (E1C64328-A22C-4D53-A36C-8E866417BD8C): 0
LogDevObjectVersion:   Dev-Core (375EC13C-06E4-48FB-B500-84F0262A717E): 4
LogDevObjectVersion:   Dev-Editor (E4B068ED-F494-42E9-A231-DA0B2E46BB41): 40
LogDevObjectVersion:   Dev-Framework (CFFC743F-43B0-4480-9391-14DF171D2073): 37
LogDevObjectVersion:   Dev-Mobile (B02B49B5-BB20-44E9-A304-32B752E40360): 3
LogDevObjectVersion:   Dev-Networking (A4E4105C-59A1-49B5-A7C5-40C4547EDFEE): 0
LogDevObjectVersion:   Dev-Online (39C831C9-5AE6-47DC-9A44-9C173E1C8E7C): 0
LogDevObjectVersion:   Dev-Physics (78F01B33-EBEA-4F98-B9B4-84EACCB95AA2): 14
LogDevObjectVersion:   Dev-Platform (6631380F-2D4D-43E0-8009-CF276956A95A): 0
LogDevObjectVersion:   Dev-Rendering (12F88B9F-8875-4AFC-A67C-D90C383ABD29): 45
LogDevObjectVersion:   Dev-Sequencer (7B5AE74C-D270-4C10-A958-57980B212A5A): 13
LogDevObjectVersion:   Dev-VR (D7296918-1DD6-4BDD-9DE2-64A83CC13884): 3
LogDevObjectVersion:   Dev-LoadTimes (C2A15278-BFE7-4AFE-6C17-90FF531DF755): 1
LogDevObjectVersion:   Private-Geometry (6EACA3D4-40EC-4CC1-B786-8BED09428FC5): 3
LogDevObjectVersion:   Dev-AnimPhys (29E575DD-E0A3-4627-9D10-D276232CDCEA): 17
LogDevObjectVersion:   Dev-Anim (AF43A65D-7FD3-4947-9873-3E8ED9C1BB05): 15
LogDevObjectVersion:   Dev-ReflectionCapture (6B266CEC-1EC7-4B8F-A30B-E4D90942FC07): 1
LogDevObjectVersion:   Dev-Automation (0DF73D61-A23F-47EA-B727-89E90C41499A): 1
LogDevObjectVersion:   FortniteMain (601D1886-AC64-4F84-AA16-D3DE0DEAC7D6): 47
LogDevObjectVersion:   FortniteRelease (E7086368-6B23-4C58-8439-1B7016265E91): 1
LogDevObjectVersion:   Dev-Enterprise (9DFFBCD6-494F-0158-E221-12823C92A888): 10
LogDevObjectVersion:   Dev-Niagara (F2AED0AC-9AFE-416F-8664-AA7FFA26D6FC): 1
LogDevObjectVersion:   Dev-Destruction (174F1F0B-B4C6-45A5-B13F-2EE8D0FB917D): 10
LogDevObjectVersion:   Dev-Physics-Ext (35F94A83-E258-406C-A318-09F59610247C): 41
LogDevObjectVersion:   Dev-PhysicsMaterial-Chaos (B68FC16E-8B1B-42E2-B453-215C058844FE): 1
LogDevObjectVersion:   Dev-CineCamera (B2E18506-4273-CFC2-A54E-F4BB758BBA07): 1
LogDevObjectVersion:   Dev-VirtualProduction (64F58936-FD1B-42BA-BA96-7289D5D0FA4E): 1
LogDevObjectVersion:   Dev-MediaFramework (6F0ED827-A609-4895-9C91-998D90180EA4): 2
LogInit: Presizing for max 2097152 objects, including 1 objects not considered by GC, pre-allocating 0 bytes for permanent pool.
LogConfig: Applying CVar settings from Section [/Script/Engine.StreamingSettings] File [../../../CadRuntimeLoader/Saved/Config/WindowsNoEditor/Engine.ini]
LogConfig: Setting CVar [[s.MinBulkDataSizeForAsyncLoading:131072]]
LogConfig: Setting CVar [[s.AsyncLoadingThreadEnabled:0]]
LogConfig: Setting CVar [[s.EventDrivenLoaderEnabled:1]]
LogConfig: Setting CVar [[s.WarnIfTimeLimitExceeded:0]]
LogConfig: Setting CVar [[s.TimeLimitExceededMultiplier:1.5]]
LogConfig: Setting CVar [[s.TimeLimitExceededMinTime:0.005]]
LogConfig: Setting CVar [[s.UseBackgroundLevelStreaming:1]]
LogConfig: Setting CVar [[s.PriorityAsyncLoadingExtraTime:15.0]]
LogConfig: Setting CVar [[s.LevelStreamingActorsUpdateTimeLimit:5.0]]
LogConfig: Setting CVar [[s.PriorityLevelStreamingActorsUpdateExtraTime:5.0]]
LogConfig: Setting CVar [[s.LevelStreamingComponentsRegistrationGranularity:10]]
LogConfig: Setting CVar [[s.UnregisterComponentsTimeLimit:1.0]]
LogConfig: Setting CVar [[s.LevelStreamingComponentsUnregistrationGranularity:5]]
LogConfig: Setting CVar [[s.FlushStreamingOnExit:1]]
LogStreaming: Display: Async Loading initialized: Event Driven Loader: true, Async Loading Thread: false, Async Post Load: true
LogInit: Object subsystem initialized
LogConfig: Setting CVar [[con.DebugEarlyDefault:1]]
LogConfig: Setting CVar [[r.setres:1280x720]]
LogConfig: Setting CVar [[fx.NiagaraAllowRuntimeScalabilityChanges:1]]
[2022.09.06-16.00.15:328][  0]LogConfig: Setting CVar [[con.DebugEarlyDefault:1]]
[2022.09.06-16.00.15:328][  0]LogConfig: Setting CVar [[r.setres:1280x720]]
[2022.09.06-16.00.15:328][  0]LogConfig: Setting CVar [[fx.NiagaraAllowRuntimeScalabilityChanges:1]]
[2022.09.06-16.00.15:328][  0]LogConfig: Applying CVar settings from Section [/Script/Engine.RendererSettings] File [../../../CadRuntimeLoader/Saved/Config/WindowsNoEditor/Engine.ini]
[2022.09.06-16.00.15:328][  0]LogConfig: Setting CVar [[r.GPUCrashDebugging:0]]
[2022.09.06-16.00.15:328][  0]LogConfig: Setting CVar [[r.Mobile.DisableVertexFog:1]]
[2022.09.06-16.00.15:328][  0]LogConfig: Setting CVar [[r.Shadow.CSM.MaxMobileCascades:2]]
[2022.09.06-16.00.15:328][  0]LogConfig: Setting CVar [[r.MobileMSAA:4]]
[2022.09.06-16.00.15:328][  0]LogConfig: Setting CVar [[r.Mobile.AllowDitheredLODTransition:0]]
[2022.09.06-16.00.15:328][  0]LogConfig: Setting CVar [[r.Mobile.AllowSoftwareOcclusion:0]]
[2022.09.06-16.00.15:328][  0]LogConfig: Setting CVar [[r.Mobile.VirtualTextures:0]]
[2022.09.06-16.00.15:328][  0]LogConfig: Setting CVar [[r.DiscardUnusedQuality:0]]
[2022.09.06-16.00.15:328][  0]LogConfig: Setting CVar [[r.AllowOcclusionQueries:1]]
[2022.09.06-16.00.15:328][  0]LogConfig: Setting CVar [[r.MinScreenRadiusForLights:0.030000]]
[2022.09.06-16.00.15:328][  0]LogConfig: Setting CVar [[r.MinScreenRadiusForDepthPrepass:0.030000]]
[2022.09.06-16.00.15:328][  0]LogConfig: Setting CVar [[r.MinScreenRadiusForCSMDepth:0.010000]]
[2022.09.06-16.00.15:328][  0]LogConfig: Setting CVar [[r.PrecomputedVisibilityWarning:0]]
[2022.09.06-16.00.15:328][  0]LogConfig: Setting CVar [[r.TextureStreaming:1]]
[2022.09.06-16.00.15:328][  0]LogConfig: Setting CVar [[Compat.UseDXT5NormalMaps:0]]
[2022.09.06-16.00.15:328][  0]LogConfig: Setting CVar [[r.VirtualTextures:0]]
[2022.09.06-16.00.15:328][  0]LogConfig: Setting CVar [[r.VirtualTexturedLightmaps:0]]
[2022.09.06-16.00.15:328][  0]LogConfig: Setting CVar [[r.VT.TileSize:128]]
[2022.09.06-16.00.15:328][  0]LogConfig: Setting CVar [[r.VT.TileBorderSize:4]]
[2022.09.06-16.00.15:328][  0]LogConfig: Setting CVar [[r.vt.FeedbackFactor:16]]
[2022.09.06-16.00.15:328][  0]LogConfig: Setting CVar [[r.VT.EnableCompressZlib:1]]
[2022.09.06-16.00.15:328][  0]LogConfig: Setting CVar [[r.VT.EnableCompressCrunch:0]]
[2022.09.06-16.00.15:328][  0]LogConfig: Setting CVar [[r.ClearCoatNormal:0]]
[2022.09.06-16.00.15:328][  0]LogConfig: Setting CVar [[r.ReflectionCaptureResolution:128]]
[2022.09.06-16.00.15:328][  0]LogConfig: Setting CVar [[r.Mobile.ReflectionCaptureCompression:0]]
[2022.09.06-16.00.15:328][  0]LogConfig: Setting CVar [[r.ReflectionEnvironmentLightmapMixBasedOnRoughness:1]]
[2022.09.06-16.00.15:328][  0]LogConfig: Setting CVar [[r.ForwardShading:1]]
[2022.09.06-16.00.15:328][  0]LogConfig: Setting CVar [[r.VertexFoggingForOpaque:1]]
[2022.09.06-16.00.15:328][  0]LogConfig: Setting CVar [[r.AllowStaticLighting:1]]
[2022.09.06-16.00.15:328][  0]LogConfig: Setting CVar [[r.NormalMapsForStaticLighting:0]]
[2022.09.06-16.00.15:328][  0]LogConfig: Setting CVar [[r.GenerateMeshDistanceFields:0]]
[2022.09.06-16.00.15:328][  0]LogConfig: Setting CVar [[r.DistanceFieldBuild.EightBit:0]]
[2022.09.06-16.00.15:328][  0]LogConfig: Setting CVar [[r.GenerateLandscapeGIData:0]]
[2022.09.06-16.00.15:328][  0]LogConfig: Setting CVar [[r.DistanceFieldBuild.Compress:0]]
[2022.09.06-16.00.15:328][  0]LogConfig: Setting CVar [[r.TessellationAdaptivePixelsPerTriangle:48.000000]]
[2022.09.06-16.00.15:328][  0]LogConfig: Setting CVar [[r.SeparateTranslucency:0]]
[2022.09.06-16.00.15:328][  0]LogConfig: Setting CVar [[r.TranslucentSortPolicy:0]]
[2022.09.06-16.00.15:328][  0]LogConfig: Setting CVar [[r.CustomDepth:1]]
[2022.09.06-16.00.15:328][  0]LogConfig: Setting CVar [[r.CustomDepthTemporalAAJitter:1]]
[2022.09.06-16.00.15:328][  0]LogConfig: Setting CVar [[r.PostProcessing.PropagateAlpha:0]]
[2022.09.06-16.00.15:329][  0]LogConfig: Setting CVar [[r.DefaultFeature.Bloom:0]]
[2022.09.06-16.00.15:329][  0]LogConfig: Setting CVar [[r.DefaultFeature.AmbientOcclusion:0]]
[2022.09.06-16.00.15:329][  0]LogConfig: Setting CVar [[r.DefaultFeature.AmbientOcclusionStaticFraction:1]]
[2022.09.06-16.00.15:329][  0]LogConfig: Setting CVar [[r.DefaultFeature.AutoExposure:0]]
[2022.09.06-16.00.15:329][  0]LogConfig: Setting CVar [[r.DefaultFeature.AutoExposure.Method:0]]
[2022.09.06-16.00.15:329][  0]LogConfig: Setting CVar [[r.DefaultFeature.AutoExposure.Bias:1.000000]]
[2022.09.06-16.00.15:329][  0]LogConfig: Setting CVar [[r.DefaultFeature.AutoExposure.ExtendDefaultLuminanceRange:1]]
[2022.09.06-16.00.15:329][  0]LogConfig: Setting CVar [[r.UsePreExposure:1]]
[2022.09.06-16.00.15:329][  0]LogConfig: Setting CVar [[r.EyeAdaptation.EditorOnly:0]]
[2022.09.06-16.00.15:329][  0]LogConfig: Setting CVar [[r.DefaultFeature.MotionBlur:0]]
[2022.09.06-16.00.15:329][  0]LogConfig: Setting CVar [[r.DefaultFeature.LensFlare:0]]
[2022.09.06-16.00.15:329][  0]LogConfig: Setting CVar [[r.TemporalAA.Upsampling:0]]
[2022.09.06-16.00.15:329][  0]LogConfig: Setting CVar [[r.SSGI.Enable:0]]
[2022.09.06-16.00.15:329][  0]LogConfig: Setting CVar [[r.DefaultFeature.AntiAliasing:3]]
[2022.09.06-16.00.15:329][  0]LogConfig: Setting CVar [[r.DefaultFeature.LightUnits:1]]
[2022.09.06-16.00.15:329][  0]LogConfig: Setting CVar [[r.DefaultBackBufferPixelFormat:4]]
[2022.09.06-16.00.15:329][  0]LogConfig: Setting CVar [[r.Shadow.UnbuiltPreviewInGame:1]]
[2022.09.06-16.00.15:329][  0]LogConfig: Setting CVar [[r.StencilForLODDither:0]]
[2022.09.06-16.00.15:329][  0]LogConfig: Setting CVar [[r.EarlyZPass:3]]
[2022.09.06-16.00.15:329][  0]LogConfig: Setting CVar [[r.EarlyZPassOnlyMaterialMasking:0]]
[2022.09.06-16.00.15:329][  0]LogConfig: Setting CVar [[r.DBuffer:1]]
[2022.09.06-16.00.15:329][  0]LogConfig: Setting CVar [[r.ClearSceneMethod:1]]
[2022.09.06-16.00.15:329][  0]LogConfig: Setting CVar [[r.BasePassOutputsVelocity:0]]
[2022.09.06-16.00.15:329][  0]LogConfig: Setting CVar [[r.VertexDeformationOutputsVelocity:0]]
[2022.09.06-16.00.15:329][  0]LogConfig: Setting CVar [[r.SelectiveBasePassOutputs:0]]
[2022.09.06-16.00.15:329][  0]LogConfig: Setting CVar [[fx.GPUSimulationTextureSizeX:1024]]
[2022.09.06-16.00.15:329][  0]LogConfig: Setting CVar [[fx.GPUSimulationTextureSizeY:1024]]
[2022.09.06-16.00.15:329][  0]LogConfig: Setting CVar [[r.AllowGlobalClipPlane:0]]
[2022.09.06-16.00.15:329][  0]LogConfig: Setting CVar [[r.GBufferFormat:1]]
[2022.09.06-16.00.15:329][  0]LogConfig: Setting CVar [[r.MorphTarget.Mode:1]]
[2022.09.06-16.00.15:329][  0]LogConfig: Setting CVar [[vr.InstancedStereo:1]]
[2022.09.06-16.00.15:329][  0]LogConfig: Setting CVar [[r.MobileHDR:0]]
[2022.09.06-16.00.15:329][  0]LogConfig: Setting CVar [[vr.MobileMultiView:1]]
[2022.09.06-16.00.15:329][  0]LogConfig: Setting CVar [[r.Mobile.UseHWsRGBEncoding:1]]
[2022.09.06-16.00.15:329][  0]LogConfig: Setting CVar [[vr.RoundRobinOcclusion:0]]
[2022.09.06-16.00.15:329][  0]LogConfig: Setting CVar [[vr.ODSCapture:0]]
[2022.09.06-16.00.15:329][  0]LogConfig: Setting CVar [[r.MeshStreaming:0]]
[2022.09.06-16.00.15:329][  0]LogConfig: Setting CVar [[r.WireframeCullThreshold:5.000000]]
[2022.09.06-16.00.15:329][  0]LogConfig: Setting CVar [[r.RayTracing:0]]
[2022.09.06-16.00.15:329][  0]LogConfig: Setting CVar [[r.RayTracing.UseTextureLod:0]]
[2022.09.06-16.00.15:329][  0]LogConfig: Setting CVar [[r.SupportStationarySkylight:1]]
[2022.09.06-16.00.15:329][  0]LogConfig: Setting CVar [[r.SupportLowQualityLightmaps:1]]
[2022.09.06-16.00.15:329][  0]LogConfig: Setting CVar [[r.SupportPointLightWholeSceneShadows:1]]
[2022.09.06-16.00.15:329][  0]LogConfig: Setting CVar [[r.SupportAtmosphericFog:1]]
[2022.09.06-16.00.15:329][  0]LogConfig: Setting CVar [[r.SupportSkyAtmosphere:1]]
[2022.09.06-16.00.15:329][  0]LogConfig: Setting CVar [[r.SupportSkyAtmosphereAffectsHeightFog:0]]
[2022.09.06-16.00.15:329][  0]LogConfig: Setting CVar [[r.SkinCache.CompileShaders:0]]
[2022.09.06-16.00.15:329][  0]LogConfig: Setting CVar [[r.SkinCache.DefaultBehavior:1]]
[2022.09.06-16.00.15:329][  0]LogConfig: Setting CVar [[r.SkinCache.SceneMemoryLimitInMB:128.000000]]
[2022.09.06-16.00.15:329][  0]LogConfig: Setting CVar [[r.Mobile.EnableStaticAndCSMShadowReceivers:1]]
[2022.09.06-16.00.15:329][  0]LogConfig: Setting CVar [[r.Mobile.EnableMovableLightCSMShaderCulling:1]]
[2022.09.06-16.00.15:329][  0]LogConfig: Setting CVar [[r.Mobile.AllowDistanceFieldShadows:1]]
[2022.09.06-16.00.15:329][  0]LogConfig: Setting CVar [[r.Mobile.AllowMovableDirectionalLights:1]]
[2022.09.06-16.00.15:329][  0]LogConfig: Setting CVar [[r.MobileNumDynamicPointLights:4]]
[2022.09.06-16.00.15:329][  0]LogConfig: Setting CVar [[r.MobileDynamicPointLightsUseStaticBranch:1]]
[2022.09.06-16.00.15:329][  0]LogConfig: Setting CVar [[r.Mobile.EnableMovableSpotlights:0]]
[2022.09.06-16.00.15:329][  0]LogConfig: Setting CVar [[r.Mobile.EnableMovableSpotlightsShadow:0]]
[2022.09.06-16.00.15:329][  0]LogConfig: Setting CVar [[r.GPUSkin.Support16BitBoneIndex:0]]
[2022.09.06-16.00.15:329][  0]LogConfig: Setting CVar [[r.GPUSkin.Limit2BoneInfluences:0]]
[2022.09.06-16.00.15:329][  0]LogConfig: Setting CVar [[r.SupportDepthOnlyIndexBuffers:1]]
[2022.09.06-16.00.15:329][  0]LogConfig: Setting CVar [[r.SupportReversedIndexBuffers:1]]
[2022.09.06-16.00.15:329][  0]LogConfig: Setting CVar [[r.LightPropagationVolume:0]]
[2022.09.06-16.00.15:329][  0]LogConfig: Setting CVar [[r.Mobile.AmbientOcclusion:0]]
[2022.09.06-16.00.15:329][  0]LogConfig: Setting CVar [[r.GPUSkin.UnlimitedBoneInfluences:0]]
[2022.09.06-16.00.15:329][  0]LogConfig: Setting CVar [[r.GPUSkin.UnlimitedBoneInfluencesThreshold:8]]
[2022.09.06-16.00.15:329][  0]LogConfig: Setting CVar [[r.Mobile.PlanarReflectionMode:0]]
[2022.09.06-16.00.15:329][  0]LogConfig: Setting CVar [[r.Mobile.SupportGPUScene:1]]
[2022.09.06-16.00.15:329][  0]LogConfig: Applying CVar settings from Section [/Script/Engine.RendererOverrideSettings] File [../../../CadRuntimeLoader/Saved/Config/WindowsNoEditor/Engine.ini]
[2022.09.06-16.00.15:329][  0]LogConfig: Applying CVar settings from Section [/Script/Engine.StreamingSettings] File [../../../CadRuntimeLoader/Saved/Config/WindowsNoEditor/Engine.ini]
[2022.09.06-16.00.15:330][  0]LogConfig: Setting CVar [[s.MinBulkDataSizeForAsyncLoading:131072]]
[2022.09.06-16.00.15:330][  0]LogConfig: Setting CVar [[s.AsyncLoadingThreadEnabled:0]]
[2022.09.06-16.00.15:330][  0]LogConfig: Setting CVar [[s.EventDrivenLoaderEnabled:1]]
[2022.09.06-16.00.15:330][  0]LogConfig: Setting CVar [[s.WarnIfTimeLimitExceeded:0]]
[2022.09.06-16.00.15:330][  0]LogConfig: Setting CVar [[s.TimeLimitExceededMultiplier:1.5]]
[2022.09.06-16.00.15:330][  0]LogConfig: Setting CVar [[s.TimeLimitExceededMinTime:0.005]]
[2022.09.06-16.00.15:330][  0]LogConfig: Setting CVar [[s.UseBackgroundLevelStreaming:1]]
[2022.09.06-16.00.15:330][  0]LogConfig: Setting CVar [[s.PriorityAsyncLoadingExtraTime:15.0]]
[2022.09.06-16.00.15:330][  0]LogConfig: Setting CVar [[s.LevelStreamingActorsUpdateTimeLimit:5.0]]
[2022.09.06-16.00.15:330][  0]LogConfig: Setting CVar [[s.PriorityLevelStreamingActorsUpdateExtraTime:5.0]]
[2022.09.06-16.00.15:330][  0]LogConfig: Setting CVar [[s.LevelStreamingComponentsRegistrationGranularity:10]]
[2022.09.06-16.00.15:330][  0]LogConfig: Setting CVar [[s.UnregisterComponentsTimeLimit:1.0]]
[2022.09.06-16.00.15:330][  0]LogConfig: Setting CVar [[s.LevelStreamingComponentsUnregistrationGranularity:5]]
[2022.09.06-16.00.15:330][  0]LogConfig: Setting CVar [[s.FlushStreamingOnExit:1]]
[2022.09.06-16.00.15:330][  0]LogConfig: Applying CVar settings from Section [/Script/Engine.GarbageCollectionSettings] File [../../../CadRuntimeLoader/Saved/Config/WindowsNoEditor/Engine.ini]
[2022.09.06-16.00.15:330][  0]LogConfig: Setting CVar [[gc.MaxObjectsNotConsideredByGC:1]]
[2022.09.06-16.00.15:330][  0]LogConfig: Setting CVar [[gc.SizeOfPermanentObjectPool:0]]
[2022.09.06-16.00.15:330][  0]LogConfig: Setting CVar [[gc.FlushStreamingOnGC:0]]
[2022.09.06-16.00.15:330][  0]LogConfig: Setting CVar [[gc.NumRetriesBeforeForcingGC:10]]
[2022.09.06-16.00.15:330][  0]LogConfig: Setting CVar [[gc.AllowParallelGC:1]]
[2022.09.06-16.00.15:330][  0]LogConfig: Setting CVar [[gc.TimeBetweenPurgingPendingKillObjects:61.1]]
[2022.09.06-16.00.15:330][  0]LogConfig: Setting CVar [[gc.MaxObjectsInEditor:25165824]]
[2022.09.06-16.00.15:330][  0]LogConfig: Setting CVar [[gc.IncrementalBeginDestroyEnabled:1]]
[2022.09.06-16.00.15:330][  0]LogConfig: Setting CVar [[gc.CreateGCClusters:1]]
[2022.09.06-16.00.15:330][  0]LogConfig: Setting CVar [[gc.MinGCClusterSize:5]]
[2022.09.06-16.00.15:330][  0]LogConfig: Setting CVar [[gc.ActorClusteringEnabled:0]]
[2022.09.06-16.00.15:330][  0]LogConfig: Setting CVar [[gc.BlueprintClusteringEnabled:0]]
[2022.09.06-16.00.15:330][  0]LogConfig: Setting CVar [[gc.UseDisregardForGCOnDedicatedServers:0]]
[2022.09.06-16.00.15:330][  0]LogConfig: Setting CVar [[gc.MultithreadedDestructionEnabled:1]]
[2022.09.06-16.00.15:330][  0]LogConfig: Applying CVar settings from Section [/Script/Engine.NetworkSettings] File [../../../CadRuntimeLoader/Saved/Config/WindowsNoEditor/Engine.ini]
[2022.09.06-16.00.15:371][  0]LogConfig: Applying CVar settings from Section [ViewDistanceQuality@3] File [../../../CadRuntimeLoader/Saved/Config/WindowsNoEditor/Scalability.ini]
[2022.09.06-16.00.15:371][  0]LogConfig: Setting CVar [[r.SkeletalMeshLODBias:0]]
[2022.09.06-16.00.15:371][  0]LogConfig: Setting CVar [[r.ViewDistanceScale:1.0]]
[2022.09.06-16.00.15:371][  0]LogConfig: Applying CVar settings from Section [AntiAliasingQuality@3] File [../../../CadRuntimeLoader/Saved/Config/WindowsNoEditor/Scalability.ini]
[2022.09.06-16.00.15:371][  0]LogConfig: Setting CVar [[r.PostProcessAAQuality:4]]
[2022.09.06-16.00.15:371][  0]LogConfig: Applying CVar settings from Section [ShadowQuality@3] File [../../../CadRuntimeLoader/Saved/Config/WindowsNoEditor/Scalability.ini]
[2022.09.06-16.00.15:371][  0]LogConfig: Setting CVar [[r.LightFunctionQuality:1]]
[2022.09.06-16.00.15:371][  0]LogConfig: Setting CVar [[r.ShadowQuality:5]]
[2022.09.06-16.00.15:371][  0]LogConfig: Setting CVar [[r.Shadow.CSM.MaxCascades:10]]
[2022.09.06-16.00.15:371][  0]LogConfig: Setting CVar [[r.Shadow.MaxResolution:2048]]
[2022.09.06-16.00.15:371][  0]LogConfig: Setting CVar [[r.Shadow.MaxCSMResolution:2048]]
[2022.09.06-16.00.15:371][  0]LogConfig: Setting CVar [[r.Shadow.RadiusThreshold:0.01]]
[2022.09.06-16.00.15:371][  0]LogConfig: Setting CVar [[r.Shadow.DistanceScale:1.0]]
[2022.09.06-16.00.15:371][  0]LogConfig: Setting CVar [[r.Shadow.CSM.TransitionScale:1.0]]
[2022.09.06-16.00.15:371][  0]LogConfig: Setting CVar [[r.Shadow.PreShadowResolutionFactor:1.0]]
[2022.09.06-16.00.15:371][  0]LogConfig: Setting CVar [[r.DistanceFieldShadowing:1]]
[2022.09.06-16.00.15:371][  0]LogConfig: Setting CVar [[r.DistanceFieldAO:1]]
[2022.09.06-16.00.15:371][  0]LogConfig: Setting CVar [[r.AOQuality:2]]
[2022.09.06-16.00.15:371][  0]LogConfig: Setting CVar [[r.VolumetricFog:1]]
[2022.09.06-16.00.15:371][  0]LogConfig: Setting CVar [[r.VolumetricFog.GridPixelSize:8]]
[2022.09.06-16.00.15:371][  0]LogConfig: Setting CVar [[r.VolumetricFog.GridSizeZ:128]]
[2022.09.06-16.00.15:371][  0]LogConfig: Setting CVar [[r.VolumetricFog.HistoryMissSupersampleCount:4]]
[2022.09.06-16.00.15:371][  0]LogConfig: Setting CVar [[r.LightMaxDrawDistanceScale:1]]
[2022.09.06-16.00.15:371][  0]LogConfig: Setting CVar [[r.CapsuleShadows:1]]
[2022.09.06-16.00.15:371][  0]LogConfig: Applying CVar settings from Section [PostProcessQuality@3] File [../../../CadRuntimeLoader/Saved/Config/WindowsNoEditor/Scalability.ini]
[2022.09.06-16.00.15:371][  0]LogConfig: Setting CVar [[r.MotionBlurQuality:4]]
[2022.09.06-16.00.15:371][  0]LogConfig: Setting CVar [[r.AmbientOcclusionMipLevelFactor:0.4]]
[2022.09.06-16.00.15:371][  0]LogConfig: Setting CVar [[r.AmbientOcclusionMaxQuality:100]]
[2022.09.06-16.00.15:371][  0]LogConfig: Setting CVar [[r.AmbientOcclusionLevels:-1]]
[2022.09.06-16.00.15:371][  0]LogConfig: Setting CVar [[r.AmbientOcclusionRadiusScale:1.0]]
[2022.09.06-16.00.15:371][  0]LogConfig: Setting CVar [[r.DepthOfFieldQuality:2]]
[2022.09.06-16.00.15:371][  0]LogConfig: Setting CVar [[r.RenderTargetPoolMin:400]]
[2022.09.06-16.00.15:371][  0]LogConfig: Setting CVar [[r.LensFlareQuality:2]]
[2022.09.06-16.00.15:371][  0]LogConfig: Setting CVar [[r.SceneColorFringeQuality:1]]
[2022.09.06-16.00.15:371][  0]LogConfig: Setting CVar [[r.EyeAdaptationQuality:2]]
[2022.09.06-16.00.15:371][  0]LogConfig: Setting CVar [[r.BloomQuality:5]]
[2022.09.06-16.00.15:371][  0]LogConfig: Setting CVar [[r.FastBlurThreshold:100]]
[2022.09.06-16.00.15:371][  0]LogConfig: Setting CVar [[r.Upscale.Quality:3]]
[2022.09.06-16.00.15:371][  0]LogConfig: Setting CVar [[r.Tonemapper.GrainQuantization:1]]
[2022.09.06-16.00.15:371][  0]LogConfig: Setting CVar [[r.LightShaftQuality:1]]
[2022.09.06-16.00.15:371][  0]LogConfig: Setting CVar [[r.Filter.SizeScale:1]]
[2022.09.06-16.00.15:371][  0]LogConfig: Setting CVar [[r.Tonemapper.Quality:5]]
[2022.09.06-16.00.15:371][  0]LogConfig: Setting CVar [[r.DOF.Gather.AccumulatorQuality:1        ; higher gathering accumulator quality]]
[2022.09.06-16.00.15:371][  0]LogConfig: Setting CVar [[r.DOF.Gather.PostfilterMethod:1          ; Median3x3 postfilering method]]
[2022.09.06-16.00.15:371][  0]LogConfig: Setting CVar [[r.DOF.Gather.EnableBokehSettings:0       ; no bokeh simulation when gathering]]
[2022.09.06-16.00.15:371][  0]LogConfig: Setting CVar [[r.DOF.Gather.RingCount:4                 ; medium number of samples when gathering]]
[2022.09.06-16.00.15:372][  0]LogConfig: Setting CVar [[r.DOF.Scatter.ForegroundCompositing:1    ; additive foreground scattering]]
[2022.09.06-16.00.15:372][  0]LogConfig: Setting CVar [[r.DOF.Scatter.BackgroundCompositing:2    ; additive background scattering]]
[2022.09.06-16.00.15:372][  0]LogConfig: Setting CVar [[r.DOF.Scatter.EnableBokehSettings:1      ; bokeh simulation when scattering]]
[2022.09.06-16.00.15:372][  0]LogConfig: Setting CVar [[r.DOF.Scatter.MaxSpriteRatio:0.1         ; only a maximum of 10% of scattered bokeh]]
[2022.09.06-16.00.15:372][  0]LogConfig: Setting CVar [[r.DOF.Recombine.Quality:1                ; cheap slight out of focus]]
[2022.09.06-16.00.15:372][  0]LogConfig: Setting CVar [[r.DOF.Recombine.EnableBokehSettings:0    ; no bokeh simulation on slight out of focus]]
[2022.09.06-16.00.15:372][  0]LogConfig: Setting CVar [[r.DOF.TemporalAAQuality:1                ; more stable temporal accumulation]]
[2022.09.06-16.00.15:372][  0]LogConfig: Setting CVar [[r.DOF.Kernel.MaxForegroundRadius:0.025]]
[2022.09.06-16.00.15:372][  0]LogConfig: Setting CVar [[r.DOF.Kernel.MaxBackgroundRadius:0.025]]
[2022.09.06-16.00.15:372][  0]LogConfig: Applying CVar settings from Section [TextureQuality@3] File [../../../CadRuntimeLoader/Saved/Config/WindowsNoEditor/Scalability.ini]
[2022.09.06-16.00.15:372][  0]LogConfig: Setting CVar [[r.Streaming.MipBias:0]]
[2022.09.06-16.00.15:372][  0]LogConfig: Setting CVar [[r.Streaming.AmortizeCPUToGPUCopy:0]]
[2022.09.06-16.00.15:372][  0]LogConfig: Setting CVar [[r.Streaming.MaxNumTexturesToStreamPerFrame:0]]
[2022.09.06-16.00.15:372][  0]LogConfig: Setting CVar [[r.Streaming.Boost:1]]
[2022.09.06-16.00.15:372][  0]LogConfig: Setting CVar [[r.MaxAnisotropy:8]]
[2022.09.06-16.00.15:372][  0]LogConfig: Setting CVar [[r.VT.MaxAnisotropy:8]]
[2022.09.06-16.00.15:372][  0]LogConfig: Setting CVar [[r.Streaming.LimitPoolSizeToVRAM:0]]
[2022.09.06-16.00.15:372][  0]LogConfig: Setting CVar [[r.Streaming.PoolSize:1000]]
[2022.09.06-16.00.15:372][  0]LogConfig: Setting CVar [[r.Streaming.MaxEffectiveScreenSize:0]]
[2022.09.06-16.00.15:372][  0]LogConfig: Applying CVar settings from Section [EffectsQuality@3] File [../../../CadRuntimeLoader/Saved/Config/WindowsNoEditor/Scalability.ini]
[2022.09.06-16.00.15:372][  0]LogConfig: Setting CVar [[r.TranslucencyLightingVolumeDim:64]]
[2022.09.06-16.00.15:372][  0]LogConfig: Setting CVar [[r.RefractionQuality:2]]
[2022.09.06-16.00.15:372][  0]LogConfig: Setting CVar [[r.SSR.Quality:3]]
[2022.09.06-16.00.15:372][  0]LogConfig: Setting CVar [[r.SSR.HalfResSceneColor:0]]
[2022.09.06-16.00.15:372][  0]LogConfig: Setting CVar [[r.SceneColorFormat:4]]
[2022.09.06-16.00.15:372][  0]LogConfig: Setting CVar [[r.DetailMode:2]]
[2022.09.06-16.00.15:372][  0]LogConfig: Setting CVar [[r.TranslucencyVolumeBlur:1]]
[2022.09.06-16.00.15:372][  0]LogConfig: Setting CVar [[r.MaterialQualityLevel:1 ; High quality]]
[2022.09.06-16.00.15:372][  0]LogConfig: Setting CVar [[r.AnisotropicMaterials:1]]
[2022.09.06-16.00.15:372][  0]LogConfig: Setting CVar [[r.SSS.Scale:1]]
[2022.09.06-16.00.15:372][  0]LogConfig: Setting CVar [[r.SSS.SampleSet:2]]
[2022.09.06-16.00.15:372][  0]LogConfig: Setting CVar [[r.SSS.Quality:1]]
[2022.09.06-16.00.15:372][  0]LogConfig: Setting CVar [[r.SSS.HalfRes:0]]
[2022.09.06-16.00.15:372][  0]LogConfig: Setting CVar [[r.SSGI.Quality:3]]
[2022.09.06-16.00.15:372][  0]LogConfig: Setting CVar [[r.EmitterSpawnRateScale:1.0]]
[2022.09.06-16.00.15:372][  0]LogConfig: Setting CVar [[r.ParticleLightQuality:2]]
[2022.09.06-16.00.15:372][  0]LogConfig: Setting CVar [[r.SkyAtmosphere.AerialPerspectiveLUT.FastApplyOnOpaque:1 ; Always have FastSkyLUT 1 in this case to avoid wrong sky]]
[2022.09.06-16.00.15:372][  0]LogConfig: Setting CVar [[r.SkyAtmosphere.AerialPerspectiveLUT.SampleCountMaxPerSlice:4]]
[2022.09.06-16.00.15:372][  0]LogConfig: Setting CVar [[r.SkyAtmosphere.AerialPerspectiveLUT.DepthResolution:16.0]]
[2022.09.06-16.00.15:372][  0]LogConfig: Setting CVar [[r.SkyAtmosphere.FastSkyLUT:1]]
[2022.09.06-16.00.15:372][  0]LogConfig: Setting CVar [[r.SkyAtmosphere.FastSkyLUT.SampleCountMin:4.0]]
[2022.09.06-16.00.15:372][  0]LogConfig: Setting CVar [[r.SkyAtmosphere.FastSkyLUT.SampleCountMax:128.0]]
[2022.09.06-16.00.15:372][  0]LogConfig: Setting CVar [[r.SkyAtmosphere.SampleCountMin:4.0]]
[2022.09.06-16.00.15:372][  0]LogConfig: Setting CVar [[r.SkyAtmosphere.SampleCountMax:128.0]]
[2022.09.06-16.00.15:372][  0]LogConfig: Setting CVar [[r.SkyAtmosphere.TransmittanceLUT.UseSmallFormat:0]]
[2022.09.06-16.00.15:372][  0]LogConfig: Setting CVar [[r.SkyAtmosphere.TransmittanceLUT.SampleCount:10.0]]
[2022.09.06-16.00.15:372][  0]LogConfig: Setting CVar [[r.SkyAtmosphere.MultiScatteringLUT.SampleCount:15.0]]
[2022.09.06-16.00.15:372][  0]LogConfig: Setting CVar [[r.SkyLight.RealTimeReflectionCapture:1]]
[2022.09.06-16.00.15:372][  0]LogConfig: Setting CVar [[fx.Niagara.QualityLevel:3]]
[2022.09.06-16.00.15:372][  0]LogConfig: Applying CVar settings from Section [FoliageQuality@3] File [../../../CadRuntimeLoader/Saved/Config/WindowsNoEditor/Scalability.ini]
[2022.09.06-16.00.15:372][  0]LogConfig: Setting CVar [[foliage.DensityScale:1.0]]
[2022.09.06-16.00.15:372][  0]LogConfig: Setting CVar [[grass.DensityScale:1.0]]
[2022.09.06-16.00.15:372][  0]LogConfig: Applying CVar settings from Section [ShadingQuality@3] File [../../../CadRuntimeLoader/Saved/Config/WindowsNoEditor/Scalability.ini]
[2022.09.06-16.00.15:372][  0]LogConfig: Setting CVar [[r.HairStrands.SkyLighting.IntegrationType:2]]
[2022.09.06-16.00.15:372][  0]LogConfig: Setting CVar [[r.HairStrands.SkyAO.SampleCount:4]]
[2022.09.06-16.00.15:372][  0]LogConfig: Setting CVar [[r.HairStrands.Visibility.MSAA.SamplePerPixel:4]]
[2022.09.06-16.00.15:372][  0]LogInit: Selected Device Profile: [WindowsNoEditor]
[2022.09.06-16.00.15:372][  0]LogInit: Applying CVar settings loaded from the selected device profile: [WindowsNoEditor]
[2022.09.06-16.00.15:373][  0]LogHAL: Display: Platform has ~ 16 GB [17129041920 / 17179869184 / 16], which maps to Larger [LargestMinGB=32, LargerMinGB=12, DefaultMinGB=8, SmallerMinGB=6, SmallestMinGB=0)
[2022.09.06-16.00.15:373][  0]LogInit: Going up to parent DeviceProfile [Windows]
[2022.09.06-16.00.15:373][  0]LogInit: Going up to parent DeviceProfile []
[2022.09.06-16.00.15:373][  0]LogConfig: Applying CVar settings from Section [ViewDistanceQuality@3] File [../../../CadRuntimeLoader/Saved/Config/WindowsNoEditor/Scalability.ini]
[2022.09.06-16.00.15:373][  0]LogConfig: Setting CVar [[r.SkeletalMeshLODBias:0]]
[2022.09.06-16.00.15:373][  0]LogConfig: Setting CVar [[r.ViewDistanceScale:1.0]]
[2022.09.06-16.00.15:373][  0]LogConfig: Applying CVar settings from Section [AntiAliasingQuality@3] File [../../../CadRuntimeLoader/Saved/Config/WindowsNoEditor/Scalability.ini]
[2022.09.06-16.00.15:373][  0]LogConfig: Setting CVar [[r.PostProcessAAQuality:4]]
[2022.09.06-16.00.15:373][  0]LogConfig: Applying CVar settings from Section [ShadowQuality@3] File [../../../CadRuntimeLoader/Saved/Config/WindowsNoEditor/Scalability.ini]
[2022.09.06-16.00.15:373][  0]LogConfig: Setting CVar [[r.LightFunctionQuality:1]]
[2022.09.06-16.00.15:373][  0]LogConfig: Setting CVar [[r.ShadowQuality:5]]
[2022.09.06-16.00.15:373][  0]LogConfig: Setting CVar [[r.Shadow.CSM.MaxCascades:10]]
[2022.09.06-16.00.15:373][  0]LogConfig: Setting CVar [[r.Shadow.MaxResolution:2048]]
[2022.09.06-16.00.15:373][  0]LogConfig: Setting CVar [[r.Shadow.MaxCSMResolution:2048]]
[2022.09.06-16.00.15:373][  0]LogConfig: Setting CVar [[r.Shadow.RadiusThreshold:0.01]]
[2022.09.06-16.00.15:373][  0]LogConfig: Setting CVar [[r.Shadow.DistanceScale:1.0]]
[2022.09.06-16.00.15:373][  0]LogConfig: Setting CVar [[r.Shadow.CSM.TransitionScale:1.0]]
[2022.09.06-16.00.15:373][  0]LogConfig: Setting CVar [[r.Shadow.PreShadowResolutionFactor:1.0]]
[2022.09.06-16.00.15:373][  0]LogConfig: Setting CVar [[r.DistanceFieldShadowing:1]]
[2022.09.06-16.00.15:373][  0]LogConfig: Setting CVar [[r.DistanceFieldAO:1]]
[2022.09.06-16.00.15:373][  0]LogConfig: Setting CVar [[r.AOQuality:2]]
[2022.09.06-16.00.15:373][  0]LogConfig: Setting CVar [[r.VolumetricFog:1]]
[2022.09.06-16.00.15:373][  0]LogConfig: Setting CVar [[r.VolumetricFog.GridPixelSize:8]]
[2022.09.06-16.00.15:373][  0]LogConfig: Setting CVar [[r.VolumetricFog.GridSizeZ:128]]
[2022.09.06-16.00.15:373][  0]LogConfig: Setting CVar [[r.VolumetricFog.HistoryMissSupersampleCount:4]]
[2022.09.06-16.00.15:373][  0]LogConfig: Setting CVar [[r.LightMaxDrawDistanceScale:1]]
[2022.09.06-16.00.15:373][  0]LogConfig: Setting CVar [[r.CapsuleShadows:1]]
[2022.09.06-16.00.15:373][  0]LogConfig: Applying CVar settings from Section [PostProcessQuality@3] File [../../../CadRuntimeLoader/Saved/Config/WindowsNoEditor/Scalability.ini]
[2022.09.06-16.00.15:373][  0]LogConfig: Setting CVar [[r.MotionBlurQuality:4]]
[2022.09.06-16.00.15:373][  0]LogConfig: Setting CVar [[r.AmbientOcclusionMipLevelFactor:0.4]]
[2022.09.06-16.00.15:373][  0]LogConfig: Setting CVar [[r.AmbientOcclusionMaxQuality:100]]
[2022.09.06-16.00.15:373][  0]LogConfig: Setting CVar [[r.AmbientOcclusionLevels:-1]]
[2022.09.06-16.00.15:373][  0]LogConfig: Setting CVar [[r.AmbientOcclusionRadiusScale:1.0]]
[2022.09.06-16.00.15:373][  0]LogConfig: Setting CVar [[r.DepthOfFieldQuality:2]]
[2022.09.06-16.00.15:373][  0]LogConfig: Setting CVar [[r.RenderTargetPoolMin:400]]
[2022.09.06-16.00.15:373][  0]LogConfig: Setting CVar [[r.LensFlareQuality:2]]
[2022.09.06-16.00.15:373][  0]LogConfig: Setting CVar [[r.SceneColorFringeQuality:1]]
[2022.09.06-16.00.15:373][  0]LogConfig: Setting CVar [[r.EyeAdaptationQuality:2]]
[2022.09.06-16.00.15:373][  0]LogConfig: Setting CVar [[r.BloomQuality:5]]
[2022.09.06-16.00.15:373][  0]LogConfig: Setting CVar [[r.FastBlurThreshold:100]]
[2022.09.06-16.00.15:374][  0]LogConfig: Setting CVar [[r.Upscale.Quality:3]]
[2022.09.06-16.00.15:374][  0]LogConfig: Setting CVar [[r.Tonemapper.GrainQuantization:1]]
[2022.09.06-16.00.15:374][  0]LogConfig: Setting CVar [[r.LightShaftQuality:1]]
[2022.09.06-16.00.15:374][  0]LogConfig: Setting CVar [[r.Filter.SizeScale:1]]
[2022.09.06-16.00.15:374][  0]LogConfig: Setting CVar [[r.Tonemapper.Quality:5]]
[2022.09.06-16.00.15:374][  0]LogConfig: Setting CVar [[r.DOF.Gather.AccumulatorQuality:1        ; higher gathering accumulator quality]]
[2022.09.06-16.00.15:374][  0]LogConfig: Setting CVar [[r.DOF.Gather.PostfilterMethod:1          ; Median3x3 postfilering method]]
[2022.09.06-16.00.15:374][  0]LogConfig: Setting CVar [[r.DOF.Gather.EnableBokehSettings:0       ; no bokeh simulation when gathering]]
[2022.09.06-16.00.15:374][  0]LogConfig: Setting CVar [[r.DOF.Gather.RingCount:4                 ; medium number of samples when gathering]]
[2022.09.06-16.00.15:374][  0]LogConfig: Setting CVar [[r.DOF.Scatter.ForegroundCompositing:1    ; additive foreground scattering]]
[2022.09.06-16.00.15:374][  0]LogConfig: Setting CVar [[r.DOF.Scatter.BackgroundCompositing:2    ; additive background scattering]]
[2022.09.06-16.00.15:374][  0]LogConfig: Setting CVar [[r.DOF.Scatter.EnableBokehSettings:1      ; bokeh simulation when scattering]]
[2022.09.06-16.00.15:374][  0]LogConfig: Setting CVar [[r.DOF.Scatter.MaxSpriteRatio:0.1         ; only a maximum of 10% of scattered bokeh]]
[2022.09.06-16.00.15:374][  0]LogConfig: Setting CVar [[r.DOF.Recombine.Quality:1                ; cheap slight out of focus]]
[2022.09.06-16.00.15:374][  0]LogConfig: Setting CVar [[r.DOF.Recombine.EnableBokehSettings:0    ; no bokeh simulation on slight out of focus]]
[2022.09.06-16.00.15:374][  0]LogConfig: Setting CVar [[r.DOF.TemporalAAQuality:1                ; more stable temporal accumulation]]
[2022.09.06-16.00.15:374][  0]LogConfig: Setting CVar [[r.DOF.Kernel.MaxForegroundRadius:0.025]]
[2022.09.06-16.00.15:374][  0]LogConfig: Setting CVar [[r.DOF.Kernel.MaxBackgroundRadius:0.025]]
[2022.09.06-16.00.15:374][  0]LogConfig: Applying CVar settings from Section [TextureQuality@3] File [../../../CadRuntimeLoader/Saved/Config/WindowsNoEditor/Scalability.ini]
[2022.09.06-16.00.15:374][  0]LogConfig: Setting CVar [[r.Streaming.MipBias:0]]
[2022.09.06-16.00.15:374][  0]LogConfig: Setting CVar [[r.Streaming.AmortizeCPUToGPUCopy:0]]
[2022.09.06-16.00.15:374][  0]LogConfig: Setting CVar [[r.Streaming.MaxNumTexturesToStreamPerFrame:0]]
[2022.09.06-16.00.15:374][  0]LogConfig: Setting CVar [[r.Streaming.Boost:1]]
[2022.09.06-16.00.15:374][  0]LogConfig: Setting CVar [[r.MaxAnisotropy:8]]
[2022.09.06-16.00.15:374][  0]LogConfig: Setting CVar [[r.VT.MaxAnisotropy:8]]
[2022.09.06-16.00.15:374][  0]LogConfig: Setting CVar [[r.Streaming.LimitPoolSizeToVRAM:0]]
[2022.09.06-16.00.15:374][  0]LogConfig: Setting CVar [[r.Streaming.PoolSize:1000]]
[2022.09.06-16.00.15:374][  0]LogConfig: Setting CVar [[r.Streaming.MaxEffectiveScreenSize:0]]
[2022.09.06-16.00.15:374][  0]LogConfig: Applying CVar settings from Section [EffectsQuality@3] File [../../../CadRuntimeLoader/Saved/Config/WindowsNoEditor/Scalability.ini]
[2022.09.06-16.00.15:374][  0]LogConfig: Setting CVar [[r.TranslucencyLightingVolumeDim:64]]
[2022.09.06-16.00.15:374][  0]LogConfig: Setting CVar [[r.RefractionQuality:2]]
[2022.09.06-16.00.15:374][  0]LogConfig: Setting CVar [[r.SSR.Quality:3]]
[2022.09.06-16.00.15:374][  0]LogConfig: Setting CVar [[r.SSR.HalfResSceneColor:0]]
[2022.09.06-16.00.15:374][  0]LogConfig: Setting CVar [[r.SceneColorFormat:4]]
[2022.09.06-16.00.15:374][  0]LogConfig: Setting CVar [[r.DetailMode:2]]
[2022.09.06-16.00.15:374][  0]LogConfig: Setting CVar [[r.TranslucencyVolumeBlur:1]]
[2022.09.06-16.00.15:374][  0]LogConfig: Setting CVar [[r.MaterialQualityLevel:1 ; High quality]]
[2022.09.06-16.00.15:374][  0]LogConfig: Setting CVar [[r.AnisotropicMaterials:1]]
[2022.09.06-16.00.15:374][  0]LogConfig: Setting CVar [[r.SSS.Scale:1]]
[2022.09.06-16.00.15:374][  0]LogConfig: Setting CVar [[r.SSS.SampleSet:2]]
[2022.09.06-16.00.15:374][  0]LogConfig: Setting CVar [[r.SSS.Quality:1]]
[2022.09.06-16.00.15:374][  0]LogConfig: Setting CVar [[r.SSS.HalfRes:0]]
[2022.09.06-16.00.15:374][  0]LogConfig: Setting CVar [[r.SSGI.Quality:3]]
[2022.09.06-16.00.15:374][  0]LogConfig: Setting CVar [[r.EmitterSpawnRateScale:1.0]]
[2022.09.06-16.00.15:374][  0]LogConfig: Setting CVar [[r.ParticleLightQuality:2]]
[2022.09.06-16.00.15:374][  0]LogConfig: Setting CVar [[r.SkyAtmosphere.AerialPerspectiveLUT.FastApplyOnOpaque:1 ; Always have FastSkyLUT 1 in this case to avoid wrong sky]]
[2022.09.06-16.00.15:374][  0]LogConfig: Setting CVar [[r.SkyAtmosphere.AerialPerspectiveLUT.SampleCountMaxPerSlice:4]]
[2022.09.06-16.00.15:374][  0]LogConfig: Setting CVar [[r.SkyAtmosphere.AerialPerspectiveLUT.DepthResolution:16.0]]
[2022.09.06-16.00.15:375][  0]LogConfig: Setting CVar [[r.SkyAtmosphere.FastSkyLUT:1]]
[2022.09.06-16.00.15:375][  0]LogConfig: Setting CVar [[r.SkyAtmosphere.FastSkyLUT.SampleCountMin:4.0]]
[2022.09.06-16.00.15:375][  0]LogConfig: Setting CVar [[r.SkyAtmosphere.FastSkyLUT.SampleCountMax:128.0]]
[2022.09.06-16.00.15:375][  0]LogConfig: Setting CVar [[r.SkyAtmosphere.SampleCountMin:4.0]]
[2022.09.06-16.00.15:375][  0]LogConfig: Setting CVar [[r.SkyAtmosphere.SampleCountMax:128.0]]
[2022.09.06-16.00.15:375][  0]LogConfig: Setting CVar [[r.SkyAtmosphere.TransmittanceLUT.UseSmallFormat:0]]
[2022.09.06-16.00.15:375][  0]LogConfig: Setting CVar [[r.SkyAtmosphere.TransmittanceLUT.SampleCount:10.0]]
[2022.09.06-16.00.15:375][  0]LogConfig: Setting CVar [[r.SkyAtmosphere.MultiScatteringLUT.SampleCount:15.0]]
[2022.09.06-16.00.15:375][  0]LogConfig: Setting CVar [[r.SkyLight.RealTimeReflectionCapture:1]]
[2022.09.06-16.00.15:375][  0]LogConfig: Setting CVar [[fx.Niagara.QualityLevel:3]]
[2022.09.06-16.00.15:375][  0]LogConfig: Applying CVar settings from Section [FoliageQuality@3] File [../../../CadRuntimeLoader/Saved/Config/WindowsNoEditor/Scalability.ini]
[2022.09.06-16.00.15:375][  0]LogConfig: Setting CVar [[foliage.DensityScale:1.0]]
[2022.09.06-16.00.15:375][  0]LogConfig: Setting CVar [[grass.DensityScale:1.0]]
[2022.09.06-16.00.15:375][  0]LogConfig: Applying CVar settings from Section [ShadingQuality@3] File [../../../CadRuntimeLoader/Saved/Config/WindowsNoEditor/Scalability.ini]
[2022.09.06-16.00.15:375][  0]LogConfig: Setting CVar [[r.HairStrands.SkyLighting.IntegrationType:2]]
[2022.09.06-16.00.15:375][  0]LogConfig: Setting CVar [[r.HairStrands.SkyAO.SampleCount:4]]
[2022.09.06-16.00.15:375][  0]LogConfig: Setting CVar [[r.HairStrands.Visibility.MSAA.SamplePerPixel:4]]
[2022.09.06-16.00.15:375][  0]LogConfig: Applying CVar settings from Section [Startup] File [../../../Engine/Config/ConsoleVariables.ini]
[2022.09.06-16.00.15:375][  0]LogConfig: Setting CVar [[net.UseAdaptiveNetUpdateFrequency:0]]
[2022.09.06-16.00.15:375][  0]LogConfig: Setting CVar [[p.chaos.AllowCreatePhysxBodies:1]]
[2022.09.06-16.00.15:375][  0]LogConfig: Setting CVar [[fx.SkipVectorVMBackendOptimizations:1]]
[2022.09.06-16.00.15:375][  0]LogConfig: Applying CVar settings from Section [ConsoleVariables] File [../../../CadRuntimeLoader/Saved/Config/WindowsNoEditor/Engine.ini]
[2022.09.06-16.00.15:375][  0]LogInit: Computer: DESKTOP-N284PUG
[2022.09.06-16.00.15:375][  0]LogInit: User: Matija
[2022.09.06-16.00.15:375][  0]LogInit: CPU Page size=4096, Cores=4
[2022.09.06-16.00.15:375][  0]LogInit: High frequency timer resolution =10.000000 MHz
[2022.09.06-16.00.15:375][  0]LogMemory: Memory total: Physical=16.0GB (16GB approx)
[2022.09.06-16.00.15:375][  0]LogMemory: Platform Memory Stats for WindowsNoEditor
[2022.09.06-16.00.15:375][  0]LogMemory: Process Physical Memory: 79.04 MB used, 79.05 MB peak
[2022.09.06-16.00.15:375][  0]LogMemory: Process Virtual Memory: 82.59 MB used, 82.59 MB peak
[2022.09.06-16.00.15:375][  0]LogMemory: Physical Memory: 9119.97 MB used,  7215.55 MB free, 16335.53 MB total
[2022.09.06-16.00.15:375][  0]LogMemory: Virtual Memory: 134206656.00 MB used,  11070.42 MB free, 134217728.00 MB total
[2022.09.06-16.00.15:379][  0]LogWindows: WindowsPlatformFeatures enabled
[2022.09.06-16.00.15:399][  0]LogInit: Physics initialised using underlying interface: PhysX
[2022.09.06-16.00.15:400][  0]LogInit: Using OS detected language (en-US).
[2022.09.06-16.00.15:400][  0]LogInit: Using OS detected locale (en-GB).
[2022.09.06-16.00.15:400][  0]LogTextLocalizationManager: No specific localization for 'en-US' exists, so the 'en' localization will be used.
[2022.09.06-16.00.15:433][  0]LogWindowsTextInputMethodSystem: Display: IME system deactivated.
[2022.09.06-16.00.15:475][  0]LogSlate: New Slate User Created.  User Index 0, Is Virtual User: 0
[2022.09.06-16.00.15:475][  0]LogSlate: Slate User Registered.  User Index 0, Is Virtual User: 0
[2022.09.06-16.00.15:516][  0]LogD3D11RHI: Loaded GFSDK_Aftermath_Lib.x64.dll
[2022.09.06-16.00.15:580][  0]LogHMD: Optional extension XR_VARJO_quad_views is not available
[2022.09.06-16.00.15:580][  0]LogHMD: Warning: Required extension XR_EXT_hand_tracking is not available
[2022.09.06-16.00.15:580][  0]LogHMD: Could not enable all required OpenXR extensions for OpenXRHandTracking on current system. This plugin will be loaded but ignored, but will be enabled on a target platform that supports the required extension.
[2022.09.06-16.00.15:580][  0]LogHMD: Warning: Required extension XR_EXT_eye_gaze_interaction is not available
[2022.09.06-16.00.15:580][  0]LogHMD: Could not enable all required OpenXR extensions for OpenXREyeTracker on current system. This plugin will be loaded but ignored, but will be enabled on a target platform that supports the required extension.
[2022.09.06-16.00.15:581][  0]LogHMD: Failed to get an OpenXR system, result is XR_ERROR_FORM_FACTOR_UNAVAILABLE. Please check that your runtime supports VR headsets.
[2022.09.06-16.00.15:581][  0]LogD3D11RHI: D3D11 min allowed feature level: 11_0
[2022.09.06-16.00.15:581][  0]LogD3D11RHI: D3D11 max allowed feature level: 11_0
[2022.09.06-16.00.15:581][  0]LogD3D11RHI: D3D11 adapters:
[2022.09.06-16.00.15:624][  0]LogD3D11RHI:    0. 'Radeon (TM) RX 470 Graphics' (Feature Level 11_0)
[2022.09.06-16.00.15:624][  0]LogD3D11RHI:       4074/0/8167 MB DedicatedVideo/DedicatedSystem/SharedSystem, Outputs:2, VendorId:0x1002
[2022.09.06-16.00.15:627][  0]LogD3D11RHI:    1. 'Microsoft Basic Render Driver' (Feature Level 11_0)
[2022.09.06-16.00.15:627][  0]LogD3D11RHI:       0/0/8167 MB DedicatedVideo/DedicatedSystem/SharedSystem, Outputs:0, VendorId:0x1414
[2022.09.06-16.00.15:627][  0]LogD3D11RHI: Chosen D3D11 Adapter:
[2022.09.06-16.00.15:627][  0]LogD3D11RHI:     Description : Radeon (TM) RX 470 Graphics
[2022.09.06-16.00.15:627][  0]LogD3D11RHI:     VendorId    : 1002
[2022.09.06-16.00.15:627][  0]LogD3D11RHI:     DeviceId    : 67df
[2022.09.06-16.00.15:627][  0]LogD3D11RHI:     SubSysId    : 34111462
[2022.09.06-16.00.15:627][  0]LogD3D11RHI:     Revision    : 00cf
[2022.09.06-16.00.15:627][  0]LogD3D11RHI:     DedicatedVideoMemory : 4272939008 bytes
[2022.09.06-16.00.15:627][  0]LogD3D11RHI:     DedicatedSystemMemory : 0 bytes
[2022.09.06-16.00.15:627][  0]LogD3D11RHI:     SharedSystemMemory : 8564520960 bytes
[2022.09.06-16.00.15:627][  0]LogD3D11RHI:     AdapterLuid : 0 64591
[2022.09.06-16.00.15:635][  0]LogD3D11RHI: Creating new Direct3DDevice
[2022.09.06-16.00.15:635][  0]LogD3D11RHI:     GPU DeviceId: 0x67df (for the marketing name, search the web for "GPU Device Id")
[2022.09.06-16.00.15:635][  0]LogWindows: EnumDisplayDevices:
[2022.09.06-16.00.15:635][  0]LogWindows:    0. 'Radeon (TM) RX 470 Graphics' (P:1 D:1)
[2022.09.06-16.00.15:635][  0]LogWindows:    1. 'Radeon (TM) RX 470 Graphics' (P:0 D:1)
[2022.09.06-16.00.15:636][  0]LogWindows:    2. 'Radeon (TM) RX 470 Graphics' (P:0 D:0)
[2022.09.06-16.00.15:636][  0]LogWindows:    3. 'Radeon (TM) RX 470 Graphics' (P:0 D:0)
[2022.09.06-16.00.15:636][  0]LogWindows:    4. 'Radeon (TM) RX 470 Graphics' (P:0 D:0)
[2022.09.06-16.00.15:637][  0]LogWindows:    5. 'Radeon (TM) RX 470 Graphics' (P:0 D:0)
[2022.09.06-16.00.15:637][  0]LogWindows:    6. 'Radeon (TM) RX 470 Graphics' (P:0 D:0)
[2022.09.06-16.00.15:638][  0]LogWindows: DebugString: FoundDriverCount:7 
[2022.09.06-16.00.15:638][  0]LogD3D11RHI:     Adapter Name: Radeon (TM) RX 470 Graphics
[2022.09.06-16.00.15:638][  0]LogD3D11RHI:   Driver Version: AMD Software: Adrenalin Edition 22.6.1 (internal:30.0.21023.1015, unified:30.0.21023.1015)
[2022.09.06-16.00.15:638][  0]LogD3D11RHI:      Driver Date: 6-22-2022
[2022.09.06-16.00.15:638][  0]LogRHI: Texture pool is 2424 MB (70% of 3463 MB)
[2022.09.06-16.00.15:676][  0]LogD3D11RHI: Creating D3DDevice with AMD AGS, using adapter:
[2022.09.06-16.00.15:676][  0]LogD3D11RHI:     Description : Radeon (TM) RX 470 Graphics
[2022.09.06-16.00.15:676][  0]LogD3D11RHI:     VendorId    : 1002
[2022.09.06-16.00.15:676][  0]LogD3D11RHI:     DeviceId    : 67df
[2022.09.06-16.00.15:676][  0]LogD3D11RHI:     SubSysId    : 34111462
[2022.09.06-16.00.15:676][  0]LogD3D11RHI:     Revision    : 00cf
[2022.09.06-16.00.15:676][  0]LogD3D11RHI:     DedicatedVideoMemory : 4272939008 bytes
[2022.09.06-16.00.15:676][  0]LogD3D11RHI:     DedicatedSystemMemory : 0 bytes
[2022.09.06-16.00.15:676][  0]LogD3D11RHI:     SharedSystemMemory : 8564520960 bytes
[2022.09.06-16.00.15:676][  0]LogD3D11RHI:     AdapterLuid : 0 64591
[2022.09.06-16.00.15:709][  0]LogD3D11RHI: Created device via AGS, feature level 11_0, supported extensions 1fffffbf.
[2022.09.06-16.00.15:709][  0]LogD3D11RHI: RHI has support for 64 bit atomics
[2022.09.06-16.00.15:709][  0]LogD3D11RHI: Async texture creation enabled
[2022.09.06-16.00.15:709][  0]LogD3D11RHI: Array index from any shader is supported
[2022.09.06-16.00.15:721][  0]LogD3D11RHI: GPU Timing Frequency: 25.000000 (Debug: 2 1)
[2022.09.06-16.00.15:721][  0]LogRendererCore: Ray tracing is disabled. Reason: r.RayTracing=0.
[2022.09.06-16.00.15:724][  0]LogShaderLibrary: Display: Using ../../../CadRuntimeLoader/Content/ShaderArchive-Global-PCD3D_SM5.ushaderbytecode for material shader code. Total 1947 unique shaders.
[2022.09.06-16.00.15:724][  0]LogShaderLibrary: Display: Cooked Context: Using Shared Shader Library Global
[2022.09.06-16.00.15:724][  0]LogShaderLibrary: Display: Logical shader library 'Global' has been created, components 1
[2022.09.06-16.00.15:725][  0]LogTemp: Warning: Clearing the OS Cache
[2022.09.06-16.00.15:725][  0]LogODSC: ODSC Thread active.
[2022.09.06-16.00.15:727][  0]LogPakFile: New pak file ../../../CadRuntimeLoader/Content/Paks/CadRuntimeLoader-WindowsNoEditor.pak added to pak precacher.
[2022.09.06-16.00.15:751][  0]LogSlate: Using FreeType 2.10.0
[2022.09.06-16.00.15:752][  0]LogSlate: SlateFontServices - WITH_FREETYPE: 1, WITH_HARFBUZZ: 1
[2022.09.06-16.00.15:752][  0]LogHMD: Failed to get an OpenXR system, result is XR_ERROR_FORM_FACTOR_UNAVAILABLE. Please check that your runtime supports VR headsets.
[2022.09.06-16.00.15:805][  0]LogShaderLibrary: Display: Using ../../../CadRuntimeLoader/Content/ShaderArchive-CadRuntimeLoader-PCD3D_SM5.ushaderbytecode for material shader code. Total 1575 unique shaders.
[2022.09.06-16.00.15:805][  0]LogShaderLibrary: Display: Cooked Context: Using Shared Shader Library CadRuntimeLoader
[2022.09.06-16.00.15:805][  0]LogShaderLibrary: Display: Logical shader library 'CadRuntimeLoader' has been created, components 1
[2022.09.06-16.00.15:805][  0]LogRHI: Display: Opened pipeline cache after state change and enqueued 0 of 0 tasks for precompile.
[2022.09.06-16.00.15:805][  0]LogShaderLibrary: Display: Using ../../../CadRuntimeLoader/Content/ShaderArchive-CadRuntimeLoader-PCD3D_SM5.ushaderbytecode for material shader code. Total 1575 unique shaders.
[2022.09.06-16.00.15:805][  0]LogShaderLibrary: Display: Cooked Context: Using Shared Shader Library CadRuntimeLoader
[2022.09.06-16.00.15:805][  0]LogRHI: Display: Opened pipeline cache after state change and enqueued 0 of 0 tasks for precompile.
[2022.09.06-16.00.15:805][  0]LogRHI: Display: Failed to open default shader pipeline cache for CadRuntimeLoader using shader platform 0.
[2022.09.06-16.00.15:805][  0]LogRHI: Display: Failed to open default shader pipeline cache for CadRuntimeLoader using shader platform 0.
[2022.09.06-16.00.15:805][  0]LogInit: Using OS detected language (en-US).
[2022.09.06-16.00.15:805][  0]LogInit: Using OS detected locale (en-GB).
[2022.09.06-16.00.15:805][  0]LogTextLocalizationManager: No localization for 'en-US' exists, so 'en' will be used for the language.
[2022.09.06-16.00.15:805][  0]LogTextLocalizationManager: No localization for 'en-GB' exists, so 'en' will be used for the locale.
[2022.09.06-16.00.15:805][  0]LogSlate: FontCache flush requested. Reason: Culture for localization was changed
[2022.09.06-16.00.15:805][  0]LogSlate: FontCache flush requested. Reason: Culture for localization was changed
[2022.09.06-16.00.15:807][  0]LogTextLocalizationManager: Compacting localization data took   1.24ms
[2022.09.06-16.00.15:808][  0]LogAssetRegistry: FAssetRegistry took 0.0016 seconds to start up
[2022.09.06-16.00.15:909][  0]LogStreaming: Display: FlushAsyncLoading: 1 QueuedPackages, 0 AsyncPackages
[2022.09.06-16.00.15:909][  0]LogPackageLocalizationCache: Processed 26 localized package path(s) for 1 prioritized culture(s) in 0.000077 seconds
[2022.09.06-16.00.15:918][  0]LogSerialization: Display: AllowBulkDataInIoStore: 'true'
[2022.09.06-16.00.15:919][  0]LogInit: Selected Device Profile: [WindowsNoEditor]
[2022.09.06-16.00.15:919][  0]LogInit: Active device profile: [000002A0C1A2E140][000002A0B4560010 49] WindowsNoEditor
[2022.09.06-16.00.15:919][  0]LogInit: Profiles: [000002A0C1A2FF40][000002A0BD229250 49] Windows, [000002A0C1A2E140][000002A0B4560010 49] WindowsNoEditor, 
[2022.09.06-16.00.15:973][  0]LogNetVersion: CadRuntimeLoader 1.0.0, NetCL: 0, EngineNetVer: 17, GameNetVer: 0 (Checksum: 1563979801)
[2022.09.06-16.00.16:019][  0]LogAudioCaptureCore: Display: No Audio Capture implementations found. Audio input will be silent.
[2022.09.06-16.00.16:019][  0]LogAudioCaptureCore: Display: No Audio Capture implementations found. Audio input will be silent.
[2022.09.06-16.00.16:042][  0]LogMoviePlayer: Initializing movie player
[2022.09.06-16.00.16:042][  0]LogNiagaraDebuggerClient: Niagara Debugger Client Initialized | Session: 8BF41C684E8B20A2488992B57B462263 | Instance: D1AA8AA049CFDF665F7CEF8E4F14A986 (DESKTOP-N284PUG-13136).
[2022.09.06-16.00.16:044][  0]LogAndroidPermission: UAndroidPermissionCallbackProxy::GetInstance
[2022.09.06-16.00.16:048][  0]LogUObjectArray: 15948 objects as part of root set at end of initial load.
[2022.09.06-16.00.16:048][  0]LogUObjectArray: 2 objects are not in the root set, but can never be destroyed because they are in the DisregardForGC set.
[2022.09.06-16.00.16:048][  0]LogUObjectAllocator: 3240968 out of 0 bytes used by permanent object pool.
[2022.09.06-16.00.16:048][  0]LogUObjectArray: CloseDisregardForGC: 15948/15948 objects in disregard for GC pool
[2022.09.06-16.00.16:049][  0]LogEngine: Initializing Engine...
[2022.09.06-16.00.16:049][  0]LogHMD: Failed to get an OpenXR system, result is XR_ERROR_FORM_FACTOR_UNAVAILABLE. Please check that your runtime supports VR headsets.
[2022.09.06-16.00.16:050][  0]LogStats: UGameplayTagsManager::InitializeManager -  0.000 s
[2022.09.06-16.00.16:118][  0]LogInit: Initializing FReadOnlyCVARCache
[2022.09.06-16.00.16:118][  0]LogAudio: Display: Initializing Audio Device Manager...
[2022.09.06-16.00.16:118][  0]LogAudio: Display: Loading Default Audio Settings Objects...
[2022.09.06-16.00.16:118][  0]LogAudio: Display: No default SoundConcurrencyObject specified (or failed to load).
[2022.09.06-16.00.16:118][  0]LogAudio: Display: Audio Device Manager Initialized
[2022.09.06-16.00.16:118][  0]LogAudio: Display: Creating Audio Device:                 Id: 1, Scope: Shared, Realtime: True
[2022.09.06-16.00.16:118][  0]LogAudioMixer: Display: Audio Mixer Platform Settings:
[2022.09.06-16.00.16:118][  0]LogAudioMixer: Display: 	Sample Rate:						  48000
[2022.09.06-16.00.16:118][  0]LogAudioMixer: Display: 	Callback Buffer Frame Size Requested: 1024
[2022.09.06-16.00.16:118][  0]LogAudioMixer: Display: 	Callback Buffer Frame Size To Use:	  1024
[2022.09.06-16.00.16:118][  0]LogAudioMixer: Display: 	Number of buffers to queue:			  1
[2022.09.06-16.00.16:118][  0]LogAudioMixer: Display: 	Max Channels (voices):				  0
[2022.09.06-16.00.16:118][  0]LogAudioMixer: Display: 	Number of Async Source Workers:		  4
[2022.09.06-16.00.16:118][  0]LogAudio: Display: AudioDevice MaxSources: 32
[2022.09.06-16.00.16:119][  0]LogAudio: Display: Audio Spatialization Plugin: Resonance Audio is external send: 1
[2022.09.06-16.00.16:119][  0]LogAudio: Display: Audio Reverb Plugin: Resonance Audio
[2022.09.06-16.00.16:119][  0]LogAudio: Display: Audio Occlusion Plugin: None (built-in).
[2022.09.06-16.00.16:119][  0]LogAudioMixer: Display: Initializing audio mixer.
[2022.09.06-16.00.16:129][  0]LogAudioDebug: Display: Lib vorbis DLL was dynamically loaded.
[2022.09.06-16.00.16:147][  0]LogAudioMixer: Display: 0: FrontLeft
[2022.09.06-16.00.16:147][  0]LogAudioMixer: Display: 1: FrontRight
[2022.09.06-16.00.16:171][  0]LogAudioMixer: Display: Using Audio Device Headset Earphone (HyperX Virtual Surround Sound)
[2022.09.06-16.00.16:171][  0]LogAudioMixer: Display: Initializing Sound Submixes...
[2022.09.06-16.00.16:173][  0]LogAudioMixer: Display: Creating Master Submix 'MasterSubmixDefault'
[2022.09.06-16.00.16:173][  0]LogAudioMixer: Display: Creating Master Submix 'MasterReverbSubmixDefault'
[2022.09.06-16.00.16:175][  0]LogAudioMixer: Display: Creating Master Submix 'MasterEQSubmixDefault'
[2022.09.06-16.00.16:175][  0]LogStreaming: Error: Couldn't find file for package /ResonanceAudio/ResonanceSubmixDefault requested by async loading code. NameToLoad: /ResonanceAudio/ResonanceSubmixDefault
[2022.09.06-16.00.16:175][  0]LogStreaming: Error: Found 0 dependent packages...
[2022.09.06-16.00.16:175][  0]LogResonanceAudio: Error: Failed to load Resonance Reverb Submix from object path '/ResonanceAudio/ResonanceSubmixDefault.ResonanceSubmixDefault' in ResonanceSettings. Creating 'Resonance Reverb Submix' as stub.
[2022.09.06-16.00.16:175][  0]LogResonanceAudio: Error: Failed to find Resonance UResonanceAudioReverbPluginPreset on default reverb submix. Creating stub '/ResonanceAudio/ResonanceSubmixDefault.ResonanceSubmixDefault'.
[2022.09.06-16.00.16:175][  0]LogAudioMixer: FMixerPlatformXAudio2::StartAudioStream() called
[2022.09.06-16.00.16:175][  0]LogAudioMixer: Display: Output buffers initialized: Frames=1024, Channels=2, Samples=2048
[2022.09.06-16.00.16:176][  0]LogAudioMixer: Display: Starting AudioMixerPlatformInterface::RunInternal()
[2022.09.06-16.00.16:176][  0]LogAudioMixer: Display: FMixerPlatformXAudio2::SubmitBuffer() called for the first time
[2022.09.06-16.00.16:176][  0]LogInit: FAudioDevice initialized.
[2022.09.06-16.00.16:176][  0]LogNetVersion: Set ProjectVersion to 1.0.0.0. Version Checksum will be recalculated on next use.
[2022.09.06-16.00.16:176][  0]LogInit: Texture streaming: Enabled
[2022.09.06-16.00.16:181][  0]LogAudio: Display: Audio Device (ID: 1) registered with world 'Untitled'.
[2022.09.06-16.00.16:182][  0]LogSlate: Updating window title bar state: overlay mode, drag disabled, window buttons hidden, title bar hidden
[2022.09.06-16.00.16:182][  0]LogInit: Display: Game Engine Initialized.
[2022.09.06-16.00.16:183][  0]LogInit: Display: Starting Game.
[2022.09.06-16.00.16:183][  0]LogNet: Browse: /Game/MainMenuSystem/MainMenu?Name=Player
[2022.09.06-16.00.16:183][  0]LogLoad: LoadMap: /Game/MainMenuSystem/MainMenu?Name=Player
[2022.09.06-16.00.16:183][  0]LogWorld: BeginTearingDown for /Temp/Untitled_3
[2022.09.06-16.00.16:184][  0]LogWorld: UWorld::CleanupWorld for Untitled, bSessionEnded=true, bCleanupResources=true
[2022.09.06-16.00.16:184][  0]LogSlate: InvalidateAllWidgets triggered.  All widgets were invalidated
[2022.09.06-16.00.16:187][  0]LogAudio: Display: Audio Device unregistered from world 'None'.
[2022.09.06-16.00.16:189][  0]LogUObjectHash: Compacting FUObjectHashTables data took   0.87ms
[2022.09.06-16.00.16:233][  0]LogAudio: Display: Audio Device (ID: 1) registered with world 'MainMenu'.
[2022.09.06-16.00.16:234][  0]LogAIModule: Creating AISystem for world MainMenu
[2022.09.06-16.00.16:234][  0]LogLoad: Game class is 'MainMenuGameMode_C'
[2022.09.06-16.00.16:235][  0]LogWorld: Bringing World /Game/MainMenuSystem/MainMenu.MainMenu up for play (max tick rate 0) at 2022.09.06-18.00.16
[2022.09.06-16.00.16:235][  0]LogWorld: Bringing up level for play took: 0.000260
[2022.09.06-16.00.16:236][  0]LogGameMode: FindPlayerStart: PATHS NOT DEFINED or NO PLAYERSTART with positive rating
[2022.09.06-16.00.16:236][  0]LogSpawn: Warning: SpawnActor failed because no class was specified
[2022.09.06-16.00.16:239][  0]LogOutputDevice: Warning: 

Script Stack (0 frames):

[2022.09.06-16.00.16:248][  0]LogStats: FPlatformStackWalk::StackWalkAndDump -  0.009 s
[2022.09.06-16.00.16:248][  0]LogOutputDevice: Error: === Handled ensure: ===
[2022.09.06-16.00.16:248][  0]LogOutputDevice: Error: 
[2022.09.06-16.00.16:248][  0]LogOutputDevice: Error: Ensure condition failed: ActorHasBegunPlay == EActorBeginPlayState::HasNotBegunPlay [File:D:/UnrealEngine/Engine/Source/Runtime/Engine/Private/Actor.cpp] [Line: 3512]
[2022.09.06-16.00.16:248][  0]LogOutputDevice: Error: BeginPlay was called on actor /Game/MainMenuSystem/MainMenu.MainMenu:PersistentLevel.BP_HTTPActor_C_2147482532 which was in state 1
[2022.09.06-16.00.16:248][  0]LogOutputDevice: Error: Stack: 
[2022.09.06-16.00.16:248][  0]LogOutputDevice: Error: [Callstack] 0x00007ff6eaae5b39 CadRuntimeLoader.exe!UnknownFunction []
[2022.09.06-16.00.16:248][  0]LogOutputDevice: Error: [Callstack] 0x00007ff6e856a9d0 CadRuntimeLoader.exe!UnknownFunction []
[2022.09.06-16.00.16:248][  0]LogOutputDevice: Error: [Callstack] 0x00007ff6e9528c5f CadRuntimeLoader.exe!UnknownFunction []
[2022.09.06-16.00.16:248][  0]LogOutputDevice: Error: [Callstack] 0x00007ff6e8adac91 CadRuntimeLoader.exe!UnknownFunction []
[2022.09.06-16.00.16:248][  0]LogOutputDevice: Error: [Callstack] 0x00007ff6e94da10e CadRuntimeLoader.exe!UnknownFunction []
[2022.09.06-16.00.16:248][  0]LogOutputDevice: Error: [Callstack] 0x00007ff6e940da8a CadRuntimeLoader.exe!UnknownFunction []
[2022.09.06-16.00.16:248][  0]LogOutputDevice: Error: [Callstack] 0x00007ff6e93bc5ad CadRuntimeLoader.exe!UnknownFunction []
[2022.09.06-16.00.16:248][  0]LogOutputDevice: Error: [Callstack] 0x00007ff6e8afbece CadRuntimeLoader.exe!UnknownFunction []
[2022.09.06-16.00.16:248][  0]LogOutputDevice: Error: [Callstack] 0x00007ff6e3ce9c5c CadRuntimeLoader.exe!UnknownFunction []
[2022.09.06-16.00.16:248][  0]LogOutputDevice: Error: [Callstack] 0x00007ff6e3d04c43 CadRuntimeLoader.exe!UnknownFunction []
[2022.09.06-16.00.16:248][  0]LogOutputDevice: Error: [Callstack] 0x00007ff6e3d04e6a CadRuntimeLoader.exe!UnknownFunction []
[2022.09.06-16.00.16:248][  0]LogOutputDevice: Error: [Callstack] 0x00007ff6e3d072bc CadRuntimeLoader.exe!UnknownFunction []
[2022.09.06-16.00.16:248][  0]LogOutputDevice: Error: [Callstack] 0x00007ff6e3d18e54 CadRuntimeLoader.exe!UnknownFunction []
[2022.09.06-16.00.16:248][  0]LogOutputDevice: Error: [Callstack] 0x00007ff6ea60c09e CadRuntimeLoader.exe!UnknownFunction []
[2022.09.06-16.00.16:248][  0]LogOutputDevice: Error: [Callstack] 0x00007ffa8f247034 KERNEL32.DLL!UnknownFunction []
[2022.09.06-16.00.16:248][  0]LogOutputDevice: Error: [Callstack] 0x00007ffa8f4c2651 ntdll.dll!UnknownFunction []
[2022.09.06-16.00.16:248][  0]LogOutputDevice: Error: 
[2022.09.06-16.00.16:287][  0]LogStats:                SubmitErrorReport -  0.000 s
[2022.09.06-16.00.16:434][  0]LogStats:                    SendNewReport -  0.147 s
[2022.09.06-16.00.16:434][  0]LogStats:             FDebug::EnsureFailed -  0.195 s
[2022.09.06-16.00.16:434][  0]LogLoad: Took 0.251233 seconds to LoadMap(/Game/MainMenuSystem/MainMenu)
[2022.09.06-16.00.16:435][  0]LogSlate: Took 0.000306 seconds to synchronously load lazily loaded font '../../../Engine/Content/EngineFonts/Faces/RobotoBold.ufont' (160K)
[2022.09.06-16.00.16:537][  0]LogResonanceAudio: Display: Resonance Audio Listener is initialized
[2022.09.06-16.00.16:537][  0]LogSlate: Took 0.000477 seconds to synchronously load lazily loaded font '../../../Engine/Content/Slate/Fonts/Roboto-Regular.ttf' (155K)
[2022.09.06-16.00.16:599][  0]LogRenderer: Reallocating scene render targets to support 1920x1080 Format 10 NumSamples 4 (Frame:1).
[2022.09.06-16.00.16:599][  0]LogRHI: Display: ShaderPipelineCache: Paused Batching. 1
[2022.09.06-16.00.16:600][  0]LogPakFile: AllPaks IndexSizes: DirectoryHashSize=227232, PathHashSize=16, EntriesSize=32752, TotalSize=260000
[2022.09.06-16.00.16:600][  0]LogRHI: Display: ShaderPipelineCache: Resumed Batching. 0
[2022.09.06-16.00.16:600][  0]LogRHI: Display: ShaderPipelineCache: Batching Resumed.
[2022.09.06-16.00.16:600][  0]LogInit: Display: Engine is initialized. Leaving FEngineLoop::Init()
[2022.09.06-16.00.16:600][  0]LogLoad: (Engine Initialization) Total time: 1.63 seconds
[2022.09.06-16.00.16:603][  0]LogContentStreaming: Texture pool size now 1000 MB
[2022.09.06-16.00.16:605][  0]LogSlate: InvalidateAllWidgets triggered.  All widgets were invalidated
[2022.09.06-16.00.16:632][  0]LogSlate: Slate font cache was flushed
[2022.09.06-16.00.16:634][  1]LogSlate: Took 0.000293 seconds to synchronously load lazily loaded font '../../../Engine/Content/Slate/Fonts/Roboto-Regular.ttf' (155K)
[2022.09.06-16.00.16:635][  1]LogSlate: Took 0.000217 seconds to synchronously load lazily loaded font '../../../Engine/Content/EngineFonts/Faces/RobotoBold.ufont' (160K)
[2022.09.06-16.00.17:822][975]LogNet: Browse: /Game/Maps/ServerMap?listen
[2022.09.06-16.00.17:822][975]LogLoad: LoadMap: /Game/Maps/ServerMap?listen
[2022.09.06-16.00.17:822][975]LogWorld: BeginTearingDown for /Game/MainMenuSystem/MainMenu
[2022.09.06-16.00.17:823][975]LogWorld: UWorld::CleanupWorld for MainMenu, bSessionEnded=true, bCleanupResources=true
[2022.09.06-16.00.17:823][975]LogSlate: InvalidateAllWidgets triggered.  All widgets were invalidated
[2022.09.06-16.00.17:848][975]LogAudio: Display: Audio Device unregistered from world 'None'.
[2022.09.06-16.00.17:851][975]LogUObjectHash: Compacting FUObjectHashTables data took   0.83ms
[2022.09.06-16.00.17:852][975]LogStreaming: Display: FlushAsyncLoading: 1 QueuedPackages, 0 AsyncPackages
[2022.09.06-16.00.17:860][975]LogAudio: Display: Audio Device (ID: 1) registered with world 'ServerMap'.
[2022.09.06-16.00.17:861][975]LogAIModule: Creating AISystem for world ServerMap
[2022.09.06-16.00.17:887][975]LogLoad: Game class is 'VRGameMode_C'
[2022.09.06-16.00.17:888][975]LogOnline: OSS: Creating online subsystem instance for: Steam
[2022.09.06-16.00.17:904][975]LogSteamShared: Warning: SteamAPI failed to initialize, conditions not met.
[2022.09.06-16.00.17:904][975]LogOnline: Warning: STEAM: Steamworks: SteamUtils() failed!
[2022.09.06-16.00.17:904][975]LogOnline: Warning: STEAM: Steamworks: SteamUser() failed!
[2022.09.06-16.00.17:904][975]LogOnline: Warning: STEAM: Steamworks: SteamFriends() failed!
[2022.09.06-16.00.17:904][975]LogOnline: Warning: STEAM: Steamworks: SteamRemoteStorage() failed!
[2022.09.06-16.00.17:904][975]LogOnline: Warning: STEAM: Steamworks: SteamUserStats() failed!
[2022.09.06-16.00.17:904][975]LogOnline: Warning: STEAM: Steamworks: SteamMatchmakingServers() failed!
[2022.09.06-16.00.17:904][975]LogOnline: Warning: STEAM: Steamworks: SteamApps() failed!
[2022.09.06-16.00.17:904][975]LogOnline: Warning: STEAM: Steamworks: SteamNetworking() failed!
[2022.09.06-16.00.17:904][975]LogOnline: Warning: STEAM: Steamworks: SteamMatchmaking() failed!
[2022.09.06-16.00.17:904][975]LogOnline: STEAM: [AppId: 0] Client API initialized 0
[2022.09.06-16.00.17:904][975]LogOnline: Display: STEAM: OnlineSubsystemSteam::Shutdown()
[2022.09.06-16.00.17:904][975]LogOnline: Warning: STEAM: Steam API failed to initialize!
[2022.09.06-16.00.17:904][975]LogOnline: Display: STEAM: OnlineSubsystemSteam::Shutdown()
[2022.09.06-16.00.17:905][975]LogNet: ReplicationDriverClass is null! Not using ReplicationDriver.
[2022.09.06-16.00.17:905][975]LogNetCore: DDoS detection status: detection enabled: 0 analytics enabled: 0
[2022.09.06-16.00.17:905][975]LogInit: WinSock: Socket queue. Rx: 131072 (config 131072) Tx: 131072 (config 131072)
[2022.09.06-16.00.17:905][975]LogNet: Created socket for bind address: 0.0.0.0 on port 7777
[2022.09.06-16.00.17:905][975]PacketHandlerLog: Loaded PacketHandler component: Engine.EngineHandlerComponentFactory (StatelessConnectHandlerComponent)
[2022.09.06-16.00.17:905][975]LogNet: GameNetDriver IpNetDriver_2147482511 IpNetDriver listening on port 7777
[2022.09.06-16.00.17:906][975]LogWorld: Bringing World /Game/Maps/ServerMap.ServerMap up for play (max tick rate 0) at 2022.09.06-18.00.17
[2022.09.06-16.00.17:906][975]LogWorld: Bringing up level for play took: 0.000375
[2022.09.06-16.00.17:907][975]LogLoad: Took 0.085209 seconds to LoadMap(/Game/Maps/ServerMap)
[2022.09.06-16.00.18:882][336]LogViewport: Display: Viewport MouseLockMode Changed, LockOnCapture -> DoNotLock
[2022.09.06-16.00.18:882][336]LogViewport: Display: Viewport MouseCaptureMode Changed, CapturePermanently_IncludingInitialMouseDown -> CaptureDuringMouseDown
[2022.09.06-16.00.34:783][133]LogHttp: Warning: Could not perform game thread setup, processing HTTP request failed. Increase verbosity for additional information.
[2022.09.06-16.00.34:783][133]LogHttp: Warning: 000002A0B508C4B0: request failed, libcurl error: 0 (No error)
[2022.09.06-16.00.34:783][133]LogOutputDevice: Warning: 

Script Stack (7 frames):
FirstPersonCharacter_C.ExecuteUbergraph_FirstPersonCharacter
FirstPersonCharacter_C.DownloadFile
FirstPersonCharacter_C.ExecuteUbergraph_FirstPersonCharacter
FirstPersonCharacter_C.CallGETRequestsFromServer
FileExplorer_C.DownloadFilesFromURL
FileExplorer_C.ExecuteUbergraph_FileExplorer
FileExplorer_C.BndEvt__FileExplorer_Button_606_K2Node_ComponentBoundEvent_4_OnButtonClickedEvent__DelegateSignature

[2022.09.06-16.00.34:783][133]LogWindows: Windows GetLastError: The operation completed successfully. (0)
[2022.09.06-16.00.40:428][133]LogWindows: Could not start crash report client using ../../../Engine/Binaries/Win64/CrashReportClient-Win64-Debug.exe
[2022.09.06-16.00.40:428][133]LogMemory: Platform Memory Stats for WindowsNoEditor
[2022.09.06-16.00.40:428][133]LogMemory: Process Physical Memory: 298.27 MB used, 298.98 MB peak
[2022.09.06-16.00.40:428][133]LogMemory: Process Virtual Memory: 850.65 MB used, 851.14 MB peak
[2022.09.06-16.00.40:428][133]LogMemory: Physical Memory: 9421.99 MB used,  6913.54 MB free, 16335.53 MB total
[2022.09.06-16.00.40:428][133]LogMemory: Virtual Memory: 134207624.00 MB used,  10104.09 MB free, 134217728.00 MB total
[2022.09.06-16.00.40:428][133]Message dialog closed, result: Ok, title: The UE4-CadRuntimeLoader Game has crashed and will close, text: Assertion failed: IsValid() [File:D:\UnrealEngine\Engine\Source\Runtime\Core\Public\Templates/SharedPointer.h] [Line: 890] 




[2022.09.06-16.00.40:428][133]LogWindows: Error: === Critical error: ===
[2022.09.06-16.00.40:428][133]LogWindows: Error: 
[2022.09.06-16.00.40:428][133]LogWindows: Error: Assertion failed: IsValid() [File:D:\UnrealEngine\Engine\Source\Runtime\Core\Public\Templates/SharedPointer.h] [Line: 890] 
[2022.09.06-16.00.40:428][133]LogWindows: Error: 
[2022.09.06-16.00.40:428][133]LogWindows: Error: 
[2022.09.06-16.00.40:428][133]LogWindows: Error: 
[2022.09.06-16.00.40:428][133]LogWindows: Error: [Callstack] 0x00007ffa8d234fd9 KERNELBASE.dll!UnknownFunction []
[2022.09.06-16.00.40:428][133]LogWindows: Error: [Callstack] 0x00007ff6e5392ef6 CadRuntimeLoader.exe!UnknownFunction []
[2022.09.06-16.00.40:428][133]LogWindows: Error: [Callstack] 0x00007ff6e5397188 CadRuntimeLoader.exe!UnknownFunction []
[2022.09.06-16.00.40:428][133]LogWindows: Error: [Callstack] 0x00007ff6e50e646d CadRuntimeLoader.exe!UnknownFunction []
[2022.09.06-16.00.40:428][133]LogWindows: Error: [Callstack] 0x00007ff6e5042c3b CadRuntimeLoader.exe!UnknownFunction []
[2022.09.06-16.00.40:428][133]LogWindows: Error: [Callstack] 0x00007ff6e5044420 CadRuntimeLoader.exe!UnknownFunction []
[2022.09.06-16.00.40:428][133]LogWindows: Error: [Callstack] 0x00007ff6e4e2b335 CadRuntimeLoader.exe!UnknownFunction []
[2022.09.06-16.00.40:428][133]LogWindows: Error: [Callstack] 0x00007ff6e4e2b212 CadRuntimeLoader.exe!UnknownFunction []
[2022.09.06-16.00.40:429][133]LogWindows: Error: [Callstack] 0x00007ff6e5810f24 CadRuntimeLoader.exe!UnknownFunction []
[2022.09.06-16.00.40:429][133]LogWindows: Error: [Callstack] 0x00007ff6e5822087 CadRuntimeLoader.exe!UnknownFunction []
[2022.09.06-16.00.40:429][133]LogWindows: Error: [Callstack] 0x00007ff6e5835a5a CadRuntimeLoader.exe!UnknownFunction []
[2022.09.06-16.00.40:429][133]LogWindows: Error: [Callstack] 0x00007ff6e4e2b609 CadRuntimeLoader.exe!UnknownFunction []
[2022.09.06-16.00.40:429][133]LogWindows: Error: [Callstack] 0x00007ff6e4e2e5a0 CadRuntimeLoader.exe!UnknownFunction []
[2022.09.06-16.00.40:429][133]LogWindows: Error: [Callstack] 0x00007ff6e551a589 CadRuntimeLoader.exe!UnknownFunction []
[2022.09.06-16.00.40:429][133]LogWindows: Error: [Callstack] 0x00007ff6e5789fe9 CadRuntimeLoader.exe!UnknownFunction []
[2022.09.06-16.00.40:429][133]LogWindows: Error: [Callstack] 0x00007ff6e57aa8f5 CadRuntimeLoader.exe!UnknownFunction []
[2022.09.06-16.00.40:429][133]LogWindows: Error: [Callstack] 0x00007ff6e57ad602 CadRuntimeLoader.exe!UnknownFunction []
[2022.09.06-16.00.40:429][133]LogWindows: Error: [Callstack] 0x00007ff6e578017a CadRuntimeLoader.exe!UnknownFunction []
[2022.09.06-16.00.40:429][133]LogWindows: Error: [Callstack] 0x00007ff6e57ad074 CadRuntimeLoader.exe!UnknownFunction []
[2022.09.06-16.00.40:429][133]LogWindows: Error: [Callstack] 0x00007ff6e57ad602 CadRuntimeLoader.exe!UnknownFunction []
[2022.09.06-16.00.40:429][133]LogWindows: Error: [Callstack] 0x00007ff6e57ac921 CadRuntimeLoader.exe!UnknownFunction []
[2022.09.06-16.00.40:429][133]LogWindows: Error: [Callstack] 0x00007ff6e578017a CadRuntimeLoader.exe!UnknownFunction []
[2022.09.06-16.00.40:429][133]LogWindows: Error: [Callstack] 0x00007ff6e578a249 CadRuntimeLoader.exe!UnknownFunction []
[2022.09.06-16.00.40:429][133]LogWindows: Error: [Callstack] 0x00007ff6e57ad602 CadRuntimeLoader.exe!UnknownFunction []
[2022.09.06-16.00.40:429][133]LogWindows: Error: [Callstack] 0x00007ff6e578017a CadRuntimeLoader.exe!UnknownFunction []
[2022.09.06-16.00.40:429][133]LogWindows: Error: [Callstack] 0x00007ff6e57ad074 CadRuntimeLoader.exe!UnknownFunction []
[2022.09.06-16.00.40:429][133]LogWindows: Error: [Callstack] 0x00007ff6e57ad602 CadRuntimeLoader.exe!UnknownFunction []
[2022.09.06-16.00.40:429][133]LogWindows: Error: [Callstack] 0x00007ff6e57ac921 CadRuntimeLoader.exe!UnknownFunction []
[2022.09.06-16.00.40:429][133]LogWindows: Error: [Callstack] 0x00007ff6e578017a CadRuntimeLoader.exe!UnknownFunction []
[2022.09.06-16.00.40:429][133]LogWindows: Error: [Callstack] 0x00007ff6e578a249 CadRuntimeLoader.exe!UnknownFunction []
[2022.09.06-16.00.40:429][133]LogWindows: Error: [Callstack] 0x00007ff6e57aa8f5 CadRuntimeLoader.exe!UnknownFunction []
[2022.09.06-16.00.40:429][133]LogWindows: Error: [Callstack] 0x00007ff6e57ad602 CadRuntimeLoader.exe!UnknownFunction []
[2022.09.06-16.00.40:429][133]LogWindows: Error: [Callstack] 0x00007ff6e578017a CadRuntimeLoader.exe!UnknownFunction []
[2022.09.06-16.00.40:429][133]LogWindows: Error: [Callstack] 0x00007ff6e57ad074 CadRuntimeLoader.exe!UnknownFunction []
[2022.09.06-16.00.40:429][133]LogWindows: Error: [Callstack] 0x00007ff6e57ad602 CadRuntimeLoader.exe!UnknownFunction []
[2022.09.06-16.00.40:429][133]LogWindows: Error: [Callstack] 0x00007ff6e578017a CadRuntimeLoader.exe!UnknownFunction []
[2022.09.06-16.00.40:429][133]LogWindows: Error: [Callstack] 0x00007ff6e57ad074 CadRuntimeLoader.exe!UnknownFunction []
[2022.09.06-16.00.40:429][133]LogWindows: Error: [Callstack] 0x00007ff6e57ad602 CadRuntimeLoader.exe!UnknownFunction []
[2022.09.06-16.00.40:429][133]LogWindows: Error: [Callstack] 0x00007ff6e57ac921 CadRuntimeLoader.exe!UnknownFunction []
[2022.09.06-16.00.40:429][133]LogWindows: Error: [Callstack] 0x00007ff6e551a589 CadRuntimeLoader.exe!UnknownFunction []
[2022.09.06-16.00.40:429][133]LogWindows: Error: [Callstack] 0x00007ff6e57ac337 CadRuntimeLoader.exe!UnknownFunction []
[2022.09.06-16.00.40:429][133]LogWindows: Error: [Callstack] 0x00007ff6e3fac9c1 CadRuntimeLoader.exe!UnknownFunction []
[2022.09.06-16.00.40:429][133]LogWindows: Error: [Callstack] 0x00007ff6e8132ce7 CadRuntimeLoader.exe!UnknownFunction []
[2022.09.06-16.00.40:429][133]LogWindows: Error: [Callstack] 0x00007ff6e80b64cd CadRuntimeLoader.exe!UnknownFunction []
[2022.09.06-16.00.40:429][133]LogWindows: Error: [Callstack] 0x00007ff6e5b7d7e7 CadRuntimeLoader.exe!UnknownFunction []
[2022.09.06-16.00.40:429][133]LogWindows: Error: [Callstack] 0x00007ff6e5b98d96 CadRuntimeLoader.exe!UnknownFunction []
[2022.09.06-16.00.40:429][133]LogWindows: Error: [Callstack] 0x00007ff6e5a31674 CadRuntimeLoader.exe!UnknownFunction []
[2022.09.06-16.00.40:429][133]LogWindows: Error: [Callstack] 0x00007ff6e5a89c49 CadRuntimeLoader.exe!UnknownFunction []
[2022.09.06-16.00.40:429][133]LogWindows: Error: [Callstack] 0x00007ff6e5a76c97 CadRuntimeLoader.exe!UnknownFunction []
[2022.09.06-16.00.40:429][133]LogWindows: Error: [Callstack] 0x00007ff6e5a6bf6c CadRuntimeLoader.exe!UnknownFunction []
[2022.09.06-16.00.40:429][133]LogWindows: Error: [Callstack] 0x00007ff6e58bc849 CadRuntimeLoader.exe!UnknownFunction []
[2022.09.06-16.00.40:429][133]LogWindows: Error: [Callstack] 0x00007ff6e58a9ba4 CadRuntimeLoader.exe!UnknownFunction []
[2022.09.06-16.00.40:429][133]LogWindows: Error: [Callstack] 0x00007ff6e58bec6d CadRuntimeLoader.exe!UnknownFunction []
[2022.09.06-16.00.40:429][133]LogWindows: Error: [Callstack] 0x00007ff6e58a4db9 CadRuntimeLoader.exe!UnknownFunction []
[2022.09.06-16.00.40:429][133]LogWindows: Error: [Callstack] 0x00007ffa8ef8e858 USER32.dll!UnknownFunction []
[2022.09.06-16.00.40:429][133]LogWindows: Error: [Callstack] 0x00007ffa8ef8e299 USER32.dll!UnknownFunction []
[2022.09.06-16.00.40:429][133]LogWindows: Error: [Callstack] 0x00007ff6e58c0234 CadRuntimeLoader.exe!UnknownFunction []
[2022.09.06-16.00.40:429][133]LogWindows: Error: [Callstack] 0x00007ff6e3ced96d CadRuntimeLoader.exe!UnknownFunction []
[2022.09.06-16.00.40:429][133]LogWindows: Error: [Callstack] 0x00007ff6e3d04d9c CadRuntimeLoader.exe!UnknownFunction []
[2022.09.06-16.00.40:429][133]LogWindows: Error: [Callstack] 0x00007ff6e3d04e6a CadRuntimeLoader.exe!UnknownFunction []
[2022.09.06-16.00.40:429][133]LogWindows: Error: [Callstack] 0x00007ff6e3d072bc CadRuntimeLoader.exe!UnknownFunction []
[2022.09.06-16.00.40:429][133]LogWindows: Error: [Callstack] 0x00007ff6e3d18e54 CadRuntimeLoader.exe!UnknownFunction []
[2022.09.06-16.00.40:429][133]LogWindows: Error: [Callstack] 0x00007ff6ea60c09e CadRuntimeLoader.exe!UnknownFunction []
[2022.09.06-16.00.40:429][133]LogWindows: Error: [Callstack] 0x00007ffa8f247034 KERNEL32.DLL!UnknownFunction []
[2022.09.06-16.00.40:429][133]LogWindows: Error: [Callstack] 0x00007ffa8f4c2651 ntdll.dll!UnknownFunction []
[2022.09.06-16.00.40:429][133]LogWindows: Error: 
[2022.09.06-16.00.40:440][133]LogExit: Executing StaticShutdownAfterError
[2022.09.06-16.00.40:441][133]LogWindows: FPlatformMisc::RequestExit(1)
[2022.09.06-16.00.40:441][133]LogWindows: FPlatformMisc::RequestExitWithStatus(1, 3)
[2022.09.06-16.00.40:441][133]LogCore: Engine exit requested (reason: Win RequestExit)
[2022.09.06-16.00.40:485][133]Log file closed, 09/06/22 18:00:40
