Log file open, 09/06/22 13:51:11
LogWindows: Failed to load 'aqProf.dll' (GetLastError=126)
LogWindows: File 'aqProf.dll' does not exist
LogWindows: Failed to load 'VtuneApi.dll' (GetLastError=126)
LogWindows: File 'VtuneApi.dll' does not exist
LogWindows: Failed to load 'VtuneApi32e.dll' (GetLastError=126)
LogWindows: File 'VtuneApi32e.dll' does not exist
LogConsoleResponse: Display: Failed to find resolution value strings in scalability ini. Falling back to default.
LogConsoleResponse: Display: Failed to find resolution value strings in scalability ini. Falling back to default.
LogPakFile: Display: Found Pak file ../../../CadRuntimeLoader/Content/Paks/CadRuntimeLoader-WindowsNoEditor.pak attempting to mount.
LogPakFile: Display: Mounting pak file ../../../CadRuntimeLoader/Content/Paks/CadRuntimeLoader-WindowsNoEditor.pak.
LogPakFile: PakFile PrimaryIndexSize=29122
LogPakFile: PakFile PathHashIndexSize=50448
LogPakFile: PakFile FullDirectoryIndexSize=66248
LogShaderLibrary: Display: ShaderCodeLibraryPakFileMountedCallback: PakFile '../../../CadRuntimeLoader/Content/Paks/CadRuntimeLoader-WindowsNoEditor.pak' (chunk index -1, root '../../../') mounted
LogShaderLibrary: Display: ShaderCodeLibraryPakFileMountedCallback: pending pak file info (ChunkID:-1 Root:../../../ File:../../../CadRuntimeLoader/Content/Paks/CadRuntimeLoader-WindowsNoEditor.pak)
LogPakFile: OnPakFileMounted2Time == 0.000069
LogPlatformFile: Not using cached read wrapper
LogTaskGraph: Started task graph with 5 named threads and 23 total threads with 3 sets of task threads.
LogStats: Stats thread started at 0.115245
LogICUInternationalization: ICU TimeZone Detection - Raw Offset: +1:00, Platform Override: ''
LogInit: Display: Loading text-based GConfig....
LogPluginManager: Mounting plugin ResonanceAudio
LogPluginManager: Mounting plugin ProceduralMeshComponent
LogPluginManager: Mounting plugin OpenXR
LogPluginManager: Mounting plugin OnlineSubsystemSteam
LogPluginManager: Mounting plugin OnlineSubsystem
LogPluginManager: Mounting plugin OnlineSubsystemUtils
LogPluginManager: Mounting plugin SteamShared
LogPluginManager: Mounting plugin OculusOpenXR
LogPluginManager: Mounting plugin RuntimeMeshComponent
LogPluginManager: Mounting plugin Paper2D
LogPluginManager: Mounting plugin AISupport
LogPluginManager: Mounting plugin EnvironmentQueryEditor
LogPluginManager: Mounting plugin LightPropagationVolume
LogPluginManager: Mounting plugin CameraShakePreviewer
LogPluginManager: Mounting plugin GameplayCameras
LogPluginManager: Mounting plugin TemplateSequence
LogPluginManager: Mounting plugin LevelSequenceEditor
LogPluginManager: Mounting plugin OodleData
LogPluginManager: Mounting plugin OodleNetwork
LogPluginManager: Mounting plugin AnimationSharing
LogPluginManager: Mounting plugin SignificanceManager
LogPluginManager: Mounting plugin PixWinPlugin
LogPluginManager: Mounting plugin PluginUtils
LogPluginManager: Mounting plugin PropertyAccessEditor
LogPluginManager: Mounting plugin UObjectPlugin
LogPluginManager: Mounting plugin AssetManagerEditor
LogPluginManager: Mounting plugin FacialAnimation
LogPluginManager: Mounting plugin GeometryMode
LogPluginManager: Mounting plugin SpeedTreeImporter
LogPluginManager: Mounting plugin DatasmithContent
LogPluginManager: Mounting plugin VariantManagerContent
LogPluginManager: Mounting plugin AlembicImporter
LogPluginManager: Mounting plugin GeometryCache
LogPluginManager: Mounting plugin AutomationUtils
LogPluginManager: Mounting plugin ScreenshotTools
LogPluginManager: Mounting plugin BackChannel
LogPluginManager: Mounting plugin ChaosClothEditor
LogPluginManager: Mounting plugin ChaosCloth
LogPluginManager: Mounting plugin ChaosEditor
LogPluginManager: Mounting plugin PlanarCut
LogPluginManager: Mounting plugin GeometryProcessing
LogPluginManager: Mounting plugin EditableMesh
LogPluginManager: Mounting plugin GeometryCollectionPlugin
LogPluginManager: Mounting plugin ChaosSolverPlugin
LogPluginManager: Mounting plugin ChaosNiagara
LogPluginManager: Mounting plugin Niagara
LogPluginManager: Mounting plugin PythonScriptPlugin
LogPluginManager: Mounting plugin CharacterAI
LogPluginManager: Mounting plugin MotoSynth
LogPluginManager: Mounting plugin OpenImageDenoise
LogPluginManager: Mounting plugin PlatformCrypto
LogPluginManager: Mounting plugin MagicLeapPassableWorld
LogPluginManager: Mounting plugin MagicLeap
LogPluginManager: Mounting plugin MLSDK
LogPluginManager: Mounting plugin MagicLeapLightEstimation
LogPluginManager: Mounting plugin AvfMedia
LogPluginManager: Mounting plugin ImgMedia
LogPluginManager: Mounting plugin MediaCompositing
LogPluginManager: Mounting plugin WmfMedia
LogPluginManager: Mounting plugin MeshPainting
LogPluginManager: Mounting plugin TcpMessaging
LogPluginManager: Mounting plugin UdpMessaging
LogPluginManager: Mounting plugin ActorSequence
LogPluginManager: Mounting plugin MatineeToLevelSequence
LogPluginManager: Mounting plugin OnlineSubsystemNull
LogPluginManager: Mounting plugin LauncherChunkInstaller
LogPluginManager: Mounting plugin ActorLayerUtilities
LogPluginManager: Mounting plugin AndroidPermission
LogPluginManager: Mounting plugin AppleImageUtils
LogPluginManager: Mounting plugin ArchVisCharacter
LogPluginManager: Mounting plugin AssetTags
LogPluginManager: Mounting plugin AudioCapture
LogPluginManager: Mounting plugin CableComponent
LogPluginManager: Mounting plugin ChunkDownloader
LogPluginManager: Mounting plugin CustomMeshComponent
LogPluginManager: Mounting plugin ExampleDeviceProfileSelector
LogPluginManager: Mounting plugin GooglePAD
LogPluginManager: Mounting plugin LocationServicesBPLibrary
LogPluginManager: Mounting plugin MobilePatchingUtils
LogPluginManager: Mounting plugin OpenXREyeTracker
LogPluginManager: Mounting plugin OpenXRHandTracking
LogPluginManager: Mounting plugin LiveLink
LogPluginManager: Mounting plugin Takes
LogPluginManager: Mounting plugin PhysXVehicles
LogPluginManager: Mounting plugin RuntimePhysXCooking
LogPluginManager: Mounting plugin SoundFields
LogPluginManager: Mounting plugin Synthesis
LogPluginManager: Mounting plugin AudioSynesthesia
LogPluginManager: Mounting plugin WebMMoviePlayer
LogPluginManager: Mounting plugin WebMMedia
LogPluginManager: Mounting plugin WindowsMoviePlayer
LogInit: Using libcurl 7.55.1-DEV
LogInit:  - built for x86_64-pc-win32
LogInit:  - supports SSL with OpenSSL/1.1.1
LogInit:  - supports HTTP deflate (compression) using libz 1.2.8
LogInit:  - other features:
LogInit:      CURL_VERSION_SSL
LogInit:      CURL_VERSION_LIBZ
LogInit:      CURL_VERSION_IPV6
LogInit:      CURL_VERSION_ASYNCHDNS
LogInit:      CURL_VERSION_LARGEFILE
LogInit:      CURL_VERSION_IDN
LogInit:  CurlRequestOptions (configurable via config and command line):
LogInit:  - bVerifyPeer = true  - Libcurl will verify peer certificate
LogInit:  - bUseHttpProxy = false  - Libcurl will NOT use HTTP proxy
LogInit:  - bDontReuseConnections = false  - Libcurl will reuse connections
LogInit:  - MaxHostConnections = 16  - Libcurl will limit the number of connections to a host
LogInit:  - LocalHostAddr = Default
LogInit:  - BufferSize = 65536
LogSteamShared: Display: Loading Steam SDK 1.51
LogSteamShared: Steam SDK Loaded!
LogOnline: OSS: Creating online subsystem instance for: Steam
LogSteamShared: Warning: SteamAPI failed to initialize, conditions not met.
LogOnline: Warning: STEAM: Steamworks: SteamUtils() failed!
LogOnline: Warning: STEAM: Steamworks: SteamUser() failed!
LogOnline: Warning: STEAM: Steamworks: SteamFriends() failed!
LogOnline: Warning: STEAM: Steamworks: SteamRemoteStorage() failed!
LogOnline: Warning: STEAM: Steamworks: SteamUserStats() failed!
LogOnline: Warning: STEAM: Steamworks: SteamMatchmakingServers() failed!
LogOnline: Warning: STEAM: Steamworks: SteamApps() failed!
LogOnline: Warning: STEAM: Steamworks: SteamNetworking() failed!
LogOnline: Warning: STEAM: Steamworks: SteamMatchmaking() failed!
LogOnline: STEAM: [AppId: 0] Client API initialized 0
LogOnline: Display: STEAM: OnlineSubsystemSteam::Shutdown()
LogOnline: Warning: STEAM: Steam API failed to initialize!
LogOnline: Display: STEAM: OnlineSubsystemSteam::Shutdown()
LogOnline: OSS: Unable to create OnlineSubsystem module Steam
LogOnline: OSS: Creating online subsystem instance for: NULL
LogInit: WinSock: version 1.1 (2.2), MaxSocks=32767, MaxUdp=65467
LogOnline: OSS: TryLoadSubsystemAndSetDefault: Loaded subsystem for module [NULL]
PixWinPlugin: PIX capture plugin failed to initialize! Check that the process is launched from PIX.
LogLuminAPIImpl: Warning: MLSDK not found.  This likely means the MLSDK environment variable is not set.
LogInit: Build: ++UE4+Release-4.27-CL-0
LogInit: Engine Version: 4.27.2-0+++UE4+Release-4.27
LogInit: Compatible Engine Version: 4.27.0-0+++UE4+Release-4.27
LogInit: Net CL: 0
LogInit: OS: Windows 10 (Release 2009) (), CPU: AMD Ryzen 5 1500X Quad-Core Processor          , GPU: Radeon (TM) RX 470 Graphics
LogInit: Compiled (64-bit): Jul 25 2022 22:42:24
LogInit: Compiled with Visual C++: 19.29.30146.00
LogInit: Build Configuration: Development
LogInit: Branch Name: ++UE4+Release-4.27
LogInit: Command Line:  -log
LogInit: Base Directory: D:/Unreal Projects/CadRuntimeLoader/Game/CRL/Releases/WindowsNoEditor/CadRuntimeLoader/Binaries/Win64/
LogInit: Allocator: binned2
LogInit: Installed Engine Build: 0
LogDevObjectVersion: Number of dev versions registered: 29
LogDevObjectVersion:   Dev-Blueprints (B0D832E4-1F89-4F0D-ACCF-7EB736FD4AA2): 10
LogDevObjectVersion:   Dev-Build (E1C64328-A22C-4D53-A36C-8E866417BD8C): 0
LogDevObjectVersion:   Dev-Core (375EC13C-06E4-48FB-B500-84F0262A717E): 4
LogDevObjectVersion:   Dev-Editor (E4B068ED-F494-42E9-A231-DA0B2E46BB41): 40
LogDevObjectVersion:   Dev-Framework (CFFC743F-43B0-4480-9391-14DF171D2073): 37
LogDevObjectVersion:   Dev-Mobile (B02B49B5-BB20-44E9-A304-32B752E40360): 3
LogDevObjectVersion:   Dev-Networking (A4E4105C-59A1-49B5-A7C5-40C4547EDFEE): 0
LogDevObjectVersion:   Dev-Online (39C831C9-5AE6-47DC-9A44-9C173E1C8E7C): 0
LogDevObjectVersion:   Dev-Physics (78F01B33-EBEA-4F98-B9B4-84EACCB95AA2): 14
LogDevObjectVersion:   Dev-Platform (6631380F-2D4D-43E0-8009-CF276956A95A): 0
LogDevObjectVersion:   Dev-Rendering (12F88B9F-8875-4AFC-A67C-D90C383ABD29): 45
LogDevObjectVersion:   Dev-Sequencer (7B5AE74C-D270-4C10-A958-57980B212A5A): 13
LogDevObjectVersion:   Dev-VR (D7296918-1DD6-4BDD-9DE2-64A83CC13884): 3
LogDevObjectVersion:   Dev-LoadTimes (C2A15278-BFE7-4AFE-6C17-90FF531DF755): 1
LogDevObjectVersion:   Private-Geometry (6EACA3D4-40EC-4CC1-B786-8BED09428FC5): 3
LogDevObjectVersion:   Dev-AnimPhys (29E575DD-E0A3-4627-9D10-D276232CDCEA): 17
LogDevObjectVersion:   Dev-Anim (AF43A65D-7FD3-4947-9873-3E8ED9C1BB05): 15
LogDevObjectVersion:   Dev-ReflectionCapture (6B266CEC-1EC7-4B8F-A30B-E4D90942FC07): 1
LogDevObjectVersion:   Dev-Automation (0DF73D61-A23F-47EA-B727-89E90C41499A): 1
LogDevObjectVersion:   FortniteMain (601D1886-AC64-4F84-AA16-D3DE0DEAC7D6): 47
LogDevObjectVersion:   FortniteRelease (E7086368-6B23-4C58-8439-1B7016265E91): 1
LogDevObjectVersion:   Dev-Enterprise (9DFFBCD6-494F-0158-E221-12823C92A888): 10
LogDevObjectVersion:   Dev-Niagara (F2AED0AC-9AFE-416F-8664-AA7FFA26D6FC): 1
LogDevObjectVersion:   Dev-Destruction (174F1F0B-B4C6-45A5-B13F-2EE8D0FB917D): 10
LogDevObjectVersion:   Dev-Physics-Ext (35F94A83-E258-406C-A318-09F59610247C): 41
LogDevObjectVersion:   Dev-PhysicsMaterial-Chaos (B68FC16E-8B1B-42E2-B453-215C058844FE): 1
LogDevObjectVersion:   Dev-CineCamera (B2E18506-4273-CFC2-A54E-F4BB758BBA07): 1
LogDevObjectVersion:   Dev-VirtualProduction (64F58936-FD1B-42BA-BA96-7289D5D0FA4E): 1
LogDevObjectVersion:   Dev-MediaFramework (6F0ED827-A609-4895-9C91-998D90180EA4): 2
LogInit: Presizing for max 2097152 objects, including 1 objects not considered by GC, pre-allocating 0 bytes for permanent pool.
LogConfig: Applying CVar settings from Section [/Script/Engine.StreamingSettings] File [../../../CadRuntimeLoader/Saved/Config/WindowsNoEditor/Engine.ini]
LogConfig: Setting CVar [[s.MinBulkDataSizeForAsyncLoading:131072]]
LogConfig: Setting CVar [[s.AsyncLoadingThreadEnabled:0]]
LogConfig: Setting CVar [[s.EventDrivenLoaderEnabled:1]]
LogConfig: Setting CVar [[s.WarnIfTimeLimitExceeded:0]]
LogConfig: Setting CVar [[s.TimeLimitExceededMultiplier:1.5]]
LogConfig: Setting CVar [[s.TimeLimitExceededMinTime:0.005]]
LogConfig: Setting CVar [[s.UseBackgroundLevelStreaming:1]]
LogConfig: Setting CVar [[s.PriorityAsyncLoadingExtraTime:15.0]]
LogConfig: Setting CVar [[s.LevelStreamingActorsUpdateTimeLimit:5.0]]
LogConfig: Setting CVar [[s.PriorityLevelStreamingActorsUpdateExtraTime:5.0]]
LogConfig: Setting CVar [[s.LevelStreamingComponentsRegistrationGranularity:10]]
LogConfig: Setting CVar [[s.UnregisterComponentsTimeLimit:1.0]]
LogConfig: Setting CVar [[s.LevelStreamingComponentsUnregistrationGranularity:5]]
LogConfig: Setting CVar [[s.FlushStreamingOnExit:1]]
LogStreaming: Display: Async Loading initialized: Event Driven Loader: true, Async Loading Thread: false, Async Post Load: true
LogInit: Object subsystem initialized
LogConfig: Setting CVar [[con.DebugEarlyDefault:1]]
LogConfig: Setting CVar [[r.setres:1280x720]]
LogConfig: Setting CVar [[fx.NiagaraAllowRuntimeScalabilityChanges:1]]
[2022.09.06-11.51.13:167][  0]LogConfig: Setting CVar [[con.DebugEarlyDefault:1]]
[2022.09.06-11.51.13:168][  0]LogConfig: Setting CVar [[r.setres:1280x720]]
[2022.09.06-11.51.13:168][  0]LogConfig: Setting CVar [[fx.NiagaraAllowRuntimeScalabilityChanges:1]]
[2022.09.06-11.51.13:168][  0]LogConfig: Applying CVar settings from Section [/Script/Engine.RendererSettings] File [../../../CadRuntimeLoader/Saved/Config/WindowsNoEditor/Engine.ini]
[2022.09.06-11.51.13:169][  0]LogConfig: Setting CVar [[r.GPUCrashDebugging:0]]
[2022.09.06-11.51.13:169][  0]LogConfig: Setting CVar [[r.Mobile.DisableVertexFog:1]]
[2022.09.06-11.51.13:169][  0]LogConfig: Setting CVar [[r.Shadow.CSM.MaxMobileCascades:2]]
[2022.09.06-11.51.13:170][  0]LogConfig: Setting CVar [[r.MobileMSAA:4]]
[2022.09.06-11.51.13:170][  0]LogConfig: Setting CVar [[r.Mobile.AllowDitheredLODTransition:0]]
[2022.09.06-11.51.13:170][  0]LogConfig: Setting CVar [[r.Mobile.AllowSoftwareOcclusion:0]]
[2022.09.06-11.51.13:171][  0]LogConfig: Setting CVar [[r.Mobile.VirtualTextures:0]]
[2022.09.06-11.51.13:171][  0]LogConfig: Setting CVar [[r.DiscardUnusedQuality:0]]
[2022.09.06-11.51.13:172][  0]LogConfig: Setting CVar [[r.AllowOcclusionQueries:1]]
[2022.09.06-11.51.13:172][  0]LogConfig: Setting CVar [[r.MinScreenRadiusForLights:0.030000]]
[2022.09.06-11.51.13:172][  0]LogConfig: Setting CVar [[r.MinScreenRadiusForDepthPrepass:0.030000]]
[2022.09.06-11.51.13:173][  0]LogConfig: Setting CVar [[r.MinScreenRadiusForCSMDepth:0.010000]]
[2022.09.06-11.51.13:173][  0]LogConfig: Setting CVar [[r.PrecomputedVisibilityWarning:0]]
[2022.09.06-11.51.13:173][  0]LogConfig: Setting CVar [[r.TextureStreaming:1]]
[2022.09.06-11.51.13:174][  0]LogConfig: Setting CVar [[Compat.UseDXT5NormalMaps:0]]
[2022.09.06-11.51.13:174][  0]LogConfig: Setting CVar [[r.VirtualTextures:0]]
[2022.09.06-11.51.13:174][  0]LogConfig: Setting CVar [[r.VirtualTexturedLightmaps:0]]
[2022.09.06-11.51.13:175][  0]LogConfig: Setting CVar [[r.VT.TileSize:128]]
[2022.09.06-11.51.13:175][  0]LogConfig: Setting CVar [[r.VT.TileBorderSize:4]]
[2022.09.06-11.51.13:175][  0]LogConfig: Setting CVar [[r.vt.FeedbackFactor:16]]
[2022.09.06-11.51.13:176][  0]LogConfig: Setting CVar [[r.VT.EnableCompressZlib:1]]
[2022.09.06-11.51.13:179][  0]LogConfig: Setting CVar [[r.VT.EnableCompressCrunch:0]]
[2022.09.06-11.51.13:179][  0]LogConfig: Setting CVar [[r.ClearCoatNormal:0]]
[2022.09.06-11.51.13:180][  0]LogConfig: Setting CVar [[r.ReflectionCaptureResolution:128]]
[2022.09.06-11.51.13:180][  0]LogConfig: Setting CVar [[r.Mobile.ReflectionCaptureCompression:0]]
[2022.09.06-11.51.13:180][  0]LogConfig: Setting CVar [[r.ReflectionEnvironmentLightmapMixBasedOnRoughness:1]]
[2022.09.06-11.51.13:181][  0]LogConfig: Setting CVar [[r.ForwardShading:1]]
[2022.09.06-11.51.13:181][  0]LogConfig: Setting CVar [[r.VertexFoggingForOpaque:1]]
[2022.09.06-11.51.13:182][  0]LogConfig: Setting CVar [[r.AllowStaticLighting:1]]
[2022.09.06-11.51.13:182][  0]LogConfig: Setting CVar [[r.NormalMapsForStaticLighting:0]]
[2022.09.06-11.51.13:182][  0]LogConfig: Setting CVar [[r.GenerateMeshDistanceFields:0]]
[2022.09.06-11.51.13:183][  0]LogConfig: Setting CVar [[r.DistanceFieldBuild.EightBit:0]]
[2022.09.06-11.51.13:183][  0]LogConfig: Setting CVar [[r.GenerateLandscapeGIData:0]]
[2022.09.06-11.51.13:185][  0]LogConfig: Setting CVar [[r.DistanceFieldBuild.Compress:0]]
[2022.09.06-11.51.13:185][  0]LogConfig: Setting CVar [[r.TessellationAdaptivePixelsPerTriangle:48.000000]]
[2022.09.06-11.51.13:185][  0]LogConfig: Setting CVar [[r.SeparateTranslucency:0]]
[2022.09.06-11.51.13:186][  0]LogConfig: Setting CVar [[r.TranslucentSortPolicy:0]]
[2022.09.06-11.51.13:186][  0]LogConfig: Setting CVar [[r.CustomDepth:1]]
[2022.09.06-11.51.13:187][  0]LogConfig: Setting CVar [[r.CustomDepthTemporalAAJitter:1]]
[2022.09.06-11.51.13:187][  0]LogConfig: Setting CVar [[r.PostProcessing.PropagateAlpha:0]]
[2022.09.06-11.51.13:187][  0]LogConfig: Setting CVar [[r.DefaultFeature.Bloom:0]]
[2022.09.06-11.51.13:188][  0]LogConfig: Setting CVar [[r.DefaultFeature.AmbientOcclusion:0]]
[2022.09.06-11.51.13:188][  0]LogConfig: Setting CVar [[r.DefaultFeature.AmbientOcclusionStaticFraction:1]]
[2022.09.06-11.51.13:188][  0]LogConfig: Setting CVar [[r.DefaultFeature.AutoExposure:0]]
[2022.09.06-11.51.13:189][  0]LogConfig: Setting CVar [[r.DefaultFeature.AutoExposure.Method:0]]
[2022.09.06-11.51.13:189][  0]LogConfig: Setting CVar [[r.DefaultFeature.AutoExposure.Bias:1.000000]]
[2022.09.06-11.51.13:189][  0]LogConfig: Setting CVar [[r.DefaultFeature.AutoExposure.ExtendDefaultLuminanceRange:1]]
[2022.09.06-11.51.13:190][  0]LogConfig: Setting CVar [[r.UsePreExposure:1]]
[2022.09.06-11.51.13:190][  0]LogConfig: Setting CVar [[r.EyeAdaptation.EditorOnly:0]]
[2022.09.06-11.51.13:190][  0]LogConfig: Setting CVar [[r.DefaultFeature.MotionBlur:0]]
[2022.09.06-11.51.13:191][  0]LogConfig: Setting CVar [[r.DefaultFeature.LensFlare:0]]
[2022.09.06-11.51.13:191][  0]LogConfig: Setting CVar [[r.TemporalAA.Upsampling:0]]
[2022.09.06-11.51.13:191][  0]LogConfig: Setting CVar [[r.SSGI.Enable:0]]
[2022.09.06-11.51.13:192][  0]LogConfig: Setting CVar [[r.DefaultFeature.AntiAliasing:3]]
[2022.09.06-11.51.13:194][  0]LogConfig: Setting CVar [[r.DefaultFeature.LightUnits:1]]
[2022.09.06-11.51.13:195][  0]LogConfig: Setting CVar [[r.DefaultBackBufferPixelFormat:4]]
[2022.09.06-11.51.13:196][  0]LogConfig: Setting CVar [[r.Shadow.UnbuiltPreviewInGame:1]]
[2022.09.06-11.51.13:196][  0]LogConfig: Setting CVar [[r.StencilForLODDither:0]]
[2022.09.06-11.51.13:197][  0]LogConfig: Setting CVar [[r.EarlyZPass:3]]
[2022.09.06-11.51.13:198][  0]LogConfig: Setting CVar [[r.EarlyZPassOnlyMaterialMasking:0]]
[2022.09.06-11.51.13:198][  0]LogConfig: Setting CVar [[r.DBuffer:1]]
[2022.09.06-11.51.13:199][  0]LogConfig: Setting CVar [[r.ClearSceneMethod:1]]
[2022.09.06-11.51.13:199][  0]LogConfig: Setting CVar [[r.BasePassOutputsVelocity:0]]
[2022.09.06-11.51.13:200][  0]LogConfig: Setting CVar [[r.VertexDeformationOutputsVelocity:0]]
[2022.09.06-11.51.13:200][  0]LogConfig: Setting CVar [[r.SelectiveBasePassOutputs:0]]
[2022.09.06-11.51.13:200][  0]LogConfig: Setting CVar [[fx.GPUSimulationTextureSizeX:1024]]
[2022.09.06-11.51.13:201][  0]LogConfig: Setting CVar [[fx.GPUSimulationTextureSizeY:1024]]
[2022.09.06-11.51.13:201][  0]LogConfig: Setting CVar [[r.AllowGlobalClipPlane:0]]
[2022.09.06-11.51.13:201][  0]LogConfig: Setting CVar [[r.GBufferFormat:1]]
[2022.09.06-11.51.13:202][  0]LogConfig: Setting CVar [[r.MorphTarget.Mode:1]]
[2022.09.06-11.51.13:202][  0]LogConfig: Setting CVar [[vr.InstancedStereo:1]]
[2022.09.06-11.51.13:203][  0]LogConfig: Setting CVar [[r.MobileHDR:0]]
[2022.09.06-11.51.13:203][  0]LogConfig: Setting CVar [[vr.MobileMultiView:1]]
[2022.09.06-11.51.13:203][  0]LogConfig: Setting CVar [[r.Mobile.UseHWsRGBEncoding:1]]
[2022.09.06-11.51.13:204][  0]LogConfig: Setting CVar [[vr.RoundRobinOcclusion:0]]
[2022.09.06-11.51.13:204][  0]LogConfig: Setting CVar [[vr.ODSCapture:0]]
[2022.09.06-11.51.13:204][  0]LogConfig: Setting CVar [[r.MeshStreaming:0]]
[2022.09.06-11.51.13:205][  0]LogConfig: Setting CVar [[r.WireframeCullThreshold:5.000000]]
[2022.09.06-11.51.13:205][  0]LogConfig: Setting CVar [[r.RayTracing:0]]
[2022.09.06-11.51.13:205][  0]LogConfig: Setting CVar [[r.RayTracing.UseTextureLod:0]]
[2022.09.06-11.51.13:206][  0]LogConfig: Setting CVar [[r.SupportStationarySkylight:1]]
[2022.09.06-11.51.13:206][  0]LogConfig: Setting CVar [[r.SupportLowQualityLightmaps:1]]
[2022.09.06-11.51.13:206][  0]LogConfig: Setting CVar [[r.SupportPointLightWholeSceneShadows:1]]
[2022.09.06-11.51.13:207][  0]LogConfig: Setting CVar [[r.SupportAtmosphericFog:1]]
[2022.09.06-11.51.13:207][  0]LogConfig: Setting CVar [[r.SupportSkyAtmosphere:1]]
[2022.09.06-11.51.13:208][  0]LogConfig: Setting CVar [[r.SupportSkyAtmosphereAffectsHeightFog:0]]
[2022.09.06-11.51.13:210][  0]LogConfig: Setting CVar [[r.SkinCache.CompileShaders:0]]
[2022.09.06-11.51.13:211][  0]LogConfig: Setting CVar [[r.SkinCache.DefaultBehavior:1]]
[2022.09.06-11.51.13:211][  0]LogConfig: Setting CVar [[r.SkinCache.SceneMemoryLimitInMB:128.000000]]
[2022.09.06-11.51.13:211][  0]LogConfig: Setting CVar [[r.Mobile.EnableStaticAndCSMShadowReceivers:1]]
[2022.09.06-11.51.13:212][  0]LogConfig: Setting CVar [[r.Mobile.EnableMovableLightCSMShaderCulling:1]]
[2022.09.06-11.51.13:212][  0]LogConfig: Setting CVar [[r.Mobile.AllowDistanceFieldShadows:1]]
[2022.09.06-11.51.13:212][  0]LogConfig: Setting CVar [[r.Mobile.AllowMovableDirectionalLights:1]]
[2022.09.06-11.51.13:213][  0]LogConfig: Setting CVar [[r.MobileNumDynamicPointLights:4]]
[2022.09.06-11.51.13:213][  0]LogConfig: Setting CVar [[r.MobileDynamicPointLightsUseStaticBranch:1]]
[2022.09.06-11.51.13:214][  0]LogConfig: Setting CVar [[r.Mobile.EnableMovableSpotlights:0]]
[2022.09.06-11.51.13:214][  0]LogConfig: Setting CVar [[r.Mobile.EnableMovableSpotlightsShadow:0]]
[2022.09.06-11.51.13:214][  0]LogConfig: Setting CVar [[r.GPUSkin.Support16BitBoneIndex:0]]
[2022.09.06-11.51.13:215][  0]LogConfig: Setting CVar [[r.GPUSkin.Limit2BoneInfluences:0]]
[2022.09.06-11.51.13:215][  0]LogConfig: Setting CVar [[r.SupportDepthOnlyIndexBuffers:1]]
[2022.09.06-11.51.13:215][  0]LogConfig: Setting CVar [[r.SupportReversedIndexBuffers:1]]
[2022.09.06-11.51.13:216][  0]LogConfig: Setting CVar [[r.LightPropagationVolume:0]]
[2022.09.06-11.51.13:216][  0]LogConfig: Setting CVar [[r.Mobile.AmbientOcclusion:0]]
[2022.09.06-11.51.13:217][  0]LogConfig: Setting CVar [[r.GPUSkin.UnlimitedBoneInfluences:0]]
[2022.09.06-11.51.13:217][  0]LogConfig: Setting CVar [[r.GPUSkin.UnlimitedBoneInfluencesThreshold:8]]
[2022.09.06-11.51.13:217][  0]LogConfig: Setting CVar [[r.Mobile.PlanarReflectionMode:0]]
[2022.09.06-11.51.13:218][  0]LogConfig: Setting CVar [[r.Mobile.SupportGPUScene:1]]
[2022.09.06-11.51.13:218][  0]LogConfig: Applying CVar settings from Section [/Script/Engine.RendererOverrideSettings] File [../../../CadRuntimeLoader/Saved/Config/WindowsNoEditor/Engine.ini]
[2022.09.06-11.51.13:218][  0]LogConfig: Applying CVar settings from Section [/Script/Engine.StreamingSettings] File [../../../CadRuntimeLoader/Saved/Config/WindowsNoEditor/Engine.ini]
[2022.09.06-11.51.13:219][  0]LogConfig: Setting CVar [[s.MinBulkDataSizeForAsyncLoading:131072]]
[2022.09.06-11.51.13:219][  0]LogConfig: Setting CVar [[s.AsyncLoadingThreadEnabled:0]]
[2022.09.06-11.51.13:219][  0]LogConfig: Setting CVar [[s.EventDrivenLoaderEnabled:1]]
[2022.09.06-11.51.13:220][  0]LogConfig: Setting CVar [[s.WarnIfTimeLimitExceeded:0]]
[2022.09.06-11.51.13:220][  0]LogConfig: Setting CVar [[s.TimeLimitExceededMultiplier:1.5]]
[2022.09.06-11.51.13:220][  0]LogConfig: Setting CVar [[s.TimeLimitExceededMinTime:0.005]]
[2022.09.06-11.51.13:221][  0]LogConfig: Setting CVar [[s.UseBackgroundLevelStreaming:1]]
[2022.09.06-11.51.13:221][  0]LogConfig: Setting CVar [[s.PriorityAsyncLoadingExtraTime:15.0]]
[2022.09.06-11.51.13:222][  0]LogConfig: Setting CVar [[s.LevelStreamingActorsUpdateTimeLimit:5.0]]
[2022.09.06-11.51.13:222][  0]LogConfig: Setting CVar [[s.PriorityLevelStreamingActorsUpdateExtraTime:5.0]]
[2022.09.06-11.51.13:222][  0]LogConfig: Setting CVar [[s.LevelStreamingComponentsRegistrationGranularity:10]]
[2022.09.06-11.51.13:223][  0]LogConfig: Setting CVar [[s.UnregisterComponentsTimeLimit:1.0]]
[2022.09.06-11.51.13:223][  0]LogConfig: Setting CVar [[s.LevelStreamingComponentsUnregistrationGranularity:5]]
[2022.09.06-11.51.13:223][  0]LogConfig: Setting CVar [[s.FlushStreamingOnExit:1]]
[2022.09.06-11.51.13:224][  0]LogConfig: Applying CVar settings from Section [/Script/Engine.GarbageCollectionSettings] File [../../../CadRuntimeLoader/Saved/Config/WindowsNoEditor/Engine.ini]
[2022.09.06-11.51.13:227][  0]LogConfig: Setting CVar [[gc.MaxObjectsNotConsideredByGC:1]]
[2022.09.06-11.51.13:227][  0]LogConfig: Setting CVar [[gc.SizeOfPermanentObjectPool:0]]
[2022.09.06-11.51.13:227][  0]LogConfig: Setting CVar [[gc.FlushStreamingOnGC:0]]
[2022.09.06-11.51.13:228][  0]LogConfig: Setting CVar [[gc.NumRetriesBeforeForcingGC:10]]
[2022.09.06-11.51.13:228][  0]LogConfig: Setting CVar [[gc.AllowParallelGC:1]]
[2022.09.06-11.51.13:228][  0]LogConfig: Setting CVar [[gc.TimeBetweenPurgingPendingKillObjects:61.1]]
[2022.09.06-11.51.13:229][  0]LogConfig: Setting CVar [[gc.MaxObjectsInEditor:25165824]]
[2022.09.06-11.51.13:229][  0]LogConfig: Setting CVar [[gc.IncrementalBeginDestroyEnabled:1]]
[2022.09.06-11.51.13:229][  0]LogConfig: Setting CVar [[gc.CreateGCClusters:1]]
[2022.09.06-11.51.13:230][  0]LogConfig: Setting CVar [[gc.MinGCClusterSize:5]]
[2022.09.06-11.51.13:230][  0]LogConfig: Setting CVar [[gc.ActorClusteringEnabled:0]]
[2022.09.06-11.51.13:230][  0]LogConfig: Setting CVar [[gc.BlueprintClusteringEnabled:0]]
[2022.09.06-11.51.13:231][  0]LogConfig: Setting CVar [[gc.UseDisregardForGCOnDedicatedServers:0]]
[2022.09.06-11.51.13:231][  0]LogConfig: Setting CVar [[gc.MultithreadedDestructionEnabled:1]]
[2022.09.06-11.51.13:231][  0]LogConfig: Applying CVar settings from Section [/Script/Engine.NetworkSettings] File [../../../CadRuntimeLoader/Saved/Config/WindowsNoEditor/Engine.ini]
[2022.09.06-11.51.13:256][  0]LogConfig: Applying CVar settings from Section [ViewDistanceQuality@3] File [../../../CadRuntimeLoader/Saved/Config/WindowsNoEditor/Scalability.ini]
[2022.09.06-11.51.13:256][  0]LogConfig: Setting CVar [[r.SkeletalMeshLODBias:0]]
[2022.09.06-11.51.13:258][  0]LogConfig: Setting CVar [[r.ViewDistanceScale:1.0]]
[2022.09.06-11.51.13:258][  0]LogConfig: Applying CVar settings from Section [AntiAliasingQuality@3] File [../../../CadRuntimeLoader/Saved/Config/WindowsNoEditor/Scalability.ini]
[2022.09.06-11.51.13:259][  0]LogConfig: Setting CVar [[r.PostProcessAAQuality:4]]
[2022.09.06-11.51.13:259][  0]LogConfig: Applying CVar settings from Section [ShadowQuality@3] File [../../../CadRuntimeLoader/Saved/Config/WindowsNoEditor/Scalability.ini]
[2022.09.06-11.51.13:260][  0]LogConfig: Setting CVar [[r.LightFunctionQuality:1]]
[2022.09.06-11.51.13:260][  0]LogConfig: Setting CVar [[r.ShadowQuality:5]]
[2022.09.06-11.51.13:260][  0]LogConfig: Setting CVar [[r.Shadow.CSM.MaxCascades:10]]
[2022.09.06-11.51.13:261][  0]LogConfig: Setting CVar [[r.Shadow.MaxResolution:2048]]
[2022.09.06-11.51.13:261][  0]LogConfig: Setting CVar [[r.Shadow.MaxCSMResolution:2048]]
[2022.09.06-11.51.13:261][  0]LogConfig: Setting CVar [[r.Shadow.RadiusThreshold:0.01]]
[2022.09.06-11.51.13:262][  0]LogConfig: Setting CVar [[r.Shadow.DistanceScale:1.0]]
[2022.09.06-11.51.13:262][  0]LogConfig: Setting CVar [[r.Shadow.CSM.TransitionScale:1.0]]
[2022.09.06-11.51.13:262][  0]LogConfig: Setting CVar [[r.Shadow.PreShadowResolutionFactor:1.0]]
[2022.09.06-11.51.13:263][  0]LogConfig: Setting CVar [[r.DistanceFieldShadowing:1]]
[2022.09.06-11.51.13:263][  0]LogConfig: Setting CVar [[r.DistanceFieldAO:1]]
[2022.09.06-11.51.13:263][  0]LogConfig: Setting CVar [[r.AOQuality:2]]
[2022.09.06-11.51.13:264][  0]LogConfig: Setting CVar [[r.VolumetricFog:1]]
[2022.09.06-11.51.13:264][  0]LogConfig: Setting CVar [[r.VolumetricFog.GridPixelSize:8]]
[2022.09.06-11.51.13:265][  0]LogConfig: Setting CVar [[r.VolumetricFog.GridSizeZ:128]]
[2022.09.06-11.51.13:265][  0]LogConfig: Setting CVar [[r.VolumetricFog.HistoryMissSupersampleCount:4]]
[2022.09.06-11.51.13:265][  0]LogConfig: Setting CVar [[r.LightMaxDrawDistanceScale:1]]
[2022.09.06-11.51.13:266][  0]LogConfig: Setting CVar [[r.CapsuleShadows:1]]
[2022.09.06-11.51.13:266][  0]LogConfig: Applying CVar settings from Section [PostProcessQuality@3] File [../../../CadRuntimeLoader/Saved/Config/WindowsNoEditor/Scalability.ini]
[2022.09.06-11.51.13:266][  0]LogConfig: Setting CVar [[r.MotionBlurQuality:4]]
[2022.09.06-11.51.13:267][  0]LogConfig: Setting CVar [[r.AmbientOcclusionMipLevelFactor:0.4]]
[2022.09.06-11.51.13:267][  0]LogConfig: Setting CVar [[r.AmbientOcclusionMaxQuality:100]]
[2022.09.06-11.51.13:268][  0]LogConfig: Setting CVar [[r.AmbientOcclusionLevels:-1]]
[2022.09.06-11.51.13:268][  0]LogConfig: Setting CVar [[r.AmbientOcclusionRadiusScale:1.0]]
[2022.09.06-11.51.13:268][  0]LogConfig: Setting CVar [[r.DepthOfFieldQuality:2]]
[2022.09.06-11.51.13:269][  0]LogConfig: Setting CVar [[r.RenderTargetPoolMin:400]]
[2022.09.06-11.51.13:269][  0]LogConfig: Setting CVar [[r.LensFlareQuality:2]]
[2022.09.06-11.51.13:269][  0]LogConfig: Setting CVar [[r.SceneColorFringeQuality:1]]
[2022.09.06-11.51.13:270][  0]LogConfig: Setting CVar [[r.EyeAdaptationQuality:2]]
[2022.09.06-11.51.13:270][  0]LogConfig: Setting CVar [[r.BloomQuality:5]]
[2022.09.06-11.51.13:270][  0]LogConfig: Setting CVar [[r.FastBlurThreshold:100]]
[2022.09.06-11.51.13:271][  0]LogConfig: Setting CVar [[r.Upscale.Quality:3]]
[2022.09.06-11.51.13:271][  0]LogConfig: Setting CVar [[r.Tonemapper.GrainQuantization:1]]
[2022.09.06-11.51.13:271][  0]LogConfig: Setting CVar [[r.LightShaftQuality:1]]
[2022.09.06-11.51.13:274][  0]LogConfig: Setting CVar [[r.Filter.SizeScale:1]]
[2022.09.06-11.51.13:275][  0]LogConfig: Setting CVar [[r.Tonemapper.Quality:5]]
[2022.09.06-11.51.13:275][  0]LogConfig: Setting CVar [[r.DOF.Gather.AccumulatorQuality:1        ; higher gathering accumulator quality]]
[2022.09.06-11.51.13:275][  0]LogConfig: Setting CVar [[r.DOF.Gather.PostfilterMethod:1          ; Median3x3 postfilering method]]
[2022.09.06-11.51.13:276][  0]LogConfig: Setting CVar [[r.DOF.Gather.EnableBokehSettings:0       ; no bokeh simulation when gathering]]
[2022.09.06-11.51.13:276][  0]LogConfig: Setting CVar [[r.DOF.Gather.RingCount:4                 ; medium number of samples when gathering]]
[2022.09.06-11.51.13:276][  0]LogConfig: Setting CVar [[r.DOF.Scatter.ForegroundCompositing:1    ; additive foreground scattering]]
[2022.09.06-11.51.13:277][  0]LogConfig: Setting CVar [[r.DOF.Scatter.BackgroundCompositing:2    ; additive background scattering]]
[2022.09.06-11.51.13:277][  0]LogConfig: Setting CVar [[r.DOF.Scatter.EnableBokehSettings:1      ; bokeh simulation when scattering]]
[2022.09.06-11.51.13:277][  0]LogConfig: Setting CVar [[r.DOF.Scatter.MaxSpriteRatio:0.1         ; only a maximum of 10% of scattered bokeh]]
[2022.09.06-11.51.13:278][  0]LogConfig: Setting CVar [[r.DOF.Recombine.Quality:1                ; cheap slight out of focus]]
[2022.09.06-11.51.13:278][  0]LogConfig: Setting CVar [[r.DOF.Recombine.EnableBokehSettings:0    ; no bokeh simulation on slight out of focus]]
[2022.09.06-11.51.13:279][  0]LogConfig: Setting CVar [[r.DOF.TemporalAAQuality:1                ; more stable temporal accumulation]]
[2022.09.06-11.51.13:279][  0]LogConfig: Setting CVar [[r.DOF.Kernel.MaxForegroundRadius:0.025]]
[2022.09.06-11.51.13:279][  0]LogConfig: Setting CVar [[r.DOF.Kernel.MaxBackgroundRadius:0.025]]
[2022.09.06-11.51.13:280][  0]LogConfig: Applying CVar settings from Section [TextureQuality@3] File [../../../CadRuntimeLoader/Saved/Config/WindowsNoEditor/Scalability.ini]
[2022.09.06-11.51.13:280][  0]LogConfig: Setting CVar [[r.Streaming.MipBias:0]]
[2022.09.06-11.51.13:280][  0]LogConfig: Setting CVar [[r.Streaming.AmortizeCPUToGPUCopy:0]]
[2022.09.06-11.51.13:281][  0]LogConfig: Setting CVar [[r.Streaming.MaxNumTexturesToStreamPerFrame:0]]
[2022.09.06-11.51.13:281][  0]LogConfig: Setting CVar [[r.Streaming.Boost:1]]
[2022.09.06-11.51.13:281][  0]LogConfig: Setting CVar [[r.MaxAnisotropy:8]]
[2022.09.06-11.51.13:282][  0]LogConfig: Setting CVar [[r.VT.MaxAnisotropy:8]]
[2022.09.06-11.51.13:282][  0]LogConfig: Setting CVar [[r.Streaming.LimitPoolSizeToVRAM:0]]
[2022.09.06-11.51.13:282][  0]LogConfig: Setting CVar [[r.Streaming.PoolSize:1000]]
[2022.09.06-11.51.13:283][  0]LogConfig: Setting CVar [[r.Streaming.MaxEffectiveScreenSize:0]]
[2022.09.06-11.51.13:283][  0]LogConfig: Applying CVar settings from Section [EffectsQuality@3] File [../../../CadRuntimeLoader/Saved/Config/WindowsNoEditor/Scalability.ini]
[2022.09.06-11.51.13:284][  0]LogConfig: Setting CVar [[r.TranslucencyLightingVolumeDim:64]]
[2022.09.06-11.51.13:284][  0]LogConfig: Setting CVar [[r.RefractionQuality:2]]
[2022.09.06-11.51.13:284][  0]LogConfig: Setting CVar [[r.SSR.Quality:3]]
[2022.09.06-11.51.13:285][  0]LogConfig: Setting CVar [[r.SSR.HalfResSceneColor:0]]
[2022.09.06-11.51.13:285][  0]LogConfig: Setting CVar [[r.SceneColorFormat:4]]
[2022.09.06-11.51.13:285][  0]LogConfig: Setting CVar [[r.DetailMode:2]]
[2022.09.06-11.51.13:286][  0]LogConfig: Setting CVar [[r.TranslucencyVolumeBlur:1]]
[2022.09.06-11.51.13:286][  0]LogConfig: Setting CVar [[r.MaterialQualityLevel:1 ; High quality]]
[2022.09.06-11.51.13:287][  0]LogConfig: Setting CVar [[r.AnisotropicMaterials:1]]
[2022.09.06-11.51.13:287][  0]LogConfig: Setting CVar [[r.SSS.Scale:1]]
[2022.09.06-11.51.13:287][  0]LogConfig: Setting CVar [[r.SSS.SampleSet:2]]
[2022.09.06-11.51.13:288][  0]LogConfig: Setting CVar [[r.SSS.Quality:1]]
[2022.09.06-11.51.13:290][  0]LogConfig: Setting CVar [[r.SSS.HalfRes:0]]
[2022.09.06-11.51.13:290][  0]LogConfig: Setting CVar [[r.SSGI.Quality:3]]
[2022.09.06-11.51.13:291][  0]LogConfig: Setting CVar [[r.EmitterSpawnRateScale:1.0]]
[2022.09.06-11.51.13:291][  0]LogConfig: Setting CVar [[r.ParticleLightQuality:2]]
[2022.09.06-11.51.13:292][  0]LogConfig: Setting CVar [[r.SkyAtmosphere.AerialPerspectiveLUT.FastApplyOnOpaque:1 ; Always have FastSkyLUT 1 in this case to avoid wrong sky]]
[2022.09.06-11.51.13:292][  0]LogConfig: Setting CVar [[r.SkyAtmosphere.AerialPerspectiveLUT.SampleCountMaxPerSlice:4]]
[2022.09.06-11.51.13:292][  0]LogConfig: Setting CVar [[r.SkyAtmosphere.AerialPerspectiveLUT.DepthResolution:16.0]]
[2022.09.06-11.51.13:293][  0]LogConfig: Setting CVar [[r.SkyAtmosphere.FastSkyLUT:1]]
[2022.09.06-11.51.13:293][  0]LogConfig: Setting CVar [[r.SkyAtmosphere.FastSkyLUT.SampleCountMin:4.0]]
[2022.09.06-11.51.13:293][  0]LogConfig: Setting CVar [[r.SkyAtmosphere.FastSkyLUT.SampleCountMax:128.0]]
[2022.09.06-11.51.13:294][  0]LogConfig: Setting CVar [[r.SkyAtmosphere.SampleCountMin:4.0]]
[2022.09.06-11.51.13:294][  0]LogConfig: Setting CVar [[r.SkyAtmosphere.SampleCountMax:128.0]]
[2022.09.06-11.51.13:294][  0]LogConfig: Setting CVar [[r.SkyAtmosphere.TransmittanceLUT.UseSmallFormat:0]]
[2022.09.06-11.51.13:295][  0]LogConfig: Setting CVar [[r.SkyAtmosphere.TransmittanceLUT.SampleCount:10.0]]
[2022.09.06-11.51.13:295][  0]LogConfig: Setting CVar [[r.SkyAtmosphere.MultiScatteringLUT.SampleCount:15.0]]
[2022.09.06-11.51.13:295][  0]LogConfig: Setting CVar [[r.SkyLight.RealTimeReflectionCapture:1]]
[2022.09.06-11.51.13:296][  0]LogConfig: Setting CVar [[fx.Niagara.QualityLevel:3]]
[2022.09.06-11.51.13:296][  0]LogConfig: Applying CVar settings from Section [FoliageQuality@3] File [../../../CadRuntimeLoader/Saved/Config/WindowsNoEditor/Scalability.ini]
[2022.09.06-11.51.13:296][  0]LogConfig: Setting CVar [[foliage.DensityScale:1.0]]
[2022.09.06-11.51.13:297][  0]LogConfig: Setting CVar [[grass.DensityScale:1.0]]
[2022.09.06-11.51.13:297][  0]LogConfig: Applying CVar settings from Section [ShadingQuality@3] File [../../../CadRuntimeLoader/Saved/Config/WindowsNoEditor/Scalability.ini]
[2022.09.06-11.51.13:298][  0]LogConfig: Setting CVar [[r.HairStrands.SkyLighting.IntegrationType:2]]
[2022.09.06-11.51.13:298][  0]LogConfig: Setting CVar [[r.HairStrands.SkyAO.SampleCount:4]]
[2022.09.06-11.51.13:298][  0]LogConfig: Setting CVar [[r.HairStrands.Visibility.MSAA.SamplePerPixel:4]]
[2022.09.06-11.51.13:299][  0]LogInit: Selected Device Profile: [WindowsNoEditor]
[2022.09.06-11.51.13:299][  0]LogInit: Applying CVar settings loaded from the selected device profile: [WindowsNoEditor]
[2022.09.06-11.51.13:299][  0]LogHAL: Display: Platform has ~ 16 GB [17129041920 / 17179869184 / 16], which maps to Larger [LargestMinGB=32, LargerMinGB=12, DefaultMinGB=8, SmallerMinGB=6, SmallestMinGB=0)
[2022.09.06-11.51.13:300][  0]LogInit: Going up to parent DeviceProfile [Windows]
[2022.09.06-11.51.13:300][  0]LogInit: Going up to parent DeviceProfile []
[2022.09.06-11.51.13:301][  0]LogConfig: Applying CVar settings from Section [ViewDistanceQuality@3] File [../../../CadRuntimeLoader/Saved/Config/WindowsNoEditor/Scalability.ini]
[2022.09.06-11.51.13:301][  0]LogConfig: Setting CVar [[r.SkeletalMeshLODBias:0]]
[2022.09.06-11.51.13:301][  0]LogConfig: Setting CVar [[r.ViewDistanceScale:1.0]]
[2022.09.06-11.51.13:302][  0]LogConfig: Applying CVar settings from Section [AntiAliasingQuality@3] File [../../../CadRuntimeLoader/Saved/Config/WindowsNoEditor/Scalability.ini]
[2022.09.06-11.51.13:302][  0]LogConfig: Setting CVar [[r.PostProcessAAQuality:4]]
[2022.09.06-11.51.13:302][  0]LogConfig: Applying CVar settings from Section [ShadowQuality@3] File [../../../CadRuntimeLoader/Saved/Config/WindowsNoEditor/Scalability.ini]
[2022.09.06-11.51.13:303][  0]LogConfig: Setting CVar [[r.LightFunctionQuality:1]]
[2022.09.06-11.51.13:306][  0]LogConfig: Setting CVar [[r.ShadowQuality:5]]
[2022.09.06-11.51.13:306][  0]LogConfig: Setting CVar [[r.Shadow.CSM.MaxCascades:10]]
[2022.09.06-11.51.13:306][  0]LogConfig: Setting CVar [[r.Shadow.MaxResolution:2048]]
[2022.09.06-11.51.13:307][  0]LogConfig: Setting CVar [[r.Shadow.MaxCSMResolution:2048]]
[2022.09.06-11.51.13:307][  0]LogConfig: Setting CVar [[r.Shadow.RadiusThreshold:0.01]]
[2022.09.06-11.51.13:307][  0]LogConfig: Setting CVar [[r.Shadow.DistanceScale:1.0]]
[2022.09.06-11.51.13:308][  0]LogConfig: Setting CVar [[r.Shadow.CSM.TransitionScale:1.0]]
[2022.09.06-11.51.13:308][  0]LogConfig: Setting CVar [[r.Shadow.PreShadowResolutionFactor:1.0]]
[2022.09.06-11.51.13:309][  0]LogConfig: Setting CVar [[r.DistanceFieldShadowing:1]]
[2022.09.06-11.51.13:309][  0]LogConfig: Setting CVar [[r.DistanceFieldAO:1]]
[2022.09.06-11.51.13:309][  0]LogConfig: Setting CVar [[r.AOQuality:2]]
[2022.09.06-11.51.13:310][  0]LogConfig: Setting CVar [[r.VolumetricFog:1]]
[2022.09.06-11.51.13:310][  0]LogConfig: Setting CVar [[r.VolumetricFog.GridPixelSize:8]]
[2022.09.06-11.51.13:310][  0]LogConfig: Setting CVar [[r.VolumetricFog.GridSizeZ:128]]
[2022.09.06-11.51.13:311][  0]LogConfig: Setting CVar [[r.VolumetricFog.HistoryMissSupersampleCount:4]]
[2022.09.06-11.51.13:311][  0]LogConfig: Setting CVar [[r.LightMaxDrawDistanceScale:1]]
[2022.09.06-11.51.13:311][  0]LogConfig: Setting CVar [[r.CapsuleShadows:1]]
[2022.09.06-11.51.13:312][  0]LogConfig: Applying CVar settings from Section [PostProcessQuality@3] File [../../../CadRuntimeLoader/Saved/Config/WindowsNoEditor/Scalability.ini]
[2022.09.06-11.51.13:312][  0]LogConfig: Setting CVar [[r.MotionBlurQuality:4]]
[2022.09.06-11.51.13:312][  0]LogConfig: Setting CVar [[r.AmbientOcclusionMipLevelFactor:0.4]]
[2022.09.06-11.51.13:313][  0]LogConfig: Setting CVar [[r.AmbientOcclusionMaxQuality:100]]
[2022.09.06-11.51.13:313][  0]LogConfig: Setting CVar [[r.AmbientOcclusionLevels:-1]]
[2022.09.06-11.51.13:313][  0]LogConfig: Setting CVar [[r.AmbientOcclusionRadiusScale:1.0]]
[2022.09.06-11.51.13:314][  0]LogConfig: Setting CVar [[r.DepthOfFieldQuality:2]]
[2022.09.06-11.51.13:314][  0]LogConfig: Setting CVar [[r.RenderTargetPoolMin:400]]
[2022.09.06-11.51.13:315][  0]LogConfig: Setting CVar [[r.LensFlareQuality:2]]
[2022.09.06-11.51.13:315][  0]LogConfig: Setting CVar [[r.SceneColorFringeQuality:1]]
[2022.09.06-11.51.13:315][  0]LogConfig: Setting CVar [[r.EyeAdaptationQuality:2]]
[2022.09.06-11.51.13:316][  0]LogConfig: Setting CVar [[r.BloomQuality:5]]
[2022.09.06-11.51.13:316][  0]LogConfig: Setting CVar [[r.FastBlurThreshold:100]]
[2022.09.06-11.51.13:316][  0]LogConfig: Setting CVar [[r.Upscale.Quality:3]]
[2022.09.06-11.51.13:317][  0]LogConfig: Setting CVar [[r.Tonemapper.GrainQuantization:1]]
[2022.09.06-11.51.13:317][  0]LogConfig: Setting CVar [[r.LightShaftQuality:1]]
[2022.09.06-11.51.13:317][  0]LogConfig: Setting CVar [[r.Filter.SizeScale:1]]
[2022.09.06-11.51.13:318][  0]LogConfig: Setting CVar [[r.Tonemapper.Quality:5]]
[2022.09.06-11.51.13:318][  0]LogConfig: Setting CVar [[r.DOF.Gather.AccumulatorQuality:1        ; higher gathering accumulator quality]]
[2022.09.06-11.51.13:319][  0]LogConfig: Setting CVar [[r.DOF.Gather.PostfilterMethod:1          ; Median3x3 postfilering method]]
[2022.09.06-11.51.13:321][  0]LogConfig: Setting CVar [[r.DOF.Gather.EnableBokehSettings:0       ; no bokeh simulation when gathering]]
[2022.09.06-11.51.13:322][  0]LogConfig: Setting CVar [[r.DOF.Gather.RingCount:4                 ; medium number of samples when gathering]]
[2022.09.06-11.51.13:322][  0]LogConfig: Setting CVar [[r.DOF.Scatter.ForegroundCompositing:1    ; additive foreground scattering]]
[2022.09.06-11.51.13:322][  0]LogConfig: Setting CVar [[r.DOF.Scatter.BackgroundCompositing:2    ; additive background scattering]]
[2022.09.06-11.51.13:323][  0]LogConfig: Setting CVar [[r.DOF.Scatter.EnableBokehSettings:1      ; bokeh simulation when scattering]]
[2022.09.06-11.51.13:323][  0]LogConfig: Setting CVar [[r.DOF.Scatter.MaxSpriteRatio:0.1         ; only a maximum of 10% of scattered bokeh]]
[2022.09.06-11.51.13:324][  0]LogConfig: Setting CVar [[r.DOF.Recombine.Quality:1                ; cheap slight out of focus]]
[2022.09.06-11.51.13:324][  0]LogConfig: Setting CVar [[r.DOF.Recombine.EnableBokehSettings:0    ; no bokeh simulation on slight out of focus]]
[2022.09.06-11.51.13:324][  0]LogConfig: Setting CVar [[r.DOF.TemporalAAQuality:1                ; more stable temporal accumulation]]
[2022.09.06-11.51.13:325][  0]LogConfig: Setting CVar [[r.DOF.Kernel.MaxForegroundRadius:0.025]]
[2022.09.06-11.51.13:325][  0]LogConfig: Setting CVar [[r.DOF.Kernel.MaxBackgroundRadius:0.025]]
[2022.09.06-11.51.13:325][  0]LogConfig: Applying CVar settings from Section [TextureQuality@3] File [../../../CadRuntimeLoader/Saved/Config/WindowsNoEditor/Scalability.ini]
[2022.09.06-11.51.13:326][  0]LogConfig: Setting CVar [[r.Streaming.MipBias:0]]
[2022.09.06-11.51.13:326][  0]LogConfig: Setting CVar [[r.Streaming.AmortizeCPUToGPUCopy:0]]
[2022.09.06-11.51.13:326][  0]LogConfig: Setting CVar [[r.Streaming.MaxNumTexturesToStreamPerFrame:0]]
[2022.09.06-11.51.13:327][  0]LogConfig: Setting CVar [[r.Streaming.Boost:1]]
[2022.09.06-11.51.13:327][  0]LogConfig: Setting CVar [[r.MaxAnisotropy:8]]
[2022.09.06-11.51.13:327][  0]LogConfig: Setting CVar [[r.VT.MaxAnisotropy:8]]
[2022.09.06-11.51.13:328][  0]LogConfig: Setting CVar [[r.Streaming.LimitPoolSizeToVRAM:0]]
[2022.09.06-11.51.13:328][  0]LogConfig: Setting CVar [[r.Streaming.PoolSize:1000]]
[2022.09.06-11.51.13:329][  0]LogConfig: Setting CVar [[r.Streaming.MaxEffectiveScreenSize:0]]
[2022.09.06-11.51.13:329][  0]LogConfig: Applying CVar settings from Section [EffectsQuality@3] File [../../../CadRuntimeLoader/Saved/Config/WindowsNoEditor/Scalability.ini]
[2022.09.06-11.51.13:329][  0]LogConfig: Setting CVar [[r.TranslucencyLightingVolumeDim:64]]
[2022.09.06-11.51.13:330][  0]LogConfig: Setting CVar [[r.RefractionQuality:2]]
[2022.09.06-11.51.13:330][  0]LogConfig: Setting CVar [[r.SSR.Quality:3]]
[2022.09.06-11.51.13:330][  0]LogConfig: Setting CVar [[r.SSR.HalfResSceneColor:0]]
[2022.09.06-11.51.13:331][  0]LogConfig: Setting CVar [[r.SceneColorFormat:4]]
[2022.09.06-11.51.13:331][  0]LogConfig: Setting CVar [[r.DetailMode:2]]
[2022.09.06-11.51.13:331][  0]LogConfig: Setting CVar [[r.TranslucencyVolumeBlur:1]]
[2022.09.06-11.51.13:332][  0]LogConfig: Setting CVar [[r.MaterialQualityLevel:1 ; High quality]]
[2022.09.06-11.51.13:332][  0]LogConfig: Setting CVar [[r.AnisotropicMaterials:1]]
[2022.09.06-11.51.13:332][  0]LogConfig: Setting CVar [[r.SSS.Scale:1]]
[2022.09.06-11.51.13:333][  0]LogConfig: Setting CVar [[r.SSS.SampleSet:2]]
[2022.09.06-11.51.13:333][  0]LogConfig: Setting CVar [[r.SSS.Quality:1]]
[2022.09.06-11.51.13:334][  0]LogConfig: Setting CVar [[r.SSS.HalfRes:0]]
[2022.09.06-11.51.13:334][  0]LogConfig: Setting CVar [[r.SSGI.Quality:3]]
[2022.09.06-11.51.13:335][  0]LogConfig: Setting CVar [[r.EmitterSpawnRateScale:1.0]]
[2022.09.06-11.51.13:337][  0]LogConfig: Setting CVar [[r.ParticleLightQuality:2]]
[2022.09.06-11.51.13:337][  0]LogConfig: Setting CVar [[r.SkyAtmosphere.AerialPerspectiveLUT.FastApplyOnOpaque:1 ; Always have FastSkyLUT 1 in this case to avoid wrong sky]]
[2022.09.06-11.51.13:338][  0]LogConfig: Setting CVar [[r.SkyAtmosphere.AerialPerspectiveLUT.SampleCountMaxPerSlice:4]]
[2022.09.06-11.51.13:338][  0]LogConfig: Setting CVar [[r.SkyAtmosphere.AerialPerspectiveLUT.DepthResolution:16.0]]
[2022.09.06-11.51.13:339][  0]LogConfig: Setting CVar [[r.SkyAtmosphere.FastSkyLUT:1]]
[2022.09.06-11.51.13:339][  0]LogConfig: Setting CVar [[r.SkyAtmosphere.FastSkyLUT.SampleCountMin:4.0]]
[2022.09.06-11.51.13:339][  0]LogConfig: Setting CVar [[r.SkyAtmosphere.FastSkyLUT.SampleCountMax:128.0]]
[2022.09.06-11.51.13:340][  0]LogConfig: Setting CVar [[r.SkyAtmosphere.SampleCountMin:4.0]]
[2022.09.06-11.51.13:340][  0]LogConfig: Setting CVar [[r.SkyAtmosphere.SampleCountMax:128.0]]
[2022.09.06-11.51.13:340][  0]LogConfig: Setting CVar [[r.SkyAtmosphere.TransmittanceLUT.UseSmallFormat:0]]
[2022.09.06-11.51.13:341][  0]LogConfig: Setting CVar [[r.SkyAtmosphere.TransmittanceLUT.SampleCount:10.0]]
[2022.09.06-11.51.13:341][  0]LogConfig: Setting CVar [[r.SkyAtmosphere.MultiScatteringLUT.SampleCount:15.0]]
[2022.09.06-11.51.13:341][  0]LogConfig: Setting CVar [[r.SkyLight.RealTimeReflectionCapture:1]]
[2022.09.06-11.51.13:342][  0]LogConfig: Setting CVar [[fx.Niagara.QualityLevel:3]]
[2022.09.06-11.51.13:342][  0]LogConfig: Applying CVar settings from Section [FoliageQuality@3] File [../../../CadRuntimeLoader/Saved/Config/WindowsNoEditor/Scalability.ini]
[2022.09.06-11.51.13:342][  0]LogConfig: Setting CVar [[foliage.DensityScale:1.0]]
[2022.09.06-11.51.13:343][  0]LogConfig: Setting CVar [[grass.DensityScale:1.0]]
[2022.09.06-11.51.13:343][  0]LogConfig: Applying CVar settings from Section [ShadingQuality@3] File [../../../CadRuntimeLoader/Saved/Config/WindowsNoEditor/Scalability.ini]
[2022.09.06-11.51.13:344][  0]LogConfig: Setting CVar [[r.HairStrands.SkyLighting.IntegrationType:2]]
[2022.09.06-11.51.13:344][  0]LogConfig: Setting CVar [[r.HairStrands.SkyAO.SampleCount:4]]
[2022.09.06-11.51.13:344][  0]LogConfig: Setting CVar [[r.HairStrands.Visibility.MSAA.SamplePerPixel:4]]
[2022.09.06-11.51.13:345][  0]LogConfig: Applying CVar settings from Section [Startup] File [../../../Engine/Config/ConsoleVariables.ini]
[2022.09.06-11.51.13:345][  0]LogConfig: Setting CVar [[net.UseAdaptiveNetUpdateFrequency:0]]
[2022.09.06-11.51.13:345][  0]LogConfig: Setting CVar [[p.chaos.AllowCreatePhysxBodies:1]]
[2022.09.06-11.51.13:346][  0]LogConfig: Setting CVar [[fx.SkipVectorVMBackendOptimizations:1]]
[2022.09.06-11.51.13:346][  0]LogConfig: Applying CVar settings from Section [ConsoleVariables] File [../../../CadRuntimeLoader/Saved/Config/WindowsNoEditor/Engine.ini]
[2022.09.06-11.51.13:347][  0]LogInit: Computer: DESKTOP-N284PUG
[2022.09.06-11.51.13:347][  0]LogInit: User: Matija
[2022.09.06-11.51.13:347][  0]LogInit: CPU Page size=4096, Cores=4
[2022.09.06-11.51.13:347][  0]LogInit: High frequency timer resolution =10.000000 MHz
[2022.09.06-11.51.13:348][  0]LogMemory: Memory total: Physical=16.0GB (16GB approx)
[2022.09.06-11.51.13:348][  0]LogMemory: Platform Memory Stats for WindowsNoEditor
[2022.09.06-11.51.13:349][  0]LogMemory: Process Physical Memory: 79.02 MB used, 79.02 MB peak
[2022.09.06-11.51.13:349][  0]LogMemory: Process Virtual Memory: 82.76 MB used, 82.76 MB peak
[2022.09.06-11.51.13:349][  0]LogMemory: Physical Memory: 5142.46 MB used,  11193.07 MB free, 16335.53 MB total
[2022.09.06-11.51.13:350][  0]LogMemory: Virtual Memory: 134197352.00 MB used,  20377.09 MB free, 134217728.00 MB total
[2022.09.06-11.51.13:357][  0]LogWindows: WindowsPlatformFeatures enabled
[2022.09.06-11.51.13:379][  0]LogInit: Physics initialised using underlying interface: PhysX
[2022.09.06-11.51.13:380][  0]LogInit: Using OS detected language (en-US).
[2022.09.06-11.51.13:380][  0]LogInit: Using OS detected locale (en-GB).
[2022.09.06-11.51.13:381][  0]LogTextLocalizationManager: No specific localization for 'en-US' exists, so the 'en' localization will be used.
[2022.09.06-11.51.13:410][  0]LogWindowsTextInputMethodSystem: Display: IME system deactivated.
[2022.09.06-11.51.13:442][  0]LogSlate: New Slate User Created.  User Index 0, Is Virtual User: 0
[2022.09.06-11.51.13:442][  0]LogSlate: Slate User Registered.  User Index 0, Is Virtual User: 0
[2022.09.06-11.51.13:481][  0]LogD3D11RHI: Loaded GFSDK_Aftermath_Lib.x64.dll
[2022.09.06-11.51.13:548][  0]LogHMD: Optional extension XR_VARJO_quad_views is not available
[2022.09.06-11.51.13:548][  0]LogHMD: Warning: Required extension XR_EXT_hand_tracking is not available
[2022.09.06-11.51.13:549][  0]LogHMD: Could not enable all required OpenXR extensions for OpenXRHandTracking on current system. This plugin will be loaded but ignored, but will be enabled on a target platform that supports the required extension.
[2022.09.06-11.51.13:549][  0]LogHMD: Warning: Required extension XR_EXT_eye_gaze_interaction is not available
[2022.09.06-11.51.13:550][  0]LogHMD: Could not enable all required OpenXR extensions for OpenXREyeTracker on current system. This plugin will be loaded but ignored, but will be enabled on a target platform that supports the required extension.
[2022.09.06-11.51.13:551][  0]LogHMD: Failed to get an OpenXR system, result is XR_ERROR_FORM_FACTOR_UNAVAILABLE. Please check that your runtime supports VR headsets.
[2022.09.06-11.51.13:551][  0]LogD3D11RHI: D3D11 min allowed feature level: 11_0
[2022.09.06-11.51.13:552][  0]LogD3D11RHI: D3D11 max allowed feature level: 11_0
[2022.09.06-11.51.13:552][  0]LogD3D11RHI: D3D11 adapters:
[2022.09.06-11.51.13:603][  0]LogD3D11RHI:    0. 'Radeon (TM) RX 470 Graphics' (Feature Level 11_0)
[2022.09.06-11.51.13:603][  0]LogD3D11RHI:       4074/0/8167 MB DedicatedVideo/DedicatedSystem/SharedSystem, Outputs:2, VendorId:0x1002
[2022.09.06-11.51.13:607][  0]LogD3D11RHI:    1. 'Microsoft Basic Render Driver' (Feature Level 11_0)
[2022.09.06-11.51.13:607][  0]LogD3D11RHI:       0/0/8167 MB DedicatedVideo/DedicatedSystem/SharedSystem, Outputs:0, VendorId:0x1414
[2022.09.06-11.51.13:607][  0]LogD3D11RHI: Chosen D3D11 Adapter:
[2022.09.06-11.51.13:608][  0]LogD3D11RHI:     Description : Radeon (TM) RX 470 Graphics
[2022.09.06-11.51.13:608][  0]LogD3D11RHI:     VendorId    : 1002
[2022.09.06-11.51.13:608][  0]LogD3D11RHI:     DeviceId    : 67df
[2022.09.06-11.51.13:609][  0]LogD3D11RHI:     SubSysId    : 34111462
[2022.09.06-11.51.13:609][  0]LogD3D11RHI:     Revision    : 00cf
[2022.09.06-11.51.13:609][  0]LogD3D11RHI:     DedicatedVideoMemory : 4272939008 bytes
[2022.09.06-11.51.13:610][  0]LogD3D11RHI:     DedicatedSystemMemory : 0 bytes
[2022.09.06-11.51.13:610][  0]LogD3D11RHI:     SharedSystemMemory : 8564520960 bytes
[2022.09.06-11.51.13:610][  0]LogD3D11RHI:     AdapterLuid : 0 64591
[2022.09.06-11.51.13:617][  0]LogD3D11RHI: Creating new Direct3DDevice
[2022.09.06-11.51.13:617][  0]LogD3D11RHI:     GPU DeviceId: 0x67df (for the marketing name, search the web for "GPU Device Id")
[2022.09.06-11.51.13:617][  0]LogWindows: EnumDisplayDevices:
[2022.09.06-11.51.13:618][  0]LogWindows:    0. 'Radeon (TM) RX 470 Graphics' (P:1 D:1)
[2022.09.06-11.51.13:619][  0]LogWindows:    1. 'Radeon (TM) RX 470 Graphics' (P:0 D:1)
[2022.09.06-11.51.13:622][  0]LogWindows:    2. 'Radeon (TM) RX 470 Graphics' (P:0 D:0)
[2022.09.06-11.51.13:622][  0]LogWindows:    3. 'Radeon (TM) RX 470 Graphics' (P:0 D:0)
[2022.09.06-11.51.13:622][  0]LogWindows:    4. 'Radeon (TM) RX 470 Graphics' (P:0 D:0)
[2022.09.06-11.51.13:623][  0]LogWindows:    5. 'Radeon (TM) RX 470 Graphics' (P:0 D:0)
[2022.09.06-11.51.13:623][  0]LogWindows:    6. 'Radeon (TM) RX 470 Graphics' (P:0 D:0)
[2022.09.06-11.51.13:624][  0]LogWindows: DebugString: FoundDriverCount:7 
[2022.09.06-11.51.13:624][  0]LogD3D11RHI:     Adapter Name: Radeon (TM) RX 470 Graphics
[2022.09.06-11.51.13:624][  0]LogD3D11RHI:   Driver Version: AMD Software: Adrenalin Edition 22.6.1 (internal:30.0.21023.1015, unified:30.0.21023.1015)
[2022.09.06-11.51.13:624][  0]LogD3D11RHI:      Driver Date: 6-22-2022
[2022.09.06-11.51.13:625][  0]LogRHI: Texture pool is 2424 MB (70% of 3463 MB)
[2022.09.06-11.51.13:663][  0]LogD3D11RHI: Creating D3DDevice with AMD AGS, using adapter:
[2022.09.06-11.51.13:663][  0]LogD3D11RHI:     Description : Radeon (TM) RX 470 Graphics
[2022.09.06-11.51.13:664][  0]LogD3D11RHI:     VendorId    : 1002
[2022.09.06-11.51.13:664][  0]LogD3D11RHI:     DeviceId    : 67df
[2022.09.06-11.51.13:664][  0]LogD3D11RHI:     SubSysId    : 34111462
[2022.09.06-11.51.13:665][  0]LogD3D11RHI:     Revision    : 00cf
[2022.09.06-11.51.13:665][  0]LogD3D11RHI:     DedicatedVideoMemory : 4272939008 bytes
[2022.09.06-11.51.13:665][  0]LogD3D11RHI:     DedicatedSystemMemory : 0 bytes
[2022.09.06-11.51.13:666][  0]LogD3D11RHI:     SharedSystemMemory : 8564520960 bytes
[2022.09.06-11.51.13:666][  0]LogD3D11RHI:     AdapterLuid : 0 64591
[2022.09.06-11.51.13:706][  0]LogD3D11RHI: Created device via AGS, feature level 11_0, supported extensions 1fffffbf.
[2022.09.06-11.51.13:707][  0]LogD3D11RHI: RHI has support for 64 bit atomics
[2022.09.06-11.51.13:708][  0]LogD3D11RHI: Async texture creation enabled
[2022.09.06-11.51.13:708][  0]LogD3D11RHI: Array index from any shader is supported
[2022.09.06-11.51.13:721][  0]LogD3D11RHI: GPU Timing Frequency: 25.000000 (Debug: 2 1)
[2022.09.06-11.51.13:721][  0]LogRendererCore: Ray tracing is disabled. Reason: r.RayTracing=0.
[2022.09.06-11.51.13:725][  0]LogShaderLibrary: Display: Using ../../../CadRuntimeLoader/Content/ShaderArchive-Global-PCD3D_SM5.ushaderbytecode for material shader code. Total 1947 unique shaders.
[2022.09.06-11.51.13:725][  0]LogShaderLibrary: Display: Cooked Context: Using Shared Shader Library Global
[2022.09.06-11.51.13:725][  0]LogShaderLibrary: Display: Logical shader library 'Global' has been created, components 1
[2022.09.06-11.51.13:726][  0]LogTemp: Warning: Clearing the OS Cache
[2022.09.06-11.51.13:727][  0]LogODSC: ODSC Thread active.
[2022.09.06-11.51.13:730][  0]LogPakFile: New pak file ../../../CadRuntimeLoader/Content/Paks/CadRuntimeLoader-WindowsNoEditor.pak added to pak precacher.
[2022.09.06-11.51.13:756][  0]LogSlate: Using FreeType 2.10.0
[2022.09.06-11.51.13:757][  0]LogSlate: SlateFontServices - WITH_FREETYPE: 1, WITH_HARFBUZZ: 1
[2022.09.06-11.51.13:757][  0]LogHMD: Failed to get an OpenXR system, result is XR_ERROR_FORM_FACTOR_UNAVAILABLE. Please check that your runtime supports VR headsets.
[2022.09.06-11.51.13:806][  0]LogShaderLibrary: Display: Using ../../../CadRuntimeLoader/Content/ShaderArchive-CadRuntimeLoader-PCD3D_SM5.ushaderbytecode for material shader code. Total 1575 unique shaders.
[2022.09.06-11.51.13:806][  0]LogShaderLibrary: Display: Cooked Context: Using Shared Shader Library CadRuntimeLoader
[2022.09.06-11.51.13:811][  0]LogShaderLibrary: Display: Logical shader library 'CadRuntimeLoader' has been created, components 1
[2022.09.06-11.51.13:812][  0]LogRHI: Display: Opened pipeline cache after state change and enqueued 0 of 0 tasks for precompile.
[2022.09.06-11.51.13:816][  0]LogShaderLibrary: Display: Using ../../../CadRuntimeLoader/Content/ShaderArchive-CadRuntimeLoader-PCD3D_SM5.ushaderbytecode for material shader code. Total 1575 unique shaders.
[2022.09.06-11.51.13:818][  0]LogShaderLibrary: Display: Cooked Context: Using Shared Shader Library CadRuntimeLoader
[2022.09.06-11.51.13:818][  0]LogRHI: Display: Opened pipeline cache after state change and enqueued 0 of 0 tasks for precompile.
[2022.09.06-11.51.13:818][  0]LogRHI: Display: Failed to open default shader pipeline cache for CadRuntimeLoader using shader platform 0.
[2022.09.06-11.51.13:818][  0]LogRHI: Display: Failed to open default shader pipeline cache for CadRuntimeLoader using shader platform 0.
[2022.09.06-11.51.13:818][  0]LogInit: Using OS detected language (en-US).
[2022.09.06-11.51.13:819][  0]LogInit: Using OS detected locale (en-GB).
[2022.09.06-11.51.13:821][  0]LogTextLocalizationManager: No localization for 'en-US' exists, so 'en' will be used for the language.
[2022.09.06-11.51.13:824][  0]LogTextLocalizationManager: No localization for 'en-GB' exists, so 'en' will be used for the locale.
[2022.09.06-11.51.13:829][  0]LogSlate: FontCache flush requested. Reason: Culture for localization was changed
[2022.09.06-11.51.13:831][  0]LogSlate: FontCache flush requested. Reason: Culture for localization was changed
[2022.09.06-11.51.13:834][  0]LogTextLocalizationManager: Compacting localization data took   0.96ms
[2022.09.06-11.51.13:834][  0]LogAssetRegistry: FAssetRegistry took 0.0013 seconds to start up
[2022.09.06-11.51.13:920][  0]LogStreaming: Display: FlushAsyncLoading: 1 QueuedPackages, 0 AsyncPackages
[2022.09.06-11.51.13:924][  0]LogPackageLocalizationCache: Processed 26 localized package path(s) for 1 prioritized culture(s) in 0.000118 seconds
[2022.09.06-11.51.13:934][  0]LogSerialization: Display: AllowBulkDataInIoStore: 'true'
[2022.09.06-11.51.13:934][  0]LogInit: Selected Device Profile: [WindowsNoEditor]
[2022.09.06-11.51.13:935][  0]LogInit: Active device profile: [00000299AE93E140][00000299A14F0010 49] WindowsNoEditor
[2022.09.06-11.51.13:935][  0]LogInit: Profiles: [00000299AE93FF40][00000299ABA10010 49] Windows, [00000299AE93E140][00000299A14F0010 49] WindowsNoEditor, 
[2022.09.06-11.51.13:971][  0]LogNetVersion: CadRuntimeLoader 1.0.0, NetCL: 0, EngineNetVer: 17, GameNetVer: 0 (Checksum: 1563979801)
[2022.09.06-11.51.14:019][  0]LogAudioCaptureCore: Display: No Audio Capture implementations found. Audio input will be silent.
[2022.09.06-11.51.14:020][  0]LogAudioCaptureCore: Display: No Audio Capture implementations found. Audio input will be silent.
[2022.09.06-11.51.14:045][  0]LogMoviePlayer: Initializing movie player
[2022.09.06-11.51.14:047][  0]LogNiagaraDebuggerClient: Niagara Debugger Client Initialized | Session: 0BE9C1C94064A4C96EF6C88FD48E65FC | Instance: 91858F6C49A3EAE7499674A00C526B25 (DESKTOP-N284PUG-8196).
[2022.09.06-11.51.14:049][  0]LogAndroidPermission: UAndroidPermissionCallbackProxy::GetInstance
[2022.09.06-11.51.14:054][  0]LogUObjectArray: 15948 objects as part of root set at end of initial load.
[2022.09.06-11.51.14:054][  0]LogUObjectArray: 2 objects are not in the root set, but can never be destroyed because they are in the DisregardForGC set.
[2022.09.06-11.51.14:055][  0]LogUObjectAllocator: 3240968 out of 0 bytes used by permanent object pool.
[2022.09.06-11.51.14:055][  0]LogUObjectArray: CloseDisregardForGC: 15948/15948 objects in disregard for GC pool
[2022.09.06-11.51.14:056][  0]LogEngine: Initializing Engine...
[2022.09.06-11.51.14:057][  0]LogHMD: Failed to get an OpenXR system, result is XR_ERROR_FORM_FACTOR_UNAVAILABLE. Please check that your runtime supports VR headsets.
[2022.09.06-11.51.14:058][  0]LogStats: UGameplayTagsManager::InitializeManager -  0.000 s
[2022.09.06-11.51.14:109][  0]LogInit: Initializing FReadOnlyCVARCache
[2022.09.06-11.51.14:109][  0]LogAudio: Display: Initializing Audio Device Manager...
[2022.09.06-11.51.14:111][  0]LogAudio: Display: Loading Default Audio Settings Objects...
[2022.09.06-11.51.14:112][  0]LogAudio: Display: No default SoundConcurrencyObject specified (or failed to load).
[2022.09.06-11.51.14:112][  0]LogAudio: Display: Audio Device Manager Initialized
[2022.09.06-11.51.14:113][  0]LogAudio: Display: Creating Audio Device:                 Id: 1, Scope: Shared, Realtime: True
[2022.09.06-11.51.14:113][  0]LogAudioMixer: Display: Audio Mixer Platform Settings:
[2022.09.06-11.51.14:114][  0]LogAudioMixer: Display: 	Sample Rate:						  48000
[2022.09.06-11.51.14:115][  0]LogAudioMixer: Display: 	Callback Buffer Frame Size Requested: 1024
[2022.09.06-11.51.14:115][  0]LogAudioMixer: Display: 	Callback Buffer Frame Size To Use:	  1024
[2022.09.06-11.51.14:116][  0]LogAudioMixer: Display: 	Number of buffers to queue:			  1
[2022.09.06-11.51.14:116][  0]LogAudioMixer: Display: 	Max Channels (voices):				  0
[2022.09.06-11.51.14:116][  0]LogAudioMixer: Display: 	Number of Async Source Workers:		  4
[2022.09.06-11.51.14:117][  0]LogAudio: Display: AudioDevice MaxSources: 32
[2022.09.06-11.51.14:118][  0]LogAudio: Display: Audio Spatialization Plugin: Resonance Audio is external send: 1
[2022.09.06-11.51.14:118][  0]LogAudio: Display: Audio Reverb Plugin: Resonance Audio
[2022.09.06-11.51.14:119][  0]LogAudio: Display: Audio Occlusion Plugin: None (built-in).
[2022.09.06-11.51.14:119][  0]LogAudioMixer: Display: Initializing audio mixer.
[2022.09.06-11.51.14:133][  0]LogAudioDebug: Display: Lib vorbis DLL was dynamically loaded.
[2022.09.06-11.51.14:146][  0]LogAudioMixer: Display: 0: FrontLeft
[2022.09.06-11.51.14:146][  0]LogAudioMixer: Display: 1: FrontRight
[2022.09.06-11.51.14:200][  0]LogAudioMixer: Display: Using Audio Device Headset Earphone (HyperX Virtual Surround Sound)
[2022.09.06-11.51.14:201][  0]LogAudioMixer: Display: Initializing Sound Submixes...
[2022.09.06-11.51.14:203][  0]LogAudioMixer: Display: Creating Master Submix 'MasterSubmixDefault'
[2022.09.06-11.51.14:203][  0]LogAudioMixer: Display: Creating Master Submix 'MasterReverbSubmixDefault'
[2022.09.06-11.51.14:204][  0]LogAudioMixer: Display: Creating Master Submix 'MasterEQSubmixDefault'
[2022.09.06-11.51.14:204][  0]LogStreaming: Error: Couldn't find file for package /ResonanceAudio/ResonanceSubmixDefault requested by async loading code. NameToLoad: /ResonanceAudio/ResonanceSubmixDefault
[2022.09.06-11.51.14:205][  0]LogStreaming: Error: Found 0 dependent packages...
[2022.09.06-11.51.14:205][  0]LogResonanceAudio: Error: Failed to load Resonance Reverb Submix from object path '/ResonanceAudio/ResonanceSubmixDefault.ResonanceSubmixDefault' in ResonanceSettings. Creating 'Resonance Reverb Submix' as stub.
[2022.09.06-11.51.14:206][  0]LogResonanceAudio: Error: Failed to find Resonance UResonanceAudioReverbPluginPreset on default reverb submix. Creating stub '/ResonanceAudio/ResonanceSubmixDefault.ResonanceSubmixDefault'.
[2022.09.06-11.51.14:207][  0]LogAudioMixer: FMixerPlatformXAudio2::StartAudioStream() called
[2022.09.06-11.51.14:207][  0]LogAudioMixer: Display: Output buffers initialized: Frames=1024, Channels=2, Samples=2048
[2022.09.06-11.51.14:208][  0]LogAudioMixer: Display: Starting AudioMixerPlatformInterface::RunInternal()
[2022.09.06-11.51.14:208][  0]LogAudioMixer: Display: FMixerPlatformXAudio2::SubmitBuffer() called for the first time
[2022.09.06-11.51.14:208][  0]LogInit: FAudioDevice initialized.
[2022.09.06-11.51.14:209][  0]LogNetVersion: Set ProjectVersion to 1.0.0.0. Version Checksum will be recalculated on next use.
[2022.09.06-11.51.14:210][  0]LogInit: Texture streaming: Enabled
[2022.09.06-11.51.14:216][  0]LogAudio: Display: Audio Device (ID: 1) registered with world 'Untitled'.
[2022.09.06-11.51.14:217][  0]LogSlate: Updating window title bar state: overlay mode, drag disabled, window buttons hidden, title bar hidden
[2022.09.06-11.51.14:217][  0]LogInit: Display: Game Engine Initialized.
[2022.09.06-11.51.14:218][  0]LogInit: Display: Starting Game.
[2022.09.06-11.51.14:218][  0]LogNet: Browse: /Game/MainMenuSystem/MainMenu?Name=Player
[2022.09.06-11.51.14:219][  0]LogLoad: LoadMap: /Game/MainMenuSystem/MainMenu?Name=Player
[2022.09.06-11.51.14:219][  0]LogWorld: BeginTearingDown for /Temp/Untitled_3
[2022.09.06-11.51.14:221][  0]LogWorld: UWorld::CleanupWorld for Untitled, bSessionEnded=true, bCleanupResources=true
[2022.09.06-11.51.14:221][  0]LogSlate: InvalidateAllWidgets triggered.  All widgets were invalidated
[2022.09.06-11.51.14:225][  0]LogAudio: Display: Audio Device unregistered from world 'None'.
[2022.09.06-11.51.14:228][  0]LogUObjectHash: Compacting FUObjectHashTables data took   1.00ms
[2022.09.06-11.51.14:272][  0]LogAudio: Display: Audio Device (ID: 1) registered with world 'MainMenu'.
[2022.09.06-11.51.14:274][  0]LogAIModule: Creating AISystem for world MainMenu
[2022.09.06-11.51.14:275][  0]LogLoad: Game class is 'MainMenuGameMode_C'
[2022.09.06-11.51.14:276][  0]LogWorld: Bringing World /Game/MainMenuSystem/MainMenu.MainMenu up for play (max tick rate 0) at 2022.09.06-13.51.14
[2022.09.06-11.51.14:276][  0]LogWorld: Bringing up level for play took: 0.000808
[2022.09.06-11.51.14:278][  0]LogGameMode: FindPlayerStart: PATHS NOT DEFINED or NO PLAYERSTART with positive rating
[2022.09.06-11.51.14:279][  0]LogSpawn: Warning: SpawnActor failed because no class was specified
[2022.09.06-11.51.14:283][  0]LogOutputDevice: Warning: 

Script Stack (0 frames):

[2022.09.06-11.51.14:294][  0]LogStats: FPlatformStackWalk::StackWalkAndDump -  0.011 s
[2022.09.06-11.51.14:294][  0]LogOutputDevice: Error: === Handled ensure: ===
[2022.09.06-11.51.14:295][  0]LogOutputDevice: Error: 
[2022.09.06-11.51.14:295][  0]LogOutputDevice: Error: Ensure condition failed: ActorHasBegunPlay == EActorBeginPlayState::HasNotBegunPlay [File:D:/UnrealEngine/Engine/Source/Runtime/Engine/Private/Actor.cpp] [Line: 3512]
[2022.09.06-11.51.14:296][  0]LogOutputDevice: Error: BeginPlay was called on actor /Game/MainMenuSystem/MainMenu.MainMenu:PersistentLevel.BP_HTTPActor_C_2147482532 which was in state 1
[2022.09.06-11.51.14:296][  0]LogOutputDevice: Error: Stack: 
[2022.09.06-11.51.14:297][  0]LogOutputDevice: Error: [Callstack] 0x00007ff7bdf75b39 CadRuntimeLoader.exe!UnknownFunction []
[2022.09.06-11.51.14:297][  0]LogOutputDevice: Error: [Callstack] 0x00007ff7bb9fa900 CadRuntimeLoader.exe!UnknownFunction []
[2022.09.06-11.51.14:298][  0]LogOutputDevice: Error: [Callstack] 0x00007ff7bc9b8b8f CadRuntimeLoader.exe!UnknownFunction []
[2022.09.06-11.51.14:298][  0]LogOutputDevice: Error: [Callstack] 0x00007ff7bbf6abc1 CadRuntimeLoader.exe!UnknownFunction []
[2022.09.06-11.51.14:299][  0]LogOutputDevice: Error: [Callstack] 0x00007ff7bc96a03e CadRuntimeLoader.exe!UnknownFunction []
[2022.09.06-11.51.14:299][  0]LogOutputDevice: Error: [Callstack] 0x00007ff7bc89d9ba CadRuntimeLoader.exe!UnknownFunction []
[2022.09.06-11.51.14:299][  0]LogOutputDevice: Error: [Callstack] 0x00007ff7bc84c4dd CadRuntimeLoader.exe!UnknownFunction []
[2022.09.06-11.51.14:300][  0]LogOutputDevice: Error: [Callstack] 0x00007ff7bbf8bdfe CadRuntimeLoader.exe!UnknownFunction []
[2022.09.06-11.51.14:301][  0]LogOutputDevice: Error: [Callstack] 0x00007ff7b7179c5c CadRuntimeLoader.exe!UnknownFunction []
[2022.09.06-11.51.14:301][  0]LogOutputDevice: Error: [Callstack] 0x00007ff7b7194c43 CadRuntimeLoader.exe!UnknownFunction []
[2022.09.06-11.51.14:301][  0]LogOutputDevice: Error: [Callstack] 0x00007ff7b7194e6a CadRuntimeLoader.exe!UnknownFunction []
[2022.09.06-11.51.14:302][  0]LogOutputDevice: Error: [Callstack] 0x00007ff7b71972bc CadRuntimeLoader.exe!UnknownFunction []
[2022.09.06-11.51.14:302][  0]LogOutputDevice: Error: [Callstack] 0x00007ff7b71a8e54 CadRuntimeLoader.exe!UnknownFunction []
[2022.09.06-11.51.14:303][  0]LogOutputDevice: Error: [Callstack] 0x00007ff7bda9bfce CadRuntimeLoader.exe!UnknownFunction []
[2022.09.06-11.51.14:305][  0]LogOutputDevice: Error: [Callstack] 0x00007ffa8f247034 KERNEL32.DLL!UnknownFunction []
[2022.09.06-11.51.14:306][  0]LogOutputDevice: Error: [Callstack] 0x00007ffa8f4c2651 ntdll.dll!UnknownFunction []
[2022.09.06-11.51.14:307][  0]LogOutputDevice: Error: 
[2022.09.06-11.51.14:327][  0]LogStats:                SubmitErrorReport -  0.000 s
[2022.09.06-11.51.14:574][  0]LogStats:                    SendNewReport -  0.246 s
[2022.09.06-11.51.14:574][  0]LogStats:             FDebug::EnsureFailed -  0.291 s
[2022.09.06-11.51.14:576][  0]LogLoad: Took 0.356707 seconds to LoadMap(/Game/MainMenuSystem/MainMenu)
[2022.09.06-11.51.14:577][  0]LogSlate: Took 0.000312 seconds to synchronously load lazily loaded font '../../../Engine/Content/EngineFonts/Faces/RobotoBold.ufont' (160K)
[2022.09.06-11.51.14:661][  0]LogResonanceAudio: Display: Resonance Audio Listener is initialized
[2022.09.06-11.51.14:662][  0]LogSlate: Took 0.000442 seconds to synchronously load lazily loaded font '../../../Engine/Content/Slate/Fonts/Roboto-Regular.ttf' (155K)
[2022.09.06-11.51.14:719][  0]LogRenderer: Reallocating scene render targets to support 1920x1080 Format 10 NumSamples 4 (Frame:1).
[2022.09.06-11.51.14:719][  0]LogRHI: Display: ShaderPipelineCache: Paused Batching. 1
[2022.09.06-11.51.14:720][  0]LogPakFile: AllPaks IndexSizes: DirectoryHashSize=227232, PathHashSize=16, EntriesSize=32752, TotalSize=260000
[2022.09.06-11.51.14:721][  0]LogRHI: Display: ShaderPipelineCache: Resumed Batching. 0
[2022.09.06-11.51.14:721][  0]LogRHI: Display: ShaderPipelineCache: Batching Resumed.
[2022.09.06-11.51.14:722][  0]LogInit: Display: Engine is initialized. Leaving FEngineLoop::Init()
[2022.09.06-11.51.14:722][  0]LogLoad: (Engine Initialization) Total time: 3.06 seconds
[2022.09.06-11.51.14:727][  0]LogContentStreaming: Texture pool size now 1000 MB
[2022.09.06-11.51.14:730][  0]LogSlate: InvalidateAllWidgets triggered.  All widgets were invalidated
[2022.09.06-11.51.14:756][  0]LogSlate: Slate font cache was flushed
[2022.09.06-11.51.14:759][  1]LogSlate: Took 0.000272 seconds to synchronously load lazily loaded font '../../../Engine/Content/Slate/Fonts/Roboto-Regular.ttf' (155K)
[2022.09.06-11.51.14:760][  1]LogSlate: Took 0.000276 seconds to synchronously load lazily loaded font '../../../Engine/Content/EngineFonts/Faces/RobotoBold.ufont' (160K)
[2022.09.06-11.51.18:599][948]LogNet: Browse: /Game/Maps/ServerMap?listen
[2022.09.06-11.51.18:600][948]LogLoad: LoadMap: /Game/Maps/ServerMap?listen
[2022.09.06-11.51.18:601][948]LogWorld: BeginTearingDown for /Game/MainMenuSystem/MainMenu
[2022.09.06-11.51.18:602][948]LogWorld: UWorld::CleanupWorld for MainMenu, bSessionEnded=true, bCleanupResources=true
[2022.09.06-11.51.18:602][948]LogSlate: InvalidateAllWidgets triggered.  All widgets were invalidated
[2022.09.06-11.51.18:629][948]LogAudio: Display: Audio Device unregistered from world 'None'.
[2022.09.06-11.51.18:632][948]LogUObjectHash: Compacting FUObjectHashTables data took   0.81ms
[2022.09.06-11.51.18:634][948]LogStreaming: Display: FlushAsyncLoading: 1 QueuedPackages, 0 AsyncPackages
[2022.09.06-11.51.18:641][948]LogAudio: Display: Audio Device (ID: 1) registered with world 'ServerMap'.
[2022.09.06-11.51.18:642][948]LogAIModule: Creating AISystem for world ServerMap
[2022.09.06-11.51.18:670][948]LogLoad: Game class is 'VRGameMode_C'
[2022.09.06-11.51.18:671][948]LogOnline: OSS: Creating online subsystem instance for: Steam
[2022.09.06-11.51.18:689][948]LogSteamShared: Warning: SteamAPI failed to initialize, conditions not met.
[2022.09.06-11.51.18:690][948]LogOnline: Warning: STEAM: Steamworks: SteamUtils() failed!
[2022.09.06-11.51.18:690][948]LogOnline: Warning: STEAM: Steamworks: SteamUser() failed!
[2022.09.06-11.51.18:691][948]LogOnline: Warning: STEAM: Steamworks: SteamFriends() failed!
[2022.09.06-11.51.18:691][948]LogOnline: Warning: STEAM: Steamworks: SteamRemoteStorage() failed!
[2022.09.06-11.51.18:691][948]LogOnline: Warning: STEAM: Steamworks: SteamUserStats() failed!
[2022.09.06-11.51.18:692][948]LogOnline: Warning: STEAM: Steamworks: SteamMatchmakingServers() failed!
[2022.09.06-11.51.18:692][948]LogOnline: Warning: STEAM: Steamworks: SteamApps() failed!
[2022.09.06-11.51.18:693][948]LogOnline: Warning: STEAM: Steamworks: SteamNetworking() failed!
[2022.09.06-11.51.18:693][948]LogOnline: Warning: STEAM: Steamworks: SteamMatchmaking() failed!
[2022.09.06-11.51.18:694][948]LogOnline: STEAM: [AppId: 0] Client API initialized 0
[2022.09.06-11.51.18:694][948]LogOnline: Display: STEAM: OnlineSubsystemSteam::Shutdown()
[2022.09.06-11.51.18:694][948]LogOnline: Warning: STEAM: Steam API failed to initialize!
[2022.09.06-11.51.18:695][948]LogOnline: Display: STEAM: OnlineSubsystemSteam::Shutdown()
[2022.09.06-11.51.18:695][948]LogNet: ReplicationDriverClass is null! Not using ReplicationDriver.
[2022.09.06-11.51.18:695][948]LogNetCore: DDoS detection status: detection enabled: 0 analytics enabled: 0
[2022.09.06-11.51.18:696][948]LogInit: WinSock: Socket queue. Rx: 131072 (config 131072) Tx: 131072 (config 131072)
[2022.09.06-11.51.18:696][948]LogNet: Created socket for bind address: 0.0.0.0 on port 7777
[2022.09.06-11.51.18:696][948]PacketHandlerLog: Loaded PacketHandler component: Engine.EngineHandlerComponentFactory (StatelessConnectHandlerComponent)
[2022.09.06-11.51.18:697][948]LogNet: GameNetDriver IpNetDriver_2147482510 IpNetDriver listening on port 7777
[2022.09.06-11.51.18:698][948]LogWorld: Bringing World /Game/Maps/ServerMap.ServerMap up for play (max tick rate 0) at 2022.09.06-13.51.18
[2022.09.06-11.51.18:698][948]LogWorld: Bringing up level for play took: 0.000503
[2022.09.06-11.51.18:700][948]LogLoad: Took 0.100928 seconds to LoadMap(/Game/Maps/ServerMap)
[2022.09.06-11.51.21:358][967]LogViewport: Display: Viewport MouseLockMode Changed, LockOnCapture -> DoNotLock
[2022.09.06-11.51.21:358][967]LogViewport: Display: Viewport MouseCaptureMode Changed, CapturePermanently_IncludingInitialMouseDown -> CaptureDuringMouseDown
[2022.09.06-11.51.39:245][660]LogViewport: Display: Viewport MouseLockMode Changed, DoNotLock -> LockOnCapture
[2022.09.06-11.51.39:245][660]LogViewport: Display: Viewport MouseCaptureMode Changed, CaptureDuringMouseDown -> CapturePermanently
[2022.09.06-11.51.43:499][241]LogViewport: Display: Viewport MouseLockMode Changed, LockOnCapture -> DoNotLock
[2022.09.06-11.51.43:499][241]LogViewport: Display: Viewport MouseCaptureMode Changed, CapturePermanently -> CaptureDuringMouseDown
[2022.09.06-11.51.49:832][730]LogViewport: Display: Viewport MouseLockMode Changed, DoNotLock -> LockOnCapture
[2022.09.06-11.51.49:832][730]LogViewport: Display: Viewport MouseCaptureMode Changed, CaptureDuringMouseDown -> CapturePermanently
[2022.09.06-11.52.05:136][474]LogViewport: Display: Viewport MouseLockMode Changed, LockOnCapture -> DoNotLock
[2022.09.06-11.52.05:136][474]LogViewport: Display: Viewport MouseCaptureMode Changed, CapturePermanently -> CaptureDuringMouseDown
[2022.09.06-11.52.13:161][608]LogViewport: Display: Viewport MouseLockMode Changed, DoNotLock -> LockOnCapture
[2022.09.06-11.52.13:161][608]LogViewport: Display: Viewport MouseCaptureMode Changed, CaptureDuringMouseDown -> CapturePermanently
[2022.09.06-11.52.16:638][658]LogViewport: Display: Viewport MouseLockMode Changed, LockOnCapture -> DoNotLock
[2022.09.06-11.52.16:639][658]LogViewport: Display: Viewport MouseCaptureMode Changed, CapturePermanently -> CaptureDuringMouseDown
[2022.09.06-11.52.18:955][334]LogViewport: Display: Viewport MouseLockMode Changed, DoNotLock -> LockOnCapture
[2022.09.06-11.52.18:956][334]LogViewport: Display: Viewport MouseCaptureMode Changed, CaptureDuringMouseDown -> CapturePermanently
[2022.09.06-11.52.23:719][733]LogViewport: Display: Viewport MouseLockMode Changed, LockOnCapture -> DoNotLock
[2022.09.06-11.52.23:719][733]LogViewport: Display: Viewport MouseCaptureMode Changed, CapturePermanently -> CaptureDuringMouseDown
[2022.09.06-11.52.24:446][939]Closing by request
[2022.09.06-11.52.24:447][939]LogWindows: FPlatformMisc::RequestExit(0)
[2022.09.06-11.52.24:448][939]LogWindows: FPlatformMisc::RequestExitWithStatus(0, 0)
[2022.09.06-11.52.24:449][939]LogCore: Engine exit requested (reason: Win RequestExit)
[2022.09.06-11.52.24:451][940]LogCore: Engine exit requested (reason: EngineExit() was called; note: exit was already requested)
[2022.09.06-11.52.24:451][940]LogInit: Display: PreExit Game.
[2022.09.06-11.52.24:458][940]LogWorld: BeginTearingDown for /Game/Maps/ServerMap
[2022.09.06-11.52.24:458][940]LogNet: World NetDriver shutdown IpNetDriver_2147482510 [GameNetDriver]
[2022.09.06-11.52.24:459][940]LogNet: DestroyNamedNetDriver IpNetDriver_2147482510 [GameNetDriver]
[2022.09.06-11.52.24:459][940]LogExit: GameNetDriver IpNetDriver_2147482510 shut down
[2022.09.06-11.52.24:460][940]LogWorld: UWorld::CleanupWorld for ServerMap, bSessionEnded=true, bCleanupResources=true
[2022.09.06-11.52.24:461][940]LogSlate: InvalidateAllWidgets triggered.  All widgets were invalidated
[2022.09.06-11.52.25:081][940]LogAudio: Display: Beginning Audio Device Manager Shutdown (Module: AudioMixerXAudio2)...
[2022.09.06-11.52.25:081][940]LogAudio: Display: Destroying 1 Remaining Audio Device(s)...
[2022.09.06-11.52.25:082][940]LogAudio: Display: Audio Device unregistered from world 'ServerMap'.
[2022.09.06-11.52.25:117][940]LogResonanceAudio: Display: Resonance Audio Listener is shutdown
[2022.09.06-11.52.25:117][940]LogAudioMixer: FMixerPlatformXAudio2::StopAudioStream() called
[2022.09.06-11.52.25:118][940]LogAudioMixer: FMixerPlatformXAudio2::StopAudioStream() called
[2022.09.06-11.52.25:146][940]LogAudio: Display: Audio Device Manager Shutdown
[2022.09.06-11.52.25:146][940]LogSlate: Request Window 'CadRuntimeLoader (64-bit Development PCD3D_SM5) ' being destroyed
[2022.09.06-11.52.25:155][940]LogSlate: Window 'CadRuntimeLoader (64-bit Development PCD3D_SM5) ' being destroyed
[2022.09.06-11.52.25:156][940]LogWindowsTextInputMethodSystem: Display: IME system deactivated.
[2022.09.06-11.52.25:169][940]LogExit: Preparing to exit.
[2022.09.06-11.52.25:169][940]LogMoviePlayer: Shutting down movie player
[2022.09.06-11.52.25:176][940]LogSlate: Updating window title bar state: overlay mode, drag disabled, window buttons hidden, title bar hidden
[2022.09.06-11.52.25:194][940]LogDemo: Cleaned up 0 splitscreen connections with owner deletion
[2022.09.06-11.52.25:241][940]LogExit: Game engine shut down
[2022.09.06-11.52.25:301][940]LogExit: Object subsystem successfully closed.
[2022.09.06-11.52.25:303][940]LogPhysicsCore: Error: PHYSX: (D:\Build\++Fortnite\Sync\Engine\Source\ThirdParty\PhysX3\PxShared\src\foundation\src\PsFoundation.cpp 180) eINVALID_OPERATION : Foundation destruction failed due to pending module references. Close/release all depending modules first.
[2022.09.06-11.52.25:311][940]LogModuleManager: Shutting down and abandoning module AutomationController (358)
[2022.09.06-11.52.25:312][940]LogModuleManager: Shutting down and abandoning module AutomationWorker (356)
[2022.09.06-11.52.25:312][940]LogModuleManager: Shutting down and abandoning module Voice (354)
[2022.09.06-11.52.25:312][940]LogModuleManager: Shutting down and abandoning module AIModule (352)
[2022.09.06-11.52.25:313][940]LogModuleManager: Shutting down and abandoning module GameplayDebugger (351)
[2022.09.06-11.52.25:313][940]LogModuleManager: Shutting down and abandoning module NavigationSystem (349)
[2022.09.06-11.52.25:313][940]LogModuleManager: Shutting down and abandoning module WebMMediaFactory (346)
[2022.09.06-11.52.25:314][940]LogModuleManager: Shutting down and abandoning module WebMMedia (344)
[2022.09.06-11.52.25:315][940]LogModuleManager: Shutting down and abandoning module WmfMediaFactory (342)
[2022.09.06-11.52.25:316][940]LogModuleManager: Shutting down and abandoning module OpenExrWrapper (340)
[2022.09.06-11.52.25:316][940]LogModuleManager: Shutting down and abandoning module ImgMediaFactory (338)
[2022.09.06-11.52.25:317][940]LogModuleManager: Shutting down and abandoning module AvfMediaFactory (336)
[2022.09.06-11.52.25:317][940]LogModuleManager: Shutting down and abandoning module CharacterAI (334)
[2022.09.06-11.52.25:317][940]LogModuleManager: Shutting down and abandoning module PlanarCut (332)
[2022.09.06-11.52.25:318][940]LogModuleManager: Shutting down and abandoning module OpenXRInput (330)
[2022.09.06-11.52.25:318][940]LogModuleManager: Shutting down and abandoning module SessionServices (328)
[2022.09.06-11.52.25:318][940]LogModuleManager: Shutting down and abandoning module LiveCoding (326)
[2022.09.06-11.52.25:319][940]LogModuleManager: Shutting down and abandoning module LevelSequence (324)
[2022.09.06-11.52.25:319][940]LogModuleManager: Shutting down and abandoning module MovieSceneTracks (322)
[2022.09.06-11.52.25:319][940]LogModuleManager: Shutting down and abandoning module MovieScene (320)
[2022.09.06-11.52.25:320][940]LogModuleManager: Shutting down and abandoning module StreamingPauseRendering (318)
[2022.09.06-11.52.25:320][940]LogModuleManager: Shutting down and abandoning module AudioMixerXAudio2 (316)
[2022.09.06-11.52.25:321][940]LogModuleManager: Shutting down and abandoning module AudioMixerCore (315)
[2022.09.06-11.52.25:321][940]LogModuleManager: Shutting down and abandoning module ImageWriteQueue (312)
[2022.09.06-11.52.25:321][940]LogModuleManager: Shutting down and abandoning module ProfilerService (310)
[2022.09.06-11.52.25:363][940]LogModuleManager: Shutting down and abandoning module TaskGraph (308)
[2022.09.06-11.52.25:363][940]LogModuleManager: Shutting down and abandoning module Synthesis (306)
[2022.09.06-11.52.25:364][940]LogModuleManager: Shutting down and abandoning module TakeMovieScene (304)
[2022.09.06-11.52.25:365][940]LogModuleManager: Shutting down and abandoning module LiveLinkMovieScene (302)
[2022.09.06-11.52.25:365][940]LogModuleManager: Shutting down and abandoning module LiveLinkComponents (300)
[2022.09.06-11.52.25:366][940]LogModuleManager: Shutting down and abandoning module LiveLink (298)
[2022.09.06-11.52.26:072][940]LogModuleManager: Shutting down and abandoning module MobilePatchingUtils (296)
[2022.09.06-11.52.26:072][940]LogModuleManager: Shutting down and abandoning module GooglePAD (294)
[2022.09.06-11.52.26:073][940]LogModuleManager: Shutting down and abandoning module CustomMeshComponent (292)
[2022.09.06-11.52.26:074][940]LogModuleManager: Shutting down and abandoning module CableComponent (290)
[2022.09.06-11.52.26:074][940]LogModuleManager: Shutting down and abandoning module AudioCapture (288)
[2022.09.06-11.52.26:075][940]LogModuleManager: Shutting down and abandoning module AudioCaptureRtAudio (287)
[2022.09.06-11.52.26:075][940]LogModuleManager: Shutting down and abandoning module AssetTags (284)
[2022.09.06-11.52.26:076][940]LogModuleManager: Shutting down and abandoning module ArchVisCharacter (282)
[2022.09.06-11.52.26:076][940]LogModuleManager: Shutting down and abandoning module AppleImageUtils (280)
[2022.09.06-11.52.26:077][940]LogModuleManager: Shutting down and abandoning module AndroidPermission (278)
[2022.09.06-11.52.26:077][940]LogModuleManager: Shutting down and abandoning module ActorLayerUtilities (276)
[2022.09.06-11.52.26:078][940]LogModuleManager: Shutting down and abandoning module MediaCompositing (274)
[2022.09.06-11.52.26:078][940]LogModuleManager: Shutting down and abandoning module ImgMedia (272)
[2022.09.06-11.52.26:079][940]LogModuleManager: Shutting down and abandoning module MagicLeapLightEstimation (270)
[2022.09.06-11.52.26:079][940]LogModuleManager: Shutting down and abandoning module MagicLeapHelperVulkan (268)
[2022.09.06-11.52.26:080][940]LogModuleManager: Shutting down and abandoning module MagicLeapHelperOpenGL (266)
[2022.09.06-11.52.26:080][940]LogModuleManager: Shutting down and abandoning module MagicLeapAudio (264)
[2022.09.06-11.52.26:081][940]LogModuleManager: Shutting down and abandoning module MagicLeapSharedWorld (262)
[2022.09.06-11.52.26:081][940]LogModuleManager: Shutting down and abandoning module OpenImageDenoise (260)
[2022.09.06-11.52.26:082][940]LogModuleManager: Shutting down and abandoning module MotoSynth (258)
[2022.09.06-11.52.26:082][940]LogModuleManager: Shutting down and abandoning module ChaosNiagara (256)
[2022.09.06-11.52.26:083][940]LogModuleManager: Shutting down and abandoning module GeometryCollectionTracks (254)
[2022.09.06-11.52.26:083][940]LogModuleManager: Shutting down and abandoning module EditableMesh (252)
[2022.09.06-11.52.26:084][940]LogModuleManager: Shutting down and abandoning module MeshConversion (250)
[2022.09.06-11.52.26:084][940]LogModuleManager: Shutting down and abandoning module DynamicMesh (248)
[2022.09.06-11.52.26:085][940]LogModuleManager: Shutting down and abandoning module GeometryAlgorithms (246)
[2022.09.06-11.52.26:085][940]LogModuleManager: Shutting down and abandoning module GeometricObjects (244)
[2022.09.06-11.52.26:086][940]LogModuleManager: Shutting down and abandoning module BackChannel (242)
[2022.09.06-11.52.26:088][940]LogModuleManager: Shutting down and abandoning module AutomationUtils (240)
[2022.09.06-11.52.26:089][940]LogModuleManager: Shutting down and abandoning module GeometryCacheTracks (238)
[2022.09.06-11.52.26:089][940]LogModuleManager: Shutting down and abandoning module GeometryCache (236)
[2022.09.06-11.52.26:090][940]LogModuleManager: Shutting down and abandoning module UObjectPlugin (234)
[2022.09.06-11.52.26:090][940]LogModuleManager: Shutting down and abandoning module OodleNetworkHandlerComponent (232)
[2022.09.06-11.52.26:091][940]LogModuleManager: Shutting down and abandoning module TemplateSequence (230)
[2022.09.06-11.52.26:091][940]LogModuleManager: Shutting down and abandoning module RuntimeMeshComponent (228)
[2022.09.06-11.52.26:092][940]LogModuleManager: Shutting down and abandoning module ProceduralMeshComponent (226)
[2022.09.06-11.52.26:092][940]LogModuleManager: Shutting down and abandoning module ResonanceAudio (224)
[2022.09.06-11.52.26:093][940]LogModuleManager: Shutting down and abandoning module CadRuntimeLoader (222)
[2022.09.06-11.52.26:093][940]LogModuleManager: Shutting down and abandoning module AudioSynesthesia (220)
[2022.09.06-11.52.26:094][940]LogModuleManager: Shutting down and abandoning module AudioSynesthesiaCore (218)
[2022.09.06-11.52.26:095][940]LogModuleManager: Shutting down and abandoning module SoundFields (216)
[2022.09.06-11.52.26:095][940]LogModuleManager: Shutting down and abandoning module RuntimePhysXCooking (214)
[2022.09.06-11.52.26:096][940]LogModuleManager: Shutting down and abandoning module LocationServicesBPLibrary (210)
[2022.09.06-11.52.26:096][940]LogModuleManager: Shutting down and abandoning module ActorSequence (208)
[2022.09.06-11.52.26:096][940]LogModuleManager: Shutting down and abandoning module UdpMessaging (206)
[2022.09.06-11.52.26:097][940]LogModuleManager: Shutting down and abandoning module TcpMessaging (204)
[2022.09.06-11.52.26:098][940]LogModuleManager: Shutting down and abandoning module ImgMediaEngine (202)
[2022.09.06-11.52.26:098][940]LogModuleManager: Shutting down and abandoning module MagicLeapHandMeshing (200)
[2022.09.06-11.52.26:099][940]LogModuleManager: Shutting down and abandoning module MagicLeapSecureStorage (198)
[2022.09.06-11.52.26:099][940]LogModuleManager: Shutting down and abandoning module MagicLeapPrivileges (196)
[2022.09.06-11.52.26:100][940]LogModuleManager: Shutting down and abandoning module MagicLeapPlanes (194)
[2022.09.06-11.52.26:100][940]LogModuleManager: Shutting down and abandoning module MagicLeapImageTracker (192)
[2022.09.06-11.52.26:101][940]LogModuleManager: Shutting down and abandoning module MagicLeapIdentity (190)
[2022.09.06-11.52.26:101][940]LogModuleManager: Shutting down and abandoning module MagicLeapHandTracking (188)
[2022.09.06-11.52.26:102][940]LogModuleManager: Shutting down and abandoning module MagicLeapEyeTracker (186)
[2022.09.06-11.52.26:104][940]LogModuleManager: Shutting down and abandoning module MagicLeapController (184)
[2022.09.06-11.52.26:105][940]LogModuleManager: Shutting down and abandoning module MagicLeapARPinImpl (182)
[2022.09.06-11.52.26:105][940]LogModuleManager: Shutting down and abandoning module MagicLeapAR (180)
[2022.09.06-11.52.26:106][940]LogModuleManager: Shutting down and abandoning module MagicLeapARPin (178)
[2022.09.06-11.52.26:106][940]LogModuleManager: Shutting down and abandoning module NiagaraAnimNotifies (176)
[2022.09.06-11.52.26:107][940]LogModuleManager: Shutting down and abandoning module Niagara (174)
[2022.09.06-11.52.26:107][940]LogModuleManager: Shutting down and abandoning module SignalProcessing (173)
[2022.09.06-11.52.26:108][940]LogModuleManager: Shutting down and abandoning module NiagaraCore (170)
[2022.09.06-11.52.26:108][940]LogModuleManager: Shutting down and abandoning module FacialAnimation (168)
[2022.09.06-11.52.26:109][940]LogModuleManager: Shutting down and abandoning module SignificanceManager (166)
[2022.09.06-11.52.26:109][940]LogModuleManager: Shutting down and abandoning module AnimationSharing (164)
[2022.09.06-11.52.26:110][940]LogModuleManager: Shutting down and abandoning module GameplayCameras (162)
[2022.09.06-11.52.26:110][940]LogModuleManager: Shutting down and abandoning module LightPropagationVolumeRuntime (160)
[2022.09.06-11.52.26:110][940]LogModuleManager: Shutting down and abandoning module Paper2D (158)
[2022.09.06-11.52.26:111][940]LogModuleManager: Shutting down and abandoning module WindowsMoviePlayer (156)
[2022.09.06-11.52.26:112][940]LogModuleManager: Shutting down and abandoning module WebMMoviePlayer (154)
[2022.09.06-11.52.26:112][940]LogModuleManager: Shutting down and abandoning module NetworkReplayStreaming (152)
[2022.09.06-11.52.26:113][940]LogModuleManager: Shutting down and abandoning module PacketHandler (150)
[2022.09.06-11.52.26:113][940]LogModuleManager: Shutting down and abandoning module ClothingSystemRuntimeNv (148)
[2022.09.06-11.52.26:114][940]LogModuleManager: Shutting down and abandoning module MediaAssets (146)
[2022.09.06-11.52.26:114][940]LogModuleManager: Shutting down and abandoning module Overlay (144)
[2022.09.06-11.52.26:115][940]LogModuleManager: Shutting down and abandoning module FunctionalTesting (142)
[2022.09.06-11.52.26:115][940]LogModuleManager: Shutting down and abandoning module MessageLog (140)
[2022.09.06-11.52.26:116][940]LogModuleManager: Shutting down and abandoning module UMG (138)
[2022.09.06-11.52.26:116][940]LogModuleManager: Shutting down and abandoning module SlateReflector (136)
[2022.09.06-11.52.26:117][940]LogModuleManager: Shutting down and abandoning module Slate (134)
[2022.09.06-11.52.26:117][940]LogModuleManager: Shutting down and abandoning module SlateCore (132)
[2022.09.06-11.52.26:119][940]LogModuleManager: Shutting down and abandoning module MRMesh (130)
[2022.09.06-11.52.26:120][940]LogModuleManager: Shutting down and abandoning module Messaging (128)
[2022.09.06-11.52.26:121][940]LogModuleManager: Shutting down and abandoning module HeadMountedDisplay (126)
[2022.09.06-11.52.26:121][940]LogModuleManager: Shutting down and abandoning module XAudio2 (124)
[2022.09.06-11.52.26:121][940]LogModuleManager: Shutting down and abandoning module Networking (122)
[2022.09.06-11.52.26:122][940]LogModuleManager: Shutting down and abandoning module Core (120)
[2022.09.06-11.52.26:123][940]LogModuleManager: Shutting down and abandoning module FieldSystemEngine (118)
[2022.09.06-11.52.26:123][940]LogModuleManager: Shutting down and abandoning module ImageWrapper (114)
[2022.09.06-11.52.26:123][940]LogModuleManager: Shutting down and abandoning module D3D11RHI (112)
[2022.09.06-11.52.26:124][940]LogModuleManager: Shutting down and abandoning module InputCore (110)
[2022.09.06-11.52.26:125][940]LogModuleManager: Shutting down and abandoning module Settings (108)
[2022.09.06-11.52.26:125][940]LogModuleManager: Shutting down and abandoning module PhysXCooking (106)
[2022.09.06-11.52.26:126][940]LogModuleManager: Shutting down and abandoning module Chaos (104)
[2022.09.06-11.52.26:126][940]LogModuleManager: Shutting down and abandoning module WindowsPlatformFeatures (102)
[2022.09.06-11.52.26:127][940]LogModuleManager: Shutting down and abandoning module GameplayMediaEncoder (101)
[2022.09.06-11.52.26:127][940]LogModuleManager: Shutting down and abandoning module AVEncoder (100)
[2022.09.06-11.52.26:128][940]LogModuleManager: Shutting down and abandoning module OpenXRHandTracking (96)
[2022.09.06-11.52.26:128][940]LogSlate: Slate User Destroyed.  User Index 0, Is Virtual User: 0
[2022.09.06-11.52.26:129][940]LogModuleManager: Shutting down and abandoning module OpenXREyeTracker (94)
[2022.09.06-11.52.26:129][940]LogModuleManager: Shutting down and abandoning module ExampleDeviceProfileSelector (92)
[2022.09.06-11.52.26:129][940]LogModuleManager: Shutting down and abandoning module ChunkDownloader (90)
[2022.09.06-11.52.26:130][940]LogModuleManager: Shutting down and abandoning module LauncherChunkInstaller (88)
[2022.09.06-11.52.26:131][940]LogModuleManager: Shutting down and abandoning module WmfMedia (86)
[2022.09.06-11.52.26:131][940]LogModuleManager: Shutting down and abandoning module Media (85)
[2022.09.06-11.52.26:132][940]LogModuleManager: Shutting down and abandoning module MediaInfo (84)
[2022.09.06-11.52.26:132][940]LogModuleManager: Shutting down and abandoning module ExrReaderGpu (80)
[2022.09.06-11.52.26:133][940]LogModuleManager: Shutting down and abandoning module MLSDK (78)
[2022.09.06-11.52.26:133][940]LogModuleManager: Shutting down and abandoning module MagicLeap (76)
[2022.09.06-11.52.26:136][940]LogModuleManager: Shutting down and abandoning module NiagaraVertexFactories (74)
[2022.09.06-11.52.26:136][940]LogModuleManager: Shutting down and abandoning module NiagaraShader (72)
[2022.09.06-11.52.26:136][940]LogModuleManager: Shutting down and abandoning module ChaosCloth (70)
[2022.09.06-11.52.26:137][940]LogModuleManager: Shutting down and abandoning module VariantManagerContent (68)
[2022.09.06-11.52.26:137][940]LogModuleManager: Shutting down and abandoning module DatasmithContent (66)
[2022.09.06-11.52.26:138][940]LogModuleManager: Shutting down and abandoning module PixWinPlugin (64)
[2022.09.06-11.52.26:138][940]LogModuleManager: Shutting down and abandoning module AISupportModule (62)
[2022.09.06-11.52.26:138][940]LogModuleManager: Shutting down and abandoning module OculusOpenXRHMD (60)
[2022.09.06-11.52.26:139][940]LogModuleManager: Shutting down and abandoning module OnlineSubsystem (56)
[2022.09.06-11.52.26:140][940]LogModuleManager: Shutting down and abandoning module SteamShared (50)
[2022.09.06-11.52.26:140][940]LogSteamShared: Freeing the Steam Loaded Modules...
[2022.09.06-11.52.26:140][940]LogModuleManager: Shutting down and abandoning module HTTP (47)
[2022.09.06-11.52.26:140][940]LogHttp: Display: cleaning up 0 outstanding Http requests.
[2022.09.06-11.52.26:151][940]LogModuleManager: Shutting down and abandoning module SSL (46)
[2022.09.06-11.52.26:151][940]LogModuleManager: Shutting down and abandoning module OpenXRAR (42)
[2022.09.06-11.52.26:151][940]LogModuleManager: Shutting down and abandoning module AugmentedReality (41)
[2022.09.06-11.52.26:152][940]LogModuleManager: Shutting down and abandoning module OpenXRHMD (38)
[2022.09.06-11.52.26:154][940]LogModuleManager: Shutting down and abandoning module PlatformCryptoOpenSSL (36)
[2022.09.06-11.52.26:155][940]LogModuleManager: Shutting down and abandoning module PlatformCryptoTypes (34)
[2022.09.06-11.52.26:155][940]LogModuleManager: Shutting down and abandoning module PlatformCrypto (32)
[2022.09.06-11.52.26:155][940]LogModuleManager: Shutting down and abandoning module PythonScriptPluginPreload (30)
[2022.09.06-11.52.26:156][940]LogModuleManager: Shutting down and abandoning module OodleDataCompressionFormat (28)
[2022.09.06-11.52.26:157][940]LogModuleManager: Shutting down and abandoning module RenderCore (26)
[2022.09.06-11.52.26:157][940]LogModuleManager: Shutting down and abandoning module Landscape (24)
[2022.09.06-11.52.26:158][940]LogModuleManager: Shutting down and abandoning module SlateRHIRenderer (22)
[2022.09.06-11.52.26:158][940]LogModuleManager: Shutting down and abandoning module AnimGraphRuntime (20)
[2022.09.06-11.52.26:158][940]LogModuleManager: Shutting down and abandoning module Renderer (18)
[2022.09.06-11.52.26:159][940]LogModuleManager: Shutting down and abandoning module Engine (16)
[2022.09.06-11.52.26:159][940]LogModuleManager: Shutting down and abandoning module CoreUObject (14)
[2022.09.06-11.52.26:159][940]LogModuleManager: Shutting down and abandoning module NetworkFile (12)
[2022.09.06-11.52.26:160][940]LogModuleManager: Shutting down and abandoning module CookedIterativeFile (10)
[2022.09.06-11.52.26:161][940]LogModuleManager: Shutting down and abandoning module StreamingFile (8)
[2022.09.06-11.52.26:161][940]LogModuleManager: Shutting down and abandoning module SandboxFile (6)
[2022.09.06-11.52.26:161][940]LogModuleManager: Shutting down and abandoning module PakFile (4)
[2022.09.06-11.52.26:162][940]LogModuleManager: Shutting down and abandoning module RSA (3)
[2022.09.06-11.52.26:162][940]LogContentStreaming: Display: There are 1 unreleased StreamingManagers
[2022.09.06-11.52.26:167][940]LogD3D11RHI: Shutdown
[2022.09.06-11.52.26:167][940]LogD3D11RHI: CleanupD3DDevice
[2022.09.06-11.52.26:170][940]LogExit: Exiting.
[2022.09.06-11.52.26:201][940]Log file closed, 09/06/22 13:52:26
