Log file open, 07/25/22 23:47:11
LogWindows: Failed to load 'aqProf.dll' (GetLastError=126)
LogWindows: File 'aqProf.dll' does not exist
LogWindows: Failed to load 'VtuneApi.dll' (GetLastError=126)
LogWindows: File 'VtuneApi.dll' does not exist
LogWindows: Failed to load 'VtuneApi32e.dll' (GetLastError=126)
LogWindows: File 'VtuneApi32e.dll' does not exist
LogConsoleResponse: Display: Failed to find resolution value strings in scalability ini. Falling back to default.
LogConsoleResponse: Display: Failed to find resolution value strings in scalability ini. Falling back to default.
LogPakFile: Display: Found Pak file ../../../CadRuntimeLoader/Content/Paks/CadRuntimeLoader-WindowsNoEditor.pak attempting to mount.
LogPakFile: Display: Mounting pak file ../../../CadRuntimeLoader/Content/Paks/CadRuntimeLoader-WindowsNoEditor.pak.
LogPakFile: PakFile PrimaryIndexSize=26474
LogPakFile: PakFile PathHashIndexSize=46364
LogPakFile: PakFile FullDirectoryIndexSize=57837
LogShaderLibrary: Display: ShaderCodeLibraryPakFileMountedCallback: PakFile '../../../CadRuntimeLoader/Content/Paks/CadRuntimeLoader-WindowsNoEditor.pak' (chunk index -1, root '../../../') mounted
LogShaderLibrary: Display: ShaderCodeLibraryPakFileMountedCallback: pending pak file info (ChunkID:-1 Root:../../../ File:../../../CadRuntimeLoader/Content/Paks/CadRuntimeLoader-WindowsNoEditor.pak)
LogPakFile: OnPakFileMounted2Time == 0.000036
LogPlatformFile: Not using cached read wrapper
LogTaskGraph: Started task graph with 5 named threads and 23 total threads with 3 sets of task threads.
LogStats: Stats thread started at 0.111138
LogICUInternationalization: ICU TimeZone Detection - Raw Offset: +1:00, Platform Override: ''
LogInit: Display: Loading text-based GConfig....
LogPluginManager: Mounting plugin ResonanceAudio
LogPluginManager: Mounting plugin ProceduralMeshComponent
LogPluginManager: Mounting plugin OpenXR
LogPluginManager: Mounting plugin OculusOpenXR
LogPluginManager: Mounting plugin OnlineSubsystemSteam
LogPluginManager: Mounting plugin OnlineSubsystem
LogPluginManager: Mounting plugin OnlineSubsystemUtils
LogPluginManager: Mounting plugin SteamShared
LogPluginManager: Mounting plugin RuntimeMeshComponent
LogPluginManager: Mounting plugin Paper2D
LogPluginManager: Mounting plugin AISupport
LogPluginManager: Mounting plugin EnvironmentQueryEditor
LogPluginManager: Mounting plugin LightPropagationVolume
LogPluginManager: Mounting plugin CameraShakePreviewer
LogPluginManager: Mounting plugin GameplayCameras
LogPluginManager: Mounting plugin TemplateSequence
LogPluginManager: Mounting plugin LevelSequenceEditor
LogPluginManager: Mounting plugin OodleData
LogPluginManager: Mounting plugin OodleNetwork
LogPluginManager: Mounting plugin AnimationSharing
LogPluginManager: Mounting plugin SignificanceManager
LogPluginManager: Mounting plugin PixWinPlugin
LogPluginManager: Mounting plugin PluginUtils
LogPluginManager: Mounting plugin PropertyAccessEditor
LogPluginManager: Mounting plugin UObjectPlugin
LogPluginManager: Mounting plugin AssetManagerEditor
LogPluginManager: Mounting plugin FacialAnimation
LogPluginManager: Mounting plugin GeometryMode
LogPluginManager: Mounting plugin SpeedTreeImporter
LogPluginManager: Mounting plugin DatasmithContent
LogPluginManager: Mounting plugin VariantManagerContent
LogPluginManager: Mounting plugin AlembicImporter
LogPluginManager: Mounting plugin GeometryCache
LogPluginManager: Mounting plugin AutomationUtils
LogPluginManager: Mounting plugin ScreenshotTools
LogPluginManager: Mounting plugin BackChannel
LogPluginManager: Mounting plugin ChaosClothEditor
LogPluginManager: Mounting plugin ChaosCloth
LogPluginManager: Mounting plugin ChaosEditor
LogPluginManager: Mounting plugin PlanarCut
LogPluginManager: Mounting plugin GeometryProcessing
LogPluginManager: Mounting plugin EditableMesh
LogPluginManager: Mounting plugin GeometryCollectionPlugin
LogPluginManager: Mounting plugin ChaosSolverPlugin
LogPluginManager: Mounting plugin ChaosNiagara
LogPluginManager: Mounting plugin Niagara
LogPluginManager: Mounting plugin PythonScriptPlugin
LogPluginManager: Mounting plugin CharacterAI
LogPluginManager: Mounting plugin MotoSynth
LogPluginManager: Mounting plugin OpenImageDenoise
LogPluginManager: Mounting plugin PlatformCrypto
LogPluginManager: Mounting plugin MagicLeapPassableWorld
LogPluginManager: Mounting plugin MagicLeap
LogPluginManager: Mounting plugin MLSDK
LogPluginManager: Mounting plugin MagicLeapLightEstimation
LogPluginManager: Mounting plugin AvfMedia
LogPluginManager: Mounting plugin ImgMedia
LogPluginManager: Mounting plugin MediaCompositing
LogPluginManager: Mounting plugin WmfMedia
LogPluginManager: Mounting plugin MeshPainting
LogPluginManager: Mounting plugin TcpMessaging
LogPluginManager: Mounting plugin UdpMessaging
LogPluginManager: Mounting plugin ActorSequence
LogPluginManager: Mounting plugin MatineeToLevelSequence
LogPluginManager: Mounting plugin OnlineSubsystemNull
LogPluginManager: Mounting plugin LauncherChunkInstaller
LogPluginManager: Mounting plugin ActorLayerUtilities
LogPluginManager: Mounting plugin AndroidPermission
LogPluginManager: Mounting plugin AppleImageUtils
LogPluginManager: Mounting plugin ArchVisCharacter
LogPluginManager: Mounting plugin AssetTags
LogPluginManager: Mounting plugin AudioCapture
LogPluginManager: Mounting plugin CableComponent
LogPluginManager: Mounting plugin ChunkDownloader
LogPluginManager: Mounting plugin CustomMeshComponent
LogPluginManager: Mounting plugin ExampleDeviceProfileSelector
LogPluginManager: Mounting plugin GooglePAD
LogPluginManager: Mounting plugin LocationServicesBPLibrary
LogPluginManager: Mounting plugin MobilePatchingUtils
LogPluginManager: Mounting plugin OpenXREyeTracker
LogPluginManager: Mounting plugin OpenXRHandTracking
LogPluginManager: Mounting plugin LiveLink
LogPluginManager: Mounting plugin Takes
LogPluginManager: Mounting plugin PhysXVehicles
LogPluginManager: Mounting plugin RuntimePhysXCooking
LogPluginManager: Mounting plugin SoundFields
LogPluginManager: Mounting plugin Synthesis
LogPluginManager: Mounting plugin AudioSynesthesia
LogPluginManager: Mounting plugin WebMMoviePlayer
LogPluginManager: Mounting plugin WebMMedia
LogPluginManager: Mounting plugin WindowsMoviePlayer
LogInit: Using libcurl 7.55.1-DEV
LogInit:  - built for x86_64-pc-win32
LogInit:  - supports SSL with OpenSSL/1.1.1
LogInit:  - supports HTTP deflate (compression) using libz 1.2.8
LogInit:  - other features:
LogInit:      CURL_VERSION_SSL
LogInit:      CURL_VERSION_LIBZ
LogInit:      CURL_VERSION_IPV6
LogInit:      CURL_VERSION_ASYNCHDNS
LogInit:      CURL_VERSION_LARGEFILE
LogInit:      CURL_VERSION_IDN
LogInit:  CurlRequestOptions (configurable via config and command line):
LogInit:  - bVerifyPeer = true  - Libcurl will verify peer certificate
LogInit:  - bUseHttpProxy = false  - Libcurl will NOT use HTTP proxy
LogInit:  - bDontReuseConnections = false  - Libcurl will reuse connections
LogInit:  - MaxHostConnections = 16  - Libcurl will limit the number of connections to a host
LogInit:  - LocalHostAddr = Default
LogInit:  - BufferSize = 65536
LogSteamShared: Display: Loading Steam SDK 1.51
LogSteamShared: Steam SDK Loaded!
LogOnline: OSS: Creating online subsystem instance for: Steam
LogOnline: STEAM: Steam User is subscribed 1
LogOnline: STEAM: [AppId: 480] Client API initialized 1
LogOnline: STEAM: Initializing SteamNetworking Layer
LogOnline: STEAM: Missing P2PCleanupTimeout key in OnlineSubsystemSteam of DefaultEngine.ini, using default
LogInit: WinSock: version 1.1 (2.2), MaxSocks=32767, MaxUdp=65467
LogOnline: OSS: TryLoadSubsystemAndSetDefault: Loaded subsystem for module [Steam]
PixWinPlugin: PIX capture plugin failed to initialize! Check that the process is launched from PIX.
LogLuminAPIImpl: Warning: MLSDK not found.  This likely means the MLSDK environment variable is not set.
LogInit: Build: ++UE4+Release-4.27-CL-0
LogInit: Engine Version: 4.27.2-0+++UE4+Release-4.27
LogInit: Compatible Engine Version: 4.27.0-0+++UE4+Release-4.27
LogInit: Net CL: 0
LogInit: OS: Windows 10 (Release 2009) (), CPU: AMD Ryzen 5 1500X Quad-Core Processor          , GPU: Radeon (TM) RX 470 Graphics
LogInit: Compiled (64-bit): Jul 25 2022 22:42:24
LogInit: Compiled with Visual C++: 19.29.30146.00
LogInit: Build Configuration: Development
LogInit: Branch Name: ++UE4+Release-4.27
LogInit: Command Line:  -log
LogInit: Base Directory: D:/Unreal Projects/CadRuntimeLoader/Game/CRL/Releases/WindowsNoEditor/CadRuntimeLoader/Binaries/Win64/
LogInit: Allocator: binned2
LogInit: Installed Engine Build: 0
LogDevObjectVersion: Number of dev versions registered: 29
LogDevObjectVersion:   Dev-Blueprints (B0D832E4-1F89-4F0D-ACCF-7EB736FD4AA2): 10
LogDevObjectVersion:   Dev-Build (E1C64328-A22C-4D53-A36C-8E866417BD8C): 0
LogDevObjectVersion:   Dev-Core (375EC13C-06E4-48FB-B500-84F0262A717E): 4
LogDevObjectVersion:   Dev-Editor (E4B068ED-F494-42E9-A231-DA0B2E46BB41): 40
LogDevObjectVersion:   Dev-Framework (CFFC743F-43B0-4480-9391-14DF171D2073): 37
LogDevObjectVersion:   Dev-Mobile (B02B49B5-BB20-44E9-A304-32B752E40360): 3
LogDevObjectVersion:   Dev-Networking (A4E4105C-59A1-49B5-A7C5-40C4547EDFEE): 0
LogDevObjectVersion:   Dev-Online (39C831C9-5AE6-47DC-9A44-9C173E1C8E7C): 0
LogDevObjectVersion:   Dev-Physics (78F01B33-EBEA-4F98-B9B4-84EACCB95AA2): 14
LogDevObjectVersion:   Dev-Platform (6631380F-2D4D-43E0-8009-CF276956A95A): 0
LogDevObjectVersion:   Dev-Rendering (12F88B9F-8875-4AFC-A67C-D90C383ABD29): 45
LogDevObjectVersion:   Dev-Sequencer (7B5AE74C-D270-4C10-A958-57980B212A5A): 13
LogDevObjectVersion:   Dev-VR (D7296918-1DD6-4BDD-9DE2-64A83CC13884): 3
LogDevObjectVersion:   Dev-LoadTimes (C2A15278-BFE7-4AFE-6C17-90FF531DF755): 1
LogDevObjectVersion:   Private-Geometry (6EACA3D4-40EC-4CC1-B786-8BED09428FC5): 3
LogDevObjectVersion:   Dev-AnimPhys (29E575DD-E0A3-4627-9D10-D276232CDCEA): 17
LogDevObjectVersion:   Dev-Anim (AF43A65D-7FD3-4947-9873-3E8ED9C1BB05): 15
LogDevObjectVersion:   Dev-ReflectionCapture (6B266CEC-1EC7-4B8F-A30B-E4D90942FC07): 1
LogDevObjectVersion:   Dev-Automation (0DF73D61-A23F-47EA-B727-89E90C41499A): 1
LogDevObjectVersion:   FortniteMain (601D1886-AC64-4F84-AA16-D3DE0DEAC7D6): 47
LogDevObjectVersion:   FortniteRelease (E7086368-6B23-4C58-8439-1B7016265E91): 1
LogDevObjectVersion:   Dev-Enterprise (9DFFBCD6-494F-0158-E221-12823C92A888): 10
LogDevObjectVersion:   Dev-Niagara (F2AED0AC-9AFE-416F-8664-AA7FFA26D6FC): 1
LogDevObjectVersion:   Dev-Destruction (174F1F0B-B4C6-45A5-B13F-2EE8D0FB917D): 10
LogDevObjectVersion:   Dev-Physics-Ext (35F94A83-E258-406C-A318-09F59610247C): 41
LogDevObjectVersion:   Dev-PhysicsMaterial-Chaos (B68FC16E-8B1B-42E2-B453-215C058844FE): 1
LogDevObjectVersion:   Dev-CineCamera (B2E18506-4273-CFC2-A54E-F4BB758BBA07): 1
LogDevObjectVersion:   Dev-VirtualProduction (64F58936-FD1B-42BA-BA96-7289D5D0FA4E): 1
LogDevObjectVersion:   Dev-MediaFramework (6F0ED827-A609-4895-9C91-998D90180EA4): 2
LogInit: Presizing for max 2097152 objects, including 1 objects not considered by GC, pre-allocating 0 bytes for permanent pool.
LogConfig: Applying CVar settings from Section [/Script/Engine.StreamingSettings] File [../../../CadRuntimeLoader/Saved/Config/WindowsNoEditor/Engine.ini]
LogConfig: Setting CVar [[s.MinBulkDataSizeForAsyncLoading:131072]]
LogConfig: Setting CVar [[s.AsyncLoadingThreadEnabled:0]]
LogConfig: Setting CVar [[s.EventDrivenLoaderEnabled:1]]
LogConfig: Setting CVar [[s.WarnIfTimeLimitExceeded:0]]
LogConfig: Setting CVar [[s.TimeLimitExceededMultiplier:1.5]]
LogConfig: Setting CVar [[s.TimeLimitExceededMinTime:0.005]]
LogConfig: Setting CVar [[s.UseBackgroundLevelStreaming:1]]
LogConfig: Setting CVar [[s.PriorityAsyncLoadingExtraTime:15.0]]
LogConfig: Setting CVar [[s.LevelStreamingActorsUpdateTimeLimit:5.0]]
LogConfig: Setting CVar [[s.PriorityLevelStreamingActorsUpdateExtraTime:5.0]]
LogConfig: Setting CVar [[s.LevelStreamingComponentsRegistrationGranularity:10]]
LogConfig: Setting CVar [[s.UnregisterComponentsTimeLimit:1.0]]
LogConfig: Setting CVar [[s.LevelStreamingComponentsUnregistrationGranularity:5]]
LogConfig: Setting CVar [[s.FlushStreamingOnExit:1]]
LogStreaming: Display: Async Loading initialized: Event Driven Loader: true, Async Loading Thread: false, Async Post Load: true
LogInit: Object subsystem initialized
LogConfig: Setting CVar [[con.DebugEarlyDefault:1]]
LogConfig: Setting CVar [[r.setres:1280x720]]
LogConfig: Setting CVar [[fx.NiagaraAllowRuntimeScalabilityChanges:1]]
[2022.07.25-21.47.13:598][  0]LogConfig: Setting CVar [[con.DebugEarlyDefault:1]]
[2022.07.25-21.47.13:598][  0]LogConfig: Setting CVar [[r.setres:1280x720]]
[2022.07.25-21.47.13:599][  0]LogConfig: Setting CVar [[fx.NiagaraAllowRuntimeScalabilityChanges:1]]
[2022.07.25-21.47.13:599][  0]LogConfig: Applying CVar settings from Section [/Script/Engine.RendererSettings] File [../../../CadRuntimeLoader/Saved/Config/WindowsNoEditor/Engine.ini]
[2022.07.25-21.47.13:600][  0]LogConfig: Setting CVar [[r.GPUCrashDebugging:0]]
[2022.07.25-21.47.13:600][  0]LogConfig: Setting CVar [[r.Mobile.DisableVertexFog:1]]
[2022.07.25-21.47.13:600][  0]LogConfig: Setting CVar [[r.Shadow.CSM.MaxMobileCascades:2]]
[2022.07.25-21.47.13:601][  0]LogConfig: Setting CVar [[r.MobileMSAA:4]]
[2022.07.25-21.47.13:601][  0]LogConfig: Setting CVar [[r.Mobile.AllowDitheredLODTransition:0]]
[2022.07.25-21.47.13:601][  0]LogConfig: Setting CVar [[r.Mobile.AllowSoftwareOcclusion:0]]
[2022.07.25-21.47.13:602][  0]LogConfig: Setting CVar [[r.Mobile.VirtualTextures:0]]
[2022.07.25-21.47.13:602][  0]LogConfig: Setting CVar [[r.DiscardUnusedQuality:0]]
[2022.07.25-21.47.13:603][  0]LogConfig: Setting CVar [[r.AllowOcclusionQueries:1]]
[2022.07.25-21.47.13:603][  0]LogConfig: Setting CVar [[r.MinScreenRadiusForLights:0.030000]]
[2022.07.25-21.47.13:603][  0]LogConfig: Setting CVar [[r.MinScreenRadiusForDepthPrepass:0.030000]]
[2022.07.25-21.47.13:604][  0]LogConfig: Setting CVar [[r.MinScreenRadiusForCSMDepth:0.010000]]
[2022.07.25-21.47.13:604][  0]LogConfig: Setting CVar [[r.PrecomputedVisibilityWarning:0]]
[2022.07.25-21.47.13:604][  0]LogConfig: Setting CVar [[r.TextureStreaming:1]]
[2022.07.25-21.47.13:605][  0]LogConfig: Setting CVar [[Compat.UseDXT5NormalMaps:0]]
[2022.07.25-21.47.13:605][  0]LogConfig: Setting CVar [[r.VirtualTextures:0]]
[2022.07.25-21.47.13:609][  0]LogConfig: Setting CVar [[r.VirtualTexturedLightmaps:0]]
[2022.07.25-21.47.13:609][  0]LogConfig: Setting CVar [[r.VT.TileSize:128]]
[2022.07.25-21.47.13:609][  0]LogConfig: Setting CVar [[r.VT.TileBorderSize:4]]
[2022.07.25-21.47.13:610][  0]LogConfig: Setting CVar [[r.vt.FeedbackFactor:16]]
[2022.07.25-21.47.13:610][  0]LogConfig: Setting CVar [[r.VT.EnableCompressZlib:1]]
[2022.07.25-21.47.13:611][  0]LogConfig: Setting CVar [[r.VT.EnableCompressCrunch:0]]
[2022.07.25-21.47.13:611][  0]LogConfig: Setting CVar [[r.ClearCoatNormal:0]]
[2022.07.25-21.47.13:612][  0]LogConfig: Setting CVar [[r.ReflectionCaptureResolution:128]]
[2022.07.25-21.47.13:612][  0]LogConfig: Setting CVar [[r.Mobile.ReflectionCaptureCompression:0]]
[2022.07.25-21.47.13:613][  0]LogConfig: Setting CVar [[r.ReflectionEnvironmentLightmapMixBasedOnRoughness:1]]
[2022.07.25-21.47.13:613][  0]LogConfig: Setting CVar [[r.ForwardShading:1]]
[2022.07.25-21.47.13:613][  0]LogConfig: Setting CVar [[r.VertexFoggingForOpaque:1]]
[2022.07.25-21.47.13:614][  0]LogConfig: Setting CVar [[r.AllowStaticLighting:1]]
[2022.07.25-21.47.13:614][  0]LogConfig: Setting CVar [[r.NormalMapsForStaticLighting:0]]
[2022.07.25-21.47.13:614][  0]LogConfig: Setting CVar [[r.GenerateMeshDistanceFields:0]]
[2022.07.25-21.47.13:614][  0]LogConfig: Setting CVar [[r.DistanceFieldBuild.EightBit:0]]
[2022.07.25-21.47.13:615][  0]LogConfig: Setting CVar [[r.GenerateLandscapeGIData:0]]
[2022.07.25-21.47.13:615][  0]LogConfig: Setting CVar [[r.DistanceFieldBuild.Compress:0]]
[2022.07.25-21.47.13:615][  0]LogConfig: Setting CVar [[r.TessellationAdaptivePixelsPerTriangle:48.000000]]
[2022.07.25-21.47.13:616][  0]LogConfig: Setting CVar [[r.SeparateTranslucency:0]]
[2022.07.25-21.47.13:616][  0]LogConfig: Setting CVar [[r.TranslucentSortPolicy:0]]
[2022.07.25-21.47.13:617][  0]LogConfig: Setting CVar [[r.CustomDepth:1]]
[2022.07.25-21.47.13:617][  0]LogConfig: Setting CVar [[r.CustomDepthTemporalAAJitter:1]]
[2022.07.25-21.47.13:617][  0]LogConfig: Setting CVar [[r.PostProcessing.PropagateAlpha:0]]
[2022.07.25-21.47.13:618][  0]LogConfig: Setting CVar [[r.DefaultFeature.Bloom:0]]
[2022.07.25-21.47.13:618][  0]LogConfig: Setting CVar [[r.DefaultFeature.AmbientOcclusion:0]]
[2022.07.25-21.47.13:618][  0]LogConfig: Setting CVar [[r.DefaultFeature.AmbientOcclusionStaticFraction:1]]
[2022.07.25-21.47.13:619][  0]LogConfig: Setting CVar [[r.DefaultFeature.AutoExposure:0]]
[2022.07.25-21.47.13:619][  0]LogConfig: Setting CVar [[r.DefaultFeature.AutoExposure.Method:0]]
[2022.07.25-21.47.13:619][  0]LogConfig: Setting CVar [[r.DefaultFeature.AutoExposure.Bias:1.000000]]
[2022.07.25-21.47.13:620][  0]LogConfig: Setting CVar [[r.DefaultFeature.AutoExposure.ExtendDefaultLuminanceRange:1]]
[2022.07.25-21.47.13:620][  0]LogConfig: Setting CVar [[r.UsePreExposure:1]]
[2022.07.25-21.47.13:621][  0]LogConfig: Setting CVar [[r.EyeAdaptation.EditorOnly:0]]
[2022.07.25-21.47.13:621][  0]LogConfig: Setting CVar [[r.DefaultFeature.MotionBlur:0]]
[2022.07.25-21.47.13:622][  0]LogConfig: Setting CVar [[r.DefaultFeature.LensFlare:0]]
[2022.07.25-21.47.13:626][  0]LogConfig: Setting CVar [[r.TemporalAA.Upsampling:0]]
[2022.07.25-21.47.13:626][  0]LogConfig: Setting CVar [[r.SSGI.Enable:0]]
[2022.07.25-21.47.13:627][  0]LogConfig: Setting CVar [[r.DefaultFeature.AntiAliasing:3]]
[2022.07.25-21.47.13:628][  0]LogConfig: Setting CVar [[r.DefaultFeature.LightUnits:1]]
[2022.07.25-21.47.13:629][  0]LogConfig: Setting CVar [[r.DefaultBackBufferPixelFormat:4]]
[2022.07.25-21.47.13:630][  0]LogConfig: Setting CVar [[r.Shadow.UnbuiltPreviewInGame:1]]
[2022.07.25-21.47.13:630][  0]LogConfig: Setting CVar [[r.StencilForLODDither:0]]
[2022.07.25-21.47.13:630][  0]LogConfig: Setting CVar [[r.EarlyZPass:3]]
[2022.07.25-21.47.13:630][  0]LogConfig: Setting CVar [[r.EarlyZPassOnlyMaterialMasking:0]]
[2022.07.25-21.47.13:631][  0]LogConfig: Setting CVar [[r.DBuffer:1]]
[2022.07.25-21.47.13:631][  0]LogConfig: Setting CVar [[r.ClearSceneMethod:1]]
[2022.07.25-21.47.13:632][  0]LogConfig: Setting CVar [[r.BasePassOutputsVelocity:0]]
[2022.07.25-21.47.13:632][  0]LogConfig: Setting CVar [[r.VertexDeformationOutputsVelocity:0]]
[2022.07.25-21.47.13:633][  0]LogConfig: Setting CVar [[r.SelectiveBasePassOutputs:0]]
[2022.07.25-21.47.13:633][  0]LogConfig: Setting CVar [[fx.GPUSimulationTextureSizeX:1024]]
[2022.07.25-21.47.13:634][  0]LogConfig: Setting CVar [[fx.GPUSimulationTextureSizeY:1024]]
[2022.07.25-21.47.13:634][  0]LogConfig: Setting CVar [[r.AllowGlobalClipPlane:0]]
[2022.07.25-21.47.13:634][  0]LogConfig: Setting CVar [[r.GBufferFormat:1]]
[2022.07.25-21.47.13:635][  0]LogConfig: Setting CVar [[r.MorphTarget.Mode:1]]
[2022.07.25-21.47.13:635][  0]LogConfig: Setting CVar [[vr.InstancedStereo:1]]
[2022.07.25-21.47.13:636][  0]LogConfig: Setting CVar [[r.MobileHDR:0]]
[2022.07.25-21.47.13:636][  0]LogConfig: Setting CVar [[vr.MobileMultiView:1]]
[2022.07.25-21.47.13:636][  0]LogConfig: Setting CVar [[r.Mobile.UseHWsRGBEncoding:1]]
[2022.07.25-21.47.13:637][  0]LogConfig: Setting CVar [[vr.RoundRobinOcclusion:0]]
[2022.07.25-21.47.13:637][  0]LogConfig: Setting CVar [[vr.ODSCapture:0]]
[2022.07.25-21.47.13:637][  0]LogConfig: Setting CVar [[r.MeshStreaming:0]]
[2022.07.25-21.47.13:638][  0]LogConfig: Setting CVar [[r.WireframeCullThreshold:5.000000]]
[2022.07.25-21.47.13:641][  0]LogConfig: Setting CVar [[r.RayTracing:0]]
[2022.07.25-21.47.13:641][  0]LogConfig: Setting CVar [[r.RayTracing.UseTextureLod:0]]
[2022.07.25-21.47.13:642][  0]LogConfig: Setting CVar [[r.SupportStationarySkylight:1]]
[2022.07.25-21.47.13:642][  0]LogConfig: Setting CVar [[r.SupportLowQualityLightmaps:1]]
[2022.07.25-21.47.13:642][  0]LogConfig: Setting CVar [[r.SupportPointLightWholeSceneShadows:1]]
[2022.07.25-21.47.13:643][  0]LogConfig: Setting CVar [[r.SupportAtmosphericFog:1]]
[2022.07.25-21.47.13:643][  0]LogConfig: Setting CVar [[r.SupportSkyAtmosphere:1]]
[2022.07.25-21.47.13:643][  0]LogConfig: Setting CVar [[r.SupportSkyAtmosphereAffectsHeightFog:0]]
[2022.07.25-21.47.13:644][  0]LogConfig: Setting CVar [[r.SkinCache.CompileShaders:0]]
[2022.07.25-21.47.13:644][  0]LogConfig: Setting CVar [[r.SkinCache.DefaultBehavior:1]]
[2022.07.25-21.47.13:645][  0]LogConfig: Setting CVar [[r.SkinCache.SceneMemoryLimitInMB:128.000000]]
[2022.07.25-21.47.13:645][  0]LogConfig: Setting CVar [[r.Mobile.EnableStaticAndCSMShadowReceivers:1]]
[2022.07.25-21.47.13:645][  0]LogConfig: Setting CVar [[r.Mobile.EnableMovableLightCSMShaderCulling:1]]
[2022.07.25-21.47.13:646][  0]LogConfig: Setting CVar [[r.Mobile.AllowDistanceFieldShadows:1]]
[2022.07.25-21.47.13:646][  0]LogConfig: Setting CVar [[r.Mobile.AllowMovableDirectionalLights:1]]
[2022.07.25-21.47.13:647][  0]LogConfig: Setting CVar [[r.MobileNumDynamicPointLights:4]]
[2022.07.25-21.47.13:647][  0]LogConfig: Setting CVar [[r.MobileDynamicPointLightsUseStaticBranch:1]]
[2022.07.25-21.47.13:648][  0]LogConfig: Setting CVar [[r.Mobile.EnableMovableSpotlights:0]]
[2022.07.25-21.47.13:648][  0]LogConfig: Setting CVar [[r.Mobile.EnableMovableSpotlightsShadow:0]]
[2022.07.25-21.47.13:649][  0]LogConfig: Setting CVar [[r.GPUSkin.Support16BitBoneIndex:0]]
[2022.07.25-21.47.13:649][  0]LogConfig: Setting CVar [[r.GPUSkin.Limit2BoneInfluences:0]]
[2022.07.25-21.47.13:649][  0]LogConfig: Setting CVar [[r.SupportDepthOnlyIndexBuffers:1]]
[2022.07.25-21.47.13:650][  0]LogConfig: Setting CVar [[r.SupportReversedIndexBuffers:1]]
[2022.07.25-21.47.13:650][  0]LogConfig: Setting CVar [[r.LightPropagationVolume:0]]
[2022.07.25-21.47.13:651][  0]LogConfig: Setting CVar [[r.Mobile.AmbientOcclusion:0]]
[2022.07.25-21.47.13:651][  0]LogConfig: Setting CVar [[r.GPUSkin.UnlimitedBoneInfluences:0]]
[2022.07.25-21.47.13:651][  0]LogConfig: Setting CVar [[r.GPUSkin.UnlimitedBoneInfluencesThreshold:8]]
[2022.07.25-21.47.13:652][  0]LogConfig: Setting CVar [[r.Mobile.PlanarReflectionMode:0]]
[2022.07.25-21.47.13:652][  0]LogConfig: Setting CVar [[r.Mobile.SupportGPUScene:1]]
[2022.07.25-21.47.13:653][  0]LogConfig: Applying CVar settings from Section [/Script/Engine.RendererOverrideSettings] File [../../../CadRuntimeLoader/Saved/Config/WindowsNoEditor/Engine.ini]
[2022.07.25-21.47.13:655][  0]LogConfig: Applying CVar settings from Section [/Script/Engine.StreamingSettings] File [../../../CadRuntimeLoader/Saved/Config/WindowsNoEditor/Engine.ini]
[2022.07.25-21.47.13:656][  0]LogConfig: Setting CVar [[s.MinBulkDataSizeForAsyncLoading:131072]]
[2022.07.25-21.47.13:656][  0]LogConfig: Setting CVar [[s.AsyncLoadingThreadEnabled:0]]
[2022.07.25-21.47.13:657][  0]LogConfig: Setting CVar [[s.EventDrivenLoaderEnabled:1]]
[2022.07.25-21.47.13:657][  0]LogConfig: Setting CVar [[s.WarnIfTimeLimitExceeded:0]]
[2022.07.25-21.47.13:657][  0]LogConfig: Setting CVar [[s.TimeLimitExceededMultiplier:1.5]]
[2022.07.25-21.47.13:658][  0]LogConfig: Setting CVar [[s.TimeLimitExceededMinTime:0.005]]
[2022.07.25-21.47.13:658][  0]LogConfig: Setting CVar [[s.UseBackgroundLevelStreaming:1]]
[2022.07.25-21.47.13:659][  0]LogConfig: Setting CVar [[s.PriorityAsyncLoadingExtraTime:15.0]]
[2022.07.25-21.47.13:659][  0]LogConfig: Setting CVar [[s.LevelStreamingActorsUpdateTimeLimit:5.0]]
[2022.07.25-21.47.13:660][  0]LogConfig: Setting CVar [[s.PriorityLevelStreamingActorsUpdateExtraTime:5.0]]
[2022.07.25-21.47.13:660][  0]LogConfig: Setting CVar [[s.LevelStreamingComponentsRegistrationGranularity:10]]
[2022.07.25-21.47.13:660][  0]LogConfig: Setting CVar [[s.UnregisterComponentsTimeLimit:1.0]]
[2022.07.25-21.47.13:661][  0]LogConfig: Setting CVar [[s.LevelStreamingComponentsUnregistrationGranularity:5]]
[2022.07.25-21.47.13:661][  0]LogConfig: Setting CVar [[s.FlushStreamingOnExit:1]]
[2022.07.25-21.47.13:661][  0]LogConfig: Applying CVar settings from Section [/Script/Engine.GarbageCollectionSettings] File [../../../CadRuntimeLoader/Saved/Config/WindowsNoEditor/Engine.ini]
[2022.07.25-21.47.13:662][  0]LogConfig: Setting CVar [[gc.MaxObjectsNotConsideredByGC:1]]
[2022.07.25-21.47.13:662][  0]LogConfig: Setting CVar [[gc.SizeOfPermanentObjectPool:0]]
[2022.07.25-21.47.13:663][  0]LogConfig: Setting CVar [[gc.FlushStreamingOnGC:0]]
[2022.07.25-21.47.13:663][  0]LogConfig: Setting CVar [[gc.NumRetriesBeforeForcingGC:10]]
[2022.07.25-21.47.13:664][  0]LogConfig: Setting CVar [[gc.AllowParallelGC:1]]
[2022.07.25-21.47.13:664][  0]LogConfig: Setting CVar [[gc.TimeBetweenPurgingPendingKillObjects:61.1]]
[2022.07.25-21.47.13:664][  0]LogConfig: Setting CVar [[gc.MaxObjectsInEditor:25165824]]
[2022.07.25-21.47.13:665][  0]LogConfig: Setting CVar [[gc.IncrementalBeginDestroyEnabled:1]]
[2022.07.25-21.47.13:665][  0]LogConfig: Setting CVar [[gc.CreateGCClusters:1]]
[2022.07.25-21.47.13:665][  0]LogConfig: Setting CVar [[gc.MinGCClusterSize:5]]
[2022.07.25-21.47.13:666][  0]LogConfig: Setting CVar [[gc.ActorClusteringEnabled:0]]
[2022.07.25-21.47.13:666][  0]LogConfig: Setting CVar [[gc.BlueprintClusteringEnabled:0]]
[2022.07.25-21.47.13:666][  0]LogConfig: Setting CVar [[gc.UseDisregardForGCOnDedicatedServers:0]]
[2022.07.25-21.47.13:667][  0]LogConfig: Setting CVar [[gc.MultithreadedDestructionEnabled:1]]
[2022.07.25-21.47.13:667][  0]LogConfig: Applying CVar settings from Section [/Script/Engine.NetworkSettings] File [../../../CadRuntimeLoader/Saved/Config/WindowsNoEditor/Engine.ini]
[2022.07.25-21.47.13:699][  0]LogConfig: Applying CVar settings from Section [ViewDistanceQuality@3] File [../../../CadRuntimeLoader/Saved/Config/WindowsNoEditor/Scalability.ini]
[2022.07.25-21.47.13:699][  0]LogConfig: Setting CVar [[r.SkeletalMeshLODBias:0]]
[2022.07.25-21.47.13:700][  0]LogConfig: Setting CVar [[r.ViewDistanceScale:1.0]]
[2022.07.25-21.47.13:701][  0]LogConfig: Applying CVar settings from Section [AntiAliasingQuality@3] File [../../../CadRuntimeLoader/Saved/Config/WindowsNoEditor/Scalability.ini]
[2022.07.25-21.47.13:701][  0]LogConfig: Setting CVar [[r.PostProcessAAQuality:4]]
[2022.07.25-21.47.13:702][  0]LogConfig: Applying CVar settings from Section [ShadowQuality@3] File [../../../CadRuntimeLoader/Saved/Config/WindowsNoEditor/Scalability.ini]
[2022.07.25-21.47.13:702][  0]LogConfig: Setting CVar [[r.LightFunctionQuality:1]]
[2022.07.25-21.47.13:702][  0]LogConfig: Setting CVar [[r.ShadowQuality:5]]
[2022.07.25-21.47.13:703][  0]LogConfig: Setting CVar [[r.Shadow.CSM.MaxCascades:10]]
[2022.07.25-21.47.13:703][  0]LogConfig: Setting CVar [[r.Shadow.MaxResolution:2048]]
[2022.07.25-21.47.13:703][  0]LogConfig: Setting CVar [[r.Shadow.MaxCSMResolution:2048]]
[2022.07.25-21.47.13:704][  0]LogConfig: Setting CVar [[r.Shadow.RadiusThreshold:0.01]]
[2022.07.25-21.47.13:704][  0]LogConfig: Setting CVar [[r.Shadow.DistanceScale:1.0]]
[2022.07.25-21.47.13:705][  0]LogConfig: Setting CVar [[r.Shadow.CSM.TransitionScale:1.0]]
[2022.07.25-21.47.13:705][  0]LogConfig: Setting CVar [[r.Shadow.PreShadowResolutionFactor:1.0]]
[2022.07.25-21.47.13:706][  0]LogConfig: Setting CVar [[r.DistanceFieldShadowing:1]]
[2022.07.25-21.47.13:706][  0]LogConfig: Setting CVar [[r.DistanceFieldAO:1]]
[2022.07.25-21.47.13:707][  0]LogConfig: Setting CVar [[r.AOQuality:2]]
[2022.07.25-21.47.13:707][  0]LogConfig: Setting CVar [[r.VolumetricFog:1]]
[2022.07.25-21.47.13:708][  0]LogConfig: Setting CVar [[r.VolumetricFog.GridPixelSize:8]]
[2022.07.25-21.47.13:708][  0]LogConfig: Setting CVar [[r.VolumetricFog.GridSizeZ:128]]
[2022.07.25-21.47.13:709][  0]LogConfig: Setting CVar [[r.VolumetricFog.HistoryMissSupersampleCount:4]]
[2022.07.25-21.47.13:709][  0]LogConfig: Setting CVar [[r.LightMaxDrawDistanceScale:1]]
[2022.07.25-21.47.13:709][  0]LogConfig: Setting CVar [[r.CapsuleShadows:1]]
[2022.07.25-21.47.13:710][  0]LogConfig: Applying CVar settings from Section [PostProcessQuality@3] File [../../../CadRuntimeLoader/Saved/Config/WindowsNoEditor/Scalability.ini]
[2022.07.25-21.47.13:710][  0]LogConfig: Setting CVar [[r.MotionBlurQuality:4]]
[2022.07.25-21.47.13:711][  0]LogConfig: Setting CVar [[r.AmbientOcclusionMipLevelFactor:0.4]]
[2022.07.25-21.47.13:711][  0]LogConfig: Setting CVar [[r.AmbientOcclusionMaxQuality:100]]
[2022.07.25-21.47.13:712][  0]LogConfig: Setting CVar [[r.AmbientOcclusionLevels:-1]]
[2022.07.25-21.47.13:712][  0]LogConfig: Setting CVar [[r.AmbientOcclusionRadiusScale:1.0]]
[2022.07.25-21.47.13:713][  0]LogConfig: Setting CVar [[r.DepthOfFieldQuality:2]]
[2022.07.25-21.47.13:713][  0]LogConfig: Setting CVar [[r.RenderTargetPoolMin:400]]
[2022.07.25-21.47.13:713][  0]LogConfig: Setting CVar [[r.LensFlareQuality:2]]
[2022.07.25-21.47.13:714][  0]LogConfig: Setting CVar [[r.SceneColorFringeQuality:1]]
[2022.07.25-21.47.13:714][  0]LogConfig: Setting CVar [[r.EyeAdaptationQuality:2]]
[2022.07.25-21.47.13:715][  0]LogConfig: Setting CVar [[r.BloomQuality:5]]
[2022.07.25-21.47.13:715][  0]LogConfig: Setting CVar [[r.FastBlurThreshold:100]]
[2022.07.25-21.47.13:715][  0]LogConfig: Setting CVar [[r.Upscale.Quality:3]]
[2022.07.25-21.47.13:716][  0]LogConfig: Setting CVar [[r.Tonemapper.GrainQuantization:1]]
[2022.07.25-21.47.13:718][  0]LogConfig: Setting CVar [[r.LightShaftQuality:1]]
[2022.07.25-21.47.13:718][  0]LogConfig: Setting CVar [[r.Filter.SizeScale:1]]
[2022.07.25-21.47.13:718][  0]LogConfig: Setting CVar [[r.Tonemapper.Quality:5]]
[2022.07.25-21.47.13:719][  0]LogConfig: Setting CVar [[r.DOF.Gather.AccumulatorQuality:1        ; higher gathering accumulator quality]]
[2022.07.25-21.47.13:719][  0]LogConfig: Setting CVar [[r.DOF.Gather.PostfilterMethod:1          ; Median3x3 postfilering method]]
[2022.07.25-21.47.13:719][  0]LogConfig: Setting CVar [[r.DOF.Gather.EnableBokehSettings:0       ; no bokeh simulation when gathering]]
[2022.07.25-21.47.13:720][  0]LogConfig: Setting CVar [[r.DOF.Gather.RingCount:4                 ; medium number of samples when gathering]]
[2022.07.25-21.47.13:720][  0]LogConfig: Setting CVar [[r.DOF.Scatter.ForegroundCompositing:1    ; additive foreground scattering]]
[2022.07.25-21.47.13:721][  0]LogConfig: Setting CVar [[r.DOF.Scatter.BackgroundCompositing:2    ; additive background scattering]]
[2022.07.25-21.47.13:721][  0]LogConfig: Setting CVar [[r.DOF.Scatter.EnableBokehSettings:1      ; bokeh simulation when scattering]]
[2022.07.25-21.47.13:721][  0]LogConfig: Setting CVar [[r.DOF.Scatter.MaxSpriteRatio:0.1         ; only a maximum of 10% of scattered bokeh]]
[2022.07.25-21.47.13:722][  0]LogConfig: Setting CVar [[r.DOF.Recombine.Quality:1                ; cheap slight out of focus]]
[2022.07.25-21.47.13:722][  0]LogConfig: Setting CVar [[r.DOF.Recombine.EnableBokehSettings:0    ; no bokeh simulation on slight out of focus]]
[2022.07.25-21.47.13:722][  0]LogConfig: Setting CVar [[r.DOF.TemporalAAQuality:1                ; more stable temporal accumulation]]
[2022.07.25-21.47.13:723][  0]LogConfig: Setting CVar [[r.DOF.Kernel.MaxForegroundRadius:0.025]]
[2022.07.25-21.47.13:724][  0]LogConfig: Setting CVar [[r.DOF.Kernel.MaxBackgroundRadius:0.025]]
[2022.07.25-21.47.13:724][  0]LogConfig: Applying CVar settings from Section [TextureQuality@3] File [../../../CadRuntimeLoader/Saved/Config/WindowsNoEditor/Scalability.ini]
[2022.07.25-21.47.13:724][  0]LogConfig: Setting CVar [[r.Streaming.MipBias:0]]
[2022.07.25-21.47.13:725][  0]LogConfig: Setting CVar [[r.Streaming.AmortizeCPUToGPUCopy:0]]
[2022.07.25-21.47.13:725][  0]LogConfig: Setting CVar [[r.Streaming.MaxNumTexturesToStreamPerFrame:0]]
[2022.07.25-21.47.13:726][  0]LogConfig: Setting CVar [[r.Streaming.Boost:1]]
[2022.07.25-21.47.13:726][  0]LogConfig: Setting CVar [[r.MaxAnisotropy:8]]
[2022.07.25-21.47.13:727][  0]LogConfig: Setting CVar [[r.VT.MaxAnisotropy:8]]
[2022.07.25-21.47.13:727][  0]LogConfig: Setting CVar [[r.Streaming.LimitPoolSizeToVRAM:0]]
[2022.07.25-21.47.13:728][  0]LogConfig: Setting CVar [[r.Streaming.PoolSize:1000]]
[2022.07.25-21.47.13:728][  0]LogConfig: Setting CVar [[r.Streaming.MaxEffectiveScreenSize:0]]
[2022.07.25-21.47.13:729][  0]LogConfig: Applying CVar settings from Section [EffectsQuality@3] File [../../../CadRuntimeLoader/Saved/Config/WindowsNoEditor/Scalability.ini]
[2022.07.25-21.47.13:729][  0]LogConfig: Setting CVar [[r.TranslucencyLightingVolumeDim:64]]
[2022.07.25-21.47.13:730][  0]LogConfig: Setting CVar [[r.RefractionQuality:2]]
[2022.07.25-21.47.13:730][  0]LogConfig: Setting CVar [[r.SSR.Quality:3]]
[2022.07.25-21.47.13:730][  0]LogConfig: Setting CVar [[r.SSR.HalfResSceneColor:0]]
[2022.07.25-21.47.13:731][  0]LogConfig: Setting CVar [[r.SceneColorFormat:4]]
[2022.07.25-21.47.13:731][  0]LogConfig: Setting CVar [[r.DetailMode:2]]
[2022.07.25-21.47.13:732][  0]LogConfig: Setting CVar [[r.TranslucencyVolumeBlur:1]]
[2022.07.25-21.47.13:734][  0]LogConfig: Setting CVar [[r.MaterialQualityLevel:1 ; High quality]]
[2022.07.25-21.47.13:734][  0]LogConfig: Setting CVar [[r.AnisotropicMaterials:1]]
[2022.07.25-21.47.13:735][  0]LogConfig: Setting CVar [[r.SSS.Scale:1]]
[2022.07.25-21.47.13:735][  0]LogConfig: Setting CVar [[r.SSS.SampleSet:2]]
[2022.07.25-21.47.13:735][  0]LogConfig: Setting CVar [[r.SSS.Quality:1]]
[2022.07.25-21.47.13:736][  0]LogConfig: Setting CVar [[r.SSS.HalfRes:0]]
[2022.07.25-21.47.13:736][  0]LogConfig: Setting CVar [[r.SSGI.Quality:3]]
[2022.07.25-21.47.13:736][  0]LogConfig: Setting CVar [[r.EmitterSpawnRateScale:1.0]]
[2022.07.25-21.47.13:737][  0]LogConfig: Setting CVar [[r.ParticleLightQuality:2]]
[2022.07.25-21.47.13:737][  0]LogConfig: Setting CVar [[r.SkyAtmosphere.AerialPerspectiveLUT.FastApplyOnOpaque:1 ; Always have FastSkyLUT 1 in this case to avoid wrong sky]]
[2022.07.25-21.47.13:737][  0]LogConfig: Setting CVar [[r.SkyAtmosphere.AerialPerspectiveLUT.SampleCountMaxPerSlice:4]]
[2022.07.25-21.47.13:738][  0]LogConfig: Setting CVar [[r.SkyAtmosphere.AerialPerspectiveLUT.DepthResolution:16.0]]
[2022.07.25-21.47.13:738][  0]LogConfig: Setting CVar [[r.SkyAtmosphere.FastSkyLUT:1]]
[2022.07.25-21.47.13:739][  0]LogConfig: Setting CVar [[r.SkyAtmosphere.FastSkyLUT.SampleCountMin:4.0]]
[2022.07.25-21.47.13:739][  0]LogConfig: Setting CVar [[r.SkyAtmosphere.FastSkyLUT.SampleCountMax:128.0]]
[2022.07.25-21.47.13:740][  0]LogConfig: Setting CVar [[r.SkyAtmosphere.SampleCountMin:4.0]]
[2022.07.25-21.47.13:741][  0]LogConfig: Setting CVar [[r.SkyAtmosphere.SampleCountMax:128.0]]
[2022.07.25-21.47.13:741][  0]LogConfig: Setting CVar [[r.SkyAtmosphere.TransmittanceLUT.UseSmallFormat:0]]
[2022.07.25-21.47.13:741][  0]LogConfig: Setting CVar [[r.SkyAtmosphere.TransmittanceLUT.SampleCount:10.0]]
[2022.07.25-21.47.13:742][  0]LogConfig: Setting CVar [[r.SkyAtmosphere.MultiScatteringLUT.SampleCount:15.0]]
[2022.07.25-21.47.13:742][  0]LogConfig: Setting CVar [[r.SkyLight.RealTimeReflectionCapture:1]]
[2022.07.25-21.47.13:743][  0]LogConfig: Setting CVar [[fx.Niagara.QualityLevel:3]]
[2022.07.25-21.47.13:743][  0]LogConfig: Applying CVar settings from Section [FoliageQuality@3] File [../../../CadRuntimeLoader/Saved/Config/WindowsNoEditor/Scalability.ini]
[2022.07.25-21.47.13:743][  0]LogConfig: Setting CVar [[foliage.DensityScale:1.0]]
[2022.07.25-21.47.13:744][  0]LogConfig: Setting CVar [[grass.DensityScale:1.0]]
[2022.07.25-21.47.13:744][  0]LogConfig: Applying CVar settings from Section [ShadingQuality@3] File [../../../CadRuntimeLoader/Saved/Config/WindowsNoEditor/Scalability.ini]
[2022.07.25-21.47.13:744][  0]LogConfig: Setting CVar [[r.HairStrands.SkyLighting.IntegrationType:2]]
[2022.07.25-21.47.13:745][  0]LogConfig: Setting CVar [[r.HairStrands.SkyAO.SampleCount:4]]
[2022.07.25-21.47.13:745][  0]LogConfig: Setting CVar [[r.HairStrands.Visibility.MSAA.SamplePerPixel:4]]
[2022.07.25-21.47.13:745][  0]LogInit: Selected Device Profile: [WindowsNoEditor]
[2022.07.25-21.47.13:746][  0]LogInit: Applying CVar settings loaded from the selected device profile: [WindowsNoEditor]
[2022.07.25-21.47.13:746][  0]LogHAL: Display: Platform has ~ 16 GB [17129041920 / 17179869184 / 16], which maps to Larger [LargestMinGB=32, LargerMinGB=12, DefaultMinGB=8, SmallerMinGB=6, SmallestMinGB=0)
[2022.07.25-21.47.13:747][  0]LogInit: Going up to parent DeviceProfile [Windows]
[2022.07.25-21.47.13:747][  0]LogInit: Going up to parent DeviceProfile []
[2022.07.25-21.47.13:748][  0]LogConfig: Applying CVar settings from Section [ViewDistanceQuality@3] File [../../../CadRuntimeLoader/Saved/Config/WindowsNoEditor/Scalability.ini]
[2022.07.25-21.47.13:750][  0]LogConfig: Setting CVar [[r.SkeletalMeshLODBias:0]]
[2022.07.25-21.47.13:751][  0]LogConfig: Setting CVar [[r.ViewDistanceScale:1.0]]
[2022.07.25-21.47.13:751][  0]LogConfig: Applying CVar settings from Section [AntiAliasingQuality@3] File [../../../CadRuntimeLoader/Saved/Config/WindowsNoEditor/Scalability.ini]
[2022.07.25-21.47.13:751][  0]LogConfig: Setting CVar [[r.PostProcessAAQuality:4]]
[2022.07.25-21.47.13:751][  0]LogConfig: Applying CVar settings from Section [ShadowQuality@3] File [../../../CadRuntimeLoader/Saved/Config/WindowsNoEditor/Scalability.ini]
[2022.07.25-21.47.13:752][  0]LogConfig: Setting CVar [[r.LightFunctionQuality:1]]
[2022.07.25-21.47.13:752][  0]LogConfig: Setting CVar [[r.ShadowQuality:5]]
[2022.07.25-21.47.13:752][  0]LogConfig: Setting CVar [[r.Shadow.CSM.MaxCascades:10]]
[2022.07.25-21.47.13:753][  0]LogConfig: Setting CVar [[r.Shadow.MaxResolution:2048]]
[2022.07.25-21.47.13:753][  0]LogConfig: Setting CVar [[r.Shadow.MaxCSMResolution:2048]]
[2022.07.25-21.47.13:754][  0]LogConfig: Setting CVar [[r.Shadow.RadiusThreshold:0.01]]
[2022.07.25-21.47.13:754][  0]LogConfig: Setting CVar [[r.Shadow.DistanceScale:1.0]]
[2022.07.25-21.47.13:754][  0]LogConfig: Setting CVar [[r.Shadow.CSM.TransitionScale:1.0]]
[2022.07.25-21.47.13:755][  0]LogConfig: Setting CVar [[r.Shadow.PreShadowResolutionFactor:1.0]]
[2022.07.25-21.47.13:755][  0]LogConfig: Setting CVar [[r.DistanceFieldShadowing:1]]
[2022.07.25-21.47.13:756][  0]LogConfig: Setting CVar [[r.DistanceFieldAO:1]]
[2022.07.25-21.47.13:756][  0]LogConfig: Setting CVar [[r.AOQuality:2]]
[2022.07.25-21.47.13:757][  0]LogConfig: Setting CVar [[r.VolumetricFog:1]]
[2022.07.25-21.47.13:758][  0]LogConfig: Setting CVar [[r.VolumetricFog.GridPixelSize:8]]
[2022.07.25-21.47.13:758][  0]LogConfig: Setting CVar [[r.VolumetricFog.GridSizeZ:128]]
[2022.07.25-21.47.13:759][  0]LogConfig: Setting CVar [[r.VolumetricFog.HistoryMissSupersampleCount:4]]
[2022.07.25-21.47.13:759][  0]LogConfig: Setting CVar [[r.LightMaxDrawDistanceScale:1]]
[2022.07.25-21.47.13:760][  0]LogConfig: Setting CVar [[r.CapsuleShadows:1]]
[2022.07.25-21.47.13:760][  0]LogConfig: Applying CVar settings from Section [PostProcessQuality@3] File [../../../CadRuntimeLoader/Saved/Config/WindowsNoEditor/Scalability.ini]
[2022.07.25-21.47.13:760][  0]LogConfig: Setting CVar [[r.MotionBlurQuality:4]]
[2022.07.25-21.47.13:761][  0]LogConfig: Setting CVar [[r.AmbientOcclusionMipLevelFactor:0.4]]
[2022.07.25-21.47.13:761][  0]LogConfig: Setting CVar [[r.AmbientOcclusionMaxQuality:100]]
[2022.07.25-21.47.13:762][  0]LogConfig: Setting CVar [[r.AmbientOcclusionLevels:-1]]
[2022.07.25-21.47.13:762][  0]LogConfig: Setting CVar [[r.AmbientOcclusionRadiusScale:1.0]]
[2022.07.25-21.47.13:763][  0]LogConfig: Setting CVar [[r.DepthOfFieldQuality:2]]
[2022.07.25-21.47.13:765][  0]LogConfig: Setting CVar [[r.RenderTargetPoolMin:400]]
[2022.07.25-21.47.13:766][  0]LogConfig: Setting CVar [[r.LensFlareQuality:2]]
[2022.07.25-21.47.13:766][  0]LogConfig: Setting CVar [[r.SceneColorFringeQuality:1]]
[2022.07.25-21.47.13:766][  0]LogConfig: Setting CVar [[r.EyeAdaptationQuality:2]]
[2022.07.25-21.47.13:767][  0]LogConfig: Setting CVar [[r.BloomQuality:5]]
[2022.07.25-21.47.13:767][  0]LogConfig: Setting CVar [[r.FastBlurThreshold:100]]
[2022.07.25-21.47.13:767][  0]LogConfig: Setting CVar [[r.Upscale.Quality:3]]
[2022.07.25-21.47.13:768][  0]LogConfig: Setting CVar [[r.Tonemapper.GrainQuantization:1]]
[2022.07.25-21.47.13:768][  0]LogConfig: Setting CVar [[r.LightShaftQuality:1]]
[2022.07.25-21.47.13:769][  0]LogConfig: Setting CVar [[r.Filter.SizeScale:1]]
[2022.07.25-21.47.13:769][  0]LogConfig: Setting CVar [[r.Tonemapper.Quality:5]]
[2022.07.25-21.47.13:770][  0]LogConfig: Setting CVar [[r.DOF.Gather.AccumulatorQuality:1        ; higher gathering accumulator quality]]
[2022.07.25-21.47.13:770][  0]LogConfig: Setting CVar [[r.DOF.Gather.PostfilterMethod:1          ; Median3x3 postfilering method]]
[2022.07.25-21.47.13:771][  0]LogConfig: Setting CVar [[r.DOF.Gather.EnableBokehSettings:0       ; no bokeh simulation when gathering]]
[2022.07.25-21.47.13:771][  0]LogConfig: Setting CVar [[r.DOF.Gather.RingCount:4                 ; medium number of samples when gathering]]
[2022.07.25-21.47.13:771][  0]LogConfig: Setting CVar [[r.DOF.Scatter.ForegroundCompositing:1    ; additive foreground scattering]]
[2022.07.25-21.47.13:772][  0]LogConfig: Setting CVar [[r.DOF.Scatter.BackgroundCompositing:2    ; additive background scattering]]
[2022.07.25-21.47.13:772][  0]LogConfig: Setting CVar [[r.DOF.Scatter.EnableBokehSettings:1      ; bokeh simulation when scattering]]
[2022.07.25-21.47.13:773][  0]LogConfig: Setting CVar [[r.DOF.Scatter.MaxSpriteRatio:0.1         ; only a maximum of 10% of scattered bokeh]]
[2022.07.25-21.47.13:773][  0]LogConfig: Setting CVar [[r.DOF.Recombine.Quality:1                ; cheap slight out of focus]]
[2022.07.25-21.47.13:774][  0]LogConfig: Setting CVar [[r.DOF.Recombine.EnableBokehSettings:0    ; no bokeh simulation on slight out of focus]]
[2022.07.25-21.47.13:774][  0]LogConfig: Setting CVar [[r.DOF.TemporalAAQuality:1                ; more stable temporal accumulation]]
[2022.07.25-21.47.13:775][  0]LogConfig: Setting CVar [[r.DOF.Kernel.MaxForegroundRadius:0.025]]
[2022.07.25-21.47.13:775][  0]LogConfig: Setting CVar [[r.DOF.Kernel.MaxBackgroundRadius:0.025]]
[2022.07.25-21.47.13:776][  0]LogConfig: Applying CVar settings from Section [TextureQuality@3] File [../../../CadRuntimeLoader/Saved/Config/WindowsNoEditor/Scalability.ini]
[2022.07.25-21.47.13:776][  0]LogConfig: Setting CVar [[r.Streaming.MipBias:0]]
[2022.07.25-21.47.13:777][  0]LogConfig: Setting CVar [[r.Streaming.AmortizeCPUToGPUCopy:0]]
[2022.07.25-21.47.13:777][  0]LogConfig: Setting CVar [[r.Streaming.MaxNumTexturesToStreamPerFrame:0]]
[2022.07.25-21.47.13:778][  0]LogConfig: Setting CVar [[r.Streaming.Boost:1]]
[2022.07.25-21.47.13:778][  0]LogConfig: Setting CVar [[r.MaxAnisotropy:8]]
[2022.07.25-21.47.13:778][  0]LogConfig: Setting CVar [[r.VT.MaxAnisotropy:8]]
[2022.07.25-21.47.13:780][  0]LogConfig: Setting CVar [[r.Streaming.LimitPoolSizeToVRAM:0]]
[2022.07.25-21.47.13:782][  0]LogConfig: Setting CVar [[r.Streaming.PoolSize:1000]]
[2022.07.25-21.47.13:782][  0]LogConfig: Setting CVar [[r.Streaming.MaxEffectiveScreenSize:0]]
[2022.07.25-21.47.13:782][  0]LogConfig: Applying CVar settings from Section [EffectsQuality@3] File [../../../CadRuntimeLoader/Saved/Config/WindowsNoEditor/Scalability.ini]
[2022.07.25-21.47.13:783][  0]LogConfig: Setting CVar [[r.TranslucencyLightingVolumeDim:64]]
[2022.07.25-21.47.13:783][  0]LogConfig: Setting CVar [[r.RefractionQuality:2]]
[2022.07.25-21.47.13:784][  0]LogConfig: Setting CVar [[r.SSR.Quality:3]]
[2022.07.25-21.47.13:784][  0]LogConfig: Setting CVar [[r.SSR.HalfResSceneColor:0]]
[2022.07.25-21.47.13:785][  0]LogConfig: Setting CVar [[r.SceneColorFormat:4]]
[2022.07.25-21.47.13:785][  0]LogConfig: Setting CVar [[r.DetailMode:2]]
[2022.07.25-21.47.13:786][  0]LogConfig: Setting CVar [[r.TranslucencyVolumeBlur:1]]
[2022.07.25-21.47.13:786][  0]LogConfig: Setting CVar [[r.MaterialQualityLevel:1 ; High quality]]
[2022.07.25-21.47.13:787][  0]LogConfig: Setting CVar [[r.AnisotropicMaterials:1]]
[2022.07.25-21.47.13:787][  0]LogConfig: Setting CVar [[r.SSS.Scale:1]]
[2022.07.25-21.47.13:787][  0]LogConfig: Setting CVar [[r.SSS.SampleSet:2]]
[2022.07.25-21.47.13:788][  0]LogConfig: Setting CVar [[r.SSS.Quality:1]]
[2022.07.25-21.47.13:788][  0]LogConfig: Setting CVar [[r.SSS.HalfRes:0]]
[2022.07.25-21.47.13:789][  0]LogConfig: Setting CVar [[r.SSGI.Quality:3]]
[2022.07.25-21.47.13:789][  0]LogConfig: Setting CVar [[r.EmitterSpawnRateScale:1.0]]
[2022.07.25-21.47.13:790][  0]LogConfig: Setting CVar [[r.ParticleLightQuality:2]]
[2022.07.25-21.47.13:790][  0]LogConfig: Setting CVar [[r.SkyAtmosphere.AerialPerspectiveLUT.FastApplyOnOpaque:1 ; Always have FastSkyLUT 1 in this case to avoid wrong sky]]
[2022.07.25-21.47.13:791][  0]LogConfig: Setting CVar [[r.SkyAtmosphere.AerialPerspectiveLUT.SampleCountMaxPerSlice:4]]
[2022.07.25-21.47.13:791][  0]LogConfig: Setting CVar [[r.SkyAtmosphere.AerialPerspectiveLUT.DepthResolution:16.0]]
[2022.07.25-21.47.13:791][  0]LogConfig: Setting CVar [[r.SkyAtmosphere.FastSkyLUT:1]]
[2022.07.25-21.47.13:791][  0]LogConfig: Setting CVar [[r.SkyAtmosphere.FastSkyLUT.SampleCountMin:4.0]]
[2022.07.25-21.47.13:792][  0]LogConfig: Setting CVar [[r.SkyAtmosphere.FastSkyLUT.SampleCountMax:128.0]]
[2022.07.25-21.47.13:792][  0]LogConfig: Setting CVar [[r.SkyAtmosphere.SampleCountMin:4.0]]
[2022.07.25-21.47.13:793][  0]LogConfig: Setting CVar [[r.SkyAtmosphere.SampleCountMax:128.0]]
[2022.07.25-21.47.13:793][  0]LogConfig: Setting CVar [[r.SkyAtmosphere.TransmittanceLUT.UseSmallFormat:0]]
[2022.07.25-21.47.13:794][  0]LogConfig: Setting CVar [[r.SkyAtmosphere.TransmittanceLUT.SampleCount:10.0]]
[2022.07.25-21.47.13:796][  0]LogConfig: Setting CVar [[r.SkyAtmosphere.MultiScatteringLUT.SampleCount:15.0]]
[2022.07.25-21.47.13:796][  0]LogConfig: Setting CVar [[r.SkyLight.RealTimeReflectionCapture:1]]
[2022.07.25-21.47.13:797][  0]LogConfig: Setting CVar [[fx.Niagara.QualityLevel:3]]
[2022.07.25-21.47.13:797][  0]LogConfig: Applying CVar settings from Section [FoliageQuality@3] File [../../../CadRuntimeLoader/Saved/Config/WindowsNoEditor/Scalability.ini]
[2022.07.25-21.47.13:797][  0]LogConfig: Setting CVar [[foliage.DensityScale:1.0]]
[2022.07.25-21.47.13:798][  0]LogConfig: Setting CVar [[grass.DensityScale:1.0]]
[2022.07.25-21.47.13:798][  0]LogConfig: Applying CVar settings from Section [ShadingQuality@3] File [../../../CadRuntimeLoader/Saved/Config/WindowsNoEditor/Scalability.ini]
[2022.07.25-21.47.13:798][  0]LogConfig: Setting CVar [[r.HairStrands.SkyLighting.IntegrationType:2]]
[2022.07.25-21.47.13:799][  0]LogConfig: Setting CVar [[r.HairStrands.SkyAO.SampleCount:4]]
[2022.07.25-21.47.13:799][  0]LogConfig: Setting CVar [[r.HairStrands.Visibility.MSAA.SamplePerPixel:4]]
[2022.07.25-21.47.13:799][  0]LogConfig: Applying CVar settings from Section [Startup] File [../../../Engine/Config/ConsoleVariables.ini]
[2022.07.25-21.47.13:800][  0]LogConfig: Setting CVar [[net.UseAdaptiveNetUpdateFrequency:0]]
[2022.07.25-21.47.13:800][  0]LogConfig: Setting CVar [[p.chaos.AllowCreatePhysxBodies:1]]
[2022.07.25-21.47.13:800][  0]LogConfig: Setting CVar [[fx.SkipVectorVMBackendOptimizations:1]]
[2022.07.25-21.47.13:801][  0]LogConfig: Applying CVar settings from Section [ConsoleVariables] File [../../../CadRuntimeLoader/Saved/Config/WindowsNoEditor/Engine.ini]
[2022.07.25-21.47.13:801][  0]LogInit: Computer: DESKTOP-N284PUG
[2022.07.25-21.47.13:802][  0]LogInit: User: Matija
[2022.07.25-21.47.13:802][  0]LogInit: CPU Page size=4096, Cores=4
[2022.07.25-21.47.13:803][  0]LogInit: High frequency timer resolution =10.000000 MHz
[2022.07.25-21.47.13:803][  0]LogMemory: Memory total: Physical=16.0GB (16GB approx)
[2022.07.25-21.47.13:803][  0]LogMemory: Platform Memory Stats for WindowsNoEditor
[2022.07.25-21.47.13:804][  0]LogMemory: Process Physical Memory: 103.23 MB used, 103.24 MB peak
[2022.07.25-21.47.13:804][  0]LogMemory: Process Virtual Memory: 91.20 MB used, 91.20 MB peak
[2022.07.25-21.47.13:805][  0]LogMemory: Physical Memory: 6274.77 MB used,  10060.76 MB free, 16335.53 MB total
[2022.07.25-21.47.13:805][  0]LogMemory: Virtual Memory: 134208528.00 MB used,  9198.95 MB free, 134217728.00 MB total
[2022.07.25-21.47.13:809][  0]LogWindows: WindowsPlatformFeatures enabled
[2022.07.25-21.47.13:834][  0]LogInit: Physics initialised using underlying interface: PhysX
[2022.07.25-21.47.13:835][  0]LogInit: Using OS detected language (en-US).
[2022.07.25-21.47.13:836][  0]LogInit: Using OS detected locale (en-GB).
[2022.07.25-21.47.13:837][  0]LogTextLocalizationManager: No specific localization for 'en-US' exists, so the 'en' localization will be used.
[2022.07.25-21.47.13:868][  0]LogWindowsTextInputMethodSystem: Display: IME system deactivated.
[2022.07.25-21.47.13:900][  0]LogSlate: New Slate User Created.  User Index 0, Is Virtual User: 0
[2022.07.25-21.47.13:900][  0]LogSlate: Slate User Registered.  User Index 0, Is Virtual User: 0
[2022.07.25-21.47.13:944][  0]LogD3D11RHI: Loaded GFSDK_Aftermath_Lib.x64.dll
[2022.07.25-21.47.13:953][  0]LogHMD: Failed to enumerate extensions. Please check that you have a valid OpenXR runtime installed.
[2022.07.25-21.47.13:953][  0]LogD3D11RHI: D3D11 min allowed feature level: 11_0
[2022.07.25-21.47.13:954][  0]LogD3D11RHI: D3D11 max allowed feature level: 11_0
[2022.07.25-21.47.13:954][  0]LogD3D11RHI: D3D11 adapters:
[2022.07.25-21.47.14:010][  0]LogD3D11RHI:    0. 'Radeon (TM) RX 470 Graphics' (Feature Level 11_0)
[2022.07.25-21.47.14:010][  0]LogD3D11RHI:       4074/0/8167 MB DedicatedVideo/DedicatedSystem/SharedSystem, Outputs:2, VendorId:0x1002
[2022.07.25-21.47.14:016][  0]LogD3D11RHI:    1. 'Microsoft Basic Render Driver' (Feature Level 11_0)
[2022.07.25-21.47.14:016][  0]LogD3D11RHI:       0/0/8167 MB DedicatedVideo/DedicatedSystem/SharedSystem, Outputs:0, VendorId:0x1414
[2022.07.25-21.47.14:016][  0]LogD3D11RHI: Chosen D3D11 Adapter:
[2022.07.25-21.47.14:017][  0]LogD3D11RHI:     Description : Radeon (TM) RX 470 Graphics
[2022.07.25-21.47.14:017][  0]LogD3D11RHI:     VendorId    : 1002
[2022.07.25-21.47.14:018][  0]LogD3D11RHI:     DeviceId    : 67df
[2022.07.25-21.47.14:018][  0]LogD3D11RHI:     SubSysId    : 34111462
[2022.07.25-21.47.14:018][  0]LogD3D11RHI:     Revision    : 00cf
[2022.07.25-21.47.14:019][  0]LogD3D11RHI:     DedicatedVideoMemory : 4272939008 bytes
[2022.07.25-21.47.14:019][  0]LogD3D11RHI:     DedicatedSystemMemory : 0 bytes
[2022.07.25-21.47.14:019][  0]LogD3D11RHI:     SharedSystemMemory : 8564520960 bytes
[2022.07.25-21.47.14:020][  0]LogD3D11RHI:     AdapterLuid : 0 62769
[2022.07.25-21.47.14:028][  0]LogD3D11RHI: Creating new Direct3DDevice
[2022.07.25-21.47.14:028][  0]LogD3D11RHI:     GPU DeviceId: 0x67df (for the marketing name, search the web for "GPU Device Id")
[2022.07.25-21.47.14:028][  0]LogWindows: EnumDisplayDevices:
[2022.07.25-21.47.14:029][  0]LogWindows:    0. 'Radeon (TM) RX 470 Graphics' (P:1 D:1)
[2022.07.25-21.47.14:030][  0]LogWindows:    1. 'Radeon (TM) RX 470 Graphics' (P:0 D:1)
[2022.07.25-21.47.14:032][  0]LogWindows:    2. 'Radeon (TM) RX 470 Graphics' (P:0 D:0)
[2022.07.25-21.47.14:032][  0]LogWindows:    3. 'Radeon (TM) RX 470 Graphics' (P:0 D:0)
[2022.07.25-21.47.14:033][  0]LogWindows:    4. 'Radeon (TM) RX 470 Graphics' (P:0 D:0)
[2022.07.25-21.47.14:033][  0]LogWindows:    5. 'Radeon (TM) RX 470 Graphics' (P:0 D:0)
[2022.07.25-21.47.14:034][  0]LogWindows:    6. 'Radeon (TM) RX 470 Graphics' (P:0 D:0)
[2022.07.25-21.47.14:035][  0]LogWindows: DebugString: FoundDriverCount:7 
[2022.07.25-21.47.14:035][  0]LogD3D11RHI:     Adapter Name: Radeon (TM) RX 470 Graphics
[2022.07.25-21.47.14:035][  0]LogD3D11RHI:   Driver Version: AMD Software: Adrenalin Edition 22.6.1 (internal:30.0.21023.1015, unified:30.0.21023.1015)
[2022.07.25-21.47.14:036][  0]LogD3D11RHI:      Driver Date: 6-22-2022
[2022.07.25-21.47.14:036][  0]LogRHI: Texture pool is 2424 MB (70% of 3463 MB)
[2022.07.25-21.47.14:257][  0]LogD3D11RHI: Creating D3DDevice with AMD AGS, using adapter:
[2022.07.25-21.47.14:257][  0]LogD3D11RHI:     Description : Radeon (TM) RX 470 Graphics
[2022.07.25-21.47.14:258][  0]LogD3D11RHI:     VendorId    : 1002
[2022.07.25-21.47.14:258][  0]LogD3D11RHI:     DeviceId    : 67df
[2022.07.25-21.47.14:259][  0]LogD3D11RHI:     SubSysId    : 34111462
[2022.07.25-21.47.14:259][  0]LogD3D11RHI:     Revision    : 00cf
[2022.07.25-21.47.14:259][  0]LogD3D11RHI:     DedicatedVideoMemory : 4272939008 bytes
[2022.07.25-21.47.14:260][  0]LogD3D11RHI:     DedicatedSystemMemory : 0 bytes
[2022.07.25-21.47.14:260][  0]LogD3D11RHI:     SharedSystemMemory : 8564520960 bytes
[2022.07.25-21.47.14:261][  0]LogD3D11RHI:     AdapterLuid : 0 62769
[2022.07.25-21.47.14:309][  0]LogD3D11RHI: Created device via AGS, feature level 11_0, supported extensions 1fffffbf.
[2022.07.25-21.47.14:309][  0]LogD3D11RHI: RHI has support for 64 bit atomics
[2022.07.25-21.47.14:310][  0]LogD3D11RHI: Async texture creation enabled
[2022.07.25-21.47.14:311][  0]LogD3D11RHI: Array index from any shader is supported
[2022.07.25-21.47.14:324][  0]LogD3D11RHI: GPU Timing Frequency: 25.000000 (Debug: 2 1)
[2022.07.25-21.47.14:325][  0]LogRendererCore: Ray tracing is disabled. Reason: r.RayTracing=0.
[2022.07.25-21.47.14:328][  0]LogShaderLibrary: Display: Using ../../../CadRuntimeLoader/Content/ShaderArchive-Global-PCD3D_SM5.ushaderbytecode for material shader code. Total 1947 unique shaders.
[2022.07.25-21.47.14:328][  0]LogShaderLibrary: Display: Cooked Context: Using Shared Shader Library Global
[2022.07.25-21.47.14:329][  0]LogShaderLibrary: Display: Logical shader library 'Global' has been created, components 1
[2022.07.25-21.47.14:330][  0]LogTemp: Warning: Clearing the OS Cache
[2022.07.25-21.47.14:330][  0]LogODSC: ODSC Thread active.
[2022.07.25-21.47.14:333][  0]LogPakFile: New pak file ../../../CadRuntimeLoader/Content/Paks/CadRuntimeLoader-WindowsNoEditor.pak added to pak precacher.
[2022.07.25-21.47.14:362][  0]LogSlate: Using FreeType 2.10.0
[2022.07.25-21.47.14:363][  0]LogSlate: SlateFontServices - WITH_FREETYPE: 1, WITH_HARFBUZZ: 1
[2022.07.25-21.47.14:364][  0]LogHMD: Failed to enumerate extensions. Please check that you have a valid OpenXR runtime installed.
[2022.07.25-21.47.14:419][  0]LogShaderLibrary: Display: Using ../../../CadRuntimeLoader/Content/ShaderArchive-CadRuntimeLoader-PCD3D_SM5.ushaderbytecode for material shader code. Total 1479 unique shaders.
[2022.07.25-21.47.14:420][  0]LogShaderLibrary: Display: Cooked Context: Using Shared Shader Library CadRuntimeLoader
[2022.07.25-21.47.14:422][  0]LogShaderLibrary: Display: Logical shader library 'CadRuntimeLoader' has been created, components 1
[2022.07.25-21.47.14:422][  0]LogRHI: Display: Opened pipeline cache after state change and enqueued 0 of 0 tasks for precompile.
[2022.07.25-21.47.14:423][  0]LogShaderLibrary: Display: Using ../../../CadRuntimeLoader/Content/ShaderArchive-CadRuntimeLoader-PCD3D_SM5.ushaderbytecode for material shader code. Total 1479 unique shaders.
[2022.07.25-21.47.14:425][  0]LogShaderLibrary: Display: Cooked Context: Using Shared Shader Library CadRuntimeLoader
[2022.07.25-21.47.14:428][  0]LogRHI: Display: Opened pipeline cache after state change and enqueued 0 of 0 tasks for precompile.
[2022.07.25-21.47.14:432][  0]LogRHI: Display: Failed to open default shader pipeline cache for CadRuntimeLoader using shader platform 0.
[2022.07.25-21.47.14:434][  0]LogInit: Using OS detected language (en-US).
[2022.07.25-21.47.14:437][  0]LogInit: Using OS detected locale (en-GB).
[2022.07.25-21.47.14:442][  0]LogTextLocalizationManager: No localization for 'en-US' exists, so 'en' will be used for the language.
[2022.07.25-21.47.14:448][  0]LogTextLocalizationManager: No localization for 'en-GB' exists, so 'en' will be used for the locale.
[2022.07.25-21.47.14:450][  0]LogSlate: FontCache flush requested. Reason: Culture for localization was changed
[2022.07.25-21.47.14:451][  0]LogSlate: FontCache flush requested. Reason: Culture for localization was changed
[2022.07.25-21.47.14:453][  0]LogAssetRegistry: FAssetRegistry took 0.0010 seconds to start up
[2022.07.25-21.47.14:553][  0]LogTextLocalizationManager: Compacting localization data took   1.16ms
[2022.07.25-21.47.14:574][  0]LogStreaming: Display: FlushAsyncLoading: 1 QueuedPackages, 0 AsyncPackages
[2022.07.25-21.47.14:576][  0]LogPackageLocalizationCache: Processed 26 localized package path(s) for 1 prioritized culture(s) in 0.000119 seconds
[2022.07.25-21.47.14:587][  0]LogSerialization: Display: AllowBulkDataInIoStore: 'true'
[2022.07.25-21.47.14:587][  0]LogInit: Selected Device Profile: [WindowsNoEditor]
[2022.07.25-21.47.14:588][  0]LogInit: Active device profile: [000001307808E2C0][00000130674E0010 49] WindowsNoEditor
[2022.07.25-21.47.14:588][  0]LogInit: Profiles: [000001307808DFC0][000001307784DB70 49] Windows, [000001307808E2C0][00000130674E0010 49] WindowsNoEditor, 
[2022.07.25-21.47.14:635][  0]LogNetVersion: CadRuntimeLoader 1.0.0, NetCL: 0, EngineNetVer: 17, GameNetVer: 0 (Checksum: 1563979801)
[2022.07.25-21.47.14:689][  0]LogAudioCaptureCore: Display: No Audio Capture implementations found. Audio input will be silent.
[2022.07.25-21.47.14:690][  0]LogAudioCaptureCore: Display: No Audio Capture implementations found. Audio input will be silent.
[2022.07.25-21.47.14:717][  0]LogMoviePlayer: Initializing movie player
[2022.07.25-21.47.14:718][  0]LogNiagaraDebuggerClient: Niagara Debugger Client Initialized | Session: A3ACF6FC48953D5D47369E86FD166A8C | Instance: 8CF877E0477731D6D9F33FBEF78EBE0A (DESKTOP-N284PUG-16152).
[2022.07.25-21.47.14:719][  0]LogAndroidPermission: UAndroidPermissionCallbackProxy::GetInstance
[2022.07.25-21.47.14:724][  0]LogUObjectArray: 15937 objects as part of root set at end of initial load.
[2022.07.25-21.47.14:725][  0]LogUObjectArray: 2 objects are not in the root set, but can never be destroyed because they are in the DisregardForGC set.
[2022.07.25-21.47.14:725][  0]LogUObjectAllocator: 3238056 out of 0 bytes used by permanent object pool.
[2022.07.25-21.47.14:726][  0]LogUObjectArray: CloseDisregardForGC: 15937/15937 objects in disregard for GC pool
[2022.07.25-21.47.14:727][  0]LogEngine: Initializing Engine...
[2022.07.25-21.47.14:728][  0]LogHMD: Failed to enumerate extensions. Please check that you have a valid OpenXR runtime installed.
[2022.07.25-21.47.14:729][  0]LogStats: UGameplayTagsManager::InitializeManager -  0.000 s
[2022.07.25-21.47.14:802][  0]LogInit: Initializing FReadOnlyCVARCache
[2022.07.25-21.47.14:802][  0]LogAudio: Display: Initializing Audio Device Manager...
[2022.07.25-21.47.14:804][  0]LogAudio: Display: Loading Default Audio Settings Objects...
[2022.07.25-21.47.14:806][  0]LogAudio: Display: No default SoundConcurrencyObject specified (or failed to load).
[2022.07.25-21.47.14:806][  0]LogAudio: Display: Audio Device Manager Initialized
[2022.07.25-21.47.14:807][  0]LogAudio: Display: Creating Audio Device:                 Id: 1, Scope: Shared, Realtime: True
[2022.07.25-21.47.14:808][  0]LogAudioMixer: Display: Audio Mixer Platform Settings:
[2022.07.25-21.47.14:808][  0]LogAudioMixer: Display: 	Sample Rate:						  48000
[2022.07.25-21.47.14:808][  0]LogAudioMixer: Display: 	Callback Buffer Frame Size Requested: 1024
[2022.07.25-21.47.14:809][  0]LogAudioMixer: Display: 	Callback Buffer Frame Size To Use:	  1024
[2022.07.25-21.47.14:809][  0]LogAudioMixer: Display: 	Number of buffers to queue:			  1
[2022.07.25-21.47.14:810][  0]LogAudioMixer: Display: 	Max Channels (voices):				  0
[2022.07.25-21.47.14:810][  0]LogAudioMixer: Display: 	Number of Async Source Workers:		  4
[2022.07.25-21.47.14:810][  0]LogAudio: Display: AudioDevice MaxSources: 32
[2022.07.25-21.47.14:811][  0]LogAudio: Display: Audio Spatialization Plugin: Resonance Audio is external send: 1
[2022.07.25-21.47.14:811][  0]LogAudio: Display: Audio Reverb Plugin: Resonance Audio
[2022.07.25-21.47.14:812][  0]LogAudio: Display: Audio Occlusion Plugin: None (built-in).
[2022.07.25-21.47.14:813][  0]LogAudioMixer: Display: Initializing audio mixer.
[2022.07.25-21.47.14:831][  0]LogAudioDebug: Display: Lib vorbis DLL was dynamically loaded.
[2022.07.25-21.47.14:845][  0]LogAudioMixer: Display: 0: FrontLeft
[2022.07.25-21.47.14:845][  0]LogAudioMixer: Display: 1: FrontRight
[2022.07.25-21.47.14:867][  0]LogAudioMixer: Display: Using Audio Device Headset Earphone (HyperX Virtual Surround Sound)
[2022.07.25-21.47.14:868][  0]LogAudioMixer: Display: Initializing Sound Submixes...
[2022.07.25-21.47.14:870][  0]LogAudioMixer: Display: Creating Master Submix 'MasterSubmixDefault'
[2022.07.25-21.47.14:870][  0]LogAudioMixer: Display: Creating Master Submix 'MasterReverbSubmixDefault'
[2022.07.25-21.47.14:872][  0]LogAudioMixer: Display: Creating Master Submix 'MasterEQSubmixDefault'
[2022.07.25-21.47.14:873][  0]LogStreaming: Error: Couldn't find file for package /ResonanceAudio/ResonanceSubmixDefault requested by async loading code. NameToLoad: /ResonanceAudio/ResonanceSubmixDefault
[2022.07.25-21.47.14:874][  0]LogStreaming: Error: Found 0 dependent packages...
[2022.07.25-21.47.14:875][  0]LogResonanceAudio: Error: Failed to load Resonance Reverb Submix from object path '/ResonanceAudio/ResonanceSubmixDefault.ResonanceSubmixDefault' in ResonanceSettings. Creating 'Resonance Reverb Submix' as stub.
[2022.07.25-21.47.14:875][  0]LogResonanceAudio: Error: Failed to find Resonance UResonanceAudioReverbPluginPreset on default reverb submix. Creating stub '/ResonanceAudio/ResonanceSubmixDefault.ResonanceSubmixDefault'.
[2022.07.25-21.47.14:876][  0]LogAudioMixer: FMixerPlatformXAudio2::StartAudioStream() called
[2022.07.25-21.47.14:876][  0]LogAudioMixer: Display: Output buffers initialized: Frames=1024, Channels=2, Samples=2048
[2022.07.25-21.47.14:877][  0]LogAudioMixer: Display: Starting AudioMixerPlatformInterface::RunInternal()
[2022.07.25-21.47.14:877][  0]LogAudioMixer: Display: FMixerPlatformXAudio2::SubmitBuffer() called for the first time
[2022.07.25-21.47.14:878][  0]LogInit: FAudioDevice initialized.
[2022.07.25-21.47.14:879][  0]LogNetVersion: Set ProjectVersion to 1.0.0.0. Version Checksum will be recalculated on next use.
[2022.07.25-21.47.14:879][  0]LogInit: Texture streaming: Enabled
[2022.07.25-21.47.14:885][  0]LogAudio: Display: Audio Device (ID: 1) registered with world 'Untitled'.
[2022.07.25-21.47.14:886][  0]LogSlate: Updating window title bar state: overlay mode, drag disabled, window buttons hidden, title bar hidden
[2022.07.25-21.47.14:887][  0]LogInit: Display: Game Engine Initialized.
[2022.07.25-21.47.14:887][  0]LogInit: Display: Starting Game.
[2022.07.25-21.47.14:888][  0]LogNet: Browse: /Game/OnlineMenuSystem/MainMenu?Name=Player
[2022.07.25-21.47.14:888][  0]LogLoad: LoadMap: /Game/OnlineMenuSystem/MainMenu?Name=Player
[2022.07.25-21.47.14:889][  0]LogWorld: BeginTearingDown for /Temp/Untitled_3
[2022.07.25-21.47.14:890][  0]LogWorld: UWorld::CleanupWorld for Untitled, bSessionEnded=true, bCleanupResources=true
[2022.07.25-21.47.14:891][  0]LogSlate: InvalidateAllWidgets triggered.  All widgets were invalidated
[2022.07.25-21.47.14:894][  0]LogAudio: Display: Audio Device unregistered from world 'None'.
[2022.07.25-21.47.14:896][  0]LogUObjectHash: Compacting FUObjectHashTables data took   0.99ms
[2022.07.25-21.47.14:912][  0]LogAudio: Display: Audio Device (ID: 1) registered with world 'MainMenu'.
[2022.07.25-21.47.14:913][  0]LogAIModule: Creating AISystem for world MainMenu
[2022.07.25-21.47.14:914][  0]LogLoad: Game class is 'MainMenuGameMode_C'
[2022.07.25-21.47.14:917][  0]LogWorld: Bringing World /Game/OnlineMenuSystem/MainMenu.MainMenu up for play (max tick rate 0) at 2022.07.25-23.47.14
[2022.07.25-21.47.14:917][  0]LogWorld: Bringing up level for play took: 0.000586
[2022.07.25-21.47.14:918][  0]LogGameMode: FindPlayerStart: PATHS NOT DEFINED or NO PLAYERSTART with positive rating
[2022.07.25-21.47.14:920][  0]LogLoad: Took 0.031945 seconds to LoadMap(/Game/OnlineMenuSystem/MainMenu)
[2022.07.25-21.47.15:041][  0]LogResonanceAudio: Display: Resonance Audio Listener is initialized
[2022.07.25-21.47.15:043][  0]LogSlate: Took 0.000451 seconds to synchronously load lazily loaded font '../../../Engine/Content/Slate/Fonts/Roboto-Regular.ttf' (155K)
[2022.07.25-21.47.15:119][  0]LogRenderer: Reallocating scene render targets to support 1920x1080 Format 10 NumSamples 4 (Frame:1).
[2022.07.25-21.47.15:119][  0]LogRHI: Display: ShaderPipelineCache: Paused Batching. 1
[2022.07.25-21.47.15:121][  0]LogPakFile: AllPaks IndexSizes: DirectoryHashSize=204636, PathHashSize=16, EntriesSize=32752, TotalSize=237404
[2022.07.25-21.47.15:121][  0]LogRHI: Display: ShaderPipelineCache: Resumed Batching. 0
[2022.07.25-21.47.15:121][  0]LogRHI: Display: ShaderPipelineCache: Batching Resumed.
[2022.07.25-21.47.15:122][  0]LogInit: Display: Engine is initialized. Leaving FEngineLoop::Init()
[2022.07.25-21.47.15:123][  0]LogLoad: (Engine Initialization) Total time: 3.40 seconds
[2022.07.25-21.47.15:127][  0]LogContentStreaming: Texture pool size now 1000 MB
[2022.07.25-21.47.15:128][  0]LogSlate: InvalidateAllWidgets triggered.  All widgets were invalidated
[2022.07.25-21.47.15:157][  0]LogSlate: Slate font cache was flushed
[2022.07.25-21.47.15:162][  1]LogSlate: Took 0.000339 seconds to synchronously load lazily loaded font '../../../Engine/Content/Slate/Fonts/Roboto-Regular.ttf' (155K)
[2022.07.25-21.48.12:378][989]LogWindowsDesktop: Alt-F4 pressed!
[2022.07.25-21.48.12:378][989]LogSlate: Request Window 'CadRuntimeLoader (64-bit Development PCD3D_SM5) ' being destroyed
[2022.07.25-21.48.12:387][989]LogSlate: Window 'CadRuntimeLoader (64-bit Development PCD3D_SM5) ' being destroyed
[2022.07.25-21.48.12:389][989]LogWindowsTextInputMethodSystem: Display: IME system deactivated.
[2022.07.25-21.48.12:397][989]LogSlate: Updating window title bar state: overlay mode, drag disabled, window buttons hidden, title bar hidden
[2022.07.25-21.48.12:398][989]LogEngine: All Windows Closed
[2022.07.25-21.48.12:400][989]LogWindows: FPlatformMisc::RequestExit(0)
[2022.07.25-21.48.12:401][989]LogWindows: FPlatformMisc::RequestExitWithStatus(0, 0)
[2022.07.25-21.48.12:401][989]LogCore: Engine exit requested (reason: Win RequestExit)
[2022.07.25-21.48.12:402][990]LogCore: Engine exit requested (reason: EngineExit() was called; note: exit was already requested)
[2022.07.25-21.48.12:406][990]LogInit: Display: PreExit Game.
[2022.07.25-21.48.12:421][990]LogWorld: BeginTearingDown for /Game/OnlineMenuSystem/MainMenu
[2022.07.25-21.48.12:423][990]LogWorld: UWorld::CleanupWorld for MainMenu, bSessionEnded=true, bCleanupResources=true
[2022.07.25-21.48.12:426][990]LogSlate: InvalidateAllWidgets triggered.  All widgets were invalidated
[2022.07.25-21.48.12:841][990]LogAudio: Display: Beginning Audio Device Manager Shutdown (Module: AudioMixerXAudio2)...
[2022.07.25-21.48.12:846][990]LogAudio: Display: Destroying 1 Remaining Audio Device(s)...
[2022.07.25-21.48.12:860][990]LogAudio: Display: Audio Device unregistered from world 'MainMenu'.
[2022.07.25-21.48.12:890][990]LogResonanceAudio: Display: Resonance Audio Listener is shutdown
[2022.07.25-21.48.12:985][990]LogAudioMixer: FMixerPlatformXAudio2::StopAudioStream() called
[2022.07.25-21.48.12:987][990]LogAudioMixer: FMixerPlatformXAudio2::StopAudioStream() called
[2022.07.25-21.48.13:010][990]LogAudio: Display: Audio Device Manager Shutdown
[2022.07.25-21.48.13:020][990]LogExit: Preparing to exit.
[2022.07.25-21.48.13:041][990]LogMoviePlayer: Shutting down movie player
[2022.07.25-21.48.13:507][990]LogSlate: Updating window title bar state: overlay mode, drag disabled, window buttons hidden, title bar hidden
[2022.07.25-21.48.13:563][990]LogExit: Game engine shut down
[2022.07.25-21.48.13:610][990]LogDemo: Cleaned up 0 splitscreen connections with owner deletion
[2022.07.25-21.48.14:038][990]LogExit: Object subsystem successfully closed.
[2022.07.25-21.48.14:337][990]LogModuleManager: Shutting down and abandoning module AutomationController (358)
[2022.07.25-21.48.14:338][990]LogModuleManager: Shutting down and abandoning module AutomationWorker (356)
[2022.07.25-21.48.14:339][990]LogModuleManager: Shutting down and abandoning module Voice (354)
[2022.07.25-21.48.14:339][990]LogModuleManager: Shutting down and abandoning module AIModule (352)
[2022.07.25-21.48.14:340][990]LogModuleManager: Shutting down and abandoning module GameplayDebugger (351)
[2022.07.25-21.48.14:340][990]LogModuleManager: Shutting down and abandoning module NavigationSystem (349)
[2022.07.25-21.48.14:340][990]LogModuleManager: Shutting down and abandoning module WebMMediaFactory (346)
[2022.07.25-21.48.14:341][990]LogModuleManager: Shutting down and abandoning module WebMMedia (344)
[2022.07.25-21.48.14:341][990]LogModuleManager: Shutting down and abandoning module WmfMediaFactory (342)
[2022.07.25-21.48.14:341][990]LogModuleManager: Shutting down and abandoning module OpenExrWrapper (340)
[2022.07.25-21.48.14:342][990]LogModuleManager: Shutting down and abandoning module ImgMediaFactory (338)
[2022.07.25-21.48.14:342][990]LogModuleManager: Shutting down and abandoning module AvfMediaFactory (336)
[2022.07.25-21.48.14:343][990]LogModuleManager: Shutting down and abandoning module CharacterAI (334)
[2022.07.25-21.48.14:343][990]LogModuleManager: Shutting down and abandoning module PlanarCut (332)
[2022.07.25-21.48.14:343][990]LogModuleManager: Shutting down and abandoning module OpenXRInput (330)
[2022.07.25-21.48.14:344][990]LogModuleManager: Shutting down and abandoning module SessionServices (328)
[2022.07.25-21.48.14:344][990]LogModuleManager: Shutting down and abandoning module LiveCoding (326)
[2022.07.25-21.48.14:346][990]LogModuleManager: Shutting down and abandoning module LevelSequence (324)
[2022.07.25-21.48.14:346][990]LogModuleManager: Shutting down and abandoning module MovieSceneTracks (322)
[2022.07.25-21.48.14:346][990]LogModuleManager: Shutting down and abandoning module MovieScene (320)
[2022.07.25-21.48.14:352][990]LogModuleManager: Shutting down and abandoning module StreamingPauseRendering (318)
[2022.07.25-21.48.14:353][990]LogModuleManager: Shutting down and abandoning module AudioMixerXAudio2 (316)
[2022.07.25-21.48.14:353][990]LogModuleManager: Shutting down and abandoning module AudioMixerCore (315)
[2022.07.25-21.48.14:354][990]LogModuleManager: Shutting down and abandoning module ImageWriteQueue (312)
[2022.07.25-21.48.14:354][990]LogModuleManager: Shutting down and abandoning module ProfilerService (310)
[2022.07.25-21.48.14:473][990]LogModuleManager: Shutting down and abandoning module TaskGraph (308)
[2022.07.25-21.48.14:489][990]LogModuleManager: Shutting down and abandoning module Synthesis (306)
[2022.07.25-21.48.14:489][990]LogModuleManager: Shutting down and abandoning module TakeMovieScene (304)
[2022.07.25-21.48.14:489][990]LogModuleManager: Shutting down and abandoning module LiveLinkMovieScene (302)
[2022.07.25-21.48.14:490][990]LogModuleManager: Shutting down and abandoning module LiveLinkComponents (300)
[2022.07.25-21.48.14:491][990]LogModuleManager: Shutting down and abandoning module LiveLink (298)
[2022.07.25-21.48.14:743][990]LogModuleManager: Shutting down and abandoning module MobilePatchingUtils (296)
[2022.07.25-21.48.14:743][990]LogModuleManager: Shutting down and abandoning module GooglePAD (294)
[2022.07.25-21.48.14:744][990]LogModuleManager: Shutting down and abandoning module CustomMeshComponent (292)
[2022.07.25-21.48.14:744][990]LogModuleManager: Shutting down and abandoning module CableComponent (290)
[2022.07.25-21.48.14:745][990]LogModuleManager: Shutting down and abandoning module AudioCapture (288)
[2022.07.25-21.48.14:745][990]LogModuleManager: Shutting down and abandoning module AudioCaptureRtAudio (287)
[2022.07.25-21.48.14:745][990]LogModuleManager: Shutting down and abandoning module AssetTags (284)
[2022.07.25-21.48.14:746][990]LogModuleManager: Shutting down and abandoning module ArchVisCharacter (282)
[2022.07.25-21.48.14:746][990]LogModuleManager: Shutting down and abandoning module AppleImageUtils (280)
[2022.07.25-21.48.14:746][990]LogModuleManager: Shutting down and abandoning module AndroidPermission (278)
[2022.07.25-21.48.14:747][990]LogModuleManager: Shutting down and abandoning module ActorLayerUtilities (276)
[2022.07.25-21.48.14:747][990]LogModuleManager: Shutting down and abandoning module MediaCompositing (272)
[2022.07.25-21.48.14:748][990]LogModuleManager: Shutting down and abandoning module ImgMedia (270)
[2022.07.25-21.48.14:748][990]LogModuleManager: Shutting down and abandoning module MagicLeapLightEstimation (268)
[2022.07.25-21.48.14:748][990]LogModuleManager: Shutting down and abandoning module MagicLeapHelperVulkan (266)
[2022.07.25-21.48.14:749][990]LogModuleManager: Shutting down and abandoning module MagicLeapHelperOpenGL (264)
[2022.07.25-21.48.14:749][990]LogModuleManager: Shutting down and abandoning module MagicLeapAudio (262)
[2022.07.25-21.48.14:749][990]LogModuleManager: Shutting down and abandoning module MagicLeapSharedWorld (260)
[2022.07.25-21.48.14:750][990]LogModuleManager: Shutting down and abandoning module OpenImageDenoise (258)
[2022.07.25-21.48.14:750][990]LogModuleManager: Shutting down and abandoning module MotoSynth (256)
[2022.07.25-21.48.14:751][990]LogModuleManager: Shutting down and abandoning module ChaosNiagara (254)
[2022.07.25-21.48.14:751][990]LogModuleManager: Shutting down and abandoning module GeometryCollectionTracks (252)
[2022.07.25-21.48.14:751][990]LogModuleManager: Shutting down and abandoning module EditableMesh (250)
[2022.07.25-21.48.14:787][990]LogModuleManager: Shutting down and abandoning module MeshConversion (248)
[2022.07.25-21.48.14:788][990]LogModuleManager: Shutting down and abandoning module DynamicMesh (246)
[2022.07.25-21.48.14:789][990]LogModuleManager: Shutting down and abandoning module GeometryAlgorithms (244)
[2022.07.25-21.48.14:789][990]LogModuleManager: Shutting down and abandoning module GeometricObjects (242)
[2022.07.25-21.48.14:790][990]LogModuleManager: Shutting down and abandoning module BackChannel (240)
[2022.07.25-21.48.14:790][990]LogModuleManager: Shutting down and abandoning module AutomationUtils (238)
[2022.07.25-21.48.14:790][990]LogModuleManager: Shutting down and abandoning module GeometryCacheTracks (236)
[2022.07.25-21.48.14:791][990]LogModuleManager: Shutting down and abandoning module GeometryCache (234)
[2022.07.25-21.48.14:791][990]LogModuleManager: Shutting down and abandoning module UObjectPlugin (232)
[2022.07.25-21.48.14:791][990]LogModuleManager: Shutting down and abandoning module OodleNetworkHandlerComponent (230)
[2022.07.25-21.48.14:792][990]LogModuleManager: Shutting down and abandoning module TemplateSequence (228)
[2022.07.25-21.48.14:792][990]LogModuleManager: Shutting down and abandoning module RuntimeMeshComponent (226)
[2022.07.25-21.48.14:793][990]LogModuleManager: Shutting down and abandoning module ProceduralMeshComponent (224)
[2022.07.25-21.48.14:793][990]LogModuleManager: Shutting down and abandoning module ResonanceAudio (222)
[2022.07.25-21.48.14:794][990]LogModuleManager: Shutting down and abandoning module CadRuntimeLoader (220)
[2022.07.25-21.48.14:794][990]LogModuleManager: Shutting down and abandoning module AudioSynesthesia (218)
[2022.07.25-21.48.14:794][990]LogModuleManager: Shutting down and abandoning module AudioSynesthesiaCore (216)
[2022.07.25-21.48.14:795][990]LogModuleManager: Shutting down and abandoning module SoundFields (214)
[2022.07.25-21.48.14:795][990]LogModuleManager: Shutting down and abandoning module RuntimePhysXCooking (212)
[2022.07.25-21.48.14:795][990]LogModuleManager: Shutting down and abandoning module LocationServicesBPLibrary (208)
[2022.07.25-21.48.14:796][990]LogModuleManager: Shutting down and abandoning module ActorSequence (206)
[2022.07.25-21.48.14:796][990]LogModuleManager: Shutting down and abandoning module UdpMessaging (204)
[2022.07.25-21.48.14:844][990]LogModuleManager: Shutting down and abandoning module TcpMessaging (202)
[2022.07.25-21.48.14:844][990]LogModuleManager: Shutting down and abandoning module ImgMediaEngine (200)
[2022.07.25-21.48.14:845][990]LogModuleManager: Shutting down and abandoning module MagicLeapHandMeshing (198)
[2022.07.25-21.48.14:845][990]LogModuleManager: Shutting down and abandoning module MagicLeapSecureStorage (196)
[2022.07.25-21.48.14:845][990]LogModuleManager: Shutting down and abandoning module MagicLeapPrivileges (194)
[2022.07.25-21.48.14:846][990]LogModuleManager: Shutting down and abandoning module MagicLeapPlanes (192)
[2022.07.25-21.48.14:846][990]LogModuleManager: Shutting down and abandoning module MagicLeapImageTracker (190)
[2022.07.25-21.48.14:847][990]LogModuleManager: Shutting down and abandoning module MagicLeapIdentity (188)
[2022.07.25-21.48.14:848][990]LogModuleManager: Shutting down and abandoning module MagicLeapHandTracking (186)
[2022.07.25-21.48.14:848][990]LogModuleManager: Shutting down and abandoning module MagicLeapEyeTracker (184)
[2022.07.25-21.48.14:849][990]LogModuleManager: Shutting down and abandoning module MagicLeapController (182)
[2022.07.25-21.48.14:851][990]LogModuleManager: Shutting down and abandoning module MagicLeapARPinImpl (180)
[2022.07.25-21.48.14:852][990]LogModuleManager: Shutting down and abandoning module MagicLeapAR (178)
[2022.07.25-21.48.14:852][990]LogModuleManager: Shutting down and abandoning module MagicLeapARPin (176)
[2022.07.25-21.48.14:852][990]LogModuleManager: Shutting down and abandoning module NiagaraAnimNotifies (174)
[2022.07.25-21.48.14:853][990]LogModuleManager: Shutting down and abandoning module Niagara (172)
[2022.07.25-21.48.14:855][990]LogModuleManager: Shutting down and abandoning module SignalProcessing (171)
[2022.07.25-21.48.14:855][990]LogModuleManager: Shutting down and abandoning module NiagaraCore (168)
[2022.07.25-21.48.14:856][990]LogModuleManager: Shutting down and abandoning module FacialAnimation (166)
[2022.07.25-21.48.14:857][990]LogModuleManager: Shutting down and abandoning module SignificanceManager (164)
[2022.07.25-21.48.14:857][990]LogModuleManager: Shutting down and abandoning module AnimationSharing (162)
[2022.07.25-21.48.14:858][990]LogModuleManager: Shutting down and abandoning module GameplayCameras (160)
[2022.07.25-21.48.14:858][990]LogModuleManager: Shutting down and abandoning module LightPropagationVolumeRuntime (158)
[2022.07.25-21.48.14:858][990]LogModuleManager: Shutting down and abandoning module Paper2D (156)
[2022.07.25-21.48.14:860][990]LogModuleManager: Shutting down and abandoning module WindowsMoviePlayer (154)
[2022.07.25-21.48.14:861][990]LogModuleManager: Shutting down and abandoning module WebMMoviePlayer (152)
[2022.07.25-21.48.14:861][990]LogModuleManager: Shutting down and abandoning module NetworkReplayStreaming (150)
[2022.07.25-21.48.14:862][990]LogModuleManager: Shutting down and abandoning module PacketHandler (148)
[2022.07.25-21.48.14:863][990]LogModuleManager: Shutting down and abandoning module ClothingSystemRuntimeNv (146)
[2022.07.25-21.48.14:880][990]LogModuleManager: Shutting down and abandoning module MediaAssets (144)
[2022.07.25-21.48.14:880][990]LogModuleManager: Shutting down and abandoning module Overlay (142)
[2022.07.25-21.48.14:882][990]LogModuleManager: Shutting down and abandoning module FunctionalTesting (140)
[2022.07.25-21.48.14:883][990]LogModuleManager: Shutting down and abandoning module MessageLog (138)
[2022.07.25-21.48.14:917][990]LogModuleManager: Shutting down and abandoning module UMG (136)
[2022.07.25-21.48.14:917][990]LogModuleManager: Shutting down and abandoning module SlateReflector (134)
[2022.07.25-21.48.14:949][990]LogModuleManager: Shutting down and abandoning module Slate (132)
[2022.07.25-21.48.14:950][990]LogModuleManager: Shutting down and abandoning module SlateCore (130)
[2022.07.25-21.48.14:961][990]LogModuleManager: Shutting down and abandoning module MRMesh (128)
[2022.07.25-21.48.14:961][990]LogModuleManager: Shutting down and abandoning module Messaging (126)
[2022.07.25-21.48.14:961][990]LogModuleManager: Shutting down and abandoning module HeadMountedDisplay (124)
[2022.07.25-21.48.14:961][990]LogModuleManager: Shutting down and abandoning module XAudio2 (122)
[2022.07.25-21.48.14:971][990]LogModuleManager: Shutting down and abandoning module Networking (120)
[2022.07.25-21.48.14:971][990]LogModuleManager: Shutting down and abandoning module Core (118)
[2022.07.25-21.48.14:971][990]LogModuleManager: Shutting down and abandoning module FieldSystemEngine (116)
[2022.07.25-21.48.14:972][990]LogModuleManager: Shutting down and abandoning module ImageWrapper (112)
[2022.07.25-21.48.14:972][990]LogModuleManager: Shutting down and abandoning module D3D11RHI (110)
[2022.07.25-21.48.14:972][990]LogModuleManager: Shutting down and abandoning module InputCore (108)
[2022.07.25-21.48.14:973][990]LogModuleManager: Shutting down and abandoning module Settings (106)
[2022.07.25-21.48.14:973][990]LogModuleManager: Shutting down and abandoning module PhysXCooking (104)
[2022.07.25-21.48.14:973][990]LogModuleManager: Shutting down and abandoning module Chaos (102)
[2022.07.25-21.48.14:974][990]LogModuleManager: Shutting down and abandoning module WindowsPlatformFeatures (100)
[2022.07.25-21.48.14:987][990]LogModuleManager: Shutting down and abandoning module GameplayMediaEncoder (99)
[2022.07.25-21.48.14:987][990]LogModuleManager: Shutting down and abandoning module AVEncoder (98)
[2022.07.25-21.48.14:987][990]LogModuleManager: Shutting down and abandoning module OpenXRHandTracking (94)
[2022.07.25-21.48.14:988][990]LogSlate: Slate User Destroyed.  User Index 0, Is Virtual User: 0
[2022.07.25-21.48.14:988][990]LogModuleManager: Shutting down and abandoning module OpenXREyeTracker (92)
[2022.07.25-21.48.14:989][990]LogModuleManager: Shutting down and abandoning module ExampleDeviceProfileSelector (90)
[2022.07.25-21.48.14:989][990]LogModuleManager: Shutting down and abandoning module ChunkDownloader (88)
[2022.07.25-21.48.14:989][990]LogModuleManager: Shutting down and abandoning module LauncherChunkInstaller (86)
[2022.07.25-21.48.14:990][990]LogModuleManager: Shutting down and abandoning module WmfMedia (84)
[2022.07.25-21.48.14:992][990]LogModuleManager: Shutting down and abandoning module Media (83)
[2022.07.25-21.48.14:992][990]LogModuleManager: Shutting down and abandoning module MediaInfo (82)
[2022.07.25-21.48.14:993][990]LogModuleManager: Shutting down and abandoning module ExrReaderGpu (78)
[2022.07.25-21.48.14:993][990]LogModuleManager: Shutting down and abandoning module MLSDK (76)
[2022.07.25-21.48.14:994][990]LogModuleManager: Shutting down and abandoning module MagicLeap (74)
[2022.07.25-21.48.14:995][990]LogModuleManager: Shutting down and abandoning module NiagaraVertexFactories (72)
[2022.07.25-21.48.14:995][990]LogModuleManager: Shutting down and abandoning module NiagaraShader (70)
[2022.07.25-21.48.14:996][990]LogModuleManager: Shutting down and abandoning module ChaosCloth (68)
[2022.07.25-21.48.14:996][990]LogModuleManager: Shutting down and abandoning module VariantManagerContent (66)
[2022.07.25-21.48.14:996][990]LogModuleManager: Shutting down and abandoning module DatasmithContent (64)
[2022.07.25-21.48.14:997][990]LogModuleManager: Shutting down and abandoning module PixWinPlugin (62)
[2022.07.25-21.48.14:998][990]LogModuleManager: Shutting down and abandoning module AISupportModule (60)
[2022.07.25-21.48.14:998][990]LogModuleManager: Shutting down and abandoning module OnlineSubsystem (56)
[2022.07.25-21.48.14:999][990]LogOnline: Display: STEAM: OnlineSubsystemSteam::Shutdown()
[2022.07.25-21.48.15:003][990]LogOnline: STEAM: AUTH: Revoking all tickets.
[2022.07.25-21.48.15:004][990]LogSteamShared: Unloading the Steam API...
[2022.07.25-21.48.15:009][990]LogOnline: Display: STEAM: OnlineSubsystemSteam::Shutdown()
[2022.07.25-21.48.15:009][990]LogModuleManager: Shutting down and abandoning module SteamShared (52)
[2022.07.25-21.48.15:012][990]LogSteamShared: Freeing the Steam Loaded Modules...
[2022.07.25-21.48.15:014][990]LogModuleManager: Shutting down and abandoning module HTTP (49)
[2022.07.25-21.48.15:018][990]LogHttp: Display: cleaning up 0 outstanding Http requests.
[2022.07.25-21.48.15:035][990]LogModuleManager: Shutting down and abandoning module SSL (48)
[2022.07.25-21.48.15:039][990]LogModuleManager: Shutting down and abandoning module OculusOpenXRHMD (44)
[2022.07.25-21.48.15:039][990]LogModuleManager: Shutting down and abandoning module OpenXRAR (42)
[2022.07.25-21.48.15:040][990]LogModuleManager: Shutting down and abandoning module AugmentedReality (41)
[2022.07.25-21.48.15:040][990]LogModuleManager: Shutting down and abandoning module OpenXRHMD (38)
[2022.07.25-21.48.15:041][990]LogModuleManager: Shutting down and abandoning module PlatformCryptoOpenSSL (36)
[2022.07.25-21.48.15:041][990]LogModuleManager: Shutting down and abandoning module PlatformCryptoTypes (34)
[2022.07.25-21.48.15:042][990]LogModuleManager: Shutting down and abandoning module PlatformCrypto (32)
[2022.07.25-21.48.15:042][990]LogModuleManager: Shutting down and abandoning module PythonScriptPluginPreload (30)
[2022.07.25-21.48.15:042][990]LogModuleManager: Shutting down and abandoning module OodleDataCompressionFormat (28)
[2022.07.25-21.48.15:043][990]LogModuleManager: Shutting down and abandoning module RenderCore (26)
[2022.07.25-21.48.15:043][990]LogModuleManager: Shutting down and abandoning module Landscape (24)
[2022.07.25-21.48.15:044][990]LogModuleManager: Shutting down and abandoning module SlateRHIRenderer (22)
[2022.07.25-21.48.15:054][990]LogModuleManager: Shutting down and abandoning module AnimGraphRuntime (20)
[2022.07.25-21.48.15:056][990]LogModuleManager: Shutting down and abandoning module Renderer (18)
[2022.07.25-21.48.15:101][990]LogModuleManager: Shutting down and abandoning module Engine (16)
[2022.07.25-21.48.15:102][990]LogModuleManager: Shutting down and abandoning module CoreUObject (14)
[2022.07.25-21.48.15:102][990]LogModuleManager: Shutting down and abandoning module NetworkFile (12)
[2022.07.25-21.48.15:103][990]LogModuleManager: Shutting down and abandoning module CookedIterativeFile (10)
[2022.07.25-21.48.15:103][990]LogModuleManager: Shutting down and abandoning module StreamingFile (8)
[2022.07.25-21.48.15:104][990]LogModuleManager: Shutting down and abandoning module SandboxFile (6)
[2022.07.25-21.48.15:104][990]LogModuleManager: Shutting down and abandoning module PakFile (4)
[2022.07.25-21.48.15:105][990]LogModuleManager: Shutting down and abandoning module RSA (3)
[2022.07.25-21.48.15:106][990]LogContentStreaming: Display: There are 1 unreleased StreamingManagers
[2022.07.25-21.48.15:155][990]LogD3D11RHI: Shutdown
[2022.07.25-21.48.15:155][990]LogD3D11RHI: CleanupD3DDevice
[2022.07.25-21.48.15:160][990]LogExit: Exiting.
[2022.07.25-21.48.15:176][990]Log file closed, 07/25/22 23:48:15
